Instance,Terminal,Layer,X location,Y location,Voltage
FILLER_0_12_44,VGND,li1,25.9900,43.5200,0.000000
FILLER_0_12_32,VGND,li1,23.0000,43.5200,0.000000
FILLER_0_12_27,VGND,li1,18.1700,43.5200,0.000000
FILLER_0_12_15,VGND,li1,15.1800,43.5200,0.000000
FILLER_0_12_3,VGND,li1,9.6600,43.5200,0.000000
FILLER_0_11_47,VGND,li1,27.3700,43.5200,0.000000
FILLER_0_11_39,VGND,li1,25.3000,43.5200,0.000000
FILLER_0_11_27,VGND,li1,20.7000,43.5200,0.000000
FILLER_0_11_15,VGND,li1,15.1800,43.5200,0.000000
FILLER_0_11_3,VGND,li1,9.6600,43.5200,0.000000
FILLER_0_10_47,VGND,li1,27.3700,38.0800,0.000000
FILLER_0_10_41,VGND,li1,25.7600,38.0800,0.000000
FILLER_0_10_29,VGND,li1,21.6200,38.0800,0.000000
FILLER_0_10_27,VGND,li1,18.1700,38.0800,0.000000
FILLER_0_10_15,VGND,li1,15.1800,38.0800,0.000000
FILLER_0_10_3,VGND,li1,9.6600,38.0800,0.000000
FILLER_0_9_47,VGND,li1,27.3700,38.0800,0.000000
FILLER_0_9_43,VGND,li1,26.2200,38.0800,0.000000
FILLER_0_9_39,VGND,li1,23.6900,38.0800,0.000000
FILLER_0_9_27,VGND,li1,20.7000,38.0800,0.000000
FILLER_0_9_15,VGND,li1,15.1800,38.0800,0.000000
FILLER_0_9_3,VGND,li1,9.6600,38.0800,0.000000
FILLER_0_8_47,VGND,li1,27.3700,32.6400,0.000000
FILLER_0_8_35,VGND,li1,24.3800,32.6400,0.000000
FILLER_0_8_27,VGND,li1,18.1700,32.6400,0.000000
FILLER_0_8_15,VGND,li1,13.8000,32.6400,0.000000
FILLER_0_8_3,VGND,li1,9.6600,32.6400,0.000000
FILLER_0_7_47,VGND,li1,27.3700,32.6400,0.000000
FILLER_0_7_39,VGND,li1,25.3000,32.6400,0.000000
FILLER_0_7_27,VGND,li1,20.7000,32.6400,0.000000
FILLER_0_7_15,VGND,li1,15.1800,32.6400,0.000000
FILLER_0_7_3,VGND,li1,9.6600,32.6400,0.000000
FILLER_0_6_47,VGND,li1,27.3700,27.2000,0.000047
FILLER_0_6_41,VGND,li1,25.7600,27.2000,0.000047
FILLER_0_6_29,VGND,li1,21.6200,27.2000,0.000047
FILLER_0_6_26,VGND,li1,17.9400,27.2000,0.000038
FILLER_0_6_18,VGND,li1,15.6400,27.2000,0.000032
FILLER_0_6_6,VGND,li1,11.0400,27.2000,0.000026
FILLER_0_5_22,VGND,li1,17.0200,27.2000,0.000032
FILLER_0_5_15,VGND,li1,13.3400,27.2000,0.000026
FILLER_0_5_3,VGND,li1,9.6600,27.2000,0.000026
FILLER_0_4_45,VGND,li1,26.9100,21.7600,0.000101
FILLER_0_4_27,VGND,li1,18.1700,21.7600,0.000090
FILLER_0_4_23,VGND,li1,17.0200,21.7600,0.000082
FILLER_0_3_44,VGND,li1,26.6800,21.7600,0.000101
FILLER_0_3_23,VGND,li1,16.3300,21.7600,0.000082
FILLER_0_3_19,VGND,li1,15.1800,21.7600,0.000072
FILLER_0_2_47,VGND,li1,27.3700,16.3200,0.000000
FILLER_0_2_41,VGND,li1,25.7600,16.3200,0.000000
FILLER_0_2_29,VGND,li1,21.6200,16.3200,0.000000
FILLER_0_2_27,VGND,li1,18.1700,16.3200,0.000000
FILLER_0_2_15,VGND,li1,15.1800,16.3200,0.000000
FILLER_0_2_3,VGND,li1,9.6600,16.3200,0.000000
FILLER_0_1_39,VGND,li1,24.8400,16.3200,0.000000
FILLER_0_1_27,VGND,li1,20.7000,16.3200,0.000000
FILLER_0_1_15,VGND,li1,15.1800,16.3200,0.000000
FILLER_0_1_3,VGND,li1,9.6600,16.3200,0.000000
FILLER_0_0_47,VGND,li1,27.3700,10.8800,0.000000
FILLER_0_0_41,VGND,li1,25.7600,10.8800,0.000000
FILLER_0_0_29,VGND,li1,21.6200,10.8800,0.000000
FILLER_0_0_27,VGND,li1,18.1700,10.8800,0.000000
FILLER_0_0_15,VGND,li1,15.1800,10.8800,0.000000
FILLER_0_0_3,VGND,li1,9.6600,10.8800,0.000000
clkbuf_1_1__f_clk,VGND,li1,23.0000,27.2000,0.000047
clkbuf_1_0__f_clk,VGND,li1,11.5000,21.7600,0.000083
clkbuf_0_clk,VGND,li1,21.1600,21.7600,0.000101
output4,VGND,li1,26.9100,43.5200,0.000000
output3,VGND,li1,26.9100,16.3200,0.000000
input2,VGND,li1,7.5900,27.2000,0.000026
input1,VGND,li1,19.5500,43.5200,0.000000
TAP_TAPCELL_ROW_12_32,VGND,li1,18.6300,43.8110,0.000000
TAP_TAPCELL_ROW_10_31,VGND,li1,18.6300,38.3710,0.000000
TAP_TAPCELL_ROW_8_30,VGND,li1,18.6300,32.9310,0.000000
TAP_TAPCELL_ROW_6_29,VGND,li1,18.6300,27.4910,0.000038
TAP_TAPCELL_ROW_4_28,VGND,li1,18.6300,22.0510,0.000090
TAP_TAPCELL_ROW_2_27,VGND,li1,18.6300,16.6110,0.000000
TAP_TAPCELL_ROW_0_26,VGND,li1,18.6300,11.1710,0.000000
PHY_EDGE_ROW_12_Left_25,VGND,li1,6.2100,43.5200,0.000000
PHY_EDGE_ROW_11_Left_24,VGND,li1,6.2100,43.5200,0.000000
PHY_EDGE_ROW_10_Left_23,VGND,li1,6.2100,38.0800,0.000000
PHY_EDGE_ROW_9_Left_22,VGND,li1,6.2100,38.0800,0.000000
PHY_EDGE_ROW_8_Left_21,VGND,li1,6.2100,32.6400,0.000000
PHY_EDGE_ROW_7_Left_20,VGND,li1,6.2100,32.6400,0.000000
PHY_EDGE_ROW_6_Left_19,VGND,li1,6.2100,27.2000,0.000026
PHY_EDGE_ROW_5_Left_18,VGND,li1,6.2100,27.2000,0.000026
PHY_EDGE_ROW_4_Left_17,VGND,li1,6.2100,21.7600,0.000083
PHY_EDGE_ROW_3_Left_16,VGND,li1,6.2100,21.7600,0.000083
PHY_EDGE_ROW_2_Left_15,VGND,li1,6.2100,16.3200,0.000000
PHY_EDGE_ROW_1_Left_14,VGND,li1,6.2100,16.3200,0.000000
PHY_EDGE_ROW_0_Left_13,VGND,li1,6.2100,10.8800,0.000000
PHY_EDGE_ROW_12_Right_12,VGND,li1,28.2900,43.5200,0.000000
PHY_EDGE_ROW_11_Right_11,VGND,li1,28.2900,43.5200,0.000000
PHY_EDGE_ROW_10_Right_10,VGND,li1,28.2900,38.0800,0.000000
PHY_EDGE_ROW_9_Right_9,VGND,li1,28.2900,38.0800,0.000000
PHY_EDGE_ROW_8_Right_8,VGND,li1,28.2900,32.6400,0.000000
PHY_EDGE_ROW_7_Right_7,VGND,li1,28.2900,32.6400,0.000000
PHY_EDGE_ROW_6_Right_6,VGND,li1,28.2900,27.2000,0.000047
PHY_EDGE_ROW_5_Right_5,VGND,li1,28.2900,27.2000,0.000047
PHY_EDGE_ROW_4_Right_4,VGND,li1,28.2900,21.7600,0.000101
PHY_EDGE_ROW_3_Right_3,VGND,li1,28.2900,21.7600,0.000101
PHY_EDGE_ROW_2_Right_2,VGND,li1,28.2900,16.3200,0.000000
PHY_EDGE_ROW_1_Right_1,VGND,li1,28.2900,16.3200,0.000000
PHY_EDGE_ROW_0_Right_0,VGND,li1,28.2900,10.8800,0.000000
_9_,VGND,li1,22.5400,21.7600,0.000101
_8_,VGND,li1,10.5800,21.7600,0.000083
_7_,VGND,li1,14.9500,27.2000,0.000026
_6_,VGND,li1,16.5600,32.6400,0.000000
_5_,VGND,li1,24.6100,38.0800,0.000000
_4_,VGND,li1,20.2400,32.6400,0.000000
