Instance,Terminal,Layer,X location,Y location,Voltage
FILLER_0_12_44,VPWR,li1,25.9900,46.2400,1.800000
FILLER_0_12_32,VPWR,li1,23.0000,46.2400,1.800000
FILLER_0_12_27,VPWR,li1,18.1700,46.2400,1.800000
FILLER_0_12_15,VPWR,li1,15.1800,46.2400,1.800000
FILLER_0_12_3,VPWR,li1,9.6600,46.2400,1.800000
FILLER_0_11_47,VPWR,li1,27.3700,40.8000,1.800000
FILLER_0_11_39,VPWR,li1,25.3000,40.8000,1.800000
FILLER_0_11_27,VPWR,li1,20.7000,40.8000,1.800000
FILLER_0_11_15,VPWR,li1,15.1800,40.8000,1.800000
FILLER_0_11_3,VPWR,li1,9.6600,40.8000,1.800000
FILLER_0_10_47,VPWR,li1,27.3700,40.8000,1.800000
FILLER_0_10_41,VPWR,li1,25.7600,40.8000,1.800000
FILLER_0_10_29,VPWR,li1,21.6200,40.8000,1.800000
FILLER_0_10_27,VPWR,li1,18.1700,40.8000,1.800000
FILLER_0_10_15,VPWR,li1,15.1800,40.8000,1.800000
FILLER_0_10_3,VPWR,li1,9.6600,40.8000,1.800000
FILLER_0_9_47,VPWR,li1,27.3700,35.3600,1.800000
FILLER_0_9_43,VPWR,li1,26.2200,35.3600,1.800000
FILLER_0_9_39,VPWR,li1,23.6900,35.3600,1.800000
FILLER_0_9_27,VPWR,li1,20.7000,35.3600,1.800000
FILLER_0_9_15,VPWR,li1,15.1800,35.3600,1.800000
FILLER_0_9_3,VPWR,li1,9.6600,35.3600,1.800000
FILLER_0_8_47,VPWR,li1,27.3700,35.3600,1.800000
FILLER_0_8_35,VPWR,li1,24.3800,35.3600,1.800000
FILLER_0_8_27,VPWR,li1,18.1700,35.3600,1.800000
FILLER_0_8_15,VPWR,li1,13.8000,35.3600,1.800000
FILLER_0_8_3,VPWR,li1,9.6600,35.3600,1.800000
FILLER_0_7_47,VPWR,li1,27.3700,29.9200,1.800000
FILLER_0_7_39,VPWR,li1,25.3000,29.9200,1.800000
FILLER_0_7_27,VPWR,li1,20.7000,29.9200,1.800000
FILLER_0_7_15,VPWR,li1,15.1800,29.9200,1.800000
FILLER_0_7_3,VPWR,li1,9.6600,29.9200,1.800000
FILLER_0_6_47,VPWR,li1,27.3700,29.9200,1.800000
FILLER_0_6_41,VPWR,li1,25.7600,29.9200,1.800000
FILLER_0_6_29,VPWR,li1,21.6200,29.9200,1.800000
FILLER_0_6_26,VPWR,li1,17.9400,29.9200,1.800000
FILLER_0_6_18,VPWR,li1,15.6400,29.9200,1.800000
FILLER_0_6_6,VPWR,li1,11.0400,29.9200,1.800000
FILLER_0_5_22,VPWR,li1,17.0200,24.4800,1.799913
FILLER_0_5_15,VPWR,li1,13.3400,24.4800,1.799925
FILLER_0_5_3,VPWR,li1,9.6600,24.4800,1.799942
FILLER_0_4_45,VPWR,li1,26.9100,24.4800,1.799896
FILLER_0_4_27,VPWR,li1,18.1700,24.4800,1.799913
FILLER_0_4_23,VPWR,li1,17.0200,24.4800,1.799913
FILLER_0_3_44,VPWR,li1,26.6800,19.0400,1.799921
FILLER_0_3_23,VPWR,li1,16.3300,19.0400,1.799941
FILLER_0_3_19,VPWR,li1,15.1800,19.0400,1.799941
FILLER_0_2_47,VPWR,li1,27.3700,19.0400,1.799921
FILLER_0_2_41,VPWR,li1,25.7600,19.0400,1.799921
FILLER_0_2_29,VPWR,li1,21.6200,19.0400,1.799921
FILLER_0_2_27,VPWR,li1,18.1700,19.0400,1.799934
FILLER_0_2_15,VPWR,li1,15.1800,19.0400,1.799941
FILLER_0_2_3,VPWR,li1,9.6600,19.0400,1.799960
FILLER_0_1_39,VPWR,li1,24.8400,13.6000,1.800000
FILLER_0_1_27,VPWR,li1,20.7000,13.6000,1.800000
FILLER_0_1_15,VPWR,li1,15.1800,13.6000,1.800000
FILLER_0_1_3,VPWR,li1,9.6600,13.6000,1.800000
FILLER_0_0_47,VPWR,li1,27.3700,13.6000,1.800000
FILLER_0_0_41,VPWR,li1,25.7600,13.6000,1.800000
FILLER_0_0_29,VPWR,li1,21.6200,13.6000,1.800000
FILLER_0_0_27,VPWR,li1,18.1700,13.6000,1.800000
FILLER_0_0_15,VPWR,li1,15.1800,13.6000,1.800000
FILLER_0_0_3,VPWR,li1,9.6600,13.6000,1.800000
clkbuf_1_1__f_clk,VPWR,li1,23.0000,24.4800,1.799896
clkbuf_1_0__f_clk,VPWR,li1,11.5000,24.4800,1.799931
clkbuf_0_clk,VPWR,li1,21.1600,19.0400,1.799921
output4,VPWR,li1,26.9100,46.2400,1.800000
output3,VPWR,li1,26.9100,13.6000,1.800000
input2,VPWR,li1,7.5900,29.9200,1.800000
input1,VPWR,li1,19.5500,46.2400,1.800000
TAP_TAPCELL_ROW_12_32,VPWR,li1,18.6300,45.9330,1.800000
TAP_TAPCELL_ROW_10_31,VPWR,li1,18.6300,40.4930,1.800000
TAP_TAPCELL_ROW_8_30,VPWR,li1,18.6300,35.0530,1.800000
TAP_TAPCELL_ROW_6_29,VPWR,li1,18.6300,29.6130,1.800000
TAP_TAPCELL_ROW_4_28,VPWR,li1,18.6300,24.1730,1.799913
TAP_TAPCELL_ROW_2_27,VPWR,li1,18.6300,18.7330,1.799934
TAP_TAPCELL_ROW_0_26,VPWR,li1,18.6300,13.2930,1.800000
PHY_EDGE_ROW_12_Left_25,VPWR,li1,6.2100,46.2400,1.800000
PHY_EDGE_ROW_11_Left_24,VPWR,li1,6.2100,40.8000,1.800000
PHY_EDGE_ROW_10_Left_23,VPWR,li1,6.2100,40.8000,1.800000
PHY_EDGE_ROW_9_Left_22,VPWR,li1,6.2100,35.3600,1.800000
PHY_EDGE_ROW_8_Left_21,VPWR,li1,6.2100,35.3600,1.800000
PHY_EDGE_ROW_7_Left_20,VPWR,li1,6.2100,29.9200,1.800000
PHY_EDGE_ROW_6_Left_19,VPWR,li1,6.2100,29.9200,1.800000
PHY_EDGE_ROW_5_Left_18,VPWR,li1,6.2100,24.4800,1.799942
PHY_EDGE_ROW_4_Left_17,VPWR,li1,6.2100,24.4800,1.799942
PHY_EDGE_ROW_3_Left_16,VPWR,li1,6.2100,19.0400,1.799960
PHY_EDGE_ROW_2_Left_15,VPWR,li1,6.2100,19.0400,1.799960
PHY_EDGE_ROW_1_Left_14,VPWR,li1,6.2100,13.6000,1.800000
PHY_EDGE_ROW_0_Left_13,VPWR,li1,6.2100,13.6000,1.800000
PHY_EDGE_ROW_12_Right_12,VPWR,li1,28.2900,46.2400,1.800000
PHY_EDGE_ROW_11_Right_11,VPWR,li1,28.2900,40.8000,1.800000
PHY_EDGE_ROW_10_Right_10,VPWR,li1,28.2900,40.8000,1.800000
PHY_EDGE_ROW_9_Right_9,VPWR,li1,28.2900,35.3600,1.800000
PHY_EDGE_ROW_8_Right_8,VPWR,li1,28.2900,35.3600,1.800000
PHY_EDGE_ROW_7_Right_7,VPWR,li1,28.2900,29.9200,1.800000
PHY_EDGE_ROW_6_Right_6,VPWR,li1,28.2900,29.9200,1.800000
PHY_EDGE_ROW_5_Right_5,VPWR,li1,28.2900,24.4800,1.799896
PHY_EDGE_ROW_4_Right_4,VPWR,li1,28.2900,24.4800,1.799896
PHY_EDGE_ROW_3_Right_3,VPWR,li1,28.2900,19.0400,1.799921
PHY_EDGE_ROW_2_Right_2,VPWR,li1,28.2900,19.0400,1.799921
PHY_EDGE_ROW_1_Right_1,VPWR,li1,28.2900,13.6000,1.800000
PHY_EDGE_ROW_0_Right_0,VPWR,li1,28.2900,13.6000,1.800000
_9_,VPWR,li1,22.5400,24.4800,1.799896
_8_,VPWR,li1,10.5800,19.0400,1.799960
_7_,VPWR,li1,14.9500,24.4800,1.799925
_6_,VPWR,li1,16.5600,35.3600,1.800000
_5_,VPWR,li1,24.6100,35.3600,1.800000
_4_,VPWR,li1,20.2400,35.3600,1.800000
