
===========================================================================
 report_power
============================================================================
======================= Fastest Corner ===================================

Group                  Internal  Switching    Leakage      Total
                          Power      Power      Power      Power (Watts)
----------------------------------------------------------------
Sequential             1.42e-04   0.00e+00   3.00e-08   1.42e-04  37.1%
Combinational          2.38e-06   1.19e-05   8.62e-10   1.43e-05   3.7%
Clock                  1.62e-04   6.37e-05   1.10e-09   2.26e-04  59.1%
Macro                  0.00e+00   0.00e+00   0.00e+00   0.00e+00   0.0%
Pad                    0.00e+00   0.00e+00   0.00e+00   0.00e+00   0.0%
----------------------------------------------------------------
Total                  3.06e-04   7.56e-05   3.19e-08   3.81e-04 100.0%
                          80.2%      19.8%       0.0%

======================= Slowest Corner ===================================

Group                  Internal  Switching    Leakage      Total
                          Power      Power      Power      Power (Watts)
----------------------------------------------------------------
Sequential             9.34e-05   0.00e+00   5.68e-07   9.39e-05  35.9%
Combinational          1.61e-06   7.87e-06   7.87e-07   1.03e-05   3.9%
Clock                  1.16e-04   4.14e-05   1.50e-07   1.57e-04  60.1%
Macro                  0.00e+00   0.00e+00   0.00e+00   0.00e+00   0.0%
Pad                    0.00e+00   0.00e+00   0.00e+00   0.00e+00   0.0%
----------------------------------------------------------------
Total                  2.11e-04   4.93e-05   1.50e-06   2.61e-04 100.0%
                          80.6%      18.9%       0.6%

======================= Typical Corner ===================================

Group                  Internal  Switching    Leakage      Total
                          Power      Power      Power      Power (Watts)
----------------------------------------------------------------
Sequential             1.21e-04   0.00e+00   2.97e-08   1.22e-04  37.0%
Combinational          1.97e-06   1.01e-05   6.80e-10   1.21e-05   3.7%
Clock                  1.41e-04   5.34e-05   7.18e-10   1.95e-04  59.3%
Macro                  0.00e+00   0.00e+00   0.00e+00   0.00e+00   0.0%
Pad                    0.00e+00   0.00e+00   0.00e+00   0.00e+00   0.0%
----------------------------------------------------------------
Total                  2.65e-04   6.35e-05   3.11e-08   3.28e-04 100.0%
                          80.7%      19.3%       0.0%

