
===========================================================================
 report_power
============================================================================
======================= Fastest Corner ===================================

Group                  Internal  Switching    Leakage      Total
                          Power      Power      Power      Power (Watts)
----------------------------------------------------------------
Sequential             1.42e-04   0.00e+00   3.00e-08   1.42e-04  37.5%
Combinational          2.36e-06   1.11e-05   8.62e-10   1.35e-05   3.6%
Clock                  1.62e-04   6.12e-05   1.10e-09   2.23e-04  59.0%
Macro                  0.00e+00   0.00e+00   0.00e+00   0.00e+00   0.0%
Pad                    0.00e+00   0.00e+00   0.00e+00   0.00e+00   0.0%
----------------------------------------------------------------
Total                  3.06e-04   7.23e-05   3.19e-08   3.78e-04 100.0%
                          80.9%      19.1%       0.0%

======================= Slowest Corner ===================================

Group                  Internal  Switching    Leakage      Total
                          Power      Power      Power      Power (Watts)
----------------------------------------------------------------
Sequential             9.35e-05   0.00e+00   5.68e-07   9.40e-05  36.3%
Combinational          1.61e-06   7.36e-06   7.87e-07   9.76e-06   3.8%
Clock                  1.16e-04   3.97e-05   1.50e-07   1.55e-04  60.0%
Macro                  0.00e+00   0.00e+00   0.00e+00   0.00e+00   0.0%
Pad                    0.00e+00   0.00e+00   0.00e+00   0.00e+00   0.0%
----------------------------------------------------------------
Total                  2.11e-04   4.71e-05   1.50e-06   2.59e-04 100.0%
                          81.3%      18.2%       0.6%

======================= Typical Corner ===================================

Group                  Internal  Switching    Leakage      Total
                          Power      Power      Power      Power (Watts)
----------------------------------------------------------------
Sequential             1.22e-04   0.00e+00   2.97e-08   1.22e-04  37.3%
Combinational          1.97e-06   9.47e-06   6.80e-10   1.14e-05   3.5%
Clock                  1.41e-04   5.12e-05   7.18e-10   1.93e-04  59.2%
Macro                  0.00e+00   0.00e+00   0.00e+00   0.00e+00   0.0%
Pad                    0.00e+00   0.00e+00   0.00e+00   0.00e+00   0.0%
----------------------------------------------------------------
Total                  2.65e-04   6.07e-05   3.11e-08   3.26e-04 100.0%
                          81.4%      18.6%       0.0%

