
===========================================================================
report_checks -unconstrained
===========================================================================
======================= Typical Corner ===================================

Startpoint: d (input port)
Endpoint: _8_ (rising edge-triggered flip-flop)
Path Group: unconstrained
Path Type: max

Fanout     Cap    Slew   Delay    Time   Description
-----------------------------------------------------------------------------
                          0.00    0.00 ^ input external delay
     2    0.00    0.00    0.00    0.00 ^ d (in)
                                         d (net)
                  0.00    0.00    0.00 ^ _4_/B_N (sky130_fd_sc_hd__or2b_2)
     1    0.00    0.05    0.26    0.26 v _4_/X (sky130_fd_sc_hd__or2b_2)
                                         _2_ (net)
                  0.05    0.00    0.26 v _5_/A (sky130_fd_sc_hd__buf_1)
     1    0.00    0.02    0.08    0.35 v _5_/X (sky130_fd_sc_hd__buf_1)
                                         _1_ (net)
                  0.02    0.00    0.35 v _8_/D (sky130_fd_sc_hd__dfxtp_2)
                                  0.35   data arrival time
-----------------------------------------------------------------------------
(Path is unconstrained)




===========================================================================
report_checks --slack_max -0.01
============================================================================
======================= Typical Corner ===================================

No paths found.


===========================================================================
 report_check_types -max_slew -max_cap -max_fanout -violators
============================================================================
======================= Typical Corner ===================================


max slew violations count Typical: 0
max fanout violations count Typical: 0
max cap violations count Typical: 0

===========================================================================
report_parasitic_annotation -report_unannotated
============================================================================
Found 9 unannotated drivers.
 clear
 clk
 d
 _4_/X
 _5_/X
 _6_/X
 _7_/X
 _8_/Q
 _9_/Q
Found 0 partially unannotated drivers.

===========================================================================
max slew violation count 0
max fanout violation count 0
max cap violation count 0
============================================================================

===========================================================================
check_setup -verbose -unconstrained_endpoints -multiple_clock -no_clock -no_input_delay -loops -generated_clocks
===========================================================================
Warning: There are 2 input ports missing set_input_delay.
  clear
  d
Warning: There are 4 unconstrained endpoints.
  q
  qbar
  _8_/D
  _9_/D
