
===========================================================================
report_checks -unconstrained
===========================================================================
======================= Fastest Corner ===================================

Startpoint: reset (input port clocked by clk)
Endpoint: _339_ (recovery check against rising-edge clock clk)
Path Group: asynchronous
Path Type: max
Corner: Fastest

Fanout     Cap    Slew   Delay    Time   Description
-----------------------------------------------------------------------------
                          0.00    0.00   clock clk (rise edge)
                          0.00    0.00   clock network delay (propagated)
                          2.00    2.00 v input external delay
     3    0.02    0.04    0.03    2.03 v reset (in)
                                         reset (net)
                  0.04    0.00    2.03 v _306_/A (sky130_fd_sc_hd__buf_4)
    10    0.07    0.07    0.15    2.17 v _306_/X (sky130_fd_sc_hd__buf_4)
                                         _154_ (net)
                  0.07    0.00    2.18 v _308_/A (sky130_fd_sc_hd__inv_2)
     1    0.03    0.11    0.12    2.29 ^ _308_/Y (sky130_fd_sc_hd__inv_2)
                                         _038_ (net)
                  0.11    0.00    2.29 ^ _339_/RESET_B (sky130_fd_sc_hd__dfrtp_2)
                                  2.29   data arrival time

                         10.00   10.00   clock clk (rise edge)
                          0.00   10.00   clock source latency
     1    0.02    0.06    0.04   10.04 ^ clk (in)
                                         clk (net)
                  0.06    0.00   10.04 ^ clkbuf_0_clk/A (sky130_fd_sc_hd__clkbuf_16)
     4    0.05    0.05    0.10   10.14 ^ clkbuf_0_clk/X (sky130_fd_sc_hd__clkbuf_16)
                                         clknet_0_clk (net)
                  0.05    0.00   10.14 ^ clkbuf_2_0__f_clk/A (sky130_fd_sc_hd__clkbuf_16)
    10    0.03    0.04    0.09   10.23 ^ clkbuf_2_0__f_clk/X (sky130_fd_sc_hd__clkbuf_16)
                                         clknet_2_0__leaf_clk (net)
                  0.04    0.00   10.23 ^ _339_/CLK (sky130_fd_sc_hd__dfrtp_2)
                         -0.25    9.98   clock uncertainty
                          0.00    9.98   clock reconvergence pessimism
                          0.11   10.10   library recovery time
                                 10.10   data required time
-----------------------------------------------------------------------------
                                 10.10   data required time
                                 -2.29   data arrival time
-----------------------------------------------------------------------------
                                  7.80   slack (MET)


Startpoint: _328_ (rising edge-triggered flip-flop clocked by clk)
Endpoint: count[0] (output port clocked by clk)
Path Group: clk
Path Type: max
Corner: Fastest

Fanout     Cap    Slew   Delay    Time   Description
-----------------------------------------------------------------------------
                          0.00    0.00   clock clk (rise edge)
                          0.00    0.00   clock source latency
     1    0.02    0.06    0.04    0.04 ^ clk (in)
                                         clk (net)
                  0.06    0.00    0.04 ^ clkbuf_0_clk/A (sky130_fd_sc_hd__clkbuf_16)
     4    0.05    0.05    0.11    0.15 ^ clkbuf_0_clk/X (sky130_fd_sc_hd__clkbuf_16)
                                         clknet_0_clk (net)
                  0.05    0.00    0.15 ^ clkbuf_2_0__f_clk/A (sky130_fd_sc_hd__clkbuf_16)
    10    0.03    0.04    0.10    0.26 ^ clkbuf_2_0__f_clk/X (sky130_fd_sc_hd__clkbuf_16)
                                         clknet_2_0__leaf_clk (net)
                  0.04    0.00    0.26 ^ _328_/CLK (sky130_fd_sc_hd__dfrtp_4)
     5    0.05    0.13    0.34    0.60 ^ _328_/Q (sky130_fd_sc_hd__dfrtp_4)
                                         net1 (net)
                  0.13    0.01    0.61 ^ output1/A (sky130_fd_sc_hd__buf_1)
     1    0.03    0.30    0.26    0.87 ^ output1/X (sky130_fd_sc_hd__buf_1)
                                         count[0] (net)
                  0.30    0.00    0.87 ^ count[0] (out)
                                  0.87   data arrival time

                         10.00   10.00   clock clk (rise edge)
                          0.00   10.00   clock network delay (propagated)
                         -0.25    9.75   clock uncertainty
                          0.00    9.75   clock reconvergence pessimism
                         -2.00    7.75   output external delay
                                  7.75   data required time
-----------------------------------------------------------------------------
                                  7.75   data required time
                                 -0.87   data arrival time
-----------------------------------------------------------------------------
                                  6.88   slack (MET)



======================= Slowest Corner ===================================

Startpoint: reset (input port clocked by clk)
Endpoint: _339_ (recovery check against rising-edge clock clk)
Path Group: asynchronous
Path Type: max
Corner: Slowest

Fanout     Cap    Slew   Delay    Time   Description
-----------------------------------------------------------------------------
                          0.00    0.00   clock clk (rise edge)
                          0.00    0.00   clock network delay (propagated)
                          2.00    2.00 v input external delay
     3    0.02    0.11    0.08    2.08 v reset (in)
                                         reset (net)
                  0.11    0.00    2.08 v _306_/A (sky130_fd_sc_hd__buf_4)
    10    0.07    0.18    0.40    2.48 v _306_/X (sky130_fd_sc_hd__buf_4)
                                         _154_ (net)
                  0.18    0.00    2.48 v _308_/A (sky130_fd_sc_hd__inv_2)
     1    0.03    0.24    0.28    2.76 ^ _308_/Y (sky130_fd_sc_hd__inv_2)
                                         _038_ (net)
                  0.24    0.00    2.76 ^ _339_/RESET_B (sky130_fd_sc_hd__dfrtp_2)
                                  2.76   data arrival time

                         10.00   10.00   clock clk (rise edge)
                          0.00   10.00   clock source latency
     1    0.02    0.12    0.08   10.08 ^ clk (in)
                                         clk (net)
                  0.12    0.00   10.08 ^ clkbuf_0_clk/A (sky130_fd_sc_hd__clkbuf_16)
     4    0.04    0.10    0.26   10.34 ^ clkbuf_0_clk/X (sky130_fd_sc_hd__clkbuf_16)
                                         clknet_0_clk (net)
                  0.10    0.00   10.34 ^ clkbuf_2_0__f_clk/A (sky130_fd_sc_hd__clkbuf_16)
    10    0.03    0.08    0.24   10.58 ^ clkbuf_2_0__f_clk/X (sky130_fd_sc_hd__clkbuf_16)
                                         clknet_2_0__leaf_clk (net)
                  0.08    0.00   10.58 ^ _339_/CLK (sky130_fd_sc_hd__dfrtp_2)
                         -0.25   10.33   clock uncertainty
                          0.00   10.33   clock reconvergence pessimism
                          0.38   10.71   library recovery time
                                 10.71   data required time
-----------------------------------------------------------------------------
                                 10.71   data required time
                                 -2.76   data arrival time
-----------------------------------------------------------------------------
                                  7.95   slack (MET)


Startpoint: _331_ (rising edge-triggered flip-flop clocked by clk)
Endpoint: _333_ (rising edge-triggered flip-flop clocked by clk)
Path Group: clk
Path Type: max
Corner: Slowest

Fanout     Cap    Slew   Delay    Time   Description
-----------------------------------------------------------------------------
                          0.00    0.00   clock clk (rise edge)
                          0.00    0.00   clock source latency
     1    0.02    0.12    0.08    0.08 ^ clk (in)
                                         clk (net)
                  0.12    0.00    0.08 ^ clkbuf_0_clk/A (sky130_fd_sc_hd__clkbuf_16)
     4    0.04    0.10    0.29    0.37 ^ clkbuf_0_clk/X (sky130_fd_sc_hd__clkbuf_16)
                                         clknet_0_clk (net)
                  0.10    0.00    0.38 ^ clkbuf_2_1__f_clk/A (sky130_fd_sc_hd__clkbuf_16)
     9    0.03    0.09    0.27    0.64 ^ clkbuf_2_1__f_clk/X (sky130_fd_sc_hd__clkbuf_16)
                                         clknet_2_1__leaf_clk (net)
                  0.09    0.00    0.64 ^ _331_/CLK (sky130_fd_sc_hd__dfrtp_4)
     7    0.04    0.20    1.17    1.82 v _331_/Q (sky130_fd_sc_hd__dfrtp_4)
                                         one_second_counter[0] (net)
                  0.20    0.00    1.82 v _164_/D (sky130_fd_sc_hd__and4_2)
     6    0.04    0.23    0.76    2.59 v _164_/X (sky130_fd_sc_hd__and4_2)
                                         _156_ (net)
                  0.23    0.00    2.59 v _165_/D (sky130_fd_sc_hd__and4_2)
     6    0.04    0.21    0.76    3.35 v _165_/X (sky130_fd_sc_hd__and4_2)
                                         _157_ (net)
                  0.21    0.00    3.35 v _166_/B (sky130_fd_sc_hd__and2_1)
     5    0.03    0.29    0.61    3.96 v _166_/X (sky130_fd_sc_hd__and2_1)
                                         _158_ (net)
                  0.29    0.00    3.96 v _187_/A2 (sky130_fd_sc_hd__o31a_1)
     1    0.00    0.10    0.65    4.61 v _187_/X (sky130_fd_sc_hd__o31a_1)
                                         _072_ (net)
                  0.10    0.00    4.61 v _189_/B (sky130_fd_sc_hd__or3_2)
     1    0.02    0.25    1.26    5.87 v _189_/X (sky130_fd_sc_hd__or3_2)
                                         _074_ (net)
                  0.25    0.00    5.88 v _190_/B2 (sky130_fd_sc_hd__a22oi_4)
     9    0.06    0.69    0.72    6.59 ^ _190_/Y (sky130_fd_sc_hd__a22oi_4)
                                         _075_ (net)
                  0.69    0.01    6.60 ^ _191_/A (sky130_fd_sc_hd__buf_2)
    10    0.06    0.45    0.75    7.35 ^ _191_/X (sky130_fd_sc_hd__buf_2)
                                         _076_ (net)
                  0.45    0.00    7.35 ^ _283_/B (sky130_fd_sc_hd__and3_1)
     1    0.03    0.49    0.78    8.13 ^ _283_/X (sky130_fd_sc_hd__and3_1)
                                         _145_ (net)
                  0.49    0.01    8.14 ^ _284_/A (sky130_fd_sc_hd__clkbuf_1)
     1    0.02    0.34    0.50    8.64 ^ _284_/X (sky130_fd_sc_hd__clkbuf_1)
                                         _019_ (net)
                  0.34    0.00    8.65 ^ _333_/D (sky130_fd_sc_hd__dfrtp_2)
                                  8.65   data arrival time

                         10.00   10.00   clock clk (rise edge)
                          0.00   10.00   clock source latency
     1    0.02    0.12    0.08   10.08 ^ clk (in)
                                         clk (net)
                  0.12    0.00   10.08 ^ clkbuf_0_clk/A (sky130_fd_sc_hd__clkbuf_16)
     4    0.04    0.10    0.26   10.34 ^ clkbuf_0_clk/X (sky130_fd_sc_hd__clkbuf_16)
                                         clknet_0_clk (net)
                  0.10    0.00   10.34 ^ clkbuf_2_1__f_clk/A (sky130_fd_sc_hd__clkbuf_16)
     9    0.03    0.09    0.24   10.58 ^ clkbuf_2_1__f_clk/X (sky130_fd_sc_hd__clkbuf_16)
                                         clknet_2_1__leaf_clk (net)
                  0.09    0.00   10.58 ^ _333_/CLK (sky130_fd_sc_hd__dfrtp_2)
                         -0.25   10.33   clock uncertainty
                          0.06   10.39   clock reconvergence pessimism
                         -0.20   10.19   library setup time
                                 10.19   data required time
-----------------------------------------------------------------------------
                                 10.19   data required time
                                 -8.65   data arrival time
-----------------------------------------------------------------------------
                                  1.55   slack (MET)



======================= Typical Corner ===================================

Startpoint: reset (input port clocked by clk)
Endpoint: _339_ (recovery check against rising-edge clock clk)
Path Group: asynchronous
Path Type: max
Corner: Typical

Fanout     Cap    Slew   Delay    Time   Description
-----------------------------------------------------------------------------
                          0.00    0.00   clock clk (rise edge)
                          0.00    0.00   clock network delay (propagated)
                          2.00    2.00 v input external delay
     3    0.02    0.05    0.04    2.04 v reset (in)
                                         reset (net)
                  0.05    0.00    2.04 v _306_/A (sky130_fd_sc_hd__buf_4)
    10    0.07    0.10    0.22    2.26 v _306_/X (sky130_fd_sc_hd__buf_4)
                                         _154_ (net)
                  0.10    0.00    2.26 v _308_/A (sky130_fd_sc_hd__inv_2)
     1    0.03    0.15    0.16    2.42 ^ _308_/Y (sky130_fd_sc_hd__inv_2)
                                         _038_ (net)
                  0.15    0.00    2.43 ^ _339_/RESET_B (sky130_fd_sc_hd__dfrtp_2)
                                  2.43   data arrival time

                         10.00   10.00   clock clk (rise edge)
                          0.00   10.00   clock source latency
     1    0.02    0.08    0.05   10.05 ^ clk (in)
                                         clk (net)
                  0.08    0.00   10.05 ^ clkbuf_0_clk/A (sky130_fd_sc_hd__clkbuf_16)
     4    0.04    0.06    0.15   10.20 ^ clkbuf_0_clk/X (sky130_fd_sc_hd__clkbuf_16)
                                         clknet_0_clk (net)
                  0.06    0.00   10.20 ^ clkbuf_2_0__f_clk/A (sky130_fd_sc_hd__clkbuf_16)
    10    0.03    0.05    0.14   10.33 ^ clkbuf_2_0__f_clk/X (sky130_fd_sc_hd__clkbuf_16)
                                         clknet_2_0__leaf_clk (net)
                  0.05    0.00   10.34 ^ _339_/CLK (sky130_fd_sc_hd__dfrtp_2)
                         -0.25   10.09   clock uncertainty
                          0.00   10.09   clock reconvergence pessimism
                          0.19   10.28   library recovery time
                                 10.28   data required time
-----------------------------------------------------------------------------
                                 10.28   data required time
                                 -2.43   data arrival time
-----------------------------------------------------------------------------
                                  7.85   slack (MET)


Startpoint: _331_ (rising edge-triggered flip-flop clocked by clk)
Endpoint: _333_ (rising edge-triggered flip-flop clocked by clk)
Path Group: clk
Path Type: max
Corner: Typical

Fanout     Cap    Slew   Delay    Time   Description
-----------------------------------------------------------------------------
                          0.00    0.00   clock clk (rise edge)
                          0.00    0.00   clock source latency
     1    0.02    0.08    0.05    0.05 ^ clk (in)
                                         clk (net)
                  0.08    0.00    0.05 ^ clkbuf_0_clk/A (sky130_fd_sc_hd__clkbuf_16)
     4    0.04    0.06    0.16    0.22 ^ clkbuf_0_clk/X (sky130_fd_sc_hd__clkbuf_16)
                                         clknet_0_clk (net)
                  0.06    0.00    0.22 ^ clkbuf_2_1__f_clk/A (sky130_fd_sc_hd__clkbuf_16)
     9    0.03    0.05    0.15    0.37 ^ clkbuf_2_1__f_clk/X (sky130_fd_sc_hd__clkbuf_16)
                                         clknet_2_1__leaf_clk (net)
                  0.05    0.00    0.37 ^ _331_/CLK (sky130_fd_sc_hd__dfrtp_4)
     7    0.04    0.11    0.56    0.94 v _331_/Q (sky130_fd_sc_hd__dfrtp_4)
                                         one_second_counter[0] (net)
                  0.11    0.00    0.94 v _164_/D (sky130_fd_sc_hd__and4_2)
     6    0.04    0.12    0.37    1.31 v _164_/X (sky130_fd_sc_hd__and4_2)
                                         _156_ (net)
                  0.12    0.00    1.32 v _165_/D (sky130_fd_sc_hd__and4_2)
     6    0.04    0.11    0.37    1.68 v _165_/X (sky130_fd_sc_hd__and4_2)
                                         _157_ (net)
                  0.11    0.00    1.69 v _166_/B (sky130_fd_sc_hd__and2_1)
     5    0.03    0.15    0.30    1.98 v _166_/X (sky130_fd_sc_hd__and2_1)
                                         _158_ (net)
                  0.15    0.00    1.99 v _187_/A2 (sky130_fd_sc_hd__o31a_1)
     1    0.00    0.05    0.33    2.32 v _187_/X (sky130_fd_sc_hd__o31a_1)
                                         _072_ (net)
                  0.05    0.00    2.32 v _189_/B (sky130_fd_sc_hd__or3_2)
     1    0.02    0.12    0.54    2.86 v _189_/X (sky130_fd_sc_hd__or3_2)
                                         _074_ (net)
                  0.12    0.00    2.86 v _190_/B2 (sky130_fd_sc_hd__a22oi_4)
     9    0.06    0.44    0.43    3.28 ^ _190_/Y (sky130_fd_sc_hd__a22oi_4)
                                         _075_ (net)
                  0.44    0.01    3.29 ^ _191_/A (sky130_fd_sc_hd__buf_2)
    10    0.06    0.29    0.39    3.68 ^ _191_/X (sky130_fd_sc_hd__buf_2)
                                         _076_ (net)
                  0.29    0.00    3.69 ^ _283_/B (sky130_fd_sc_hd__and3_1)
     1    0.03    0.32    0.42    4.11 ^ _283_/X (sky130_fd_sc_hd__and3_1)
                                         _145_ (net)
                  0.32    0.01    4.12 ^ _284_/A (sky130_fd_sc_hd__clkbuf_1)
     1    0.02    0.21    0.26    4.37 ^ _284_/X (sky130_fd_sc_hd__clkbuf_1)
                                         _019_ (net)
                  0.21    0.00    4.37 ^ _333_/D (sky130_fd_sc_hd__dfrtp_2)
                                  4.37   data arrival time

                         10.00   10.00   clock clk (rise edge)
                          0.00   10.00   clock source latency
     1    0.02    0.08    0.05   10.05 ^ clk (in)
                                         clk (net)
                  0.08    0.00   10.05 ^ clkbuf_0_clk/A (sky130_fd_sc_hd__clkbuf_16)
     4    0.04    0.06    0.15   10.20 ^ clkbuf_0_clk/X (sky130_fd_sc_hd__clkbuf_16)
                                         clknet_0_clk (net)
                  0.06    0.00   10.20 ^ clkbuf_2_1__f_clk/A (sky130_fd_sc_hd__clkbuf_16)
     9    0.03    0.05    0.14   10.34 ^ clkbuf_2_1__f_clk/X (sky130_fd_sc_hd__clkbuf_16)
                                         clknet_2_1__leaf_clk (net)
                  0.05    0.00   10.34 ^ _333_/CLK (sky130_fd_sc_hd__dfrtp_2)
                         -0.25   10.09   clock uncertainty
                          0.04   10.12   clock reconvergence pessimism
                         -0.10   10.02   library setup time
                                 10.02   data required time
-----------------------------------------------------------------------------
                                 10.02   data required time
                                 -4.37   data arrival time
-----------------------------------------------------------------------------
                                  5.65   slack (MET)




===========================================================================
report_checks --slack_max -0.01
============================================================================
======================= Fastest Corner ===================================

No paths found.

======================= Slowest Corner ===================================

No paths found.

======================= Typical Corner ===================================

No paths found.


===========================================================================
 report_check_types -max_slew -max_cap -max_fanout -violators
============================================================================
======================= Fastest Corner ===================================


max slew violations count Fastest: 0
max fanout violations count Fastest: 0
max cap violations count Fastest: 0
======================= Slowest Corner ===================================


max slew violations count Slowest: 0
max fanout violations count Slowest: 0
max cap violations count Slowest: 0
======================= Typical Corner ===================================


max slew violations count Typical: 0
max fanout violations count Typical: 0
max cap violations count Typical: 0

===========================================================================
report_parasitic_annotation -report_unannotated
============================================================================
Found 3 unannotated drivers.
 clkload0/Y
 clkload1/Y
 clkload2/Y
Found 0 partially unannotated drivers.

===========================================================================
max slew violation count 0
max fanout violation count 0
max cap violation count 0
============================================================================

===========================================================================
check_setup -verbose -unconstrained_endpoints -multiple_clock -no_clock -no_input_delay -loops -generated_clocks
===========================================================================
