
===========================================================================
 report_power
============================================================================
======================= Fastest Corner ===================================

Group                  Internal  Switching    Leakage      Total
                          Power      Power      Power      Power (Watts)
----------------------------------------------------------------
Sequential             1.41e-04   0.00e+00   3.00e-08   1.41e-04  36.7%
Combinational          2.40e-06   1.27e-05   8.62e-10   1.51e-05   3.9%
Clock                  1.62e-04   6.67e-05   1.10e-09   2.29e-04  59.3%
Macro                  0.00e+00   0.00e+00   0.00e+00   0.00e+00   0.0%
Pad                    0.00e+00   0.00e+00   0.00e+00   0.00e+00   0.0%
----------------------------------------------------------------
Total                  3.06e-04   7.94e-05   3.19e-08   3.85e-04 100.0%
                          79.4%      20.6%       0.0%

======================= Slowest Corner ===================================

Group                  Internal  Switching    Leakage      Total
                          Power      Power      Power      Power (Watts)
----------------------------------------------------------------
Sequential             9.33e-05   0.00e+00   5.68e-07   9.39e-05  35.5%
Combinational          1.61e-06   8.42e-06   7.87e-07   1.08e-05   4.1%
Clock                  1.16e-04   4.34e-05   1.50e-07   1.59e-04  60.4%
Macro                  0.00e+00   0.00e+00   0.00e+00   0.00e+00   0.0%
Pad                    0.00e+00   0.00e+00   0.00e+00   0.00e+00   0.0%
----------------------------------------------------------------
Total                  2.11e-04   5.18e-05   1.50e-06   2.64e-04 100.0%
                          79.8%      19.6%       0.6%

======================= Typical Corner ===================================

Group                  Internal  Switching    Leakage      Total
                          Power      Power      Power      Power (Watts)
----------------------------------------------------------------
Sequential             1.21e-04   0.00e+00   2.97e-08   1.21e-04  36.6%
Combinational          1.97e-06   1.08e-05   6.80e-10   1.28e-05   3.9%
Clock                  1.42e-04   5.59e-05   7.18e-10   1.97e-04  59.5%
Macro                  0.00e+00   0.00e+00   0.00e+00   0.00e+00   0.0%
Pad                    0.00e+00   0.00e+00   0.00e+00   0.00e+00   0.0%
----------------------------------------------------------------
Total                  2.65e-04   6.67e-05   3.11e-08   3.32e-04 100.0%
                          79.9%      20.1%       0.0%

