
===========================================================================
 report_power
============================================================================
======================= Fastest Corner ===================================

Group                  Internal  Switching    Leakage      Total
                          Power      Power      Power      Power (Watts)
----------------------------------------------------------------
Sequential             0.00e+00   0.00e+00   0.00e+00   0.00e+00   0.0%
Combinational          4.64e-06   1.12e-05   1.49e-10   1.59e-05 100.0%
Clock                  0.00e+00   0.00e+00   1.64e-10   1.64e-10   0.0%
Macro                  0.00e+00   0.00e+00   0.00e+00   0.00e+00   0.0%
Pad                    0.00e+00   0.00e+00   0.00e+00   0.00e+00   0.0%
----------------------------------------------------------------
Total                  4.64e-06   1.12e-05   3.13e-10   1.59e-05 100.0%
                          29.2%      70.8%       0.0%

======================= Slowest Corner ===================================

Group                  Internal  Switching    Leakage      Total
                          Power      Power      Power      Power (Watts)
----------------------------------------------------------------
Sequential             0.00e+00   0.00e+00   0.00e+00   0.00e+00   0.0%
Combinational          3.46e-06   7.51e-06   1.41e-07   1.11e-05 100.0%
Clock                  0.00e+00   0.00e+00   1.64e-10   1.64e-10   0.0%
Macro                  0.00e+00   0.00e+00   0.00e+00   0.00e+00   0.0%
Pad                    0.00e+00   0.00e+00   0.00e+00   0.00e+00   0.0%
----------------------------------------------------------------
Total                  3.46e-06   7.51e-06   1.41e-07   1.11e-05 100.0%
                          31.1%      67.6%       1.3%

======================= Typical Corner ===================================

Group                  Internal  Switching    Leakage      Total
                          Power      Power      Power      Power (Watts)
----------------------------------------------------------------
Sequential             0.00e+00   0.00e+00   0.00e+00   0.00e+00   0.0%
Combinational          4.18e-06   9.54e-06   7.67e-11   1.37e-05 100.0%
Clock                  0.00e+00   0.00e+00   1.64e-10   1.64e-10   0.0%
Macro                  0.00e+00   0.00e+00   0.00e+00   0.00e+00   0.0%
Pad                    0.00e+00   0.00e+00   0.00e+00   0.00e+00   0.0%
----------------------------------------------------------------
Total                  4.18e-06   9.54e-06   2.40e-10   1.37e-05 100.0%
                          30.5%      69.5%       0.0%

