OpenSTA 2.5.0 GITDIR-NOT Copyright (c) 2024, Parallax Software, Inc.
License GPLv3: GNU GPL version 3 <http://gnu.org/licenses/gpl.html>

This is free software, and you are free to change and redistribute it
under certain conditions; type `show_copying' for details. 
This program comes with ABSOLUTELY NO WARRANTY; for details type `show_warranty'.
define_corners Typical
read_liberty -corner Typical /root/.volare/sky130A/libs.ref/sky130_fd_sc_hd/lib/sky130_fd_sc_hd__tt_025C_1v80.lib
Using 1e-12 for capacitance...
Using 1e+03 for resistance...
Using 1e-09 for time...
Using 1e+00 for voltage...
Using 1e-03 for current...
Using 1e-09 for power...
Using 1e-06 for distance...
Reading netlist '/openlane/designs/alu/runs/RUN_2025.05.03_18.54.14/results/synthesis/alu.v'…
Reading design constraints file at '/openlane/scripts/base.sdc'…
[INFO]: Setting output delay to: 2.0
[INFO]: Setting input delay to: 2.0
Warning: base.sdc line 18, port '__VIRTUAL_CLK__' not found.
[INFO]: Setting load to: 0.033442
[INFO]: Setting clock uncertainty to: 0.25
[INFO]: Setting clock transition to: 0.15
Warning: base.sdc line 52, transition time can not be specified for virtual clocks.
[INFO]: Setting timing derate to: 5.0 %
min_report

===========================================================================
report_checks -path_delay min (Hold)
============================================================================
======================= Typical Corner ===================================

Startpoint: c[2] (input port clocked by __VIRTUAL_CLK__)
Endpoint: z[5] (output port clocked by __VIRTUAL_CLK__)
Path Group: __VIRTUAL_CLK__
Path Type: min

Fanout     Cap    Slew   Delay    Time   Description
-----------------------------------------------------------------------------
                  0.00    0.00    0.00   clock __VIRTUAL_CLK__ (rise edge)
                          0.00    0.00   clock network delay (ideal)
                          2.00    2.00 ^ input external delay
     8    0.02    0.09    0.06    2.06 ^ c[2] (in)
                                         c[2] (net)
                  0.09    0.00    2.06 ^ _251_/A (sky130_fd_sc_hd__nor2_2)
     8    0.02    0.05    0.07    2.13 v _251_/Y (sky130_fd_sc_hd__nor2_2)
                                         _182_ (net)
                  0.05    0.00    2.13 v _408_/A1 (sky130_fd_sc_hd__a21o_2)
     1    0.03    0.10    0.25    2.38 v _408_/X (sky130_fd_sc_hd__a21o_2)
                                         z[5] (net)
                  0.10    0.00    2.38 v z[5] (out)
                                  2.38   data arrival time

                  0.00    0.00    0.00   clock __VIRTUAL_CLK__ (rise edge)
                          0.00    0.00   clock network delay (ideal)
                          0.25    0.25   clock uncertainty
                          0.00    0.25   clock reconvergence pessimism
                         -2.00   -1.75   output external delay
                                 -1.75   data required time
-----------------------------------------------------------------------------
                                 -1.75   data required time
                                 -2.38   data arrival time
-----------------------------------------------------------------------------
                                  4.13   slack (MET)


Startpoint: c[2] (input port clocked by __VIRTUAL_CLK__)
Endpoint: z[3] (output port clocked by __VIRTUAL_CLK__)
Path Group: __VIRTUAL_CLK__
Path Type: min

Fanout     Cap    Slew   Delay    Time   Description
-----------------------------------------------------------------------------
                  0.00    0.00    0.00   clock __VIRTUAL_CLK__ (rise edge)
                          0.00    0.00   clock network delay (ideal)
                          2.00    2.00 ^ input external delay
     8    0.02    0.09    0.06    2.06 ^ c[2] (in)
                                         c[2] (net)
                  0.09    0.00    2.06 ^ _251_/A (sky130_fd_sc_hd__nor2_2)
     8    0.02    0.05    0.07    2.13 v _251_/Y (sky130_fd_sc_hd__nor2_2)
                                         _182_ (net)
                  0.05    0.00    2.13 v _333_/A1 (sky130_fd_sc_hd__a31o_2)
     1    0.03    0.10    0.26    2.39 v _333_/X (sky130_fd_sc_hd__a31o_2)
                                         z[3] (net)
                  0.10    0.00    2.39 v z[3] (out)
                                  2.39   data arrival time

                  0.00    0.00    0.00   clock __VIRTUAL_CLK__ (rise edge)
                          0.00    0.00   clock network delay (ideal)
                          0.25    0.25   clock uncertainty
                          0.00    0.25   clock reconvergence pessimism
                         -2.00   -1.75   output external delay
                                 -1.75   data required time
-----------------------------------------------------------------------------
                                 -1.75   data required time
                                 -2.39   data arrival time
-----------------------------------------------------------------------------
                                  4.14   slack (MET)


Startpoint: b[7] (input port clocked by __VIRTUAL_CLK__)
Endpoint: z[7] (output port clocked by __VIRTUAL_CLK__)
Path Group: __VIRTUAL_CLK__
Path Type: min

Fanout     Cap    Slew   Delay    Time   Description
-----------------------------------------------------------------------------
                  0.00    0.00    0.00   clock __VIRTUAL_CLK__ (rise edge)
                          0.00    0.00   clock network delay (ideal)
                          2.00    2.00 ^ input external delay
     6    0.03    0.13    0.09    2.09 ^ b[7] (in)
                                         b[7] (net)
                  0.13    0.00    2.09 ^ _489_/A2 (sky130_fd_sc_hd__a31o_2)
     1    0.00    0.03    0.15    2.24 ^ _489_/X (sky130_fd_sc_hd__a31o_2)
                                         _171_ (net)
                  0.03    0.00    2.24 ^ _490_/B1 (sky130_fd_sc_hd__a21o_2)
     1    0.00    0.03    0.07    2.31 ^ _490_/X (sky130_fd_sc_hd__a21o_2)
                                         _172_ (net)
                  0.03    0.00    2.31 ^ _491_/B1 (sky130_fd_sc_hd__a21o_2)
     1    0.03    0.17    0.17    2.48 ^ _491_/X (sky130_fd_sc_hd__a21o_2)
                                         z[7] (net)
                  0.17    0.00    2.48 ^ z[7] (out)
                                  2.48   data arrival time

                  0.00    0.00    0.00   clock __VIRTUAL_CLK__ (rise edge)
                          0.00    0.00   clock network delay (ideal)
                          0.25    0.25   clock uncertainty
                          0.00    0.25   clock reconvergence pessimism
                         -2.00   -1.75   output external delay
                                 -1.75   data required time
-----------------------------------------------------------------------------
                                 -1.75   data required time
                                 -2.48   data arrival time
-----------------------------------------------------------------------------
                                  4.23   slack (MET)


Startpoint: b[2] (input port clocked by __VIRTUAL_CLK__)
Endpoint: z[2] (output port clocked by __VIRTUAL_CLK__)
Path Group: __VIRTUAL_CLK__
Path Type: min

Fanout     Cap    Slew   Delay    Time   Description
-----------------------------------------------------------------------------
                  0.00    0.00    0.00   clock __VIRTUAL_CLK__ (rise edge)
                          0.00    0.00   clock network delay (ideal)
                          2.00    2.00 ^ input external delay
     3    0.01    0.03    0.02    2.02 ^ b[2] (in)
                                         b[2] (net)
                  0.03    0.00    2.02 ^ _293_/B (sky130_fd_sc_hd__and2_2)
     5    0.02    0.10    0.17    2.19 ^ _293_/X (sky130_fd_sc_hd__and2_2)
                                         _222_ (net)
                  0.10    0.00    2.19 ^ _297_/A2 (sky130_fd_sc_hd__a211o_2)
     1    0.00    0.03    0.12    2.31 ^ _297_/X (sky130_fd_sc_hd__a211o_2)
                                         _226_ (net)
                  0.03    0.00    2.31 ^ _304_/B1 (sky130_fd_sc_hd__a211o_2)
     1    0.03    0.16    0.17    2.49 ^ _304_/X (sky130_fd_sc_hd__a211o_2)
                                         z[2] (net)
                  0.16    0.00    2.49 ^ z[2] (out)
                                  2.49   data arrival time

                  0.00    0.00    0.00   clock __VIRTUAL_CLK__ (rise edge)
                          0.00    0.00   clock network delay (ideal)
                          0.25    0.25   clock uncertainty
                          0.00    0.25   clock reconvergence pessimism
                         -2.00   -1.75   output external delay
                                 -1.75   data required time
-----------------------------------------------------------------------------
                                 -1.75   data required time
                                 -2.49   data arrival time
-----------------------------------------------------------------------------
                                  4.24   slack (MET)


Startpoint: c[2] (input port clocked by __VIRTUAL_CLK__)
Endpoint: z[6] (output port clocked by __VIRTUAL_CLK__)
Path Group: __VIRTUAL_CLK__
Path Type: min

Fanout     Cap    Slew   Delay    Time   Description
-----------------------------------------------------------------------------
                  0.00    0.00    0.00   clock __VIRTUAL_CLK__ (rise edge)
                          0.00    0.00   clock network delay (ideal)
                          2.00    2.00 ^ input external delay
     8    0.02    0.09    0.06    2.06 ^ c[2] (in)
                                         c[2] (net)
                  0.09    0.00    2.06 ^ _251_/A (sky130_fd_sc_hd__nor2_2)
     8    0.02    0.05    0.07    2.13 v _251_/Y (sky130_fd_sc_hd__nor2_2)
                                         _182_ (net)
                  0.05    0.00    2.13 v _439_/B1 (sky130_fd_sc_hd__o21a_2)
     1    0.00    0.02    0.10    2.23 v _439_/X (sky130_fd_sc_hd__o21a_2)
                                         _122_ (net)
                  0.02    0.00    2.23 v _450_/A2 (sky130_fd_sc_hd__a21o_2)
     1    0.03    0.10    0.26    2.49 v _450_/X (sky130_fd_sc_hd__a21o_2)
                                         z[6] (net)
                  0.10    0.00    2.49 v z[6] (out)
                                  2.49   data arrival time

                  0.00    0.00    0.00   clock __VIRTUAL_CLK__ (rise edge)
                          0.00    0.00   clock network delay (ideal)
                          0.25    0.25   clock uncertainty
                          0.00    0.25   clock reconvergence pessimism
                         -2.00   -1.75   output external delay
                                 -1.75   data required time
-----------------------------------------------------------------------------
                                 -1.75   data required time
                                 -2.49   data arrival time
-----------------------------------------------------------------------------
                                  4.24   slack (MET)


Startpoint: c[2] (input port clocked by __VIRTUAL_CLK__)
Endpoint: z[4] (output port clocked by __VIRTUAL_CLK__)
Path Group: __VIRTUAL_CLK__
Path Type: min

Fanout     Cap    Slew   Delay    Time   Description
-----------------------------------------------------------------------------
                  0.00    0.00    0.00   clock __VIRTUAL_CLK__ (rise edge)
                          0.00    0.00   clock network delay (ideal)
                          2.00    2.00 v input external delay
     8    0.02    0.04    0.03    2.03 v c[2] (in)
                                         c[2] (net)
                  0.04    0.00    2.03 v _251_/A (sky130_fd_sc_hd__nor2_2)
     8    0.02    0.22    0.20    2.23 ^ _251_/Y (sky130_fd_sc_hd__nor2_2)
                                         _182_ (net)
                  0.22    0.00    2.23 ^ _365_/A1 (sky130_fd_sc_hd__a211o_2)
     1    0.00    0.03    0.16    2.38 ^ _365_/X (sky130_fd_sc_hd__a211o_2)
                                         _050_ (net)
                  0.03    0.00    2.38 ^ _366_/B1 (sky130_fd_sc_hd__a31o_2)
     1    0.03    0.19    0.19    2.57 ^ _366_/X (sky130_fd_sc_hd__a31o_2)
                                         z[4] (net)
                  0.19    0.00    2.57 ^ z[4] (out)
                                  2.57   data arrival time

                  0.00    0.00    0.00   clock __VIRTUAL_CLK__ (rise edge)
                          0.00    0.00   clock network delay (ideal)
                          0.25    0.25   clock uncertainty
                          0.00    0.25   clock reconvergence pessimism
                         -2.00   -1.75   output external delay
                                 -1.75   data required time
-----------------------------------------------------------------------------
                                 -1.75   data required time
                                 -2.57   data arrival time
-----------------------------------------------------------------------------
                                  4.32   slack (MET)


Startpoint: c[0] (input port clocked by __VIRTUAL_CLK__)
Endpoint: z[0] (output port clocked by __VIRTUAL_CLK__)
Path Group: __VIRTUAL_CLK__
Path Type: min

Fanout     Cap    Slew   Delay    Time   Description
-----------------------------------------------------------------------------
                  0.00    0.00    0.00   clock __VIRTUAL_CLK__ (rise edge)
                          0.00    0.00   clock network delay (ideal)
                          2.00    2.00 v input external delay
     5    0.02    0.04    0.02    2.02 v c[0] (in)
                                         c[0] (net)
                  0.04    0.00    2.02 v _248_/A (sky130_fd_sc_hd__nand2_2)
     3    0.01    0.06    0.06    2.09 ^ _248_/Y (sky130_fd_sc_hd__nand2_2)
                                         _179_ (net)
                  0.06    0.00    2.09 ^ _250_/C1 (sky130_fd_sc_hd__o2111a_2)
     1    0.00    0.04    0.16    2.25 ^ _250_/X (sky130_fd_sc_hd__o2111a_2)
                                         _181_ (net)
                  0.04    0.00    2.25 ^ _256_/A (sky130_fd_sc_hd__or3_2)
     1    0.00    0.03    0.09    2.34 ^ _256_/X (sky130_fd_sc_hd__or3_2)
                                         _187_ (net)
                  0.03    0.00    2.34 ^ _257_/A (sky130_fd_sc_hd__buf_1)
     1    0.03    0.40    0.30    2.64 ^ _257_/X (sky130_fd_sc_hd__buf_1)
                                         z[0] (net)
                  0.40    0.00    2.64 ^ z[0] (out)
                                  2.64   data arrival time

                  0.00    0.00    0.00   clock __VIRTUAL_CLK__ (rise edge)
                          0.00    0.00   clock network delay (ideal)
                          0.25    0.25   clock uncertainty
                          0.00    0.25   clock reconvergence pessimism
                         -2.00   -1.75   output external delay
                                 -1.75   data required time
-----------------------------------------------------------------------------
                                 -1.75   data required time
                                 -2.64   data arrival time
-----------------------------------------------------------------------------
                                  4.39   slack (MET)


Startpoint: c[2] (input port clocked by __VIRTUAL_CLK__)
Endpoint: z[1] (output port clocked by __VIRTUAL_CLK__)
Path Group: __VIRTUAL_CLK__
Path Type: min

Fanout     Cap    Slew   Delay    Time   Description
-----------------------------------------------------------------------------
                  0.00    0.00    0.00   clock __VIRTUAL_CLK__ (rise edge)
                          0.00    0.00   clock network delay (ideal)
                          2.00    2.00 v input external delay
     8    0.02    0.04    0.03    2.03 v c[2] (in)
                                         c[2] (net)
                  0.04    0.00    2.03 v _251_/A (sky130_fd_sc_hd__nor2_2)
     8    0.02    0.22    0.20    2.23 ^ _251_/Y (sky130_fd_sc_hd__nor2_2)
                                         _182_ (net)
                  0.22    0.00    2.23 ^ _279_/C (sky130_fd_sc_hd__and3b_2)
     1    0.00    0.04    0.19    2.42 ^ _279_/X (sky130_fd_sc_hd__and3b_2)
                                         _209_ (net)
                  0.04    0.00    2.42 ^ _280_/C (sky130_fd_sc_hd__or3_2)
     1    0.00    0.03    0.09    2.50 ^ _280_/X (sky130_fd_sc_hd__or3_2)
                                         _210_ (net)
                  0.03    0.00    2.50 ^ _281_/B1 (sky130_fd_sc_hd__a31o_2)
     1    0.03    0.19    0.19    2.70 ^ _281_/X (sky130_fd_sc_hd__a31o_2)
                                         z[1] (net)
                  0.19    0.00    2.70 ^ z[1] (out)
                                  2.70   data arrival time

                  0.00    0.00    0.00   clock __VIRTUAL_CLK__ (rise edge)
                          0.00    0.00   clock network delay (ideal)
                          0.25    0.25   clock uncertainty
                          0.00    0.25   clock reconvergence pessimism
                         -2.00   -1.75   output external delay
                                 -1.75   data required time
-----------------------------------------------------------------------------
                                 -1.75   data required time
                                 -2.70   data arrival time
-----------------------------------------------------------------------------
                                  4.45   slack (MET)



worst slack corner Typical: 4.1292
min_report_end
max_report

===========================================================================
report_checks -path_delay max (Setup)
============================================================================
======================= Typical Corner ===================================

Startpoint: b[0] (input port clocked by __VIRTUAL_CLK__)
Endpoint: z[7] (output port clocked by __VIRTUAL_CLK__)
Path Group: __VIRTUAL_CLK__
Path Type: max

Fanout     Cap    Slew   Delay    Time   Description
-----------------------------------------------------------------------------
                  0.00    0.00    0.00   clock __VIRTUAL_CLK__ (rise edge)
                          0.00    0.00   clock network delay (ideal)
                          2.00    2.00 ^ input external delay
     3    0.01    0.04    0.02    2.02 ^ b[0] (in)
                                         b[0] (net)
                  0.04    0.00    2.02 ^ _243_/A (sky130_fd_sc_hd__buf_1)
    10    0.03    0.37    0.32    2.34 ^ _243_/X (sky130_fd_sc_hd__buf_1)
                                         _174_ (net)
                  0.37    0.00    2.34 ^ _244_/A (sky130_fd_sc_hd__buf_1)
    10    0.03    0.37    0.37    2.71 ^ _244_/X (sky130_fd_sc_hd__buf_1)
                                         _175_ (net)
                  0.37    0.00    2.71 ^ _416_/A (sky130_fd_sc_hd__nand4_2)
     4    0.01    0.17    0.19    2.91 v _416_/Y (sky130_fd_sc_hd__nand4_2)
                                         _099_ (net)
                  0.17    0.00    2.91 v _418_/B1 (sky130_fd_sc_hd__a22o_2)
     2    0.01    0.05    0.28    3.18 v _418_/X (sky130_fd_sc_hd__a22o_2)
                                         _101_ (net)
                  0.05    0.00    3.18 v _422_/A1 (sky130_fd_sc_hd__a21o_2)
     2    0.01    0.04    0.21    3.39 v _422_/X (sky130_fd_sc_hd__a21o_2)
                                         _105_ (net)
                  0.04    0.00    3.39 v _426_/A2 (sky130_fd_sc_hd__a21o_2)
     2    0.01    0.04    0.23    3.62 v _426_/X (sky130_fd_sc_hd__a21o_2)
                                         _109_ (net)
                  0.04    0.00    3.62 v _430_/A1 (sky130_fd_sc_hd__a21o_2)
     2    0.01    0.04    0.20    3.82 v _430_/X (sky130_fd_sc_hd__a21o_2)
                                         _113_ (net)
                  0.04    0.00    3.82 v _432_/A2 (sky130_fd_sc_hd__a21o_2)
     2    0.01    0.04    0.23    4.05 v _432_/X (sky130_fd_sc_hd__a21o_2)
                                         _115_ (net)
                  0.04    0.00    4.05 v _434_/A2 (sky130_fd_sc_hd__a21o_2)
     2    0.00    0.04    0.22    4.26 v _434_/X (sky130_fd_sc_hd__a21o_2)
                                         _117_ (net)
                  0.04    0.00    4.26 v _436_/A2 (sky130_fd_sc_hd__a21bo_2)
     2    0.00    0.04    0.22    4.48 v _436_/X (sky130_fd_sc_hd__a21bo_2)
                                         _119_ (net)
                  0.04    0.00    4.48 v _457_/A2 (sky130_fd_sc_hd__a21o_2)
     2    0.01    0.04    0.22    4.71 v _457_/X (sky130_fd_sc_hd__a21o_2)
                                         _139_ (net)
                  0.04    0.00    4.71 v _485_/A1 (sky130_fd_sc_hd__o21a_2)
     1    0.00    0.03    0.21    4.91 v _485_/X (sky130_fd_sc_hd__o21a_2)
                                         _167_ (net)
                  0.03    0.00    4.91 v _490_/A2 (sky130_fd_sc_hd__a21o_2)
     1    0.00    0.03    0.20    5.12 v _490_/X (sky130_fd_sc_hd__a21o_2)
                                         _172_ (net)
                  0.03    0.00    5.12 v _491_/B1 (sky130_fd_sc_hd__a21o_2)
     1    0.03    0.10    0.27    5.39 v _491_/X (sky130_fd_sc_hd__a21o_2)
                                         z[7] (net)
                  0.10    0.00    5.39 v z[7] (out)
                                  5.39   data arrival time

                  0.00   10.00   10.00   clock __VIRTUAL_CLK__ (rise edge)
                          0.00   10.00   clock network delay (ideal)
                         -0.25    9.75   clock uncertainty
                          0.00    9.75   clock reconvergence pessimism
                         -2.00    7.75   output external delay
                                  7.75   data required time
-----------------------------------------------------------------------------
                                  7.75   data required time
                                 -5.39   data arrival time
-----------------------------------------------------------------------------
                                  2.36   slack (MET)


Startpoint: b[0] (input port clocked by __VIRTUAL_CLK__)
Endpoint: z[6] (output port clocked by __VIRTUAL_CLK__)
Path Group: __VIRTUAL_CLK__
Path Type: max

Fanout     Cap    Slew   Delay    Time   Description
-----------------------------------------------------------------------------
                  0.00    0.00    0.00   clock __VIRTUAL_CLK__ (rise edge)
                          0.00    0.00   clock network delay (ideal)
                          2.00    2.00 ^ input external delay
     3    0.01    0.04    0.02    2.02 ^ b[0] (in)
                                         b[0] (net)
                  0.04    0.00    2.02 ^ _243_/A (sky130_fd_sc_hd__buf_1)
    10    0.03    0.37    0.32    2.34 ^ _243_/X (sky130_fd_sc_hd__buf_1)
                                         _174_ (net)
                  0.37    0.00    2.34 ^ _244_/A (sky130_fd_sc_hd__buf_1)
    10    0.03    0.37    0.37    2.71 ^ _244_/X (sky130_fd_sc_hd__buf_1)
                                         _175_ (net)
                  0.37    0.00    2.71 ^ _416_/A (sky130_fd_sc_hd__nand4_2)
     4    0.01    0.17    0.19    2.91 v _416_/Y (sky130_fd_sc_hd__nand4_2)
                                         _099_ (net)
                  0.17    0.00    2.91 v _418_/B1 (sky130_fd_sc_hd__a22o_2)
     2    0.01    0.05    0.28    3.18 v _418_/X (sky130_fd_sc_hd__a22o_2)
                                         _101_ (net)
                  0.05    0.00    3.18 v _422_/A1 (sky130_fd_sc_hd__a21o_2)
     2    0.01    0.04    0.21    3.39 v _422_/X (sky130_fd_sc_hd__a21o_2)
                                         _105_ (net)
                  0.04    0.00    3.39 v _426_/A2 (sky130_fd_sc_hd__a21o_2)
     2    0.01    0.04    0.23    3.62 v _426_/X (sky130_fd_sc_hd__a21o_2)
                                         _109_ (net)
                  0.04    0.00    3.62 v _430_/A1 (sky130_fd_sc_hd__a21o_2)
     2    0.01    0.04    0.20    3.82 v _430_/X (sky130_fd_sc_hd__a21o_2)
                                         _113_ (net)
                  0.04    0.00    3.82 v _432_/A2 (sky130_fd_sc_hd__a21o_2)
     2    0.01    0.04    0.23    4.05 v _432_/X (sky130_fd_sc_hd__a21o_2)
                                         _115_ (net)
                  0.04    0.00    4.05 v _434_/A2 (sky130_fd_sc_hd__a21o_2)
     2    0.00    0.04    0.22    4.26 v _434_/X (sky130_fd_sc_hd__a21o_2)
                                         _117_ (net)
                  0.04    0.00    4.26 v _436_/A2 (sky130_fd_sc_hd__a21bo_2)
     2    0.00    0.04    0.22    4.48 v _436_/X (sky130_fd_sc_hd__a21bo_2)
                                         _119_ (net)
                  0.04    0.00    4.48 v _437_/B (sky130_fd_sc_hd__and2b_2)
     2    0.01    0.05    0.21    4.69 v _437_/X (sky130_fd_sc_hd__and2b_2)
                                         _120_ (net)
                  0.05    0.00    4.69 v _439_/A2 (sky130_fd_sc_hd__o21a_2)
     1    0.00    0.03    0.19    4.88 v _439_/X (sky130_fd_sc_hd__o21a_2)
                                         _122_ (net)
                  0.03    0.00    4.88 v _450_/A2 (sky130_fd_sc_hd__a21o_2)
     1    0.03    0.10    0.29    5.17 v _450_/X (sky130_fd_sc_hd__a21o_2)
                                         z[6] (net)
                  0.10    0.00    5.17 v z[6] (out)
                                  5.17   data arrival time

                  0.00   10.00   10.00   clock __VIRTUAL_CLK__ (rise edge)
                          0.00   10.00   clock network delay (ideal)
                         -0.25    9.75   clock uncertainty
                          0.00    9.75   clock reconvergence pessimism
                         -2.00    7.75   output external delay
                                  7.75   data required time
-----------------------------------------------------------------------------
                                  7.75   data required time
                                 -5.17   data arrival time
-----------------------------------------------------------------------------
                                  2.58   slack (MET)


Startpoint: c[1] (input port clocked by __VIRTUAL_CLK__)
Endpoint: z[5] (output port clocked by __VIRTUAL_CLK__)
Path Group: __VIRTUAL_CLK__
Path Type: max

Fanout     Cap    Slew   Delay    Time   Description
-----------------------------------------------------------------------------
                  0.00    0.00    0.00   clock __VIRTUAL_CLK__ (rise edge)
                          0.00    0.00   clock network delay (ideal)
                          2.00    2.00 ^ input external delay
     7    0.02    0.08    0.06    2.06 ^ c[1] (in)
                                         c[1] (net)
                  0.08    0.00    2.06 ^ _259_/C_N (sky130_fd_sc_hd__or3b_2)
     1    0.00    0.07    0.45    2.51 v _259_/X (sky130_fd_sc_hd__or3b_2)
                                         _189_ (net)
                  0.07    0.00    2.51 v _260_/A (sky130_fd_sc_hd__buf_1)
     8    0.02    0.13    0.19    2.71 v _260_/X (sky130_fd_sc_hd__buf_1)
                                         _190_ (net)
                  0.13    0.00    2.71 v _261_/C (sky130_fd_sc_hd__and3_2)
     2    0.01    0.05    0.26    2.97 v _261_/X (sky130_fd_sc_hd__and3_2)
                                         _191_ (net)
                  0.05    0.00    2.97 v _264_/A (sky130_fd_sc_hd__or3b_2)
     4    0.01    0.12    0.54    3.51 v _264_/X (sky130_fd_sc_hd__or3b_2)
                                         _194_ (net)
                  0.12    0.00    3.51 v _302_/A1 (sky130_fd_sc_hd__a21bo_2)
     3    0.01    0.05    0.25    3.76 v _302_/X (sky130_fd_sc_hd__a21bo_2)
                                         _231_ (net)
                  0.05    0.00    3.76 v _326_/A2 (sky130_fd_sc_hd__a21o_2)
     3    0.01    0.05    0.24    3.99 v _326_/X (sky130_fd_sc_hd__a21o_2)
                                         _012_ (net)
                  0.05    0.00    3.99 v _341_/A2 (sky130_fd_sc_hd__a21o_2)
     3    0.01    0.05    0.24    4.23 v _341_/X (sky130_fd_sc_hd__a21o_2)
                                         _026_ (net)
                  0.05    0.00    4.23 v _400_/A2 (sky130_fd_sc_hd__a21oi_2)
     3    0.01    0.17    0.20    4.43 ^ _400_/Y (sky130_fd_sc_hd__a21oi_2)
                                         _084_ (net)
                  0.17    0.00    4.43 ^ _402_/A (sky130_fd_sc_hd__nor2_2)
     1    0.00    0.04    0.06    4.48 v _402_/Y (sky130_fd_sc_hd__nor2_2)
                                         _086_ (net)
                  0.04    0.00    4.48 v _407_/A2 (sky130_fd_sc_hd__a211o_2)
     1    0.00    0.04    0.33    4.81 v _407_/X (sky130_fd_sc_hd__a211o_2)
                                         _091_ (net)
                  0.04    0.00    4.81 v _408_/B1 (sky130_fd_sc_hd__a21o_2)
     1    0.03    0.10    0.27    5.09 v _408_/X (sky130_fd_sc_hd__a21o_2)
                                         z[5] (net)
                  0.10    0.00    5.09 v z[5] (out)
                                  5.09   data arrival time

                  0.00   10.00   10.00   clock __VIRTUAL_CLK__ (rise edge)
                          0.00   10.00   clock network delay (ideal)
                         -0.25    9.75   clock uncertainty
                          0.00    9.75   clock reconvergence pessimism
                         -2.00    7.75   output external delay
                                  7.75   data required time
-----------------------------------------------------------------------------
                                  7.75   data required time
                                 -5.09   data arrival time
-----------------------------------------------------------------------------
                                  2.66   slack (MET)


Startpoint: c[1] (input port clocked by __VIRTUAL_CLK__)
Endpoint: z[4] (output port clocked by __VIRTUAL_CLK__)
Path Group: __VIRTUAL_CLK__
Path Type: max

Fanout     Cap    Slew   Delay    Time   Description
-----------------------------------------------------------------------------
                  0.00    0.00    0.00   clock __VIRTUAL_CLK__ (rise edge)
                          0.00    0.00   clock network delay (ideal)
                          2.00    2.00 ^ input external delay
     7    0.02    0.08    0.06    2.06 ^ c[1] (in)
                                         c[1] (net)
                  0.08    0.00    2.06 ^ _259_/C_N (sky130_fd_sc_hd__or3b_2)
     1    0.00    0.07    0.45    2.51 v _259_/X (sky130_fd_sc_hd__or3b_2)
                                         _189_ (net)
                  0.07    0.00    2.51 v _260_/A (sky130_fd_sc_hd__buf_1)
     8    0.02    0.13    0.19    2.71 v _260_/X (sky130_fd_sc_hd__buf_1)
                                         _190_ (net)
                  0.13    0.00    2.71 v _261_/C (sky130_fd_sc_hd__and3_2)
     2    0.01    0.05    0.26    2.97 v _261_/X (sky130_fd_sc_hd__and3_2)
                                         _191_ (net)
                  0.05    0.00    2.97 v _264_/A (sky130_fd_sc_hd__or3b_2)
     4    0.01    0.12    0.54    3.51 v _264_/X (sky130_fd_sc_hd__or3b_2)
                                         _194_ (net)
                  0.12    0.00    3.51 v _302_/A1 (sky130_fd_sc_hd__a21bo_2)
     3    0.01    0.05    0.25    3.76 v _302_/X (sky130_fd_sc_hd__a21bo_2)
                                         _231_ (net)
                  0.05    0.00    3.76 v _326_/A2 (sky130_fd_sc_hd__a21o_2)
     3    0.01    0.05    0.24    3.99 v _326_/X (sky130_fd_sc_hd__a21o_2)
                                         _012_ (net)
                  0.05    0.00    3.99 v _341_/A2 (sky130_fd_sc_hd__a21o_2)
     3    0.01    0.05    0.24    4.23 v _341_/X (sky130_fd_sc_hd__a21o_2)
                                         _026_ (net)
                  0.05    0.00    4.23 v _366_/A2 (sky130_fd_sc_hd__a31o_2)
     1    0.03    0.11    0.32    4.56 v _366_/X (sky130_fd_sc_hd__a31o_2)
                                         z[4] (net)
                  0.11    0.00    4.56 v z[4] (out)
                                  4.56   data arrival time

                  0.00   10.00   10.00   clock __VIRTUAL_CLK__ (rise edge)
                          0.00   10.00   clock network delay (ideal)
                         -0.25    9.75   clock uncertainty
                          0.00    9.75   clock reconvergence pessimism
                         -2.00    7.75   output external delay
                                  7.75   data required time
-----------------------------------------------------------------------------
                                  7.75   data required time
                                 -4.56   data arrival time
-----------------------------------------------------------------------------
                                  3.19   slack (MET)


Startpoint: c[1] (input port clocked by __VIRTUAL_CLK__)
Endpoint: z[3] (output port clocked by __VIRTUAL_CLK__)
Path Group: __VIRTUAL_CLK__
Path Type: max

Fanout     Cap    Slew   Delay    Time   Description
-----------------------------------------------------------------------------
                  0.00    0.00    0.00   clock __VIRTUAL_CLK__ (rise edge)
                          0.00    0.00   clock network delay (ideal)
                          2.00    2.00 ^ input external delay
     7    0.02    0.08    0.06    2.06 ^ c[1] (in)
                                         c[1] (net)
                  0.08    0.00    2.06 ^ _259_/C_N (sky130_fd_sc_hd__or3b_2)
     1    0.00    0.07    0.45    2.51 v _259_/X (sky130_fd_sc_hd__or3b_2)
                                         _189_ (net)
                  0.07    0.00    2.51 v _260_/A (sky130_fd_sc_hd__buf_1)
     8    0.02    0.13    0.19    2.71 v _260_/X (sky130_fd_sc_hd__buf_1)
                                         _190_ (net)
                  0.13    0.00    2.71 v _261_/C (sky130_fd_sc_hd__and3_2)
     2    0.01    0.05    0.26    2.97 v _261_/X (sky130_fd_sc_hd__and3_2)
                                         _191_ (net)
                  0.05    0.00    2.97 v _264_/A (sky130_fd_sc_hd__or3b_2)
     4    0.01    0.12    0.54    3.51 v _264_/X (sky130_fd_sc_hd__or3b_2)
                                         _194_ (net)
                  0.12    0.00    3.51 v _302_/A1 (sky130_fd_sc_hd__a21bo_2)
     3    0.01    0.05    0.25    3.76 v _302_/X (sky130_fd_sc_hd__a21bo_2)
                                         _231_ (net)
                  0.05    0.00    3.76 v _326_/A2 (sky130_fd_sc_hd__a21o_2)
     3    0.01    0.05    0.24    3.99 v _326_/X (sky130_fd_sc_hd__a21o_2)
                                         _012_ (net)
                  0.05    0.00    3.99 v _332_/A3 (sky130_fd_sc_hd__a31o_2)
     1    0.00    0.04    0.25    4.24 v _332_/X (sky130_fd_sc_hd__a31o_2)
                                         _018_ (net)
                  0.04    0.00    4.24 v _333_/B1 (sky130_fd_sc_hd__a31o_2)
     1    0.03    0.11    0.30    4.54 v _333_/X (sky130_fd_sc_hd__a31o_2)
                                         z[3] (net)
                  0.11    0.00    4.54 v z[3] (out)
                                  4.54   data arrival time

                  0.00   10.00   10.00   clock __VIRTUAL_CLK__ (rise edge)
                          0.00   10.00   clock network delay (ideal)
                         -0.25    9.75   clock uncertainty
                          0.00    9.75   clock reconvergence pessimism
                         -2.00    7.75   output external delay
                                  7.75   data required time
-----------------------------------------------------------------------------
                                  7.75   data required time
                                 -4.54   data arrival time
-----------------------------------------------------------------------------
                                  3.21   slack (MET)


Startpoint: c[1] (input port clocked by __VIRTUAL_CLK__)
Endpoint: z[2] (output port clocked by __VIRTUAL_CLK__)
Path Group: __VIRTUAL_CLK__
Path Type: max

Fanout     Cap    Slew   Delay    Time   Description
-----------------------------------------------------------------------------
                  0.00    0.00    0.00   clock __VIRTUAL_CLK__ (rise edge)
                          0.00    0.00   clock network delay (ideal)
                          2.00    2.00 ^ input external delay
     7    0.02    0.08    0.06    2.06 ^ c[1] (in)
                                         c[1] (net)
                  0.08    0.00    2.06 ^ _259_/C_N (sky130_fd_sc_hd__or3b_2)
     1    0.00    0.07    0.45    2.51 v _259_/X (sky130_fd_sc_hd__or3b_2)
                                         _189_ (net)
                  0.07    0.00    2.51 v _260_/A (sky130_fd_sc_hd__buf_1)
     8    0.02    0.13    0.19    2.71 v _260_/X (sky130_fd_sc_hd__buf_1)
                                         _190_ (net)
                  0.13    0.00    2.71 v _261_/C (sky130_fd_sc_hd__and3_2)
     2    0.01    0.05    0.26    2.97 v _261_/X (sky130_fd_sc_hd__and3_2)
                                         _191_ (net)
                  0.05    0.00    2.97 v _264_/A (sky130_fd_sc_hd__or3b_2)
     4    0.01    0.12    0.54    3.51 v _264_/X (sky130_fd_sc_hd__or3b_2)
                                         _194_ (net)
                  0.12    0.00    3.51 v _266_/B (sky130_fd_sc_hd__nand3b_2)
     3    0.01    0.09    0.13    3.64 ^ _266_/Y (sky130_fd_sc_hd__nand3b_2)
                                         _196_ (net)
                  0.09    0.00    3.64 ^ _301_/B (sky130_fd_sc_hd__nand2_2)
     1    0.00    0.03    0.05    3.69 v _301_/Y (sky130_fd_sc_hd__nand2_2)
                                         _230_ (net)
                  0.03    0.00    3.69 v _303_/A2 (sky130_fd_sc_hd__o211a_2)
     1    0.00    0.04    0.23    3.92 v _303_/X (sky130_fd_sc_hd__o211a_2)
                                         _232_ (net)
                  0.04    0.00    3.92 v _304_/C1 (sky130_fd_sc_hd__a211o_2)
     1    0.03    0.12    0.37    4.30 v _304_/X (sky130_fd_sc_hd__a211o_2)
                                         z[2] (net)
                  0.12    0.00    4.30 v z[2] (out)
                                  4.30   data arrival time

                  0.00   10.00   10.00   clock __VIRTUAL_CLK__ (rise edge)
                          0.00   10.00   clock network delay (ideal)
                         -0.25    9.75   clock uncertainty
                          0.00    9.75   clock reconvergence pessimism
                         -2.00    7.75   output external delay
                                  7.75   data required time
-----------------------------------------------------------------------------
                                  7.75   data required time
                                 -4.30   data arrival time
-----------------------------------------------------------------------------
                                  3.45   slack (MET)


Startpoint: c[1] (input port clocked by __VIRTUAL_CLK__)
Endpoint: z[1] (output port clocked by __VIRTUAL_CLK__)
Path Group: __VIRTUAL_CLK__
Path Type: max

Fanout     Cap    Slew   Delay    Time   Description
-----------------------------------------------------------------------------
                  0.00    0.00    0.00   clock __VIRTUAL_CLK__ (rise edge)
                          0.00    0.00   clock network delay (ideal)
                          2.00    2.00 ^ input external delay
     7    0.02    0.08    0.06    2.06 ^ c[1] (in)
                                         c[1] (net)
                  0.08    0.00    2.06 ^ _259_/C_N (sky130_fd_sc_hd__or3b_2)
     1    0.00    0.07    0.45    2.51 v _259_/X (sky130_fd_sc_hd__or3b_2)
                                         _189_ (net)
                  0.07    0.00    2.51 v _260_/A (sky130_fd_sc_hd__buf_1)
     8    0.02    0.13    0.19    2.71 v _260_/X (sky130_fd_sc_hd__buf_1)
                                         _190_ (net)
                  0.13    0.00    2.71 v _261_/C (sky130_fd_sc_hd__and3_2)
     2    0.01    0.05    0.26    2.97 v _261_/X (sky130_fd_sc_hd__and3_2)
                                         _191_ (net)
                  0.05    0.00    2.97 v _264_/A (sky130_fd_sc_hd__or3b_2)
     4    0.01    0.12    0.54    3.51 v _264_/X (sky130_fd_sc_hd__or3b_2)
                                         _194_ (net)
                  0.12    0.00    3.51 v _269_/A1 (sky130_fd_sc_hd__a21bo_2)
     1    0.00    0.03    0.22    3.73 v _269_/X (sky130_fd_sc_hd__a21bo_2)
                                         _199_ (net)
                  0.03    0.00    3.73 v _281_/A3 (sky130_fd_sc_hd__a31o_2)
     1    0.03    0.11    0.33    4.06 v _281_/X (sky130_fd_sc_hd__a31o_2)
                                         z[1] (net)
                  0.11    0.00    4.06 v z[1] (out)
                                  4.06   data arrival time

                  0.00   10.00   10.00   clock __VIRTUAL_CLK__ (rise edge)
                          0.00   10.00   clock network delay (ideal)
                         -0.25    9.75   clock uncertainty
                          0.00    9.75   clock reconvergence pessimism
                         -2.00    7.75   output external delay
                                  7.75   data required time
-----------------------------------------------------------------------------
                                  7.75   data required time
                                 -4.06   data arrival time
-----------------------------------------------------------------------------
                                  3.69   slack (MET)


Startpoint: b[0] (input port clocked by __VIRTUAL_CLK__)
Endpoint: z[0] (output port clocked by __VIRTUAL_CLK__)
Path Group: __VIRTUAL_CLK__
Path Type: max

Fanout     Cap    Slew   Delay    Time   Description
-----------------------------------------------------------------------------
                  0.00    0.00    0.00   clock __VIRTUAL_CLK__ (rise edge)
                          0.00    0.00   clock network delay (ideal)
                          2.00    2.00 ^ input external delay
     3    0.01    0.04    0.02    2.02 ^ b[0] (in)
                                         b[0] (net)
                  0.04    0.00    2.02 ^ _243_/A (sky130_fd_sc_hd__buf_1)
    10    0.03    0.37    0.32    2.34 ^ _243_/X (sky130_fd_sc_hd__buf_1)
                                         _174_ (net)
                  0.37    0.00    2.34 ^ _244_/A (sky130_fd_sc_hd__buf_1)
    10    0.03    0.37    0.37    2.71 ^ _244_/X (sky130_fd_sc_hd__buf_1)
                                         _175_ (net)
                  0.37    0.00    2.71 ^ _246_/B (sky130_fd_sc_hd__nand2_2)
     4    0.01    0.09    0.10    2.82 v _246_/Y (sky130_fd_sc_hd__nand2_2)
                                         _177_ (net)
                  0.09    0.00    2.82 v _247_/B1 (sky130_fd_sc_hd__a21o_2)
     1    0.00    0.03    0.20    3.02 v _247_/X (sky130_fd_sc_hd__a21o_2)
                                         _178_ (net)
                  0.03    0.00    3.02 v _250_/B1 (sky130_fd_sc_hd__o2111a_2)
     1    0.00    0.04    0.14    3.16 v _250_/X (sky130_fd_sc_hd__o2111a_2)
                                         _181_ (net)
                  0.04    0.00    3.16 v _256_/A (sky130_fd_sc_hd__or3_2)
     1    0.00    0.07    0.48    3.64 v _256_/X (sky130_fd_sc_hd__or3_2)
                                         _187_ (net)
                  0.07    0.00    3.64 v _257_/A (sky130_fd_sc_hd__buf_1)
     1    0.03    0.19    0.24    3.88 v _257_/X (sky130_fd_sc_hd__buf_1)
                                         z[0] (net)
                  0.19    0.00    3.88 v z[0] (out)
                                  3.88   data arrival time

                  0.00   10.00   10.00   clock __VIRTUAL_CLK__ (rise edge)
                          0.00   10.00   clock network delay (ideal)
                         -0.25    9.75   clock uncertainty
                          0.00    9.75   clock reconvergence pessimism
                         -2.00    7.75   output external delay
                                  7.75   data required time
-----------------------------------------------------------------------------
                                  7.75   data required time
                                 -3.88   data arrival time
-----------------------------------------------------------------------------
                                  3.87   slack (MET)



worst slack corner Typical: 2.3617
max_report_end
checks_report

===========================================================================
report_checks -unconstrained
===========================================================================
======================= Typical Corner ===================================

Startpoint: b[0] (input port clocked by __VIRTUAL_CLK__)
Endpoint: z[7] (output port clocked by __VIRTUAL_CLK__)
Path Group: __VIRTUAL_CLK__
Path Type: max

Fanout     Cap    Slew   Delay    Time   Description
-----------------------------------------------------------------------------
                  0.00    0.00    0.00   clock __VIRTUAL_CLK__ (rise edge)
                          0.00    0.00   clock network delay (ideal)
                          2.00    2.00 ^ input external delay
     3    0.01    0.04    0.02    2.02 ^ b[0] (in)
                                         b[0] (net)
                  0.04    0.00    2.02 ^ _243_/A (sky130_fd_sc_hd__buf_1)
    10    0.03    0.37    0.32    2.34 ^ _243_/X (sky130_fd_sc_hd__buf_1)
                                         _174_ (net)
                  0.37    0.00    2.34 ^ _244_/A (sky130_fd_sc_hd__buf_1)
    10    0.03    0.37    0.37    2.71 ^ _244_/X (sky130_fd_sc_hd__buf_1)
                                         _175_ (net)
                  0.37    0.00    2.71 ^ _416_/A (sky130_fd_sc_hd__nand4_2)
     4    0.01    0.17    0.19    2.91 v _416_/Y (sky130_fd_sc_hd__nand4_2)
                                         _099_ (net)
                  0.17    0.00    2.91 v _418_/B1 (sky130_fd_sc_hd__a22o_2)
     2    0.01    0.05    0.28    3.18 v _418_/X (sky130_fd_sc_hd__a22o_2)
                                         _101_ (net)
                  0.05    0.00    3.18 v _422_/A1 (sky130_fd_sc_hd__a21o_2)
     2    0.01    0.04    0.21    3.39 v _422_/X (sky130_fd_sc_hd__a21o_2)
                                         _105_ (net)
                  0.04    0.00    3.39 v _426_/A2 (sky130_fd_sc_hd__a21o_2)
     2    0.01    0.04    0.23    3.62 v _426_/X (sky130_fd_sc_hd__a21o_2)
                                         _109_ (net)
                  0.04    0.00    3.62 v _430_/A1 (sky130_fd_sc_hd__a21o_2)
     2    0.01    0.04    0.20    3.82 v _430_/X (sky130_fd_sc_hd__a21o_2)
                                         _113_ (net)
                  0.04    0.00    3.82 v _432_/A2 (sky130_fd_sc_hd__a21o_2)
     2    0.01    0.04    0.23    4.05 v _432_/X (sky130_fd_sc_hd__a21o_2)
                                         _115_ (net)
                  0.04    0.00    4.05 v _434_/A2 (sky130_fd_sc_hd__a21o_2)
     2    0.00    0.04    0.22    4.26 v _434_/X (sky130_fd_sc_hd__a21o_2)
                                         _117_ (net)
                  0.04    0.00    4.26 v _436_/A2 (sky130_fd_sc_hd__a21bo_2)
     2    0.00    0.04    0.22    4.48 v _436_/X (sky130_fd_sc_hd__a21bo_2)
                                         _119_ (net)
                  0.04    0.00    4.48 v _457_/A2 (sky130_fd_sc_hd__a21o_2)
     2    0.01    0.04    0.22    4.71 v _457_/X (sky130_fd_sc_hd__a21o_2)
                                         _139_ (net)
                  0.04    0.00    4.71 v _485_/A1 (sky130_fd_sc_hd__o21a_2)
     1    0.00    0.03    0.21    4.91 v _485_/X (sky130_fd_sc_hd__o21a_2)
                                         _167_ (net)
                  0.03    0.00    4.91 v _490_/A2 (sky130_fd_sc_hd__a21o_2)
     1    0.00    0.03    0.20    5.12 v _490_/X (sky130_fd_sc_hd__a21o_2)
                                         _172_ (net)
                  0.03    0.00    5.12 v _491_/B1 (sky130_fd_sc_hd__a21o_2)
     1    0.03    0.10    0.27    5.39 v _491_/X (sky130_fd_sc_hd__a21o_2)
                                         z[7] (net)
                  0.10    0.00    5.39 v z[7] (out)
                                  5.39   data arrival time

                  0.00   10.00   10.00   clock __VIRTUAL_CLK__ (rise edge)
                          0.00   10.00   clock network delay (ideal)
                         -0.25    9.75   clock uncertainty
                          0.00    9.75   clock reconvergence pessimism
                         -2.00    7.75   output external delay
                                  7.75   data required time
-----------------------------------------------------------------------------
                                  7.75   data required time
                                 -5.39   data arrival time
-----------------------------------------------------------------------------
                                  2.36   slack (MET)




===========================================================================
report_checks --slack_max -0.01
============================================================================
======================= Typical Corner ===================================

No paths found.


===========================================================================
 report_check_types -max_slew -max_cap -max_fanout -violators
============================================================================
======================= Typical Corner ===================================


max slew violations count Typical: 0
max fanout violations count Typical: 0
max cap violations count Typical: 0

===========================================================================
report_parasitic_annotation -report_unannotated
============================================================================
Found 269 unannotated drivers.
 a[0]
 a[1]
 a[2]
 a[3]
 a[4]
 a[5]
 a[6]
 a[7]
 b[0]
 b[1]
 b[2]
 b[3]
 b[4]
 b[5]
 b[6]
 b[7]
 c[0]
 c[1]
 c[2]
 _242_/X
 _243_/X
 _244_/X
 _245_/Y
 _246_/Y
 _247_/X
 _248_/Y
 _249_/X
 _250_/X
 _251_/Y
 _252_/X
 _253_/X
 _254_/Y
 _255_/Y
 _256_/X
 _257_/X
 _258_/X
 _259_/X
 _260_/X
 _261_/X
 _262_/Y
 _263_/X
 _264_/X
 _265_/Y
 _266_/Y
 _267_/X
 _268_/X
 _269_/X
 _270_/X
 _271_/X
 _272_/X
 _273_/X
 _274_/Y
 _275_/X
 _276_/X
 _277_/X
 _278_/X
 _279_/X
 _280_/X
 _281_/X
 _282_/X
 _283_/X
 _284_/X
 _285_/X
 _286_/X
 _287_/Y
 _288_/X
 _289_/Y
 _290_/Y
 _291_/X
 _292_/Y
 _293_/X
 _294_/Y
 _295_/X
 _296_/Y
 _297_/X
 _298_/X
 _299_/Y
 _300_/Y
 _301_/Y
 _302_/X
 _303_/X
 _304_/X
 _305_/X
 _306_/Y
 _307_/X
 _308_/X
 _309_/Y
 _310_/Y
 _311_/Y
 _312_/Y
 _313_/Y
 _314_/X
 _315_/Y
 _316_/Y
 _317_/X
 _318_/Y
 _319_/X
 _320_/X
 _321_/X
 _322_/Y
 _323_/X
 _324_/Y
 _325_/Y
 _326_/X
 _327_/Y
 _328_/X
 _329_/X
 _330_/Y
 _331_/X
 _332_/X
 _333_/X
 _334_/X
 _335_/X
 _336_/X
 _337_/X
 _338_/Y
 _339_/X
 _340_/Y
 _341_/X
 _342_/Y
 _343_/X
 _344_/Y
 _345_/Y
 _346_/X
 _347_/X
 _348_/X
 _349_/Y
 _350_/X
 _351_/Y
 _352_/Y
 _353_/X
 _354_/Y
 _355_/Y
 _356_/Y
 _357_/X
 _358_/Y
 _359_/Y
 _360_/Y
 _361_/Y
 _362_/X
 _363_/Y
 _364_/X
 _365_/X
 _366_/X
 _367_/Y
 _368_/X
 _369_/X
 _370_/X
 _371_/Y
 _372_/X
 _373_/Y
 _374_/X
 _375_/Y
 _376_/Y
 _377_/X
 _378_/X
 _379_/Y
 _380_/X
 _381_/Y
 _382_/Y
 _383_/Y
 _384_/X
 _385_/Y
 _386_/X
 _387_/Y
 _388_/Y
 _389_/Y
 _390_/Y
 _391_/X
 _392_/X
 _393_/X
 _394_/X
 _395_/X
 _396_/Y
 _397_/X
 _398_/Y
 _399_/X
 _400_/Y
 _401_/X
 _402_/Y
 _403_/Y
 _404_/X
 _405_/Y
 _406_/X
 _407_/X
 _408_/X
 _409_/X
 _410_/X
 _411_/Y
 _412_/X
 _413_/X
 _414_/Y
 _415_/Y
 _416_/Y
 _417_/X
 _418_/X
 _419_/Y
 _420_/X
 _421_/Y
 _422_/X
 _423_/Y
 _424_/X
 _425_/Y
 _426_/X
 _427_/Y
 _428_/X
 _429_/Y
 _430_/X
 _431_/Y
 _432_/X
 _433_/Y
 _434_/X
 _435_/X
 _436_/X
 _437_/X
 _438_/Y
 _439_/X
 _440_/Y
 _441_/X
 _442_/Y
 _443_/Y
 _444_/X
 _445_/Y
 _446_/X
 _447_/Y
 _448_/X
 _449_/X
 _450_/X
 _451_/Y
 _452_/X
 _453_/Y
 _454_/X
 _455_/Y
 _456_/Y
 _457_/X
 _458_/X
 _459_/Y
 _460_/X
 _461_/Y
 _462_/Y
 _463_/X
 _464_/Y
 _465_/X
 _466_/Y
 _467_/X
 _468_/X
 _469_/X
 _470_/Y
 _471_/X
 _472_/Y
 _473_/Y
 _474_/Y
 _475_/Y
 _476_/Y
 _477_/X
 _478_/Y
 _479_/X
 _480_/Y
 _481_/Y
 _482_/Y
 _483_/Y
 _484_/Y
 _485_/X
 _486_/Y
 _487_/Y
 _488_/Y
 _489_/X
 _490_/X
 _491_/X
Found 0 partially unannotated drivers.

===========================================================================
max slew violation count 0
max fanout violation count 0
max cap violation count 0
============================================================================

===========================================================================
check_setup -verbose -unconstrained_endpoints -multiple_clock -no_clock -no_input_delay -loops -generated_clocks
===========================================================================
checks_report_end
power_report

===========================================================================
 report_power
============================================================================
======================= Typical Corner ===================================

Group                  Internal  Switching    Leakage      Total
                          Power      Power      Power      Power (Watts)
----------------------------------------------------------------
Sequential             0.00e+00   0.00e+00   0.00e+00   0.00e+00   0.0%
Combinational          7.55e-05   6.74e-05   9.64e-10   1.43e-04 100.0%
Clock                  0.00e+00   0.00e+00   0.00e+00   0.00e+00   0.0%
Macro                  0.00e+00   0.00e+00   0.00e+00   0.00e+00   0.0%
Pad                    0.00e+00   0.00e+00   0.00e+00   0.00e+00   0.0%
----------------------------------------------------------------
Total                  7.55e-05   6.74e-05   9.64e-10   1.43e-04 100.0%
                          52.9%      47.1%       0.0%

power_report_end
summary_report

===========================================================================
report_tns
============================================================================
tns 0.00

===========================================================================
report_wns
============================================================================
wns 0.00

===========================================================================
report_worst_slack -max (Setup)
============================================================================
worst slack 2.36

===========================================================================
report_worst_slack -min (Hold)
============================================================================
worst slack 4.13
summary_report_end
check_nonpropagated_clocks
__VIRTUAL_CLK__
check_nonpropagated_clocks_end
[WARNING] Did not save OpenROAD database!
Writing SDF to '/openlane/designs/alu/runs/RUN_2025.05.03_18.54.14/results/synthesis/alu.sdf'…
