Sun Mar 09 18:43:59 +0000 2025 - Executing "{openroad -exit -no_init -python /openlane/scripts/odbpy/lefutil.py get_metal_layers -o /openlane/designs/spm/runs/RUN_2025.03.09_18.43.58/tmp/layers.list /root/.volare/sky130A/libs.ref/sky130_fd_sc_hd/techlef/sky130_fd_sc_hd__nom.tlef}"

Sun Mar 09 18:43:59 +0000 2025 - Executing "{/openlane/scripts/mergeLef.py -o /openlane/designs/spm/runs/RUN_2025.03.09_18.43.58/tmp/merged.nom.lef -i /root/.volare/sky130A/libs.ref/sky130_fd_sc_hd/techlef/sky130_fd_sc_hd__nom.tlef {/root/.volare/sky130A/libs.ref/sky130_fd_sc_hd/lef/sky130_fd_sc_hd.lef /root/.volare/sky130A/libs.ref/sky130_fd_sc_hd/lef/sky130_ef_sc_hd.lef} |& tee /dev/null}"

Sun Mar 09 18:43:59 +0000 2025 - Executing "{/openlane/scripts/mergeLef.py -o /openlane/designs/spm/runs/RUN_2025.03.09_18.43.58/tmp/merged.min.lef -i /root/.volare/sky130A/libs.ref/sky130_fd_sc_hd/techlef/sky130_fd_sc_hd__min.tlef {/root/.volare/sky130A/libs.ref/sky130_fd_sc_hd/lef/sky130_fd_sc_hd.lef /root/.volare/sky130A/libs.ref/sky130_fd_sc_hd/lef/sky130_ef_sc_hd.lef} |& tee /dev/null}"

Sun Mar 09 18:43:59 +0000 2025 - Executing "{/openlane/scripts/mergeLef.py -o /openlane/designs/spm/runs/RUN_2025.03.09_18.43.58/tmp/merged.max.lef -i /root/.volare/sky130A/libs.ref/sky130_fd_sc_hd/techlef/sky130_fd_sc_hd__max.tlef {/root/.volare/sky130A/libs.ref/sky130_fd_sc_hd/lef/sky130_fd_sc_hd.lef /root/.volare/sky130A/libs.ref/sky130_fd_sc_hd/lef/sky130_ef_sc_hd.lef} |& tee /dev/null}"

Sun Mar 09 18:43:59 +0000 2025 - Executing "{python3 /openlane/scripts/mergeLib.py --output /openlane/designs/spm/runs/RUN_2025.03.09_18.43.58/tmp/synthesis/merged.lib --name sky130A_merged /root/.volare/sky130A/libs.ref/sky130_fd_sc_hd/lib/sky130_fd_sc_hd__tt_025C_1v80.lib}"

Sun Mar 09 18:43:59 +0000 2025 - Executing "{python3 /openlane/scripts/libtrim.py --cell-file /openlane/designs/spm/runs/RUN_2025.03.09_18.43.58/tmp/synthesis/trimmed.lib.exclude.list --output /openlane/designs/spm/runs/RUN_2025.03.09_18.43.58/tmp/synthesis/trimmed.lib /openlane/designs/spm/runs/RUN_2025.03.09_18.43.58/tmp/synthesis/merged.lib}"

Sun Mar 09 18:44:00 +0000 2025 - Executing "{python3 /openlane/scripts/libtrim.py --cell-file /openlane/designs/spm/runs/RUN_2025.03.09_18.43.58/tmp/cts/cts.lib.exclude.list --output /openlane/designs/spm/runs/RUN_2025.03.09_18.43.58/tmp/cts/cts.lib /root/.volare/sky130A/libs.ref/sky130_fd_sc_hd/lib/sky130_fd_sc_hd__tt_025C_1v80.lib}"

Sun Mar 09 18:44:00 +0000 2025 - Executing "{python3 /openlane/scripts/libtrim.py --cell-file /openlane/designs/spm/runs/RUN_2025.03.09_18.43.58/tmp/cts/cts-fastest.lib.exclude.list --output /openlane/designs/spm/runs/RUN_2025.03.09_18.43.58/tmp/cts/cts-fastest.lib /root/.volare/sky130A/libs.ref/sky130_fd_sc_hd/lib/sky130_fd_sc_hd__ff_n40C_1v95.lib}"

Sun Mar 09 18:44:00 +0000 2025 - Executing "{python3 /openlane/scripts/libtrim.py --cell-file /openlane/designs/spm/runs/RUN_2025.03.09_18.43.58/tmp/cts/cts-slowest.lib.exclude.list --output /openlane/designs/spm/runs/RUN_2025.03.09_18.43.58/tmp/cts/cts-slowest.lib /root/.volare/sky130A/libs.ref/sky130_fd_sc_hd/lib/sky130_fd_sc_hd__ss_100C_1v60.lib}"

Sun Mar 09 18:44:01 +0000 2025 - Executing "{python3 /openlane/scripts/new_tracks.py -i /root/.volare/sky130A/libs.tech/openlane/sky130_fd_sc_hd/tracks.info -o /openlane/designs/spm/runs/RUN_2025.03.09_18.43.58/tmp/routing/config.tracks}"

Sun Mar 09 18:44:01 +0000 2025 - Executing "{echo {OpenLane e73fb3c57e687a0023fcd4dcfd1566ecd478362a} > /openlane/designs/spm/runs/RUN_2025.03.09_18.43.58/OPENLANE_COMMIT}"

Sun Mar 09 18:44:01 +0000 2025 - Executing "{yosys -c /openlane/scripts/yosys/blackbox.tcl}"

Sun Mar 09 18:44:01 +0000 2025 - Executing "{verilator -Wall --lint-only --Wno-DECLFILENAME --top-module spm /openlane/designs/spm/runs/RUN_2025.03.09_18.43.58/tmp/synthesis/blackbox/sky130_fd_sc_hd__blackbox.v /openlane/designs/spm/src/spm.v -Wno-fatal --relative-includes |& tee /openlane/designs/spm/runs/RUN_2025.03.09_18.43.58/logs/synthesis/linter.log /dev/null}"

Sun Mar 09 18:44:01 +0000 2025 - Executing "{sed -E {s/^([[:space:]]+)pg_pin(.*)/\1pin\2\n\1    direction : "inout";/g} /root/.volare/sky130A/libs.ref/sky130_fd_sc_hd/lib/sky130_fd_sc_hd__tt_025C_1v80.lib > /openlane/designs/spm/runs/RUN_2025.03.09_18.43.58/tmp/synthesis/1-sky130_fd_sc_hd__tt_025C_1v80.no_pg.lib}"

Sun Mar 09 18:44:01 +0000 2025 - Executing "{sed -E {s/^([[:space:]]+)pg_pin(.*)/\1pin\2\n\1    direction : "inout";/g} /openlane/designs/spm/runs/RUN_2025.03.09_18.43.58/tmp/synthesis/trimmed.lib > /openlane/designs/spm/runs/RUN_2025.03.09_18.43.58/tmp/synthesis/1-trimmed.no_pg.lib}"

Sun Mar 09 18:44:01 +0000 2025 - Executing "yosys -c /openlane/scripts/yosys/synth.tcl |& tee /dev/null /openlane/designs/spm/runs/RUN_2025.03.09_18.43.58/logs/synthesis/1-synthesis.log"

Sun Mar 09 18:44:01 +0000 2025 - Executing "{yosys -c /openlane/scripts/yosys/synth.tcl |& tee /dev/null /openlane/designs/spm/runs/RUN_2025.03.09_18.43.58/logs/synthesis/1-synthesis.log}"

Sun Mar 09 18:44:02 +0000 2025 - Executing "{sed -i.bak -e {s/\(set ::env(CURRENT_NETLIST)\).*/\1 \/openlane\/designs\/spm\/runs\/RUN_2025.03.09_18.43.58\/results\/synthesis\/spm.v/} /openlane/designs/spm/runs/RUN_2025.03.09_18.43.58/config.tcl}"

Sun Mar 09 18:44:02 +0000 2025 - Executing "{sed -i.bak /defparam/d /openlane/designs/spm/runs/RUN_2025.03.09_18.43.58/results/synthesis/spm.v}"

Sun Mar 09 18:44:03 +0000 2025 - Executing "sta -exit -no_init /openlane/scripts/openroad/sta/multi_corner.tcl |& tee /dev/null /openlane/designs/spm/runs/RUN_2025.03.09_18.43.58/logs/synthesis/2-sta.log"

Sun Mar 09 18:44:03 +0000 2025 - Executing "{sta -exit -no_init /openlane/scripts/openroad/sta/multi_corner.tcl |& tee /dev/null /openlane/designs/spm/runs/RUN_2025.03.09_18.43.58/logs/synthesis/2-sta.log}"

Sun Mar 09 18:44:05 +0000 2025 - Executing "openroad -exit /openlane/scripts/openroad/floorplan.tcl |& tee /dev/null /openlane/designs/spm/runs/RUN_2025.03.09_18.43.58/logs/floorplan/3-initial_fp.log"

Sun Mar 09 18:44:05 +0000 2025 - Executing "{openroad -exit /openlane/scripts/openroad/floorplan.tcl |& tee /dev/null /openlane/designs/spm/runs/RUN_2025.03.09_18.43.58/logs/floorplan/3-initial_fp.log}"

Sun Mar 09 18:44:06 +0000 2025 - Executing "{openroad -exit -no_init -python /openlane/scripts/odbpy/defutil.py extract_core_dims --output-data /openlane/designs/spm/runs/RUN_2025.03.09_18.43.58/tmp/dimensions.txt --input-lef /openlane/designs/spm/runs/RUN_2025.03.09_18.43.58/tmp/merged.nom.lef /openlane/designs/spm/runs/RUN_2025.03.09_18.43.58/tmp/floorplan/3-initial_fp.def}"

Sun Mar 09 18:44:06 +0000 2025 - Executing "{openroad -exit -no_init -python /openlane/scripts/odbpy/io_place.py --config /openlane/designs/spm/pin_order.cfg --hor-layer met3 --ver-layer met2 --ver-width-mult 2 --hor-width-mult 2 --hor-extension 0 --ver-extension 0 --length 4 --unmatched-error --input-lef /openlane/designs/spm/runs/RUN_2025.03.09_18.43.58/tmp/merged.nom.lef --output-def /openlane/designs/spm/runs/RUN_2025.03.09_18.43.58/tmp/floorplan/4-io.def --output /openlane/designs/spm/runs/RUN_2025.03.09_18.43.58/tmp/floorplan/4-io.odb /openlane/designs/spm/runs/RUN_2025.03.09_18.43.58/tmp/floorplan/3-initial_fp.odb |& tee /dev/null /openlane/designs/spm/runs/RUN_2025.03.09_18.43.58/logs/floorplan/4-place_io.log}"

Sun Mar 09 18:44:07 +0000 2025 - Executing "openroad -exit /openlane/scripts/openroad/tapcell.tcl |& tee /dev/null /openlane/designs/spm/runs/RUN_2025.03.09_18.43.58/logs/floorplan/5-tap.log"

Sun Mar 09 18:44:07 +0000 2025 - Executing "{openroad -exit /openlane/scripts/openroad/tapcell.tcl |& tee /dev/null /openlane/designs/spm/runs/RUN_2025.03.09_18.43.58/logs/floorplan/5-tap.log}"

Sun Mar 09 18:44:08 +0000 2025 - Executing "openroad -exit /openlane/scripts/openroad/pdn.tcl |& tee /dev/null /openlane/designs/spm/runs/RUN_2025.03.09_18.43.58/logs/floorplan/6-pdn.log"

Sun Mar 09 18:44:08 +0000 2025 - Executing "{openroad -exit /openlane/scripts/openroad/pdn.tcl |& tee /dev/null /openlane/designs/spm/runs/RUN_2025.03.09_18.43.58/logs/floorplan/6-pdn.log}"

Sun Mar 09 18:44:08 +0000 2025 - Executing "openroad -exit /openlane/scripts/openroad/gpl.tcl |& tee /dev/null /openlane/designs/spm/runs/RUN_2025.03.09_18.43.58/logs/placement/6-global.log"

Sun Mar 09 18:44:08 +0000 2025 - Executing "{openroad -exit /openlane/scripts/openroad/gpl.tcl |& tee /dev/null /openlane/designs/spm/runs/RUN_2025.03.09_18.43.58/logs/placement/6-global.log}"

Sun Mar 09 18:44:10 +0000 2025 - Executing "{sed -i.bak -e {s/\(set ::env(CURRENT_NETLIST)\).*/\1 \/openlane\/designs\/spm\/runs\/RUN_2025.03.09_18.43.58\/tmp\/placement\/7-global.nl.v/} /openlane/designs/spm/runs/RUN_2025.03.09_18.43.58/config.tcl}"

Sun Mar 09 18:44:10 +0000 2025 - Executing "openroad -exit /openlane/scripts/openroad/sta/multi_corner.tcl |& tee /dev/null /openlane/designs/spm/runs/RUN_2025.03.09_18.43.58/logs/placement/8-gpl_sta.log"

Sun Mar 09 18:44:10 +0000 2025 - Executing "{openroad -exit /openlane/scripts/openroad/sta/multi_corner.tcl |& tee /dev/null /openlane/designs/spm/runs/RUN_2025.03.09_18.43.58/logs/placement/8-gpl_sta.log}"

Sun Mar 09 18:44:11 +0000 2025 - Executing "openroad -exit /openlane/scripts/openroad/resizer.tcl |& tee /dev/null /openlane/designs/spm/runs/RUN_2025.03.09_18.43.58/logs/placement/9-resizer.log"

Sun Mar 09 18:44:11 +0000 2025 - Executing "{openroad -exit /openlane/scripts/openroad/resizer.tcl |& tee /dev/null /openlane/designs/spm/runs/RUN_2025.03.09_18.43.58/logs/placement/9-resizer.log}"

Sun Mar 09 18:44:13 +0000 2025 - Executing "{sed -i.bak -e {s/\(set ::env(CURRENT_NETLIST)\).*/\1 \/openlane\/designs\/spm\/runs\/RUN_2025.03.09_18.43.58\/tmp\/placement\/9-resizer.nl.v/} /openlane/designs/spm/runs/RUN_2025.03.09_18.43.58/config.tcl}"

Sun Mar 09 18:44:13 +0000 2025 - Executing "openroad -exit /openlane/scripts/openroad/dpl.tcl |& tee /dev/null /openlane/designs/spm/runs/RUN_2025.03.09_18.43.58/logs/placement/10-detailed.log"

Sun Mar 09 18:44:13 +0000 2025 - Executing "{openroad -exit /openlane/scripts/openroad/dpl.tcl |& tee /dev/null /openlane/designs/spm/runs/RUN_2025.03.09_18.43.58/logs/placement/10-detailed.log}"

Sun Mar 09 18:44:14 +0000 2025 - Executing "{sed -i.bak -e {s/\(set ::env(CURRENT_NETLIST)\).*/\1 \/openlane\/designs\/spm\/runs\/RUN_2025.03.09_18.43.58\/results\/placement\/spm.nl.v/} /openlane/designs/spm/runs/RUN_2025.03.09_18.43.58/config.tcl}"

Sun Mar 09 18:44:14 +0000 2025 - Executing "openroad -exit /openlane/scripts/openroad/sta/multi_corner.tcl |& tee /dev/null /openlane/designs/spm/runs/RUN_2025.03.09_18.43.58/logs/placement/11-dpl_sta.log"

Sun Mar 09 18:44:14 +0000 2025 - Executing "{openroad -exit /openlane/scripts/openroad/sta/multi_corner.tcl |& tee /dev/null /openlane/designs/spm/runs/RUN_2025.03.09_18.43.58/logs/placement/11-dpl_sta.log}"

Sun Mar 09 18:44:14 +0000 2025 - Executing "openroad -exit /openlane/scripts/openroad/cts.tcl |& tee /dev/null /openlane/designs/spm/runs/RUN_2025.03.09_18.43.58/logs/cts/12-cts.log"

Sun Mar 09 18:44:14 +0000 2025 - Executing "{openroad -exit /openlane/scripts/openroad/cts.tcl |& tee /dev/null /openlane/designs/spm/runs/RUN_2025.03.09_18.43.58/logs/cts/12-cts.log}"

Sun Mar 09 18:44:21 +0000 2025 - Executing "openroad -exit /openlane/scripts/openroad/sta/multi_corner.tcl |& tee /dev/null /openlane/designs/spm/runs/RUN_2025.03.09_18.43.58/logs/cts/13-cts_sta.log"

Sun Mar 09 18:44:21 +0000 2025 - Executing "{openroad -exit /openlane/scripts/openroad/sta/multi_corner.tcl |& tee /dev/null /openlane/designs/spm/runs/RUN_2025.03.09_18.43.58/logs/cts/13-cts_sta.log}"

Sun Mar 09 18:44:22 +0000 2025 - Executing "openroad -exit /openlane/scripts/openroad/resizer_timing.tcl |& tee /dev/null /openlane/designs/spm/runs/RUN_2025.03.09_18.43.58/logs/cts/14-resizer.log"

Sun Mar 09 18:44:22 +0000 2025 - Executing "{openroad -exit /openlane/scripts/openroad/resizer_timing.tcl |& tee /dev/null /openlane/designs/spm/runs/RUN_2025.03.09_18.43.58/logs/cts/14-resizer.log}"

Sun Mar 09 18:44:24 +0000 2025 - Executing "{sed -i.bak -e {s/\(set ::env(CURRENT_NETLIST)\).*/\1 \/openlane\/designs\/spm\/runs\/RUN_2025.03.09_18.43.58\/tmp\/cts\/14-spm.resized.nl.v/} /openlane/designs/spm/runs/RUN_2025.03.09_18.43.58/config.tcl}"

Sun Mar 09 18:44:24 +0000 2025 - Executing "openroad -exit /openlane/scripts/openroad/resizer_routing_design.tcl |& tee /dev/null /openlane/designs/spm/runs/RUN_2025.03.09_18.43.58/logs/routing/15-resizer_design.log"

Sun Mar 09 18:44:24 +0000 2025 - Executing "{openroad -exit /openlane/scripts/openroad/resizer_routing_design.tcl |& tee /dev/null /openlane/designs/spm/runs/RUN_2025.03.09_18.43.58/logs/routing/15-resizer_design.log}"

Sun Mar 09 18:44:27 +0000 2025 - Executing "{sed -i.bak -e {s/\(set ::env(CURRENT_NETLIST)\).*/\1 \/openlane\/designs\/spm\/runs\/RUN_2025.03.09_18.43.58\/tmp\/15-spm.nl.v/} /openlane/designs/spm/runs/RUN_2025.03.09_18.43.58/config.tcl}"

Sun Mar 09 18:44:27 +0000 2025 - Executing "openroad -exit /openlane/scripts/openroad/sta/multi_corner.tcl |& tee /dev/null /openlane/designs/spm/runs/RUN_2025.03.09_18.43.58/logs/routing/16-rsz_design_sta.log"

Sun Mar 09 18:44:27 +0000 2025 - Executing "{openroad -exit /openlane/scripts/openroad/sta/multi_corner.tcl |& tee /dev/null /openlane/designs/spm/runs/RUN_2025.03.09_18.43.58/logs/routing/16-rsz_design_sta.log}"

Sun Mar 09 18:44:28 +0000 2025 - Executing "openroad -exit /openlane/scripts/openroad/resizer_routing_timing.tcl |& tee /dev/null /openlane/designs/spm/runs/RUN_2025.03.09_18.43.58/logs/routing/17-resizer_timing.log"

Sun Mar 09 18:44:28 +0000 2025 - Executing "{openroad -exit /openlane/scripts/openroad/resizer_routing_timing.tcl |& tee /dev/null /openlane/designs/spm/runs/RUN_2025.03.09_18.43.58/logs/routing/17-resizer_timing.log}"

Sun Mar 09 18:44:30 +0000 2025 - Executing "{sed -i.bak -e {s/\(set ::env(CURRENT_NETLIST)\).*/\1 \/openlane\/designs\/spm\/runs\/RUN_2025.03.09_18.43.58\/tmp\/17-spm.nl.v/} /openlane/designs/spm/runs/RUN_2025.03.09_18.43.58/config.tcl}"

Sun Mar 09 18:44:30 +0000 2025 - Executing "openroad -exit /openlane/scripts/openroad/sta/multi_corner.tcl |& tee /dev/null /openlane/designs/spm/runs/RUN_2025.03.09_18.43.58/logs/routing/18-rsz_timing_sta.log"

Sun Mar 09 18:44:30 +0000 2025 - Executing "{openroad -exit /openlane/scripts/openroad/sta/multi_corner.tcl |& tee /dev/null /openlane/designs/spm/runs/RUN_2025.03.09_18.43.58/logs/routing/18-rsz_timing_sta.log}"

Sun Mar 09 18:44:30 +0000 2025 - Executing "openroad -exit /openlane/scripts/openroad/repair_antennas.tcl |& tee /dev/null /openlane/designs/spm/runs/RUN_2025.03.09_18.43.58/logs/routing/19-global.log"

Sun Mar 09 18:44:31 +0000 2025 - Executing "{openroad -exit /openlane/scripts/openroad/repair_antennas.tcl |& tee /dev/null /openlane/designs/spm/runs/RUN_2025.03.09_18.43.58/logs/routing/19-global.log}"

Sun Mar 09 18:44:31 +0000 2025 - Executing "openroad -exit /openlane/scripts/openroad/write_views.tcl |& tee /dev/null /openlane/designs/spm/runs/RUN_2025.03.09_18.43.58/logs/routing/19-global_write_netlist.log"

Sun Mar 09 18:44:31 +0000 2025 - Executing "{openroad -exit /openlane/scripts/openroad/write_views.tcl |& tee /dev/null /openlane/designs/spm/runs/RUN_2025.03.09_18.43.58/logs/routing/19-global_write_netlist.log}"

Sun Mar 09 18:44:32 +0000 2025 - Executing "{sed -i.bak -e {s/\(set ::env(CURRENT_NETLIST)\).*/\1 \/openlane\/designs\/spm\/runs\/RUN_2025.03.09_18.43.58\/tmp\/routing\/global.nl.v/} /openlane/designs/spm/runs/RUN_2025.03.09_18.43.58/config.tcl}"

Sun Mar 09 18:44:32 +0000 2025 - Executing "openroad -exit /openlane/scripts/openroad/sta/multi_corner.tcl |& tee /dev/null /openlane/designs/spm/runs/RUN_2025.03.09_18.43.58/logs/routing/21-grt_sta.log"

Sun Mar 09 18:44:32 +0000 2025 - Executing "{openroad -exit /openlane/scripts/openroad/sta/multi_corner.tcl |& tee /dev/null /openlane/designs/spm/runs/RUN_2025.03.09_18.43.58/logs/routing/21-grt_sta.log}"

Sun Mar 09 18:44:33 +0000 2025 - Executing "openroad -exit /openlane/scripts/openroad/fill.tcl |& tee /dev/null /openlane/designs/spm/runs/RUN_2025.03.09_18.43.58/logs/routing/22-fill.log"

Sun Mar 09 18:44:33 +0000 2025 - Executing "{openroad -exit /openlane/scripts/openroad/fill.tcl |& tee /dev/null /openlane/designs/spm/runs/RUN_2025.03.09_18.43.58/logs/routing/22-fill.log}"

Sun Mar 09 18:44:34 +0000 2025 - Executing "{sed -i.bak -e {s/\(set ::env(CURRENT_NETLIST)\).*/\1 \/openlane\/designs\/spm\/runs\/RUN_2025.03.09_18.43.58\/tmp\/routing\/22-fill.nl.v/} /openlane/designs/spm/runs/RUN_2025.03.09_18.43.58/config.tcl}"

Sun Mar 09 18:44:34 +0000 2025 - Executing "openroad -exit -metrics /openlane/designs/spm/runs/RUN_2025.03.09_18.43.58/reports/routing/23-drt_metrics.json /openlane/scripts/openroad/droute.tcl |& tee /dev/null /openlane/designs/spm/runs/RUN_2025.03.09_18.43.58/logs/routing/23-detailed.log"

Sun Mar 09 18:44:34 +0000 2025 - Executing "{openroad -exit -metrics /openlane/designs/spm/runs/RUN_2025.03.09_18.43.58/reports/routing/23-drt_metrics.json /openlane/scripts/openroad/droute.tcl |& tee /dev/null /openlane/designs/spm/runs/RUN_2025.03.09_18.43.58/logs/routing/23-detailed.log}"

Sun Mar 09 18:44:43 +0000 2025 - Executing "{sed -i.bak -e {s/\(set ::env(CURRENT_NETLIST)\).*/\1 \/openlane\/designs\/spm\/runs\/RUN_2025.03.09_18.43.58\/results\/routing\/spm.nl.v/} /openlane/designs/spm/runs/RUN_2025.03.09_18.43.58/config.tcl}"

Sun Mar 09 18:44:43 +0000 2025 - Executing "{python3 /openlane/scripts/drc_rosetta.py tr to_klayout -o /openlane/designs/spm/runs/RUN_2025.03.09_18.43.58/reports/routing/drt.klayout.xml --design-name spm /openlane/designs/spm/runs/RUN_2025.03.09_18.43.58/reports/routing/drt.drc}"

Sun Mar 09 18:44:43 +0000 2025 - Executing "{openroad -exit -no_init -python /openlane/scripts/odbpy/wire_lengths.py --report-out /openlane/designs/spm/runs/RUN_2025.03.09_18.43.58/reports/routing/24-wire_lengths.csv --input-lef /openlane/designs/spm/runs/RUN_2025.03.09_18.43.58/tmp/merged.nom.lef --output-def /openlane/designs/spm/runs/RUN_2025.03.09_18.43.58/results/routing/spm.def --output /openlane/designs/spm/runs/RUN_2025.03.09_18.43.58/results/routing/spm.odb /openlane/designs/spm/runs/RUN_2025.03.09_18.43.58/results/routing/spm.odb |& tee /dev/null /openlane/designs/spm/runs/RUN_2025.03.09_18.43.58/logs/routing/24-wire_lengths.log}"

Sun Mar 09 18:44:44 +0000 2025 - Executing "openroad -exit /openlane/scripts/openroad/rcx.tcl |& tee /dev/null /openlane/designs/spm/runs/RUN_2025.03.09_18.43.58/logs/signoff/25-parasitics_extraction.min.log"

Sun Mar 09 18:44:44 +0000 2025 - Executing "{openroad -exit /openlane/scripts/openroad/rcx.tcl |& tee /dev/null /openlane/designs/spm/runs/RUN_2025.03.09_18.43.58/logs/signoff/25-parasitics_extraction.min.log}"

Sun Mar 09 18:44:45 +0000 2025 - Executing "sta -exit -no_init /openlane/scripts/openroad/sta/multi_corner.tcl |& tee /dev/null /openlane/designs/spm/runs/RUN_2025.03.09_18.43.58/logs/signoff/26-rcx_mcsta.min.log"

Sun Mar 09 18:44:45 +0000 2025 - Executing "{sta -exit -no_init /openlane/scripts/openroad/sta/multi_corner.tcl |& tee /dev/null /openlane/designs/spm/runs/RUN_2025.03.09_18.43.58/logs/signoff/26-rcx_mcsta.min.log}"

Sun Mar 09 18:44:47 +0000 2025 - Executing "openroad -exit /openlane/scripts/openroad/rcx.tcl |& tee /dev/null /openlane/designs/spm/runs/RUN_2025.03.09_18.43.58/logs/signoff/27-parasitics_extraction.max.log"

Sun Mar 09 18:44:47 +0000 2025 - Executing "{openroad -exit /openlane/scripts/openroad/rcx.tcl |& tee /dev/null /openlane/designs/spm/runs/RUN_2025.03.09_18.43.58/logs/signoff/27-parasitics_extraction.max.log}"

Sun Mar 09 18:44:48 +0000 2025 - Executing "sta -exit -no_init /openlane/scripts/openroad/sta/multi_corner.tcl |& tee /dev/null /openlane/designs/spm/runs/RUN_2025.03.09_18.43.58/logs/signoff/28-rcx_mcsta.max.log"

Sun Mar 09 18:44:48 +0000 2025 - Executing "{sta -exit -no_init /openlane/scripts/openroad/sta/multi_corner.tcl |& tee /dev/null /openlane/designs/spm/runs/RUN_2025.03.09_18.43.58/logs/signoff/28-rcx_mcsta.max.log}"

Sun Mar 09 18:44:49 +0000 2025 - Executing "openroad -exit /openlane/scripts/openroad/rcx.tcl |& tee /dev/null /openlane/designs/spm/runs/RUN_2025.03.09_18.43.58/logs/signoff/29-parasitics_extraction.nom.log"

Sun Mar 09 18:44:49 +0000 2025 - Executing "{openroad -exit /openlane/scripts/openroad/rcx.tcl |& tee /dev/null /openlane/designs/spm/runs/RUN_2025.03.09_18.43.58/logs/signoff/29-parasitics_extraction.nom.log}"

Sun Mar 09 18:44:50 +0000 2025 - Executing "sta -exit -no_init /openlane/scripts/openroad/sta/multi_corner.tcl |& tee /dev/null /openlane/designs/spm/runs/RUN_2025.03.09_18.43.58/logs/signoff/30-rcx_mcsta.nom.log"

Sun Mar 09 18:44:50 +0000 2025 - Executing "{sta -exit -no_init /openlane/scripts/openroad/sta/multi_corner.tcl |& tee /dev/null /openlane/designs/spm/runs/RUN_2025.03.09_18.43.58/logs/signoff/30-rcx_mcsta.nom.log}"

Sun Mar 09 18:44:52 +0000 2025 - Executing "openroad -exit /openlane/scripts/openroad/irdrop.tcl |& tee /dev/null /openlane/designs/spm/runs/RUN_2025.03.09_18.43.58/logs/signoff/31-irdrop.log"

Sun Mar 09 18:44:52 +0000 2025 - Executing "{openroad -exit /openlane/scripts/openroad/irdrop.tcl |& tee /dev/null /openlane/designs/spm/runs/RUN_2025.03.09_18.43.58/logs/signoff/31-irdrop.log}"

Sun Mar 09 18:44:54 +0000 2025 - Executing "magic -noconsole -dnull -rcfile /root/.volare/sky130A/libs.tech/magic/sky130A.magicrc < /openlane/scripts/magic/wrapper.tcl |& tee /dev/null /openlane/designs/spm/runs/RUN_2025.03.09_18.43.58/logs/signoff/32-gdsii.log"

Sun Mar 09 18:44:54 +0000 2025 - Executing "{magic -noconsole -dnull -rcfile /root/.volare/sky130A/libs.tech/magic/sky130A.magicrc < /openlane/scripts/magic/wrapper.tcl |& tee /dev/null /openlane/designs/spm/runs/RUN_2025.03.09_18.43.58/logs/signoff/32-gdsii.log}"

Sun Mar 09 18:44:54 +0000 2025 - Executing "magic -noconsole -dnull -rcfile /root/.volare/sky130A/libs.tech/magic/sky130A.magicrc < /openlane/scripts/magic/wrapper.tcl |& tee /dev/null /openlane/designs/spm/runs/RUN_2025.03.09_18.43.58/logs/signoff/32-gds_ptrs.log"

Sun Mar 09 18:44:54 +0000 2025 - Executing "{magic -noconsole -dnull -rcfile /root/.volare/sky130A/libs.tech/magic/sky130A.magicrc < /openlane/scripts/magic/wrapper.tcl |& tee /dev/null /openlane/designs/spm/runs/RUN_2025.03.09_18.43.58/logs/signoff/32-gds_ptrs.log}"

Sun Mar 09 18:44:54 +0000 2025 - Executing "{sed -i.bak -n {/^<< properties >>/,/^<< end >>/p} /openlane/designs/spm/runs/RUN_2025.03.09_18.43.58/tmp/signoff/gds_ptrs.mag}"

Sun Mar 09 18:44:54 +0000 2025 - Executing "magic -noconsole -dnull -rcfile /root/.volare/sky130A/libs.tech/magic/sky130A.magicrc < /openlane/scripts/magic/wrapper.tcl |& tee /dev/null /openlane/designs/spm/runs/RUN_2025.03.09_18.43.58/logs/signoff/32-lef.log"

Sun Mar 09 18:44:54 +0000 2025 - Executing "{magic -noconsole -dnull -rcfile /root/.volare/sky130A/libs.tech/magic/sky130A.magicrc < /openlane/scripts/magic/wrapper.tcl |& tee /dev/null /openlane/designs/spm/runs/RUN_2025.03.09_18.43.58/logs/signoff/32-lef.log}"

Sun Mar 09 18:44:55 +0000 2025 - Executing "magic -noconsole -dnull -rcfile /root/.volare/sky130A/libs.tech/magic/sky130A.magicrc < /openlane/scripts/magic/wrapper.tcl |& tee /dev/null /openlane/designs/spm/runs/RUN_2025.03.09_18.43.58/logs/signoff/32-maglef.log"

Sun Mar 09 18:44:55 +0000 2025 - Executing "{magic -noconsole -dnull -rcfile /root/.volare/sky130A/libs.tech/magic/sky130A.magicrc < /openlane/scripts/magic/wrapper.tcl |& tee /dev/null /openlane/designs/spm/runs/RUN_2025.03.09_18.43.58/logs/signoff/32-maglef.log}"

Sun Mar 09 18:44:55 +0000 2025 - Executing "{python3 /openlane/scripts/klayout/stream_out.py --output /openlane/designs/spm/runs/RUN_2025.03.09_18.43.58/results/signoff/spm.klayout.gds --lyt /root/.volare/sky130A/libs.tech/klayout/tech/sky130A.lyt --lym /root/.volare/sky130A/libs.tech/klayout/tech/sky130A.map --lyp /root/.volare/sky130A/libs.tech/klayout/tech/sky130A.lyp --top spm --with-gds-file /root/.volare/sky130A/libs.ref/sky130_fd_sc_hd/gds/sky130_fd_sc_hd.gds --input-lef /openlane/designs/spm/runs/RUN_2025.03.09_18.43.58/tmp/merged.nom.lef /openlane/designs/spm/runs/RUN_2025.03.09_18.43.58/results/routing/spm.def |& tee /dev/null /openlane/designs/spm/runs/RUN_2025.03.09_18.43.58/logs/signoff/33-gdsii-klayout.log}"

Sun Mar 09 18:44:56 +0000 2025 - Executing "{klayout -b -r /openlane/scripts/klayout/xor.drc -rd a=/openlane/designs/spm/runs/RUN_2025.03.09_18.43.58/results/signoff/spm.gds -rd b=/openlane/designs/spm/runs/RUN_2025.03.09_18.43.58/results/signoff/spm.klayout.gds -rd jobs=1 -rd rdb_out=/openlane/designs/spm/runs/RUN_2025.03.09_18.43.58/reports/signoff/34-xor.xml -rd ignore=81/14 -rd rpt_out=/openlane/designs/spm/runs/RUN_2025.03.09_18.43.58/reports/signoff/34-xor.rpt |& tee /dev/null /openlane/designs/spm/runs/RUN_2025.03.09_18.43.58/logs/signoff/34-xor.log}"

Sun Mar 09 18:44:57 +0000 2025 - Executing "magic -noconsole -dnull -rcfile /root/.volare/sky130A/libs.tech/magic/sky130A.magicrc < /openlane/scripts/magic/wrapper.tcl |& tee /dev/null /openlane/designs/spm/runs/RUN_2025.03.09_18.43.58/logs/signoff/35-spice.log"

Sun Mar 09 18:44:57 +0000 2025 - Executing "{magic -noconsole -dnull -rcfile /root/.volare/sky130A/libs.tech/magic/sky130A.magicrc < /openlane/scripts/magic/wrapper.tcl |& tee /dev/null /openlane/designs/spm/runs/RUN_2025.03.09_18.43.58/logs/signoff/35-spice.log}"

Sun Mar 09 18:44:58 +0000 2025 - Executing "{openroad -exit -no_init -python /openlane/scripts/odbpy/power_utils.py write_powered_def --output /openlane/designs/spm/runs/RUN_2025.03.09_18.43.58/tmp/signoff/35-spm.p.def --input-lef /openlane/designs/spm/runs/RUN_2025.03.09_18.43.58/tmp/merged.nom.lef --power-port VPWR --ground-port VGND --powered-netlist {} /openlane/designs/spm/runs/RUN_2025.03.09_18.43.58/results/routing/spm.def |& tee /dev/null /openlane/designs/spm/runs/RUN_2025.03.09_18.43.58/logs/signoff/36-write_powered_def.log}"

Sun Mar 09 18:44:59 +0000 2025 - Executing "openroad -exit /openlane/scripts/openroad/write_views.tcl |& tee /dev/null /openlane/designs/spm/runs/RUN_2025.03.09_18.43.58/logs/signoff/36-write_powered_verilog.log"

Sun Mar 09 18:44:59 +0000 2025 - Executing "{openroad -exit /openlane/scripts/openroad/write_views.tcl |& tee /dev/null /openlane/designs/spm/runs/RUN_2025.03.09_18.43.58/logs/signoff/36-write_powered_verilog.log}"

Sun Mar 09 18:44:59 +0000 2025 - Executing "{sed -i.bak -e {s/\(set ::env(CURRENT_NETLIST)\).*/\1 \/openlane\/designs\/spm\/runs\/RUN_2025.03.09_18.43.58\/tmp\/signoff\/35-spm.nl.v/} /openlane/designs/spm/runs/RUN_2025.03.09_18.43.58/config.tcl}"

Sun Mar 09 18:44:59 +0000 2025 - Executing "{netgen -batch source /openlane/designs/spm/runs/RUN_2025.03.09_18.43.58/tmp/signoff/38-setup_file.lef.lvs |& tee /dev/null /openlane/designs/spm/runs/RUN_2025.03.09_18.43.58/logs/signoff/38-lvs.lef.log}"

Sun Mar 09 18:45:00 +0000 2025 - Executing "magic -noconsole -dnull -rcfile /root/.volare/sky130A/libs.tech/magic/sky130A.magicrc < /openlane/scripts/magic/wrapper.tcl |& tee /dev/null /openlane/designs/spm/runs/RUN_2025.03.09_18.43.58/logs/signoff/39-drc.log"

Sun Mar 09 18:45:00 +0000 2025 - Executing "{magic -noconsole -dnull -rcfile /root/.volare/sky130A/libs.tech/magic/sky130A.magicrc < /openlane/scripts/magic/wrapper.tcl |& tee /dev/null /openlane/designs/spm/runs/RUN_2025.03.09_18.43.58/logs/signoff/39-drc.log}"

Sun Mar 09 18:45:01 +0000 2025 - Executing "{python3 /openlane/scripts/drc_rosetta.py magic to_tcl -o /openlane/designs/spm/runs/RUN_2025.03.09_18.43.58/reports/signoff/drc.tcl /openlane/designs/spm/runs/RUN_2025.03.09_18.43.58/reports/signoff/drc.rpt}"

Sun Mar 09 18:45:01 +0000 2025 - Executing "{python3 /openlane/scripts/drc_rosetta.py magic to_tr -o /openlane/designs/spm/runs/RUN_2025.03.09_18.43.58/reports/signoff/drc.tr /openlane/designs/spm/runs/RUN_2025.03.09_18.43.58/reports/signoff/drc.rpt}"

Sun Mar 09 18:45:01 +0000 2025 - Executing "{python3 /openlane/scripts/drc_rosetta.py tr to_klayout -o /openlane/designs/spm/runs/RUN_2025.03.09_18.43.58/reports/signoff/drc.klayout.xml --design-name spm /openlane/designs/spm/runs/RUN_2025.03.09_18.43.58/reports/signoff/drc.tr}"

Sun Mar 09 18:45:01 +0000 2025 - Executing "{python3 /openlane/scripts/drc_rosetta.py magic to_rdb -o /openlane/designs/spm/runs/RUN_2025.03.09_18.43.58/reports/signoff/drc.rdb /openlane/designs/spm/runs/RUN_2025.03.09_18.43.58/reports/signoff/drc.rpt}"

Sun Mar 09 18:45:01 +0000 2025 - Executing "{klayout -b -zz -r /root/.volare/sky130A/libs.tech/klayout/drc/sky130A_mr.drc -rd topcell=spm -rd input=/openlane/designs/spm/runs/RUN_2025.03.09_18.43.58/results/signoff/spm.gds -rd report=/openlane/designs/spm/runs/RUN_2025.03.09_18.43.58/reports/signoff/violations.xml -rd feol=true -rd beol=true -rd floating_metal=false -rd seal=true -rd thread=1 |& tee /dev/null /openlane/designs/spm/runs/RUN_2025.03.09_18.43.58/logs/signoff/40-drc-klayout.log}"

Sun Mar 09 18:45:04 +0000 2025 - Executing "{python3 /openlane/scripts/klayout/xml_drc_report_to_json.py --xml-file /openlane/designs/spm/runs/RUN_2025.03.09_18.43.58/reports/signoff/violations.xml --json-file /openlane/designs/spm/runs/RUN_2025.03.09_18.43.58/reports/signoff/violations.json}"

Sun Mar 09 18:45:04 +0000 2025 - Executing "openroad -exit /openlane/scripts/openroad/antenna_check.tcl |& tee /dev/null /openlane/designs/spm/runs/RUN_2025.03.09_18.43.58/logs/signoff/41-arc.log"

Sun Mar 09 18:45:04 +0000 2025 - Executing "{openroad -exit /openlane/scripts/openroad/antenna_check.tcl |& tee /dev/null /openlane/designs/spm/runs/RUN_2025.03.09_18.43.58/logs/signoff/41-arc.log}"

Sun Mar 09 18:45:05 +0000 2025 - Executing "{python3 /openlane/scripts/extract_antenna_violators.py --output /openlane/designs/spm/runs/RUN_2025.03.09_18.43.58/reports/signoff/41-antenna_violators.rpt --plain-out /openlane/designs/spm/runs/RUN_2025.03.09_18.43.58/reports/signoff/41-antenna_violators_pins.txt /openlane/designs/spm/runs/RUN_2025.03.09_18.43.58/logs/signoff/41-arc.log}"

Sun Mar 09 18:45:05 +0000 2025 - Executing "{python3 /openlane/scripts/write_runtime.py --conclude --seconds --time-in 1741545905 {flow completed}}"

Sun Mar 09 18:45:05 +0000 2025 - Executing "{python3 /openlane/scripts/generate_reports.py -d /openlane/designs/spm --design_name spm --tag RUN_2025.03.09_18.43.58 --output_file /openlane/designs/spm/runs/RUN_2025.03.09_18.43.58/reports/metrics.csv --man_report /openlane/designs/spm/runs/RUN_2025.03.09_18.43.58/reports/manufacturability.rpt --run_path /openlane/designs/spm/runs/RUN_2025.03.09_18.43.58}"

