OpenROAD b16bda7e82721d10566ff7e2b68f1ff0be9f9e38 
Features included (+) or not (-): +Charts +GPU +GUI +Python
This program is licensed under the BSD-3 license. See the LICENSE file for details.
Components of this program may be licensed under more restrictive licenses which must be honored.
define_corners Typical
read_liberty -corner Typical /root/.volare/sky130A/libs.ref/sky130_fd_sc_hd/lib/sky130_fd_sc_hd__tt_025C_1v80.lib
Using 1e-12 for capacitance...
Using 1e+03 for resistance...
Using 1e-09 for time...
Using 1e+00 for voltage...
Using 1e-03 for current...
Using 1e-09 for power...
Using 1e-06 for distance...
[INFO]: Reading ODB at '/openlane/designs/zero_to_five_counter/runs/RUN_2025.05.22_19.20.36/results/routing/zero_to_five_counter.odb'…
Reading design constraints file at '/openlane/designs/zero_to_five_counter/src/zero_to_five_counter.sdc'…
Net: _007_
  Pin: _347_/D (sky130_fd_sc_hd__dfrtp_1)
    Layer: met4
      Partial area ratio:  136.71
      Required ratio:    0.00 (Gate area) 
      Partial area ratio:  732.95
      Required ratio: 2736.24 (Side area) 
      Cumulative area ratio:  232.39
      Required ratio:    0.00 (Cumulative area) 
      Cumulative area ratio: 1247.40
      Required ratio:    0.00 (Cumulative side area) 

    Layer: met3
      Partial area ratio:   92.17
      Required ratio:    0.00 (Gate area) 
      Partial area ratio:  495.37
      Required ratio:  400.00 (Side area) (VIOLATED)
      Cumulative area ratio:   95.67
      Required ratio:    0.00 (Cumulative area) 
      Cumulative area ratio:  514.45
      Required ratio:    0.00 (Cumulative side area) 

    Layer: met2
      Partial area ratio:    0.72
      Required ratio:    0.00 (Gate area) 
      Partial area ratio:    4.39
      Required ratio:  400.00 (Side area) 
      Cumulative area ratio:    3.51
      Required ratio:    0.00 (Cumulative area) 
      Cumulative area ratio:   19.08
      Required ratio:    0.00 (Cumulative side area) 

    Layer: met1
      Partial area ratio:    2.78
      Required ratio:    0.00 (Gate area) 
      Partial area ratio:   14.69
      Required ratio:  400.00 (Side area) 
      Cumulative area ratio:    2.78
      Required ratio:    0.00 (Cumulative area) 
      Cumulative area ratio:   14.69
      Required ratio:    0.00 (Cumulative side area) 

    Layer: li1
      Partial area ratio:    0.00
      Required ratio:    0.00 (Gate area) 
      Partial area ratio:    0.00
      Required ratio:   75.00 (Side area) 
      Cumulative area ratio:    0.00
      Required ratio:    0.00 (Cumulative area) 
      Cumulative area ratio:    0.00
      Required ratio:    0.00 (Cumulative side area) 

    Via: M3M4_PR
      Partial area ratio:    0.32
      Required ratio:    6.00 (Gate area) 
      Cumulative area ratio:    1.04
      Required ratio:    0.00 (Cumulative area) 

    Via: M2M3_PR
      Partial area ratio:    0.32
      Required ratio:    6.00 (Gate area) 
      Cumulative area ratio:    0.73
      Required ratio:    0.00 (Cumulative area) 

    Via: M1M2_PR
      Partial area ratio:    0.18
      Required ratio:    6.00 (Gate area) 
      Cumulative area ratio:    0.41
      Required ratio:    0.00 (Cumulative area) 

    Via: L1M1_PR_MR
      Partial area ratio:    0.23
      Required ratio:    3.00 (Gate area) 
      Cumulative area ratio:    0.23
      Required ratio:    0.00 (Cumulative area) 


Net: _102_
  Pin: _225_/A (sky130_fd_sc_hd__clkbuf_1)
    Layer: met4
      Partial area ratio:   53.40
      Required ratio:    0.00 (Gate area) 
      Partial area ratio:  287.27
      Required ratio: 2771.60 (Side area) 
      Cumulative area ratio:  133.09
      Required ratio:    0.00 (Cumulative area) 
      Cumulative area ratio:  715.13
      Required ratio:    0.00 (Cumulative side area) 

    Layer: met3
      Partial area ratio:   79.47
      Required ratio:    0.00 (Gate area) 
      Partial area ratio:  426.26
      Required ratio:  400.00 (Side area) (VIOLATED)
      Cumulative area ratio:   79.69
      Required ratio:    0.00 (Cumulative area) 
      Cumulative area ratio:  427.86
      Required ratio:    0.00 (Cumulative side area) 

    Layer: met2
      Partial area ratio:    0.22
      Required ratio:    0.00 (Gate area) 
      Partial area ratio:    1.60
      Required ratio:  400.00 (Side area) 
      Cumulative area ratio:    0.22
      Required ratio:    0.00 (Cumulative area) 
      Cumulative area ratio:    1.60
      Required ratio:    0.00 (Cumulative side area) 

    Layer: met1
      Partial area ratio:    0.00
      Required ratio:    0.00 (Gate area) 
      Partial area ratio:    0.00
      Required ratio:  400.00 (Side area) 
      Cumulative area ratio:    0.00
      Required ratio:    0.00 (Cumulative area) 
      Cumulative area ratio:    0.00
      Required ratio:    0.00 (Cumulative side area) 

    Layer: li1
      Partial area ratio:    0.00
      Required ratio:    0.00 (Gate area) 
      Partial area ratio:    0.00
      Required ratio:   75.00 (Side area) 
      Cumulative area ratio:    0.00
      Required ratio:    0.00 (Cumulative area) 
      Cumulative area ratio:    0.00
      Required ratio:    0.00 (Cumulative side area) 

    Via: M3M4_PR
      Partial area ratio:    0.20
      Required ratio:    6.00 (Gate area) 
      Cumulative area ratio:    0.67
      Required ratio:    0.00 (Cumulative area) 

    Via: M2M3_PR
      Partial area ratio:    0.20
      Required ratio:    6.00 (Gate area) 
      Cumulative area ratio:    0.47
      Required ratio:    0.00 (Cumulative area) 

    Via: M1M2_PR
      Partial area ratio:    0.11
      Required ratio:    6.00 (Gate area) 
      Cumulative area ratio:    0.26
      Required ratio:    0.00 (Cumulative area) 

    Via: L1M1_PR_MR
      Partial area ratio:    0.15
      Required ratio:    3.00 (Gate area) 
      Cumulative area ratio:    0.15
      Required ratio:    0.00 (Cumulative area) 


[INFO ANT-0002] Found 2 net violations.
[INFO ANT-0001] Found 2 pin violations.
