
===========================================================================
report_checks -unconstrained
===========================================================================
======================= Fastest Corner ===================================

Startpoint: a[2] (input port clocked by __VIRTUAL_CLK__)
Endpoint: z[7] (output port clocked by __VIRTUAL_CLK__)
Path Group: __VIRTUAL_CLK__
Path Type: max
Corner: Fastest

Fanout     Cap    Slew   Delay    Time   Description
-----------------------------------------------------------------------------
                  0.00    0.00    0.00   clock __VIRTUAL_CLK__ (rise edge)
                          0.00    0.00   clock network delay (ideal)
                          2.00    2.00 ^ input external delay
     1    0.01    0.02    0.02    2.02 ^ a[2] (in)
                                         a[2] (net)
                  0.02    0.00    2.02 ^ input3/A (sky130_fd_sc_hd__buf_6)
     5    0.10    0.16    0.15    2.16 ^ input3/X (sky130_fd_sc_hd__buf_6)
                                         net3 (net)
                  0.16    0.01    2.17 ^ _284_/A (sky130_fd_sc_hd__clkbuf_16)
     5    0.14    0.12    0.17    2.34 ^ _284_/X (sky130_fd_sc_hd__clkbuf_16)
                                         _213_ (net)
                  0.13    0.03    2.37 ^ _285_/B1 (sky130_fd_sc_hd__a22o_1)
     1    0.03    0.21    0.22    2.59 ^ _285_/X (sky130_fd_sc_hd__a22o_1)
                                         _214_ (net)
                  0.21    0.00    2.59 ^ _286_/B (sky130_fd_sc_hd__and4b_4)
     2    0.07    0.19    0.29    2.89 ^ _286_/X (sky130_fd_sc_hd__and4b_4)
                                         _215_ (net)
                  0.19    0.01    2.89 ^ _312_/B (sky130_fd_sc_hd__nor2_8)
     2    0.06    0.10    0.05    2.94 v _312_/Y (sky130_fd_sc_hd__nor2_8)
                                         _240_ (net)
                  0.11    0.02    2.96 v _313_/B (sky130_fd_sc_hd__xnor2_4)
     2    0.05    0.31    0.29    3.25 ^ _313_/Y (sky130_fd_sc_hd__xnor2_4)
                                         _241_ (net)
                  0.31    0.01    3.26 ^ rebuffer4/A (sky130_fd_sc_hd__dlymetal6s2s_1)
     1    0.04    0.29    0.27    3.54 ^ rebuffer4/X (sky130_fd_sc_hd__dlymetal6s2s_1)
                                         net35 (net)
                  0.29    0.01    3.54 ^ _315_/B1 (sky130_fd_sc_hd__a21oi_4)
     1    0.07    0.14    0.09    3.63 v _315_/Y (sky130_fd_sc_hd__a21oi_4)
                                         _001_ (net)
                  0.14    0.02    3.65 v _316_/B (sky130_fd_sc_hd__nor2_8)
     4    0.12    0.31    0.30    3.95 ^ _316_/Y (sky130_fd_sc_hd__nor2_8)
                                         _002_ (net)
                  0.31    0.01    3.96 ^ _318_/B (sky130_fd_sc_hd__nand2_4)
     3    0.07    0.14    0.13    4.09 v _318_/Y (sky130_fd_sc_hd__nand2_4)
                                         _004_ (net)
                  0.14    0.01    4.10 v _388_/C (sky130_fd_sc_hd__nor4b_4)
     2    0.04    0.39    0.38    4.48 ^ _388_/Y (sky130_fd_sc_hd__nor4b_4)
                                         _072_ (net)
                  0.39    0.01    4.49 ^ max_cap28/A (sky130_fd_sc_hd__buf_6)
     3    0.02    0.05    0.10    4.59 ^ max_cap28/X (sky130_fd_sc_hd__buf_6)
                                         net28 (net)
                  0.05    0.00    4.59 ^ _457_/A1 (sky130_fd_sc_hd__a21o_4)
     2    0.05    0.11    0.14    4.73 ^ _457_/X (sky130_fd_sc_hd__a21o_4)
                                         _139_ (net)
                  0.11    0.00    4.73 ^ _484_/A (sky130_fd_sc_hd__nand2_2)
     1    0.04    0.14    0.11    4.84 v _484_/Y (sky130_fd_sc_hd__nand2_2)
                                         _166_ (net)
                  0.14    0.01    4.85 v _490_/A2 (sky130_fd_sc_hd__a21o_4)
     1    0.05    0.07    0.23    5.08 v _490_/X (sky130_fd_sc_hd__a21o_4)
                                         _172_ (net)
                  0.07    0.01    5.08 v _491_/B1 (sky130_fd_sc_hd__a21o_4)
     1    0.03    0.05    0.13    5.21 v _491_/X (sky130_fd_sc_hd__a21o_4)
                                         net27 (net)
                  0.05    0.01    5.22 v output27/A (sky130_fd_sc_hd__buf_6)
     1    0.03    0.03    0.10    5.32 v output27/X (sky130_fd_sc_hd__buf_6)
                                         z[7] (net)
                  0.03    0.00    5.32 v z[7] (out)
                                  5.32   data arrival time

                  0.00   10.00   10.00   clock __VIRTUAL_CLK__ (rise edge)
                          0.00   10.00   clock network delay (ideal)
                         -0.25    9.75   clock uncertainty
                          0.00    9.75   clock reconvergence pessimism
                         -2.00    7.75   output external delay
                                  7.75   data required time
-----------------------------------------------------------------------------
                                  7.75   data required time
                                 -5.32   data arrival time
-----------------------------------------------------------------------------
                                  2.43   slack (MET)



======================= Slowest Corner ===================================

Startpoint: a[2] (input port clocked by __VIRTUAL_CLK__)
Endpoint: z[7] (output port clocked by __VIRTUAL_CLK__)
Path Group: __VIRTUAL_CLK__
Path Type: max
Corner: Slowest

Fanout     Cap    Slew   Delay    Time   Description
-----------------------------------------------------------------------------
                  0.00    0.00    0.00   clock __VIRTUAL_CLK__ (rise edge)
                          0.00    0.00   clock network delay (ideal)
                          2.00    2.00 ^ input external delay
     1    0.01    0.05    0.03    2.03 ^ a[2] (in)
                                         a[2] (net)
                  0.05    0.00    2.03 ^ input3/A (sky130_fd_sc_hd__buf_6)
     5    0.10    0.33    0.37    2.40 ^ input3/X (sky130_fd_sc_hd__buf_6)
                                         net3 (net)
                  0.33    0.01    2.41 ^ _284_/A (sky130_fd_sc_hd__clkbuf_16)
     5    0.14    0.23    0.48    2.88 ^ _284_/X (sky130_fd_sc_hd__clkbuf_16)
                                         _213_ (net)
                  0.24    0.03    2.91 ^ _285_/B1 (sky130_fd_sc_hd__a22o_1)
     1    0.03    0.46    0.62    3.53 ^ _285_/X (sky130_fd_sc_hd__a22o_1)
                                         _214_ (net)
                  0.46    0.00    3.53 ^ _286_/B (sky130_fd_sc_hd__and4b_4)
     2    0.07    0.43    0.99    4.52 ^ _286_/X (sky130_fd_sc_hd__and4b_4)
                                         _215_ (net)
                  0.43    0.01    4.53 ^ _312_/B (sky130_fd_sc_hd__nor2_8)
     2    0.06    0.21    0.23    4.77 v _312_/Y (sky130_fd_sc_hd__nor2_8)
                                         _240_ (net)
                  0.21    0.02    4.79 v _313_/B (sky130_fd_sc_hd__xnor2_4)
     2    0.05    0.63    0.64    5.42 ^ _313_/Y (sky130_fd_sc_hd__xnor2_4)
                                         _241_ (net)
                  0.63    0.01    5.43 ^ rebuffer4/A (sky130_fd_sc_hd__dlymetal6s2s_1)
     1    0.04    0.58    0.76    6.19 ^ rebuffer4/X (sky130_fd_sc_hd__dlymetal6s2s_1)
                                         net35 (net)
                  0.58    0.01    6.20 ^ _315_/B1 (sky130_fd_sc_hd__a21oi_4)
     1    0.07    0.33    0.38    6.58 v _315_/Y (sky130_fd_sc_hd__a21oi_4)
                                         _001_ (net)
                  0.33    0.02    6.60 v _316_/B (sky130_fd_sc_hd__nor2_8)
     4    0.12    0.67    0.69    7.29 ^ _316_/Y (sky130_fd_sc_hd__nor2_8)
                                         _002_ (net)
                  0.67    0.01    7.30 ^ _318_/B (sky130_fd_sc_hd__nand2_4)
     3    0.07    0.36    0.52    7.82 v _318_/Y (sky130_fd_sc_hd__nand2_4)
                                         _004_ (net)
                  0.36    0.01    7.83 v _388_/C (sky130_fd_sc_hd__nor4b_4)
     2    0.04    0.88    0.96    8.79 ^ _388_/Y (sky130_fd_sc_hd__nor4b_4)
                                         _072_ (net)
                  0.88    0.01    8.80 ^ max_cap28/A (sky130_fd_sc_hd__buf_6)
     3    0.02    0.10    0.48    9.28 ^ max_cap28/X (sky130_fd_sc_hd__buf_6)
                                         net28 (net)
                  0.10    0.00    9.28 ^ _457_/A1 (sky130_fd_sc_hd__a21o_4)
     2    0.05    0.24    0.39    9.68 ^ _457_/X (sky130_fd_sc_hd__a21o_4)
                                         _139_ (net)
                  0.24    0.00    9.68 ^ _484_/A (sky130_fd_sc_hd__nand2_2)
     1    0.04    0.36    0.38   10.06 v _484_/Y (sky130_fd_sc_hd__nand2_2)
                                         _166_ (net)
                  0.36    0.01   10.07 v _490_/A2 (sky130_fd_sc_hd__a21o_4)
     1    0.05    0.16    0.65   10.72 v _490_/X (sky130_fd_sc_hd__a21o_4)
                                         _172_ (net)
                  0.16    0.01   10.73 v _491_/B1 (sky130_fd_sc_hd__a21o_4)
     1    0.03    0.11    0.45   11.18 v _491_/X (sky130_fd_sc_hd__a21o_4)
                                         net27 (net)
                  0.11    0.01   11.19 v output27/A (sky130_fd_sc_hd__buf_6)
     1    0.03    0.08    0.28   11.47 v output27/X (sky130_fd_sc_hd__buf_6)
                                         z[7] (net)
                  0.08    0.00   11.47 v z[7] (out)
                                 11.47   data arrival time

                  0.00   10.00   10.00   clock __VIRTUAL_CLK__ (rise edge)
                          0.00   10.00   clock network delay (ideal)
                         -0.25    9.75   clock uncertainty
                          0.00    9.75   clock reconvergence pessimism
                         -2.00    7.75   output external delay
                                  7.75   data required time
-----------------------------------------------------------------------------
                                  7.75   data required time
                                -11.47   data arrival time
-----------------------------------------------------------------------------
                                 -3.72   slack (VIOLATED)



======================= Typical Corner ===================================

Startpoint: b[1] (input port clocked by __VIRTUAL_CLK__)
Endpoint: z[7] (output port clocked by __VIRTUAL_CLK__)
Path Group: __VIRTUAL_CLK__
Path Type: max
Corner: Typical

Fanout     Cap    Slew   Delay    Time   Description
-----------------------------------------------------------------------------
                  0.00    0.00    0.00   clock __VIRTUAL_CLK__ (rise edge)
                          0.00    0.00   clock network delay (ideal)
                          2.00    2.00 v input external delay
     1    0.01    0.02    0.01    2.01 v b[1] (in)
                                         b[1] (net)
                  0.02    0.00    2.01 v input10/A (sky130_fd_sc_hd__buf_8)
     2    0.05    0.05    0.13    2.15 v input10/X (sky130_fd_sc_hd__buf_8)
                                         net10 (net)
                  0.05    0.01    2.16 v fanout1/A (sky130_fd_sc_hd__buf_12)
    10    0.13    0.08    0.17    2.33 v fanout1/X (sky130_fd_sc_hd__buf_12)
                                         net83 (net)
                  0.09    0.02    2.35 v _258_/A (sky130_fd_sc_hd__buf_12)
     5    0.09    0.06    0.18    2.53 v _258_/X (sky130_fd_sc_hd__buf_12)
                                         _188_ (net)
                  0.06    0.01    2.54 v _309_/A1 (sky130_fd_sc_hd__a22oi_4)
     2    0.06    0.45    0.42    2.96 ^ _309_/Y (sky130_fd_sc_hd__a22oi_4)
                                         _237_ (net)
                  0.45    0.01    2.97 ^ _310_/A (sky130_fd_sc_hd__nor2_4)
     1    0.05    0.14    0.16    3.14 v _310_/Y (sky130_fd_sc_hd__nor2_4)
                                         _238_ (net)
                  0.14    0.01    3.15 v _311_/A (sky130_fd_sc_hd__xnor2_4)
     2    0.06    0.48    0.48    3.63 ^ _311_/Y (sky130_fd_sc_hd__xnor2_4)
                                         _239_ (net)
                  0.48    0.01    3.64 ^ _313_/A (sky130_fd_sc_hd__xnor2_4)
     2    0.05    0.41    0.27    3.91 ^ _313_/Y (sky130_fd_sc_hd__xnor2_4)
                                         _241_ (net)
                  0.41    0.01    3.92 ^ rebuffer4/A (sky130_fd_sc_hd__dlymetal6s2s_1)
     1    0.04    0.38    0.41    4.33 ^ rebuffer4/X (sky130_fd_sc_hd__dlymetal6s2s_1)
                                         net35 (net)
                  0.38    0.01    4.34 ^ _315_/B1 (sky130_fd_sc_hd__a21oi_4)
     1    0.07    0.19    0.17    4.51 v _315_/Y (sky130_fd_sc_hd__a21oi_4)
                                         _001_ (net)
                  0.19    0.02    4.54 v _316_/B (sky130_fd_sc_hd__nor2_8)
     4    0.12    0.42    0.41    4.95 ^ _316_/Y (sky130_fd_sc_hd__nor2_8)
                                         _002_ (net)
                  0.42    0.01    4.96 ^ _318_/B (sky130_fd_sc_hd__nand2_4)
     3    0.07    0.19    0.24    5.19 v _318_/Y (sky130_fd_sc_hd__nand2_4)
                                         _004_ (net)
                  0.19    0.01    5.20 v _388_/C (sky130_fd_sc_hd__nor4b_4)
     2    0.04    0.54    0.55    5.76 ^ _388_/Y (sky130_fd_sc_hd__nor4b_4)
                                         _072_ (net)
                  0.54    0.01    5.76 ^ max_cap28/A (sky130_fd_sc_hd__buf_6)
     3    0.02    0.06    0.21    5.97 ^ max_cap28/X (sky130_fd_sc_hd__buf_6)
                                         net28 (net)
                  0.06    0.00    5.97 ^ _457_/A1 (sky130_fd_sc_hd__a21o_4)
     2    0.05    0.15    0.21    6.18 ^ _457_/X (sky130_fd_sc_hd__a21o_4)
                                         _139_ (net)
                  0.15    0.00    6.18 ^ _484_/A (sky130_fd_sc_hd__nand2_2)
     1    0.04    0.19    0.18    6.36 v _484_/Y (sky130_fd_sc_hd__nand2_2)
                                         _166_ (net)
                  0.19    0.01    6.37 v _490_/A2 (sky130_fd_sc_hd__a21o_4)
     1    0.05    0.09    0.35    6.72 v _490_/X (sky130_fd_sc_hd__a21o_4)
                                         _172_ (net)
                  0.10    0.01    6.73 v _491_/B1 (sky130_fd_sc_hd__a21o_4)
     1    0.03    0.06    0.24    6.97 v _491_/X (sky130_fd_sc_hd__a21o_4)
                                         net27 (net)
                  0.06    0.01    6.97 v output27/A (sky130_fd_sc_hd__buf_6)
     1    0.03    0.04    0.15    7.13 v output27/X (sky130_fd_sc_hd__buf_6)
                                         z[7] (net)
                  0.04    0.00    7.13 v z[7] (out)
                                  7.13   data arrival time

                  0.00   10.00   10.00   clock __VIRTUAL_CLK__ (rise edge)
                          0.00   10.00   clock network delay (ideal)
                         -0.25    9.75   clock uncertainty
                          0.00    9.75   clock reconvergence pessimism
                         -2.00    7.75   output external delay
                                  7.75   data required time
-----------------------------------------------------------------------------
                                  7.75   data required time
                                 -7.13   data arrival time
-----------------------------------------------------------------------------
                                  0.62   slack (MET)




===========================================================================
report_checks --slack_max -0.01
============================================================================
======================= Fastest Corner ===================================

No paths found.

======================= Slowest Corner ===================================

Startpoint: a[2] (input port clocked by __VIRTUAL_CLK__)
Endpoint: z[7] (output port clocked by __VIRTUAL_CLK__)
Path Group: __VIRTUAL_CLK__
Path Type: max
Corner: Slowest

Fanout     Cap    Slew   Delay    Time   Description
-----------------------------------------------------------------------------
                  0.00    0.00    0.00   clock __VIRTUAL_CLK__ (rise edge)
                          0.00    0.00   clock network delay (ideal)
                          2.00    2.00 ^ input external delay
     1    0.01    0.05    0.03    2.03 ^ a[2] (in)
                                         a[2] (net)
                  0.05    0.00    2.03 ^ input3/A (sky130_fd_sc_hd__buf_6)
     5    0.10    0.33    0.37    2.40 ^ input3/X (sky130_fd_sc_hd__buf_6)
                                         net3 (net)
                  0.33    0.01    2.41 ^ _284_/A (sky130_fd_sc_hd__clkbuf_16)
     5    0.14    0.23    0.48    2.88 ^ _284_/X (sky130_fd_sc_hd__clkbuf_16)
                                         _213_ (net)
                  0.24    0.03    2.91 ^ _285_/B1 (sky130_fd_sc_hd__a22o_1)
     1    0.03    0.46    0.62    3.53 ^ _285_/X (sky130_fd_sc_hd__a22o_1)
                                         _214_ (net)
                  0.46    0.00    3.53 ^ _286_/B (sky130_fd_sc_hd__and4b_4)
     2    0.07    0.43    0.99    4.52 ^ _286_/X (sky130_fd_sc_hd__and4b_4)
                                         _215_ (net)
                  0.43    0.01    4.53 ^ _312_/B (sky130_fd_sc_hd__nor2_8)
     2    0.06    0.21    0.23    4.77 v _312_/Y (sky130_fd_sc_hd__nor2_8)
                                         _240_ (net)
                  0.21    0.02    4.79 v _313_/B (sky130_fd_sc_hd__xnor2_4)
     2    0.05    0.63    0.64    5.42 ^ _313_/Y (sky130_fd_sc_hd__xnor2_4)
                                         _241_ (net)
                  0.63    0.01    5.43 ^ rebuffer4/A (sky130_fd_sc_hd__dlymetal6s2s_1)
     1    0.04    0.58    0.76    6.19 ^ rebuffer4/X (sky130_fd_sc_hd__dlymetal6s2s_1)
                                         net35 (net)
                  0.58    0.01    6.20 ^ _315_/B1 (sky130_fd_sc_hd__a21oi_4)
     1    0.07    0.33    0.38    6.58 v _315_/Y (sky130_fd_sc_hd__a21oi_4)
                                         _001_ (net)
                  0.33    0.02    6.60 v _316_/B (sky130_fd_sc_hd__nor2_8)
     4    0.12    0.67    0.69    7.29 ^ _316_/Y (sky130_fd_sc_hd__nor2_8)
                                         _002_ (net)
                  0.67    0.01    7.30 ^ _318_/B (sky130_fd_sc_hd__nand2_4)
     3    0.07    0.36    0.52    7.82 v _318_/Y (sky130_fd_sc_hd__nand2_4)
                                         _004_ (net)
                  0.36    0.01    7.83 v _388_/C (sky130_fd_sc_hd__nor4b_4)
     2    0.04    0.88    0.96    8.79 ^ _388_/Y (sky130_fd_sc_hd__nor4b_4)
                                         _072_ (net)
                  0.88    0.01    8.80 ^ max_cap28/A (sky130_fd_sc_hd__buf_6)
     3    0.02    0.10    0.48    9.28 ^ max_cap28/X (sky130_fd_sc_hd__buf_6)
                                         net28 (net)
                  0.10    0.00    9.28 ^ _457_/A1 (sky130_fd_sc_hd__a21o_4)
     2    0.05    0.24    0.39    9.68 ^ _457_/X (sky130_fd_sc_hd__a21o_4)
                                         _139_ (net)
                  0.24    0.00    9.68 ^ _484_/A (sky130_fd_sc_hd__nand2_2)
     1    0.04    0.36    0.38   10.06 v _484_/Y (sky130_fd_sc_hd__nand2_2)
                                         _166_ (net)
                  0.36    0.01   10.07 v _490_/A2 (sky130_fd_sc_hd__a21o_4)
     1    0.05    0.16    0.65   10.72 v _490_/X (sky130_fd_sc_hd__a21o_4)
                                         _172_ (net)
                  0.16    0.01   10.73 v _491_/B1 (sky130_fd_sc_hd__a21o_4)
     1    0.03    0.11    0.45   11.18 v _491_/X (sky130_fd_sc_hd__a21o_4)
                                         net27 (net)
                  0.11    0.01   11.19 v output27/A (sky130_fd_sc_hd__buf_6)
     1    0.03    0.08    0.28   11.47 v output27/X (sky130_fd_sc_hd__buf_6)
                                         z[7] (net)
                  0.08    0.00   11.47 v z[7] (out)
                                 11.47   data arrival time

                  0.00   10.00   10.00   clock __VIRTUAL_CLK__ (rise edge)
                          0.00   10.00   clock network delay (ideal)
                         -0.25    9.75   clock uncertainty
                          0.00    9.75   clock reconvergence pessimism
                         -2.00    7.75   output external delay
                                  7.75   data required time
-----------------------------------------------------------------------------
                                  7.75   data required time
                                -11.47   data arrival time
-----------------------------------------------------------------------------
                                 -3.72   slack (VIOLATED)



======================= Typical Corner ===================================

No paths found.


===========================================================================
 report_check_types -max_slew -max_cap -max_fanout -violators
============================================================================
======================= Fastest Corner ===================================

max fanout

Pin                                   Limit Fanout  Slack
---------------------------------------------------------
_263_/X                                  10     11        (VIOLATED)


max slew violations count Fastest: 0
max fanout violations count Fastest: 1
max cap violations count Fastest: 0
======================= Slowest Corner ===================================

max slew

Pin                                    Limit    Slew   Slack
------------------------------------------------------------
_390_/A                                 0.75    0.99   -0.24 (VIOLATED)
rebuffer26/X                            0.75    0.99   -0.24 (VIOLATED)
_357_/B1                                0.75    0.97   -0.22 (VIOLATED)
_389_/B1                                0.75    0.97   -0.22 (VIOLATED)
_358_/C                                 0.75    0.97   -0.22 (VIOLATED)
_356_/Y                                 0.75    0.97   -0.22 (VIOLATED)
_390_/B                                 0.75    0.95   -0.20 (VIOLATED)
rebuffer19/X                            0.75    0.95   -0.20 (VIOLATED)
_331_/C1                                0.75    0.93   -0.18 (VIOLATED)
_330_/Y                                 0.75    0.93   -0.18 (VIOLATED)
max_cap28/A                             0.75    0.88   -0.13 (VIOLATED)
rebuffer14/A                            0.75    0.88   -0.13 (VIOLATED)
_388_/Y                                 0.75    0.88   -0.13 (VIOLATED)
_425_/B                                 0.75    0.88   -0.13 (VIOLATED)
_477_/A3                                0.75    0.87   -0.12 (VIOLATED)
_424_/X                                 0.75    0.87   -0.12 (VIOLATED)
_391_/B1                                0.75    0.86   -0.11 (VIOLATED)
_390_/Y                                 0.75    0.86   -0.11 (VIOLATED)
_406_/B1                                0.75    0.86   -0.11 (VIOLATED)
_405_/Y                                 0.75    0.86   -0.11 (VIOLATED)
_431_/A                                 0.75    0.82   -0.07 (VIOLATED)
_432_/B1                                0.75    0.82   -0.07 (VIOLATED)
_415_/Y                                 0.75    0.82   -0.07 (VIOLATED)
_316_/B                                 0.75    0.81   -0.06 (VIOLATED)
_448_/C1                                0.75    0.81   -0.06 (VIOLATED)
ANTENNA_4/DIODE                         0.75    0.81   -0.06 (VIOLATED)
_447_/Y                                 0.75    0.81   -0.06 (VIOLATED)
_315_/Y                                 0.75    0.81   -0.06 (VIOLATED)
_383_/A                                 0.75    0.81   -0.06 (VIOLATED)
_384_/B1                                0.75    0.81   -0.06 (VIOLATED)
_382_/Y                                 0.75    0.81   -0.06 (VIOLATED)
_304_/A2                                0.75    0.80   -0.05 (VIOLATED)
_292_/Y                                 0.75    0.80   -0.05 (VIOLATED)
_288_/B1                                0.75    0.78   -0.03 (VIOLATED)
_287_/Y                                 0.75    0.78   -0.03 (VIOLATED)
_253_/A1                                0.75    0.77   -0.02 (VIOLATED)
_304_/A1                                0.75    0.77   -0.02 (VIOLATED)
_408_/A1                                0.75    0.77   -0.02 (VIOLATED)
_279_/C                                 0.75    0.77   -0.02 (VIOLATED)
_439_/B1                                0.75    0.77   -0.02 (VIOLATED)
_333_/A1                                0.75    0.77   -0.02 (VIOLATED)
_365_/A1                                0.75    0.77   -0.02 (VIOLATED)
_485_/B1                                0.75    0.77   -0.02 (VIOLATED)
_251_/Y                                 0.75    0.77   -0.02 (VIOLATED)
_312_/A                                 0.75    0.76   -0.01 (VIOLATED)
rebuffer38/X                            0.75    0.76   -0.01 (VIOLATED)
_446_/B2                                0.75    0.76   -0.01 (VIOLATED)
_445_/Y                                 0.75    0.76   -0.01 (VIOLATED)
_455_/A                                 0.75    0.75   -0.00 (VIOLATED)
_453_/Y                                 0.75    0.75   -0.00 (VIOLATED)

max fanout

Pin                                   Limit Fanout  Slack
---------------------------------------------------------
_263_/X                                  10     11        (VIOLATED)


max slew violations count Slowest: 50
max fanout violations count Slowest: 1
max cap violations count Slowest: 0
======================= Typical Corner ===================================

max fanout

Pin                                   Limit Fanout  Slack
---------------------------------------------------------
_263_/X                                  10     11        (VIOLATED)


max slew violations count Typical: 0
max fanout violations count Typical: 1
max cap violations count Typical: 0

===========================================================================
report_parasitic_annotation -report_unannotated
============================================================================
Found 0 unannotated drivers.
Found 0 partially unannotated drivers.

===========================================================================
max slew violation count 50
max fanout violation count 1
max cap violation count 0
============================================================================

===========================================================================
check_setup -verbose -unconstrained_endpoints -multiple_clock -no_clock -no_input_delay -loops -generated_clocks
===========================================================================
