
===========================================================================
 report_power
============================================================================
======================= Fastest Corner ===================================

Group                  Internal  Switching    Leakage      Total
                          Power      Power      Power      Power (Watts)
----------------------------------------------------------------
Sequential             9.84e-06   1.97e-07   2.90e-11   1.00e-05  12.9%
Combinational          1.72e-07   1.63e-08   7.13e-12   1.89e-07   0.2%
Clock                  5.85e-05   9.11e-06   3.22e-10   6.76e-05  86.9%
Macro                  0.00e+00   0.00e+00   0.00e+00   0.00e+00   0.0%
Pad                    0.00e+00   0.00e+00   0.00e+00   0.00e+00   0.0%
----------------------------------------------------------------
Total                  6.85e-05   9.32e-06   3.58e-10   7.78e-05 100.0%
                          88.0%      12.0%       0.0%

======================= Slowest Corner ===================================

Group                  Internal  Switching    Leakage      Total
                          Power      Power      Power      Power (Watts)
----------------------------------------------------------------
Sequential             6.68e-06   1.29e-07   2.87e-08   6.84e-06  12.6%
Combinational          1.30e-07   1.10e-08   4.03e-08   1.81e-07   0.3%
Clock                  4.12e-05   5.98e-06   5.72e-08   4.72e-05  87.1%
Macro                  0.00e+00   0.00e+00   0.00e+00   0.00e+00   0.0%
Pad                    0.00e+00   0.00e+00   0.00e+00   0.00e+00   0.0%
----------------------------------------------------------------
Total                  4.80e-05   6.12e-06   1.26e-07   5.42e-05 100.0%
                          88.5%      11.3%       0.2%

======================= Typical Corner ===================================

Group                  Internal  Switching    Leakage      Total
                          Power      Power      Power      Power (Watts)
----------------------------------------------------------------
Sequential             8.48e-06   1.66e-07   1.67e-11   8.65e-06  12.9%
Combinational          1.55e-07   1.39e-08   1.60e-11   1.69e-07   0.3%
Clock                  5.07e-05   7.68e-06   1.68e-10   5.84e-05  86.9%
Macro                  0.00e+00   0.00e+00   0.00e+00   0.00e+00   0.0%
Pad                    0.00e+00   0.00e+00   0.00e+00   0.00e+00   0.0%
----------------------------------------------------------------
Total                  5.94e-05   7.86e-06   2.00e-10   6.72e-05 100.0%
                          88.3%      11.7%       0.0%

