
===========================================================================
report_checks -path_delay max (Setup)
============================================================================
======================= Typical Corner ===================================

Startpoint: _331_ (rising edge-triggered flip-flop clocked by core_clock)
Endpoint: _335_ (rising edge-triggered flip-flop clocked by core_clock)
Path Group: core_clock
Path Type: max

Fanout     Cap    Slew   Delay    Time   Description
-----------------------------------------------------------------------------
                  0.00    0.00    0.00   clock core_clock (rise edge)
                          0.00    0.00   clock network delay (ideal)
                  0.00    0.00    0.00 ^ _331_/CLK (sky130_fd_sc_hd__dfrtp_4)
     7    0.02    0.09    0.49    0.49 v _331_/Q (sky130_fd_sc_hd__dfrtp_4)
                                         one_second_counter[0] (net)
                  0.09    0.00    0.49 v _164_/D (sky130_fd_sc_hd__and4_2)
     6    0.02    0.08    0.30    0.79 v _164_/X (sky130_fd_sc_hd__and4_2)
                                         _156_ (net)
                  0.08    0.00    0.79 v _165_/D (sky130_fd_sc_hd__and4_2)
     6    0.02    0.07    0.29    1.08 v _165_/X (sky130_fd_sc_hd__and4_2)
                                         _157_ (net)
                  0.07    0.00    1.08 v _166_/B (sky130_fd_sc_hd__and2_1)
     5    0.02    0.09    0.22    1.29 v _166_/X (sky130_fd_sc_hd__and2_1)
                                         _158_ (net)
                  0.09    0.00    1.29 v _187_/A2 (sky130_fd_sc_hd__o31a_1)
     1    0.00    0.05    0.28    1.58 v _187_/X (sky130_fd_sc_hd__o31a_1)
                                         _072_ (net)
                  0.05    0.00    1.58 v _189_/B (sky130_fd_sc_hd__or3_2)
     1    0.01    0.10    0.49    2.07 v _189_/X (sky130_fd_sc_hd__or3_2)
                                         _074_ (net)
                  0.10    0.00    2.07 v _190_/B2 (sky130_fd_sc_hd__a22oi_4)
     9    0.03    0.26    0.26    2.33 ^ _190_/Y (sky130_fd_sc_hd__a22oi_4)
                                         _075_ (net)
                  0.26    0.00    2.33 ^ _191_/A (sky130_fd_sc_hd__buf_2)
    10    0.03    0.15    0.25    2.58 ^ _191_/X (sky130_fd_sc_hd__buf_2)
                                         _076_ (net)
                  0.15    0.00    2.58 ^ _290_/B (sky130_fd_sc_hd__and3_1)
     1    0.01    0.08    0.20    2.78 ^ _290_/X (sky130_fd_sc_hd__and3_1)
                                         _150_ (net)
                  0.08    0.00    2.78 ^ _291_/A (sky130_fd_sc_hd__buf_1)
     1    0.01    0.11    0.14    2.91 ^ _291_/X (sky130_fd_sc_hd__buf_1)
                                         _021_ (net)
                  0.11    0.00    2.91 ^ _335_/D (sky130_fd_sc_hd__dfrtp_2)
                                  2.91   data arrival time

                  0.00   10.00   10.00   clock core_clock (rise edge)
                          0.00   10.00   clock network delay (ideal)
                          0.00   10.00   clock reconvergence pessimism
                                 10.00 ^ _335_/CLK (sky130_fd_sc_hd__dfrtp_2)
                         -0.08    9.92   library setup time
                                  9.92   data required time
-----------------------------------------------------------------------------
                                  9.92   data required time
                                 -2.91   data arrival time
-----------------------------------------------------------------------------
                                  7.00   slack (MET)


Startpoint: _331_ (rising edge-triggered flip-flop clocked by core_clock)
Endpoint: _344_ (rising edge-triggered flip-flop clocked by core_clock)
Path Group: core_clock
Path Type: max

Fanout     Cap    Slew   Delay    Time   Description
-----------------------------------------------------------------------------
                  0.00    0.00    0.00   clock core_clock (rise edge)
                          0.00    0.00   clock network delay (ideal)
                  0.00    0.00    0.00 ^ _331_/CLK (sky130_fd_sc_hd__dfrtp_4)
     7    0.02    0.09    0.49    0.49 v _331_/Q (sky130_fd_sc_hd__dfrtp_4)
                                         one_second_counter[0] (net)
                  0.09    0.00    0.49 v _164_/D (sky130_fd_sc_hd__and4_2)
     6    0.02    0.08    0.30    0.79 v _164_/X (sky130_fd_sc_hd__and4_2)
                                         _156_ (net)
                  0.08    0.00    0.79 v _165_/D (sky130_fd_sc_hd__and4_2)
     6    0.02    0.07    0.29    1.08 v _165_/X (sky130_fd_sc_hd__and4_2)
                                         _157_ (net)
                  0.07    0.00    1.08 v _166_/B (sky130_fd_sc_hd__and2_1)
     5    0.02    0.09    0.22    1.29 v _166_/X (sky130_fd_sc_hd__and2_1)
                                         _158_ (net)
                  0.09    0.00    1.29 v _187_/A2 (sky130_fd_sc_hd__o31a_1)
     1    0.00    0.05    0.28    1.58 v _187_/X (sky130_fd_sc_hd__o31a_1)
                                         _072_ (net)
                  0.05    0.00    1.58 v _189_/B (sky130_fd_sc_hd__or3_2)
     1    0.01    0.10    0.49    2.07 v _189_/X (sky130_fd_sc_hd__or3_2)
                                         _074_ (net)
                  0.10    0.00    2.07 v _190_/B2 (sky130_fd_sc_hd__a22oi_4)
     9    0.03    0.26    0.26    2.33 ^ _190_/Y (sky130_fd_sc_hd__a22oi_4)
                                         _075_ (net)
                  0.26    0.00    2.33 ^ _191_/A (sky130_fd_sc_hd__buf_2)
    10    0.03    0.15    0.25    2.58 ^ _191_/X (sky130_fd_sc_hd__buf_2)
                                         _076_ (net)
                  0.15    0.00    2.58 ^ _224_/B (sky130_fd_sc_hd__and3b_1)
     1    0.01    0.12    0.23    2.81 ^ _224_/X (sky130_fd_sc_hd__and3b_1)
                                         _102_ (net)
                  0.12    0.00    2.81 ^ _225_/A (sky130_fd_sc_hd__clkbuf_1)
     1    0.00    0.06    0.11    2.92 ^ _225_/X (sky130_fd_sc_hd__clkbuf_1)
                                         _004_ (net)
                  0.06    0.00    2.92 ^ _344_/D (sky130_fd_sc_hd__dfrtp_1)
                                  2.92   data arrival time

                  0.00   10.00   10.00   clock core_clock (rise edge)
                          0.00   10.00   clock network delay (ideal)
                          0.00   10.00   clock reconvergence pessimism
                                 10.00 ^ _344_/CLK (sky130_fd_sc_hd__dfrtp_1)
                         -0.07    9.93   library setup time
                                  9.93   data required time
-----------------------------------------------------------------------------
                                  9.93   data required time
                                 -2.92   data arrival time
-----------------------------------------------------------------------------
                                  7.01   slack (MET)


Startpoint: _331_ (rising edge-triggered flip-flop clocked by core_clock)
Endpoint: _333_ (rising edge-triggered flip-flop clocked by core_clock)
Path Group: core_clock
Path Type: max

Fanout     Cap    Slew   Delay    Time   Description
-----------------------------------------------------------------------------
                  0.00    0.00    0.00   clock core_clock (rise edge)
                          0.00    0.00   clock network delay (ideal)
                  0.00    0.00    0.00 ^ _331_/CLK (sky130_fd_sc_hd__dfrtp_4)
     7    0.02    0.09    0.49    0.49 v _331_/Q (sky130_fd_sc_hd__dfrtp_4)
                                         one_second_counter[0] (net)
                  0.09    0.00    0.49 v _164_/D (sky130_fd_sc_hd__and4_2)
     6    0.02    0.08    0.30    0.79 v _164_/X (sky130_fd_sc_hd__and4_2)
                                         _156_ (net)
                  0.08    0.00    0.79 v _165_/D (sky130_fd_sc_hd__and4_2)
     6    0.02    0.07    0.29    1.08 v _165_/X (sky130_fd_sc_hd__and4_2)
                                         _157_ (net)
                  0.07    0.00    1.08 v _166_/B (sky130_fd_sc_hd__and2_1)
     5    0.02    0.09    0.22    1.29 v _166_/X (sky130_fd_sc_hd__and2_1)
                                         _158_ (net)
                  0.09    0.00    1.29 v _187_/A2 (sky130_fd_sc_hd__o31a_1)
     1    0.00    0.05    0.28    1.58 v _187_/X (sky130_fd_sc_hd__o31a_1)
                                         _072_ (net)
                  0.05    0.00    1.58 v _189_/B (sky130_fd_sc_hd__or3_2)
     1    0.01    0.10    0.49    2.07 v _189_/X (sky130_fd_sc_hd__or3_2)
                                         _074_ (net)
                  0.10    0.00    2.07 v _190_/B2 (sky130_fd_sc_hd__a22oi_4)
     9    0.03    0.26    0.26    2.33 ^ _190_/Y (sky130_fd_sc_hd__a22oi_4)
                                         _075_ (net)
                  0.26    0.00    2.33 ^ _191_/A (sky130_fd_sc_hd__buf_2)
    10    0.03    0.15    0.25    2.58 ^ _191_/X (sky130_fd_sc_hd__buf_2)
                                         _076_ (net)
                  0.15    0.00    2.58 ^ _283_/B (sky130_fd_sc_hd__and3_1)
     1    0.01    0.10    0.21    2.79 ^ _283_/X (sky130_fd_sc_hd__and3_1)
                                         _145_ (net)
                  0.10    0.00    2.79 ^ _284_/A (sky130_fd_sc_hd__clkbuf_1)
     1    0.01    0.08    0.12    2.91 ^ _284_/X (sky130_fd_sc_hd__clkbuf_1)
                                         _019_ (net)
                  0.08    0.00    2.91 ^ _333_/D (sky130_fd_sc_hd__dfrtp_2)
                                  2.91   data arrival time

                  0.00   10.00   10.00   clock core_clock (rise edge)
                          0.00   10.00   clock network delay (ideal)
                          0.00   10.00   clock reconvergence pessimism
                                 10.00 ^ _333_/CLK (sky130_fd_sc_hd__dfrtp_2)
                         -0.08    9.92   library setup time
                                  9.92   data required time
-----------------------------------------------------------------------------
                                  9.92   data required time
                                 -2.91   data arrival time
-----------------------------------------------------------------------------
                                  7.01   slack (MET)


Startpoint: _331_ (rising edge-triggered flip-flop clocked by core_clock)
Endpoint: _353_ (rising edge-triggered flip-flop clocked by core_clock)
Path Group: core_clock
Path Type: max

Fanout     Cap    Slew   Delay    Time   Description
-----------------------------------------------------------------------------
                  0.00    0.00    0.00   clock core_clock (rise edge)
                          0.00    0.00   clock network delay (ideal)
                  0.00    0.00    0.00 ^ _331_/CLK (sky130_fd_sc_hd__dfrtp_4)
     7    0.02    0.09    0.49    0.49 v _331_/Q (sky130_fd_sc_hd__dfrtp_4)
                                         one_second_counter[0] (net)
                  0.09    0.00    0.49 v _164_/D (sky130_fd_sc_hd__and4_2)
     6    0.02    0.08    0.30    0.79 v _164_/X (sky130_fd_sc_hd__and4_2)
                                         _156_ (net)
                  0.08    0.00    0.79 v _165_/D (sky130_fd_sc_hd__and4_2)
     6    0.02    0.07    0.29    1.08 v _165_/X (sky130_fd_sc_hd__and4_2)
                                         _157_ (net)
                  0.07    0.00    1.08 v _166_/B (sky130_fd_sc_hd__and2_1)
     5    0.02    0.09    0.22    1.29 v _166_/X (sky130_fd_sc_hd__and2_1)
                                         _158_ (net)
                  0.09    0.00    1.29 v _187_/A2 (sky130_fd_sc_hd__o31a_1)
     1    0.00    0.05    0.28    1.58 v _187_/X (sky130_fd_sc_hd__o31a_1)
                                         _072_ (net)
                  0.05    0.00    1.58 v _189_/B (sky130_fd_sc_hd__or3_2)
     1    0.01    0.10    0.49    2.07 v _189_/X (sky130_fd_sc_hd__or3_2)
                                         _074_ (net)
                  0.10    0.00    2.07 v _190_/B2 (sky130_fd_sc_hd__a22oi_4)
     9    0.03    0.26    0.26    2.33 ^ _190_/Y (sky130_fd_sc_hd__a22oi_4)
                                         _075_ (net)
                  0.26    0.00    2.33 ^ _191_/A (sky130_fd_sc_hd__buf_2)
    10    0.03    0.15    0.25    2.58 ^ _191_/X (sky130_fd_sc_hd__buf_2)
                                         _076_ (net)
                  0.15    0.00    2.58 ^ _259_/B (sky130_fd_sc_hd__and3b_1)
     1    0.01    0.08    0.20    2.77 ^ _259_/X (sky130_fd_sc_hd__and3b_1)
                                         _128_ (net)
                  0.08    0.00    2.78 ^ _260_/A (sky130_fd_sc_hd__buf_1)
     1    0.01    0.10    0.13    2.90 ^ _260_/X (sky130_fd_sc_hd__buf_1)
                                         _014_ (net)
                  0.10    0.00    2.90 ^ _353_/D (sky130_fd_sc_hd__dfrtp_1)
                                  2.90   data arrival time

                  0.00   10.00   10.00   clock core_clock (rise edge)
                          0.00   10.00   clock network delay (ideal)
                          0.00   10.00   clock reconvergence pessimism
                                 10.00 ^ _353_/CLK (sky130_fd_sc_hd__dfrtp_1)
                         -0.08    9.92   library setup time
                                  9.92   data required time
-----------------------------------------------------------------------------
                                  9.92   data required time
                                 -2.90   data arrival time
-----------------------------------------------------------------------------
                                  7.02   slack (MET)


Startpoint: _331_ (rising edge-triggered flip-flop clocked by core_clock)
Endpoint: _332_ (rising edge-triggered flip-flop clocked by core_clock)
Path Group: core_clock
Path Type: max

Fanout     Cap    Slew   Delay    Time   Description
-----------------------------------------------------------------------------
                  0.00    0.00    0.00   clock core_clock (rise edge)
                          0.00    0.00   clock network delay (ideal)
                  0.00    0.00    0.00 ^ _331_/CLK (sky130_fd_sc_hd__dfrtp_4)
     7    0.02    0.09    0.49    0.49 v _331_/Q (sky130_fd_sc_hd__dfrtp_4)
                                         one_second_counter[0] (net)
                  0.09    0.00    0.49 v _164_/D (sky130_fd_sc_hd__and4_2)
     6    0.02    0.08    0.30    0.79 v _164_/X (sky130_fd_sc_hd__and4_2)
                                         _156_ (net)
                  0.08    0.00    0.79 v _165_/D (sky130_fd_sc_hd__and4_2)
     6    0.02    0.07    0.29    1.08 v _165_/X (sky130_fd_sc_hd__and4_2)
                                         _157_ (net)
                  0.07    0.00    1.08 v _166_/B (sky130_fd_sc_hd__and2_1)
     5    0.02    0.09    0.22    1.29 v _166_/X (sky130_fd_sc_hd__and2_1)
                                         _158_ (net)
                  0.09    0.00    1.29 v _187_/A2 (sky130_fd_sc_hd__o31a_1)
     1    0.00    0.05    0.28    1.58 v _187_/X (sky130_fd_sc_hd__o31a_1)
                                         _072_ (net)
                  0.05    0.00    1.58 v _189_/B (sky130_fd_sc_hd__or3_2)
     1    0.01    0.10    0.49    2.07 v _189_/X (sky130_fd_sc_hd__or3_2)
                                         _074_ (net)
                  0.10    0.00    2.07 v _190_/B2 (sky130_fd_sc_hd__a22oi_4)
     9    0.03    0.26    0.26    2.33 ^ _190_/Y (sky130_fd_sc_hd__a22oi_4)
                                         _075_ (net)
                  0.26    0.00    2.33 ^ _199_/A (sky130_fd_sc_hd__buf_2)
    10    0.03    0.14    0.24    2.57 ^ _199_/X (sky130_fd_sc_hd__buf_2)
                                         _082_ (net)
                  0.14    0.00    2.57 ^ _279_/B (sky130_fd_sc_hd__and3_1)
     1    0.01    0.08    0.19    2.77 ^ _279_/X (sky130_fd_sc_hd__and3_1)
                                         _142_ (net)
                  0.08    0.00    2.77 ^ _280_/A (sky130_fd_sc_hd__buf_1)
     1    0.01    0.10    0.13    2.90 ^ _280_/X (sky130_fd_sc_hd__buf_1)
                                         _011_ (net)
                  0.10    0.00    2.90 ^ _332_/D (sky130_fd_sc_hd__dfrtp_4)
                                  2.90   data arrival time

                  0.00   10.00   10.00   clock core_clock (rise edge)
                          0.00   10.00   clock network delay (ideal)
                          0.00   10.00   clock reconvergence pessimism
                                 10.00 ^ _332_/CLK (sky130_fd_sc_hd__dfrtp_4)
                         -0.08    9.92   library setup time
                                  9.92   data required time
-----------------------------------------------------------------------------
                                  9.92   data required time
                                 -2.90   data arrival time
-----------------------------------------------------------------------------
                                  7.02   slack (MET)


Startpoint: _331_ (rising edge-triggered flip-flop clocked by core_clock)
Endpoint: _339_ (rising edge-triggered flip-flop clocked by core_clock)
Path Group: core_clock
Path Type: max

Fanout     Cap    Slew   Delay    Time   Description
-----------------------------------------------------------------------------
                  0.00    0.00    0.00   clock core_clock (rise edge)
                          0.00    0.00   clock network delay (ideal)
                  0.00    0.00    0.00 ^ _331_/CLK (sky130_fd_sc_hd__dfrtp_4)
     7    0.02    0.09    0.49    0.49 v _331_/Q (sky130_fd_sc_hd__dfrtp_4)
                                         one_second_counter[0] (net)
                  0.09    0.00    0.49 v _164_/D (sky130_fd_sc_hd__and4_2)
     6    0.02    0.08    0.30    0.79 v _164_/X (sky130_fd_sc_hd__and4_2)
                                         _156_ (net)
                  0.08    0.00    0.79 v _165_/D (sky130_fd_sc_hd__and4_2)
     6    0.02    0.07    0.29    1.08 v _165_/X (sky130_fd_sc_hd__and4_2)
                                         _157_ (net)
                  0.07    0.00    1.08 v _166_/B (sky130_fd_sc_hd__and2_1)
     5    0.02    0.09    0.22    1.29 v _166_/X (sky130_fd_sc_hd__and2_1)
                                         _158_ (net)
                  0.09    0.00    1.29 v _187_/A2 (sky130_fd_sc_hd__o31a_1)
     1    0.00    0.05    0.28    1.58 v _187_/X (sky130_fd_sc_hd__o31a_1)
                                         _072_ (net)
                  0.05    0.00    1.58 v _189_/B (sky130_fd_sc_hd__or3_2)
     1    0.01    0.10    0.49    2.07 v _189_/X (sky130_fd_sc_hd__or3_2)
                                         _074_ (net)
                  0.10    0.00    2.07 v _190_/B2 (sky130_fd_sc_hd__a22oi_4)
     9    0.03    0.26    0.26    2.33 ^ _190_/Y (sky130_fd_sc_hd__a22oi_4)
                                         _075_ (net)
                  0.26    0.00    2.33 ^ _199_/A (sky130_fd_sc_hd__buf_2)
    10    0.03    0.14    0.24    2.57 ^ _199_/X (sky130_fd_sc_hd__buf_2)
                                         _082_ (net)
                  0.14    0.00    2.57 ^ _202_/A (sky130_fd_sc_hd__and3_1)
     1    0.01    0.07    0.19    2.76 ^ _202_/X (sky130_fd_sc_hd__and3_1)
                                         _085_ (net)
                  0.07    0.00    2.76 ^ _203_/A (sky130_fd_sc_hd__buf_1)
     1    0.01    0.11    0.13    2.90 ^ _203_/X (sky130_fd_sc_hd__buf_1)
                                         _025_ (net)
                  0.11    0.00    2.90 ^ _339_/D (sky130_fd_sc_hd__dfrtp_2)
                                  2.90   data arrival time

                  0.00   10.00   10.00   clock core_clock (rise edge)
                          0.00   10.00   clock network delay (ideal)
                          0.00   10.00   clock reconvergence pessimism
                                 10.00 ^ _339_/CLK (sky130_fd_sc_hd__dfrtp_2)
                         -0.09    9.91   library setup time
                                  9.91   data required time
-----------------------------------------------------------------------------
                                  9.91   data required time
                                 -2.90   data arrival time
-----------------------------------------------------------------------------
                                  7.02   slack (MET)


Startpoint: _331_ (rising edge-triggered flip-flop clocked by core_clock)
Endpoint: _348_ (rising edge-triggered flip-flop clocked by core_clock)
Path Group: core_clock
Path Type: max

Fanout     Cap    Slew   Delay    Time   Description
-----------------------------------------------------------------------------
                  0.00    0.00    0.00   clock core_clock (rise edge)
                          0.00    0.00   clock network delay (ideal)
                  0.00    0.00    0.00 ^ _331_/CLK (sky130_fd_sc_hd__dfrtp_4)
     7    0.02    0.09    0.49    0.49 v _331_/Q (sky130_fd_sc_hd__dfrtp_4)
                                         one_second_counter[0] (net)
                  0.09    0.00    0.49 v _164_/D (sky130_fd_sc_hd__and4_2)
     6    0.02    0.08    0.30    0.79 v _164_/X (sky130_fd_sc_hd__and4_2)
                                         _156_ (net)
                  0.08    0.00    0.79 v _165_/D (sky130_fd_sc_hd__and4_2)
     6    0.02    0.07    0.29    1.08 v _165_/X (sky130_fd_sc_hd__and4_2)
                                         _157_ (net)
                  0.07    0.00    1.08 v _166_/B (sky130_fd_sc_hd__and2_1)
     5    0.02    0.09    0.22    1.29 v _166_/X (sky130_fd_sc_hd__and2_1)
                                         _158_ (net)
                  0.09    0.00    1.29 v _187_/A2 (sky130_fd_sc_hd__o31a_1)
     1    0.00    0.05    0.28    1.58 v _187_/X (sky130_fd_sc_hd__o31a_1)
                                         _072_ (net)
                  0.05    0.00    1.58 v _189_/B (sky130_fd_sc_hd__or3_2)
     1    0.01    0.10    0.49    2.07 v _189_/X (sky130_fd_sc_hd__or3_2)
                                         _074_ (net)
                  0.10    0.00    2.07 v _190_/B2 (sky130_fd_sc_hd__a22oi_4)
     9    0.03    0.26    0.26    2.33 ^ _190_/Y (sky130_fd_sc_hd__a22oi_4)
                                         _075_ (net)
                  0.26    0.00    2.33 ^ _199_/A (sky130_fd_sc_hd__buf_2)
    10    0.03    0.14    0.24    2.57 ^ _199_/X (sky130_fd_sc_hd__buf_2)
                                         _082_ (net)
                  0.14    0.00    2.57 ^ _239_/A (sky130_fd_sc_hd__and3_1)
     1    0.01    0.07    0.18    2.76 ^ _239_/X (sky130_fd_sc_hd__and3_1)
                                         _113_ (net)
                  0.07    0.00    2.76 ^ _240_/A (sky130_fd_sc_hd__buf_1)
     1    0.01    0.11    0.13    2.89 ^ _240_/X (sky130_fd_sc_hd__buf_1)
                                         _008_ (net)
                  0.11    0.00    2.89 ^ _348_/D (sky130_fd_sc_hd__dfrtp_4)
                                  2.89   data arrival time

                  0.00   10.00   10.00   clock core_clock (rise edge)
                          0.00   10.00   clock network delay (ideal)
                          0.00   10.00   clock reconvergence pessimism
                                 10.00 ^ _348_/CLK (sky130_fd_sc_hd__dfrtp_4)
                         -0.08    9.92   library setup time
                                  9.92   data required time
-----------------------------------------------------------------------------
                                  9.92   data required time
                                 -2.89   data arrival time
-----------------------------------------------------------------------------
                                  7.02   slack (MET)


Startpoint: _331_ (rising edge-triggered flip-flop clocked by core_clock)
Endpoint: _346_ (rising edge-triggered flip-flop clocked by core_clock)
Path Group: core_clock
Path Type: max

Fanout     Cap    Slew   Delay    Time   Description
-----------------------------------------------------------------------------
                  0.00    0.00    0.00   clock core_clock (rise edge)
                          0.00    0.00   clock network delay (ideal)
                  0.00    0.00    0.00 ^ _331_/CLK (sky130_fd_sc_hd__dfrtp_4)
     7    0.02    0.09    0.49    0.49 v _331_/Q (sky130_fd_sc_hd__dfrtp_4)
                                         one_second_counter[0] (net)
                  0.09    0.00    0.49 v _164_/D (sky130_fd_sc_hd__and4_2)
     6    0.02    0.08    0.30    0.79 v _164_/X (sky130_fd_sc_hd__and4_2)
                                         _156_ (net)
                  0.08    0.00    0.79 v _165_/D (sky130_fd_sc_hd__and4_2)
     6    0.02    0.07    0.29    1.08 v _165_/X (sky130_fd_sc_hd__and4_2)
                                         _157_ (net)
                  0.07    0.00    1.08 v _166_/B (sky130_fd_sc_hd__and2_1)
     5    0.02    0.09    0.22    1.29 v _166_/X (sky130_fd_sc_hd__and2_1)
                                         _158_ (net)
                  0.09    0.00    1.29 v _187_/A2 (sky130_fd_sc_hd__o31a_1)
     1    0.00    0.05    0.28    1.58 v _187_/X (sky130_fd_sc_hd__o31a_1)
                                         _072_ (net)
                  0.05    0.00    1.58 v _189_/B (sky130_fd_sc_hd__or3_2)
     1    0.01    0.10    0.49    2.07 v _189_/X (sky130_fd_sc_hd__or3_2)
                                         _074_ (net)
                  0.10    0.00    2.07 v _190_/B2 (sky130_fd_sc_hd__a22oi_4)
     9    0.03    0.26    0.26    2.33 ^ _190_/Y (sky130_fd_sc_hd__a22oi_4)
                                         _075_ (net)
                  0.26    0.00    2.33 ^ _191_/A (sky130_fd_sc_hd__buf_2)
    10    0.03    0.15    0.25    2.58 ^ _191_/X (sky130_fd_sc_hd__buf_2)
                                         _076_ (net)
                  0.15    0.00    2.58 ^ _231_/B (sky130_fd_sc_hd__and3b_1)
     1    0.01    0.08    0.19    2.77 ^ _231_/X (sky130_fd_sc_hd__and3b_1)
                                         _107_ (net)
                  0.08    0.00    2.77 ^ _232_/A (sky130_fd_sc_hd__buf_1)
     1    0.01    0.09    0.12    2.89 ^ _232_/X (sky130_fd_sc_hd__buf_1)
                                         _006_ (net)
                  0.09    0.00    2.89 ^ _346_/D (sky130_fd_sc_hd__dfrtp_1)
                                  2.89   data arrival time

                  0.00   10.00   10.00   clock core_clock (rise edge)
                          0.00   10.00   clock network delay (ideal)
                          0.00   10.00   clock reconvergence pessimism
                                 10.00 ^ _346_/CLK (sky130_fd_sc_hd__dfrtp_1)
                         -0.08    9.92   library setup time
                                  9.92   data required time
-----------------------------------------------------------------------------
                                  9.92   data required time
                                 -2.89   data arrival time
-----------------------------------------------------------------------------
                                  7.03   slack (MET)


Startpoint: _331_ (rising edge-triggered flip-flop clocked by core_clock)
Endpoint: _350_ (rising edge-triggered flip-flop clocked by core_clock)
Path Group: core_clock
Path Type: max

Fanout     Cap    Slew   Delay    Time   Description
-----------------------------------------------------------------------------
                  0.00    0.00    0.00   clock core_clock (rise edge)
                          0.00    0.00   clock network delay (ideal)
                  0.00    0.00    0.00 ^ _331_/CLK (sky130_fd_sc_hd__dfrtp_4)
     7    0.02    0.09    0.49    0.49 v _331_/Q (sky130_fd_sc_hd__dfrtp_4)
                                         one_second_counter[0] (net)
                  0.09    0.00    0.49 v _164_/D (sky130_fd_sc_hd__and4_2)
     6    0.02    0.08    0.30    0.79 v _164_/X (sky130_fd_sc_hd__and4_2)
                                         _156_ (net)
                  0.08    0.00    0.79 v _165_/D (sky130_fd_sc_hd__and4_2)
     6    0.02    0.07    0.29    1.08 v _165_/X (sky130_fd_sc_hd__and4_2)
                                         _157_ (net)
                  0.07    0.00    1.08 v _166_/B (sky130_fd_sc_hd__and2_1)
     5    0.02    0.09    0.22    1.29 v _166_/X (sky130_fd_sc_hd__and2_1)
                                         _158_ (net)
                  0.09    0.00    1.29 v _187_/A2 (sky130_fd_sc_hd__o31a_1)
     1    0.00    0.05    0.28    1.58 v _187_/X (sky130_fd_sc_hd__o31a_1)
                                         _072_ (net)
                  0.05    0.00    1.58 v _189_/B (sky130_fd_sc_hd__or3_2)
     1    0.01    0.10    0.49    2.07 v _189_/X (sky130_fd_sc_hd__or3_2)
                                         _074_ (net)
                  0.10    0.00    2.07 v _190_/B2 (sky130_fd_sc_hd__a22oi_4)
     9    0.03    0.26    0.26    2.33 ^ _190_/Y (sky130_fd_sc_hd__a22oi_4)
                                         _075_ (net)
                  0.26    0.00    2.33 ^ _191_/A (sky130_fd_sc_hd__buf_2)
    10    0.03    0.15    0.25    2.58 ^ _191_/X (sky130_fd_sc_hd__buf_2)
                                         _076_ (net)
                  0.15    0.00    2.58 ^ _247_/B (sky130_fd_sc_hd__and3b_1)
     1    0.01    0.10    0.21    2.79 ^ _247_/X (sky130_fd_sc_hd__and3b_1)
                                         _119_ (net)
                  0.10    0.00    2.79 ^ _248_/A (sky130_fd_sc_hd__clkbuf_1)
     1    0.00    0.05    0.10    2.89 ^ _248_/X (sky130_fd_sc_hd__clkbuf_1)
                                         _010_ (net)
                  0.05    0.00    2.89 ^ _350_/D (sky130_fd_sc_hd__dfrtp_2)
                                  2.89   data arrival time

                  0.00   10.00   10.00   clock core_clock (rise edge)
                          0.00   10.00   clock network delay (ideal)
                          0.00   10.00   clock reconvergence pessimism
                                 10.00 ^ _350_/CLK (sky130_fd_sc_hd__dfrtp_2)
                         -0.07    9.93   library setup time
                                  9.93   data required time
-----------------------------------------------------------------------------
                                  9.93   data required time
                                 -2.89   data arrival time
-----------------------------------------------------------------------------
                                  7.03   slack (MET)


Startpoint: _331_ (rising edge-triggered flip-flop clocked by core_clock)
Endpoint: _349_ (rising edge-triggered flip-flop clocked by core_clock)
Path Group: core_clock
Path Type: max

Fanout     Cap    Slew   Delay    Time   Description
-----------------------------------------------------------------------------
                  0.00    0.00    0.00   clock core_clock (rise edge)
                          0.00    0.00   clock network delay (ideal)
                  0.00    0.00    0.00 ^ _331_/CLK (sky130_fd_sc_hd__dfrtp_4)
     7    0.02    0.09    0.49    0.49 v _331_/Q (sky130_fd_sc_hd__dfrtp_4)
                                         one_second_counter[0] (net)
                  0.09    0.00    0.49 v _164_/D (sky130_fd_sc_hd__and4_2)
     6    0.02    0.08    0.30    0.79 v _164_/X (sky130_fd_sc_hd__and4_2)
                                         _156_ (net)
                  0.08    0.00    0.79 v _165_/D (sky130_fd_sc_hd__and4_2)
     6    0.02    0.07    0.29    1.08 v _165_/X (sky130_fd_sc_hd__and4_2)
                                         _157_ (net)
                  0.07    0.00    1.08 v _166_/B (sky130_fd_sc_hd__and2_1)
     5    0.02    0.09    0.22    1.29 v _166_/X (sky130_fd_sc_hd__and2_1)
                                         _158_ (net)
                  0.09    0.00    1.29 v _187_/A2 (sky130_fd_sc_hd__o31a_1)
     1    0.00    0.05    0.28    1.58 v _187_/X (sky130_fd_sc_hd__o31a_1)
                                         _072_ (net)
                  0.05    0.00    1.58 v _189_/B (sky130_fd_sc_hd__or3_2)
     1    0.01    0.10    0.49    2.07 v _189_/X (sky130_fd_sc_hd__or3_2)
                                         _074_ (net)
                  0.10    0.00    2.07 v _190_/B2 (sky130_fd_sc_hd__a22oi_4)
     9    0.03    0.26    0.26    2.33 ^ _190_/Y (sky130_fd_sc_hd__a22oi_4)
                                         _075_ (net)
                  0.26    0.00    2.33 ^ _191_/A (sky130_fd_sc_hd__buf_2)
    10    0.03    0.15    0.25    2.58 ^ _191_/X (sky130_fd_sc_hd__buf_2)
                                         _076_ (net)
                  0.15    0.00    2.58 ^ _243_/B (sky130_fd_sc_hd__and3b_1)
     1    0.01    0.08    0.20    2.77 ^ _243_/X (sky130_fd_sc_hd__and3b_1)
                                         _116_ (net)
                  0.08    0.00    2.77 ^ _244_/A (sky130_fd_sc_hd__clkbuf_1)
     1    0.01    0.07    0.11    2.89 ^ _244_/X (sky130_fd_sc_hd__clkbuf_1)
                                         _009_ (net)
                  0.07    0.00    2.89 ^ _349_/D (sky130_fd_sc_hd__dfrtp_1)
                                  2.89   data arrival time

                  0.00   10.00   10.00   clock core_clock (rise edge)
                          0.00   10.00   clock network delay (ideal)
                          0.00   10.00   clock reconvergence pessimism
                                 10.00 ^ _349_/CLK (sky130_fd_sc_hd__dfrtp_1)
                         -0.07    9.93   library setup time
                                  9.93   data required time
-----------------------------------------------------------------------------
                                  9.93   data required time
                                 -2.89   data arrival time
-----------------------------------------------------------------------------
                                  7.04   slack (MET)


Startpoint: _331_ (rising edge-triggered flip-flop clocked by core_clock)
Endpoint: _351_ (rising edge-triggered flip-flop clocked by core_clock)
Path Group: core_clock
Path Type: max

Fanout     Cap    Slew   Delay    Time   Description
-----------------------------------------------------------------------------
                  0.00    0.00    0.00   clock core_clock (rise edge)
                          0.00    0.00   clock network delay (ideal)
                  0.00    0.00    0.00 ^ _331_/CLK (sky130_fd_sc_hd__dfrtp_4)
     7    0.02    0.09    0.49    0.49 v _331_/Q (sky130_fd_sc_hd__dfrtp_4)
                                         one_second_counter[0] (net)
                  0.09    0.00    0.49 v _164_/D (sky130_fd_sc_hd__and4_2)
     6    0.02    0.08    0.30    0.79 v _164_/X (sky130_fd_sc_hd__and4_2)
                                         _156_ (net)
                  0.08    0.00    0.79 v _165_/D (sky130_fd_sc_hd__and4_2)
     6    0.02    0.07    0.29    1.08 v _165_/X (sky130_fd_sc_hd__and4_2)
                                         _157_ (net)
                  0.07    0.00    1.08 v _166_/B (sky130_fd_sc_hd__and2_1)
     5    0.02    0.09    0.22    1.29 v _166_/X (sky130_fd_sc_hd__and2_1)
                                         _158_ (net)
                  0.09    0.00    1.29 v _187_/A2 (sky130_fd_sc_hd__o31a_1)
     1    0.00    0.05    0.28    1.58 v _187_/X (sky130_fd_sc_hd__o31a_1)
                                         _072_ (net)
                  0.05    0.00    1.58 v _189_/B (sky130_fd_sc_hd__or3_2)
     1    0.01    0.10    0.49    2.07 v _189_/X (sky130_fd_sc_hd__or3_2)
                                         _074_ (net)
                  0.10    0.00    2.07 v _190_/B2 (sky130_fd_sc_hd__a22oi_4)
     9    0.03    0.26    0.26    2.33 ^ _190_/Y (sky130_fd_sc_hd__a22oi_4)
                                         _075_ (net)
                  0.26    0.00    2.33 ^ _191_/A (sky130_fd_sc_hd__buf_2)
    10    0.03    0.15    0.25    2.58 ^ _191_/X (sky130_fd_sc_hd__buf_2)
                                         _076_ (net)
                  0.15    0.00    2.58 ^ _251_/B (sky130_fd_sc_hd__and3b_1)
     1    0.00    0.06    0.18    2.76 ^ _251_/X (sky130_fd_sc_hd__and3b_1)
                                         _122_ (net)
                  0.06    0.00    2.76 ^ _252_/A (sky130_fd_sc_hd__clkbuf_1)
     1    0.01    0.08    0.11    2.87 ^ _252_/X (sky130_fd_sc_hd__clkbuf_1)
                                         _012_ (net)
                  0.08    0.00    2.87 ^ _351_/D (sky130_fd_sc_hd__dfrtp_1)
                                  2.87   data arrival time

                  0.00   10.00   10.00   clock core_clock (rise edge)
                          0.00   10.00   clock network delay (ideal)
                          0.00   10.00   clock reconvergence pessimism
                                 10.00 ^ _351_/CLK (sky130_fd_sc_hd__dfrtp_1)
                         -0.07    9.93   library setup time
                                  9.93   data required time
-----------------------------------------------------------------------------
                                  9.93   data required time
                                 -2.87   data arrival time
-----------------------------------------------------------------------------
                                  7.05   slack (MET)


Startpoint: _331_ (rising edge-triggered flip-flop clocked by core_clock)
Endpoint: _341_ (rising edge-triggered flip-flop clocked by core_clock)
Path Group: core_clock
Path Type: max

Fanout     Cap    Slew   Delay    Time   Description
-----------------------------------------------------------------------------
                  0.00    0.00    0.00   clock core_clock (rise edge)
                          0.00    0.00   clock network delay (ideal)
                  0.00    0.00    0.00 ^ _331_/CLK (sky130_fd_sc_hd__dfrtp_4)
     7    0.02    0.09    0.49    0.49 v _331_/Q (sky130_fd_sc_hd__dfrtp_4)
                                         one_second_counter[0] (net)
                  0.09    0.00    0.49 v _164_/D (sky130_fd_sc_hd__and4_2)
     6    0.02    0.08    0.30    0.79 v _164_/X (sky130_fd_sc_hd__and4_2)
                                         _156_ (net)
                  0.08    0.00    0.79 v _165_/D (sky130_fd_sc_hd__and4_2)
     6    0.02    0.07    0.29    1.08 v _165_/X (sky130_fd_sc_hd__and4_2)
                                         _157_ (net)
                  0.07    0.00    1.08 v _166_/B (sky130_fd_sc_hd__and2_1)
     5    0.02    0.09    0.22    1.29 v _166_/X (sky130_fd_sc_hd__and2_1)
                                         _158_ (net)
                  0.09    0.00    1.29 v _187_/A2 (sky130_fd_sc_hd__o31a_1)
     1    0.00    0.05    0.28    1.58 v _187_/X (sky130_fd_sc_hd__o31a_1)
                                         _072_ (net)
                  0.05    0.00    1.58 v _189_/B (sky130_fd_sc_hd__or3_2)
     1    0.01    0.10    0.49    2.07 v _189_/X (sky130_fd_sc_hd__or3_2)
                                         _074_ (net)
                  0.10    0.00    2.07 v _190_/B2 (sky130_fd_sc_hd__a22oi_4)
     9    0.03    0.26    0.26    2.33 ^ _190_/Y (sky130_fd_sc_hd__a22oi_4)
                                         _075_ (net)
                  0.26    0.00    2.33 ^ _199_/A (sky130_fd_sc_hd__buf_2)
    10    0.03    0.14    0.24    2.57 ^ _199_/X (sky130_fd_sc_hd__buf_2)
                                         _082_ (net)
                  0.14    0.00    2.58 ^ _211_/A (sky130_fd_sc_hd__and3_1)
     1    0.01    0.08    0.19    2.77 ^ _211_/X (sky130_fd_sc_hd__and3_1)
                                         _092_ (net)
                  0.08    0.00    2.77 ^ _212_/A (sky130_fd_sc_hd__clkbuf_1)
     1    0.00    0.06    0.10    2.87 ^ _212_/X (sky130_fd_sc_hd__clkbuf_1)
                                         _001_ (net)
                  0.06    0.00    2.87 ^ _341_/D (sky130_fd_sc_hd__dfrtp_2)
                                  2.87   data arrival time

                  0.00   10.00   10.00   clock core_clock (rise edge)
                          0.00   10.00   clock network delay (ideal)
                          0.00   10.00   clock reconvergence pessimism
                                 10.00 ^ _341_/CLK (sky130_fd_sc_hd__dfrtp_2)
                         -0.07    9.93   library setup time
                                  9.93   data required time
-----------------------------------------------------------------------------
                                  9.93   data required time
                                 -2.87   data arrival time
-----------------------------------------------------------------------------
                                  7.06   slack (MET)


Startpoint: _331_ (rising edge-triggered flip-flop clocked by core_clock)
Endpoint: _352_ (rising edge-triggered flip-flop clocked by core_clock)
Path Group: core_clock
Path Type: max

Fanout     Cap    Slew   Delay    Time   Description
-----------------------------------------------------------------------------
                  0.00    0.00    0.00   clock core_clock (rise edge)
                          0.00    0.00   clock network delay (ideal)
                  0.00    0.00    0.00 ^ _331_/CLK (sky130_fd_sc_hd__dfrtp_4)
     7    0.02    0.09    0.49    0.49 v _331_/Q (sky130_fd_sc_hd__dfrtp_4)
                                         one_second_counter[0] (net)
                  0.09    0.00    0.49 v _164_/D (sky130_fd_sc_hd__and4_2)
     6    0.02    0.08    0.30    0.79 v _164_/X (sky130_fd_sc_hd__and4_2)
                                         _156_ (net)
                  0.08    0.00    0.79 v _165_/D (sky130_fd_sc_hd__and4_2)
     6    0.02    0.07    0.29    1.08 v _165_/X (sky130_fd_sc_hd__and4_2)
                                         _157_ (net)
                  0.07    0.00    1.08 v _166_/B (sky130_fd_sc_hd__and2_1)
     5    0.02    0.09    0.22    1.29 v _166_/X (sky130_fd_sc_hd__and2_1)
                                         _158_ (net)
                  0.09    0.00    1.29 v _187_/A2 (sky130_fd_sc_hd__o31a_1)
     1    0.00    0.05    0.28    1.58 v _187_/X (sky130_fd_sc_hd__o31a_1)
                                         _072_ (net)
                  0.05    0.00    1.58 v _189_/B (sky130_fd_sc_hd__or3_2)
     1    0.01    0.10    0.49    2.07 v _189_/X (sky130_fd_sc_hd__or3_2)
                                         _074_ (net)
                  0.10    0.00    2.07 v _190_/B2 (sky130_fd_sc_hd__a22oi_4)
     9    0.03    0.26    0.26    2.33 ^ _190_/Y (sky130_fd_sc_hd__a22oi_4)
                                         _075_ (net)
                  0.26    0.00    2.33 ^ _199_/A (sky130_fd_sc_hd__buf_2)
    10    0.03    0.14    0.24    2.57 ^ _199_/X (sky130_fd_sc_hd__buf_2)
                                         _082_ (net)
                  0.14    0.00    2.57 ^ _255_/A (sky130_fd_sc_hd__and3_1)
     1    0.01    0.09    0.20    2.78 ^ _255_/X (sky130_fd_sc_hd__and3_1)
                                         _125_ (net)
                  0.09    0.00    2.78 ^ _256_/A (sky130_fd_sc_hd__clkbuf_1)
     1    0.00    0.04    0.09    2.87 ^ _256_/X (sky130_fd_sc_hd__clkbuf_1)
                                         _013_ (net)
                  0.04    0.00    2.87 ^ _352_/D (sky130_fd_sc_hd__dfrtp_2)
                                  2.87   data arrival time

                  0.00   10.00   10.00   clock core_clock (rise edge)
                          0.00   10.00   clock network delay (ideal)
                          0.00   10.00   clock reconvergence pessimism
                                 10.00 ^ _352_/CLK (sky130_fd_sc_hd__dfrtp_2)
                         -0.07    9.93   library setup time
                                  9.93   data required time
-----------------------------------------------------------------------------
                                  9.93   data required time
                                 -2.87   data arrival time
-----------------------------------------------------------------------------
                                  7.06   slack (MET)


Startpoint: _331_ (rising edge-triggered flip-flop clocked by core_clock)
Endpoint: _356_ (rising edge-triggered flip-flop clocked by core_clock)
Path Group: core_clock
Path Type: max

Fanout     Cap    Slew   Delay    Time   Description
-----------------------------------------------------------------------------
                  0.00    0.00    0.00   clock core_clock (rise edge)
                          0.00    0.00   clock network delay (ideal)
                  0.00    0.00    0.00 ^ _331_/CLK (sky130_fd_sc_hd__dfrtp_4)
     7    0.02    0.09    0.49    0.49 v _331_/Q (sky130_fd_sc_hd__dfrtp_4)
                                         one_second_counter[0] (net)
                  0.09    0.00    0.49 v _164_/D (sky130_fd_sc_hd__and4_2)
     6    0.02    0.08    0.30    0.79 v _164_/X (sky130_fd_sc_hd__and4_2)
                                         _156_ (net)
                  0.08    0.00    0.79 v _165_/D (sky130_fd_sc_hd__and4_2)
     6    0.02    0.07    0.29    1.08 v _165_/X (sky130_fd_sc_hd__and4_2)
                                         _157_ (net)
                  0.07    0.00    1.08 v _166_/B (sky130_fd_sc_hd__and2_1)
     5    0.02    0.09    0.22    1.29 v _166_/X (sky130_fd_sc_hd__and2_1)
                                         _158_ (net)
                  0.09    0.00    1.29 v _187_/A2 (sky130_fd_sc_hd__o31a_1)
     1    0.00    0.05    0.28    1.58 v _187_/X (sky130_fd_sc_hd__o31a_1)
                                         _072_ (net)
                  0.05    0.00    1.58 v _189_/B (sky130_fd_sc_hd__or3_2)
     1    0.01    0.10    0.49    2.07 v _189_/X (sky130_fd_sc_hd__or3_2)
                                         _074_ (net)
                  0.10    0.00    2.07 v _190_/B2 (sky130_fd_sc_hd__a22oi_4)
     9    0.03    0.26    0.26    2.33 ^ _190_/Y (sky130_fd_sc_hd__a22oi_4)
                                         _075_ (net)
                  0.26    0.00    2.33 ^ _199_/A (sky130_fd_sc_hd__buf_2)
    10    0.03    0.14    0.24    2.57 ^ _199_/X (sky130_fd_sc_hd__buf_2)
                                         _082_ (net)
                  0.14    0.00    2.57 ^ _271_/A (sky130_fd_sc_hd__and3_1)
     1    0.00    0.06    0.18    2.75 ^ _271_/X (sky130_fd_sc_hd__and3_1)
                                         _137_ (net)
                  0.06    0.00    2.75 ^ _272_/A (sky130_fd_sc_hd__clkbuf_1)
     1    0.01    0.08    0.11    2.86 ^ _272_/X (sky130_fd_sc_hd__clkbuf_1)
                                         _017_ (net)
                  0.08    0.00    2.86 ^ _356_/D (sky130_fd_sc_hd__dfrtp_4)
                                  2.86   data arrival time

                  0.00   10.00   10.00   clock core_clock (rise edge)
                          0.00   10.00   clock network delay (ideal)
                          0.00   10.00   clock reconvergence pessimism
                                 10.00 ^ _356_/CLK (sky130_fd_sc_hd__dfrtp_4)
                         -0.08    9.92   library setup time
                                  9.92   data required time
-----------------------------------------------------------------------------
                                  9.92   data required time
                                 -2.86   data arrival time
-----------------------------------------------------------------------------
                                  7.06   slack (MET)


Startpoint: _331_ (rising edge-triggered flip-flop clocked by core_clock)
Endpoint: _337_ (rising edge-triggered flip-flop clocked by core_clock)
Path Group: core_clock
Path Type: max

Fanout     Cap    Slew   Delay    Time   Description
-----------------------------------------------------------------------------
                  0.00    0.00    0.00   clock core_clock (rise edge)
                          0.00    0.00   clock network delay (ideal)
                  0.00    0.00    0.00 ^ _331_/CLK (sky130_fd_sc_hd__dfrtp_4)
     7    0.02    0.09    0.49    0.49 v _331_/Q (sky130_fd_sc_hd__dfrtp_4)
                                         one_second_counter[0] (net)
                  0.09    0.00    0.49 v _164_/D (sky130_fd_sc_hd__and4_2)
     6    0.02    0.08    0.30    0.79 v _164_/X (sky130_fd_sc_hd__and4_2)
                                         _156_ (net)
                  0.08    0.00    0.79 v _165_/D (sky130_fd_sc_hd__and4_2)
     6    0.02    0.07    0.29    1.08 v _165_/X (sky130_fd_sc_hd__and4_2)
                                         _157_ (net)
                  0.07    0.00    1.08 v _166_/B (sky130_fd_sc_hd__and2_1)
     5    0.02    0.09    0.22    1.29 v _166_/X (sky130_fd_sc_hd__and2_1)
                                         _158_ (net)
                  0.09    0.00    1.29 v _187_/A2 (sky130_fd_sc_hd__o31a_1)
     1    0.00    0.05    0.28    1.58 v _187_/X (sky130_fd_sc_hd__o31a_1)
                                         _072_ (net)
                  0.05    0.00    1.58 v _189_/B (sky130_fd_sc_hd__or3_2)
     1    0.01    0.10    0.49    2.07 v _189_/X (sky130_fd_sc_hd__or3_2)
                                         _074_ (net)
                  0.10    0.00    2.07 v _190_/B2 (sky130_fd_sc_hd__a22oi_4)
     9    0.03    0.26    0.26    2.33 ^ _190_/Y (sky130_fd_sc_hd__a22oi_4)
                                         _075_ (net)
                  0.26    0.00    2.33 ^ _191_/A (sky130_fd_sc_hd__buf_2)
    10    0.03    0.15    0.25    2.58 ^ _191_/X (sky130_fd_sc_hd__buf_2)
                                         _076_ (net)
                  0.15    0.00    2.58 ^ _194_/B (sky130_fd_sc_hd__and3b_1)
     1    0.00    0.06    0.18    2.76 ^ _194_/X (sky130_fd_sc_hd__and3b_1)
                                         _079_ (net)
                  0.06    0.00    2.76 ^ _195_/A (sky130_fd_sc_hd__clkbuf_1)
     1    0.01    0.07    0.11    2.86 ^ _195_/X (sky130_fd_sc_hd__clkbuf_1)
                                         _023_ (net)
                  0.07    0.00    2.86 ^ _337_/D (sky130_fd_sc_hd__dfrtp_1)
                                  2.86   data arrival time

                  0.00   10.00   10.00   clock core_clock (rise edge)
                          0.00   10.00   clock network delay (ideal)
                          0.00   10.00   clock reconvergence pessimism
                                 10.00 ^ _337_/CLK (sky130_fd_sc_hd__dfrtp_1)
                         -0.07    9.93   library setup time
                                  9.93   data required time
-----------------------------------------------------------------------------
                                  9.93   data required time
                                 -2.86   data arrival time
-----------------------------------------------------------------------------
                                  7.06   slack (MET)


Startpoint: _331_ (rising edge-triggered flip-flop clocked by core_clock)
Endpoint: _355_ (rising edge-triggered flip-flop clocked by core_clock)
Path Group: core_clock
Path Type: max

Fanout     Cap    Slew   Delay    Time   Description
-----------------------------------------------------------------------------
                  0.00    0.00    0.00   clock core_clock (rise edge)
                          0.00    0.00   clock network delay (ideal)
                  0.00    0.00    0.00 ^ _331_/CLK (sky130_fd_sc_hd__dfrtp_4)
     7    0.02    0.09    0.49    0.49 v _331_/Q (sky130_fd_sc_hd__dfrtp_4)
                                         one_second_counter[0] (net)
                  0.09    0.00    0.49 v _164_/D (sky130_fd_sc_hd__and4_2)
     6    0.02    0.08    0.30    0.79 v _164_/X (sky130_fd_sc_hd__and4_2)
                                         _156_ (net)
                  0.08    0.00    0.79 v _165_/D (sky130_fd_sc_hd__and4_2)
     6    0.02    0.07    0.29    1.08 v _165_/X (sky130_fd_sc_hd__and4_2)
                                         _157_ (net)
                  0.07    0.00    1.08 v _166_/B (sky130_fd_sc_hd__and2_1)
     5    0.02    0.09    0.22    1.29 v _166_/X (sky130_fd_sc_hd__and2_1)
                                         _158_ (net)
                  0.09    0.00    1.29 v _187_/A2 (sky130_fd_sc_hd__o31a_1)
     1    0.00    0.05    0.28    1.58 v _187_/X (sky130_fd_sc_hd__o31a_1)
                                         _072_ (net)
                  0.05    0.00    1.58 v _189_/B (sky130_fd_sc_hd__or3_2)
     1    0.01    0.10    0.49    2.07 v _189_/X (sky130_fd_sc_hd__or3_2)
                                         _074_ (net)
                  0.10    0.00    2.07 v _190_/B2 (sky130_fd_sc_hd__a22oi_4)
     9    0.03    0.26    0.26    2.33 ^ _190_/Y (sky130_fd_sc_hd__a22oi_4)
                                         _075_ (net)
                  0.26    0.00    2.33 ^ _199_/A (sky130_fd_sc_hd__buf_2)
    10    0.03    0.14    0.24    2.57 ^ _199_/X (sky130_fd_sc_hd__buf_2)
                                         _082_ (net)
                  0.14    0.00    2.57 ^ _267_/A (sky130_fd_sc_hd__and3_1)
     1    0.01    0.07    0.18    2.76 ^ _267_/X (sky130_fd_sc_hd__and3_1)
                                         _134_ (net)
                  0.07    0.00    2.76 ^ _268_/A (sky130_fd_sc_hd__clkbuf_1)
     1    0.00    0.05    0.10    2.85 ^ _268_/X (sky130_fd_sc_hd__clkbuf_1)
                                         _016_ (net)
                  0.05    0.00    2.85 ^ _355_/D (sky130_fd_sc_hd__dfrtp_2)
                                  2.85   data arrival time

                  0.00   10.00   10.00   clock core_clock (rise edge)
                          0.00   10.00   clock network delay (ideal)
                          0.00   10.00   clock reconvergence pessimism
                                 10.00 ^ _355_/CLK (sky130_fd_sc_hd__dfrtp_2)
                         -0.07    9.93   library setup time
                                  9.93   data required time
-----------------------------------------------------------------------------
                                  9.93   data required time
                                 -2.85   data arrival time
-----------------------------------------------------------------------------
                                  7.07   slack (MET)


Startpoint: _331_ (rising edge-triggered flip-flop clocked by core_clock)
Endpoint: _338_ (rising edge-triggered flip-flop clocked by core_clock)
Path Group: core_clock
Path Type: max

Fanout     Cap    Slew   Delay    Time   Description
-----------------------------------------------------------------------------
                  0.00    0.00    0.00   clock core_clock (rise edge)
                          0.00    0.00   clock network delay (ideal)
                  0.00    0.00    0.00 ^ _331_/CLK (sky130_fd_sc_hd__dfrtp_4)
     7    0.02    0.09    0.49    0.49 v _331_/Q (sky130_fd_sc_hd__dfrtp_4)
                                         one_second_counter[0] (net)
                  0.09    0.00    0.49 v _164_/D (sky130_fd_sc_hd__and4_2)
     6    0.02    0.08    0.30    0.79 v _164_/X (sky130_fd_sc_hd__and4_2)
                                         _156_ (net)
                  0.08    0.00    0.79 v _165_/D (sky130_fd_sc_hd__and4_2)
     6    0.02    0.07    0.29    1.08 v _165_/X (sky130_fd_sc_hd__and4_2)
                                         _157_ (net)
                  0.07    0.00    1.08 v _166_/B (sky130_fd_sc_hd__and2_1)
     5    0.02    0.09    0.22    1.29 v _166_/X (sky130_fd_sc_hd__and2_1)
                                         _158_ (net)
                  0.09    0.00    1.29 v _187_/A2 (sky130_fd_sc_hd__o31a_1)
     1    0.00    0.05    0.28    1.58 v _187_/X (sky130_fd_sc_hd__o31a_1)
                                         _072_ (net)
                  0.05    0.00    1.58 v _189_/B (sky130_fd_sc_hd__or3_2)
     1    0.01    0.10    0.49    2.07 v _189_/X (sky130_fd_sc_hd__or3_2)
                                         _074_ (net)
                  0.10    0.00    2.07 v _190_/B2 (sky130_fd_sc_hd__a22oi_4)
     9    0.03    0.26    0.26    2.33 ^ _190_/Y (sky130_fd_sc_hd__a22oi_4)
                                         _075_ (net)
                  0.26    0.00    2.33 ^ _191_/A (sky130_fd_sc_hd__buf_2)
    10    0.03    0.15    0.25    2.58 ^ _191_/X (sky130_fd_sc_hd__buf_2)
                                         _076_ (net)
                  0.15    0.00    2.58 ^ _197_/B (sky130_fd_sc_hd__and3b_1)
     1    0.00    0.06    0.18    2.76 ^ _197_/X (sky130_fd_sc_hd__and3b_1)
                                         _081_ (net)
                  0.06    0.00    2.76 ^ _198_/A (sky130_fd_sc_hd__clkbuf_1)
     1    0.00    0.05    0.09    2.85 ^ _198_/X (sky130_fd_sc_hd__clkbuf_1)
                                         _024_ (net)
                  0.05    0.00    2.85 ^ _338_/D (sky130_fd_sc_hd__dfrtp_1)
                                  2.85   data arrival time

                  0.00   10.00   10.00   clock core_clock (rise edge)
                          0.00   10.00   clock network delay (ideal)
                          0.00   10.00   clock reconvergence pessimism
                                 10.00 ^ _338_/CLK (sky130_fd_sc_hd__dfrtp_1)
                         -0.07    9.93   library setup time
                                  9.93   data required time
-----------------------------------------------------------------------------
                                  9.93   data required time
                                 -2.85   data arrival time
-----------------------------------------------------------------------------
                                  7.08   slack (MET)


Startpoint: _331_ (rising edge-triggered flip-flop clocked by core_clock)
Endpoint: _331_ (rising edge-triggered flip-flop clocked by core_clock)
Path Group: core_clock
Path Type: max

Fanout     Cap    Slew   Delay    Time   Description
-----------------------------------------------------------------------------
                  0.00    0.00    0.00   clock core_clock (rise edge)
                          0.00    0.00   clock network delay (ideal)
                  0.00    0.00    0.00 ^ _331_/CLK (sky130_fd_sc_hd__dfrtp_4)
     7    0.02    0.09    0.49    0.49 v _331_/Q (sky130_fd_sc_hd__dfrtp_4)
                                         one_second_counter[0] (net)
                  0.09    0.00    0.49 v _164_/D (sky130_fd_sc_hd__and4_2)
     6    0.02    0.08    0.30    0.79 v _164_/X (sky130_fd_sc_hd__and4_2)
                                         _156_ (net)
                  0.08    0.00    0.79 v _165_/D (sky130_fd_sc_hd__and4_2)
     6    0.02    0.07    0.29    1.08 v _165_/X (sky130_fd_sc_hd__and4_2)
                                         _157_ (net)
                  0.07    0.00    1.08 v _166_/B (sky130_fd_sc_hd__and2_1)
     5    0.02    0.09    0.22    1.29 v _166_/X (sky130_fd_sc_hd__and2_1)
                                         _158_ (net)
                  0.09    0.00    1.29 v _187_/A2 (sky130_fd_sc_hd__o31a_1)
     1    0.00    0.05    0.28    1.58 v _187_/X (sky130_fd_sc_hd__o31a_1)
                                         _072_ (net)
                  0.05    0.00    1.58 v _189_/B (sky130_fd_sc_hd__or3_2)
     1    0.01    0.10    0.49    2.07 v _189_/X (sky130_fd_sc_hd__or3_2)
                                         _074_ (net)
                  0.10    0.00    2.07 v _190_/B2 (sky130_fd_sc_hd__a22oi_4)
     9    0.03    0.26    0.26    2.33 ^ _190_/Y (sky130_fd_sc_hd__a22oi_4)
                                         _075_ (net)
                  0.26    0.00    2.33 ^ _199_/A (sky130_fd_sc_hd__buf_2)
    10    0.03    0.14    0.24    2.57 ^ _199_/X (sky130_fd_sc_hd__buf_2)
                                         _082_ (net)
                  0.14    0.00    2.57 ^ _275_/B (sky130_fd_sc_hd__and2b_1)
     1    0.00    0.04    0.14    2.71 ^ _275_/X (sky130_fd_sc_hd__and2b_1)
                                         _139_ (net)
                  0.04    0.00    2.71 ^ _276_/A (sky130_fd_sc_hd__buf_1)
     1    0.01    0.10    0.12    2.83 ^ _276_/X (sky130_fd_sc_hd__buf_1)
                                         _000_ (net)
                  0.10    0.00    2.83 ^ _331_/D (sky130_fd_sc_hd__dfrtp_4)
                                  2.83   data arrival time

                  0.00   10.00   10.00   clock core_clock (rise edge)
                          0.00   10.00   clock network delay (ideal)
                          0.00   10.00   clock reconvergence pessimism
                                 10.00 ^ _331_/CLK (sky130_fd_sc_hd__dfrtp_4)
                         -0.08    9.92   library setup time
                                  9.92   data required time
-----------------------------------------------------------------------------
                                  9.92   data required time
                                 -2.83   data arrival time
-----------------------------------------------------------------------------
                                  7.09   slack (MET)


Startpoint: _331_ (rising edge-triggered flip-flop clocked by core_clock)
Endpoint: _357_ (rising edge-triggered flip-flop clocked by core_clock)
Path Group: core_clock
Path Type: max

Fanout     Cap    Slew   Delay    Time   Description
-----------------------------------------------------------------------------
                  0.00    0.00    0.00   clock core_clock (rise edge)
                          0.00    0.00   clock network delay (ideal)
                  0.00    0.00    0.00 ^ _331_/CLK (sky130_fd_sc_hd__dfrtp_4)
     7    0.02    0.09    0.49    0.49 v _331_/Q (sky130_fd_sc_hd__dfrtp_4)
                                         one_second_counter[0] (net)
                  0.09    0.00    0.49 v _164_/D (sky130_fd_sc_hd__and4_2)
     6    0.02    0.08    0.30    0.79 v _164_/X (sky130_fd_sc_hd__and4_2)
                                         _156_ (net)
                  0.08    0.00    0.79 v _165_/D (sky130_fd_sc_hd__and4_2)
     6    0.02    0.07    0.29    1.08 v _165_/X (sky130_fd_sc_hd__and4_2)
                                         _157_ (net)
                  0.07    0.00    1.08 v _166_/B (sky130_fd_sc_hd__and2_1)
     5    0.02    0.09    0.22    1.29 v _166_/X (sky130_fd_sc_hd__and2_1)
                                         _158_ (net)
                  0.09    0.00    1.29 v _187_/A2 (sky130_fd_sc_hd__o31a_1)
     1    0.00    0.05    0.28    1.58 v _187_/X (sky130_fd_sc_hd__o31a_1)
                                         _072_ (net)
                  0.05    0.00    1.58 v _189_/B (sky130_fd_sc_hd__or3_2)
     1    0.01    0.10    0.49    2.07 v _189_/X (sky130_fd_sc_hd__or3_2)
                                         _074_ (net)
                  0.10    0.00    2.07 v _190_/B2 (sky130_fd_sc_hd__a22oi_4)
     9    0.03    0.26    0.26    2.33 ^ _190_/Y (sky130_fd_sc_hd__a22oi_4)
                                         _075_ (net)
                  0.26    0.00    2.33 ^ _199_/A (sky130_fd_sc_hd__buf_2)
    10    0.03    0.14    0.24    2.57 ^ _199_/X (sky130_fd_sc_hd__buf_2)
                                         _082_ (net)
                  0.14    0.00    2.57 ^ _274_/B1_N (sky130_fd_sc_hd__a21boi_1)
     1    0.00    0.10    0.17    2.74 ^ _274_/Y (sky130_fd_sc_hd__a21boi_1)
                                         _018_ (net)
                  0.10    0.00    2.74 ^ _357_/D (sky130_fd_sc_hd__dfrtp_4)
                                  2.74   data arrival time

                  0.00   10.00   10.00   clock core_clock (rise edge)
                          0.00   10.00   clock network delay (ideal)
                          0.00   10.00   clock reconvergence pessimism
                                 10.00 ^ _357_/CLK (sky130_fd_sc_hd__dfrtp_4)
                         -0.08    9.92   library setup time
                                  9.92   data required time
-----------------------------------------------------------------------------
                                  9.92   data required time
                                 -2.74   data arrival time
-----------------------------------------------------------------------------
                                  7.17   slack (MET)


Startpoint: _331_ (rising edge-triggered flip-flop clocked by core_clock)
Endpoint: _345_ (rising edge-triggered flip-flop clocked by core_clock)
Path Group: core_clock
Path Type: max

Fanout     Cap    Slew   Delay    Time   Description
-----------------------------------------------------------------------------
                  0.00    0.00    0.00   clock core_clock (rise edge)
                          0.00    0.00   clock network delay (ideal)
                  0.00    0.00    0.00 ^ _331_/CLK (sky130_fd_sc_hd__dfrtp_4)
     7    0.02    0.09    0.49    0.49 v _331_/Q (sky130_fd_sc_hd__dfrtp_4)
                                         one_second_counter[0] (net)
                  0.09    0.00    0.49 v _164_/D (sky130_fd_sc_hd__and4_2)
     6    0.02    0.08    0.30    0.79 v _164_/X (sky130_fd_sc_hd__and4_2)
                                         _156_ (net)
                  0.08    0.00    0.79 v _165_/D (sky130_fd_sc_hd__and4_2)
     6    0.02    0.07    0.29    1.08 v _165_/X (sky130_fd_sc_hd__and4_2)
                                         _157_ (net)
                  0.07    0.00    1.08 v _166_/B (sky130_fd_sc_hd__and2_1)
     5    0.02    0.09    0.22    1.29 v _166_/X (sky130_fd_sc_hd__and2_1)
                                         _158_ (net)
                  0.09    0.00    1.29 v _187_/A2 (sky130_fd_sc_hd__o31a_1)
     1    0.00    0.05    0.28    1.58 v _187_/X (sky130_fd_sc_hd__o31a_1)
                                         _072_ (net)
                  0.05    0.00    1.58 v _189_/B (sky130_fd_sc_hd__or3_2)
     1    0.01    0.10    0.49    2.07 v _189_/X (sky130_fd_sc_hd__or3_2)
                                         _074_ (net)
                  0.10    0.00    2.07 v _190_/B2 (sky130_fd_sc_hd__a22oi_4)
     9    0.03    0.26    0.26    2.33 ^ _190_/Y (sky130_fd_sc_hd__a22oi_4)
                                         _075_ (net)
                  0.26    0.00    2.33 ^ _199_/A (sky130_fd_sc_hd__buf_2)
    10    0.03    0.14    0.24    2.57 ^ _199_/X (sky130_fd_sc_hd__buf_2)
                                         _082_ (net)
                  0.14    0.00    2.57 ^ _227_/C1 (sky130_fd_sc_hd__o211a_1)
     1    0.01    0.06    0.17    2.75 ^ _227_/X (sky130_fd_sc_hd__o211a_1)
                                         _005_ (net)
                  0.06    0.00    2.75 ^ _345_/D (sky130_fd_sc_hd__dfrtp_1)
                                  2.75   data arrival time

                  0.00   10.00   10.00   clock core_clock (rise edge)
                          0.00   10.00   clock network delay (ideal)
                          0.00   10.00   clock reconvergence pessimism
                                 10.00 ^ _345_/CLK (sky130_fd_sc_hd__dfrtp_1)
                         -0.07    9.93   library setup time
                                  9.93   data required time
-----------------------------------------------------------------------------
                                  9.93   data required time
                                 -2.75   data arrival time
-----------------------------------------------------------------------------
                                  7.18   slack (MET)


Startpoint: _331_ (rising edge-triggered flip-flop clocked by core_clock)
Endpoint: _347_ (rising edge-triggered flip-flop clocked by core_clock)
Path Group: core_clock
Path Type: max

Fanout     Cap    Slew   Delay    Time   Description
-----------------------------------------------------------------------------
                  0.00    0.00    0.00   clock core_clock (rise edge)
                          0.00    0.00   clock network delay (ideal)
                  0.00    0.00    0.00 ^ _331_/CLK (sky130_fd_sc_hd__dfrtp_4)
     7    0.02    0.09    0.49    0.49 v _331_/Q (sky130_fd_sc_hd__dfrtp_4)
                                         one_second_counter[0] (net)
                  0.09    0.00    0.49 v _164_/D (sky130_fd_sc_hd__and4_2)
     6    0.02    0.08    0.30    0.79 v _164_/X (sky130_fd_sc_hd__and4_2)
                                         _156_ (net)
                  0.08    0.00    0.79 v _165_/D (sky130_fd_sc_hd__and4_2)
     6    0.02    0.07    0.29    1.08 v _165_/X (sky130_fd_sc_hd__and4_2)
                                         _157_ (net)
                  0.07    0.00    1.08 v _166_/B (sky130_fd_sc_hd__and2_1)
     5    0.02    0.09    0.22    1.29 v _166_/X (sky130_fd_sc_hd__and2_1)
                                         _158_ (net)
                  0.09    0.00    1.29 v _187_/A2 (sky130_fd_sc_hd__o31a_1)
     1    0.00    0.05    0.28    1.58 v _187_/X (sky130_fd_sc_hd__o31a_1)
                                         _072_ (net)
                  0.05    0.00    1.58 v _189_/B (sky130_fd_sc_hd__or3_2)
     1    0.01    0.10    0.49    2.07 v _189_/X (sky130_fd_sc_hd__or3_2)
                                         _074_ (net)
                  0.10    0.00    2.07 v _190_/B2 (sky130_fd_sc_hd__a22oi_4)
     9    0.03    0.26    0.26    2.33 ^ _190_/Y (sky130_fd_sc_hd__a22oi_4)
                                         _075_ (net)
                  0.26    0.00    2.33 ^ _235_/C (sky130_fd_sc_hd__and3b_1)
     1    0.01    0.08    0.22    2.55 ^ _235_/X (sky130_fd_sc_hd__and3b_1)
                                         _110_ (net)
                  0.08    0.00    2.55 ^ _236_/A (sky130_fd_sc_hd__buf_1)
     1    0.01    0.12    0.14    2.69 ^ _236_/X (sky130_fd_sc_hd__buf_1)
                                         _007_ (net)
                  0.12    0.00    2.69 ^ _347_/D (sky130_fd_sc_hd__dfrtp_1)
                                  2.69   data arrival time

                  0.00   10.00   10.00   clock core_clock (rise edge)
                          0.00   10.00   clock network delay (ideal)
                          0.00   10.00   clock reconvergence pessimism
                                 10.00 ^ _347_/CLK (sky130_fd_sc_hd__dfrtp_1)
                         -0.08    9.92   library setup time
                                  9.92   data required time
-----------------------------------------------------------------------------
                                  9.92   data required time
                                 -2.69   data arrival time
-----------------------------------------------------------------------------
                                  7.23   slack (MET)


Startpoint: _331_ (rising edge-triggered flip-flop clocked by core_clock)
Endpoint: _343_ (rising edge-triggered flip-flop clocked by core_clock)
Path Group: core_clock
Path Type: max

Fanout     Cap    Slew   Delay    Time   Description
-----------------------------------------------------------------------------
                  0.00    0.00    0.00   clock core_clock (rise edge)
                          0.00    0.00   clock network delay (ideal)
                  0.00    0.00    0.00 ^ _331_/CLK (sky130_fd_sc_hd__dfrtp_4)
     7    0.02    0.09    0.49    0.49 v _331_/Q (sky130_fd_sc_hd__dfrtp_4)
                                         one_second_counter[0] (net)
                  0.09    0.00    0.49 v _164_/D (sky130_fd_sc_hd__and4_2)
     6    0.02    0.08    0.30    0.79 v _164_/X (sky130_fd_sc_hd__and4_2)
                                         _156_ (net)
                  0.08    0.00    0.79 v _165_/D (sky130_fd_sc_hd__and4_2)
     6    0.02    0.07    0.29    1.08 v _165_/X (sky130_fd_sc_hd__and4_2)
                                         _157_ (net)
                  0.07    0.00    1.08 v _166_/B (sky130_fd_sc_hd__and2_1)
     5    0.02    0.09    0.22    1.29 v _166_/X (sky130_fd_sc_hd__and2_1)
                                         _158_ (net)
                  0.09    0.00    1.29 v _187_/A2 (sky130_fd_sc_hd__o31a_1)
     1    0.00    0.05    0.28    1.58 v _187_/X (sky130_fd_sc_hd__o31a_1)
                                         _072_ (net)
                  0.05    0.00    1.58 v _189_/B (sky130_fd_sc_hd__or3_2)
     1    0.01    0.10    0.49    2.07 v _189_/X (sky130_fd_sc_hd__or3_2)
                                         _074_ (net)
                  0.10    0.00    2.07 v _190_/B2 (sky130_fd_sc_hd__a22oi_4)
     9    0.03    0.26    0.26    2.33 ^ _190_/Y (sky130_fd_sc_hd__a22oi_4)
                                         _075_ (net)
                  0.26    0.00    2.33 ^ _220_/C (sky130_fd_sc_hd__and3b_1)
     1    0.00    0.07    0.21    2.54 ^ _220_/X (sky130_fd_sc_hd__and3b_1)
                                         _099_ (net)
                  0.07    0.00    2.54 ^ _221_/A (sky130_fd_sc_hd__buf_1)
     1    0.01    0.09    0.12    2.66 ^ _221_/X (sky130_fd_sc_hd__buf_1)
                                         _003_ (net)
                  0.09    0.00    2.66 ^ _343_/D (sky130_fd_sc_hd__dfrtp_4)
                                  2.66   data arrival time

                  0.00   10.00   10.00   clock core_clock (rise edge)
                          0.00   10.00   clock network delay (ideal)
                          0.00   10.00   clock reconvergence pessimism
                                 10.00 ^ _343_/CLK (sky130_fd_sc_hd__dfrtp_4)
                         -0.08    9.92   library setup time
                                  9.92   data required time
-----------------------------------------------------------------------------
                                  9.92   data required time
                                 -2.66   data arrival time
-----------------------------------------------------------------------------
                                  7.26   slack (MET)


Startpoint: _331_ (rising edge-triggered flip-flop clocked by core_clock)
Endpoint: _336_ (rising edge-triggered flip-flop clocked by core_clock)
Path Group: core_clock
Path Type: max

Fanout     Cap    Slew   Delay    Time   Description
-----------------------------------------------------------------------------
                  0.00    0.00    0.00   clock core_clock (rise edge)
                          0.00    0.00   clock network delay (ideal)
                  0.00    0.00    0.00 ^ _331_/CLK (sky130_fd_sc_hd__dfrtp_4)
     7    0.02    0.09    0.49    0.49 v _331_/Q (sky130_fd_sc_hd__dfrtp_4)
                                         one_second_counter[0] (net)
                  0.09    0.00    0.49 v _164_/D (sky130_fd_sc_hd__and4_2)
     6    0.02    0.08    0.30    0.79 v _164_/X (sky130_fd_sc_hd__and4_2)
                                         _156_ (net)
                  0.08    0.00    0.79 v _165_/D (sky130_fd_sc_hd__and4_2)
     6    0.02    0.07    0.29    1.08 v _165_/X (sky130_fd_sc_hd__and4_2)
                                         _157_ (net)
                  0.07    0.00    1.08 v _166_/B (sky130_fd_sc_hd__and2_1)
     5    0.02    0.09    0.22    1.29 v _166_/X (sky130_fd_sc_hd__and2_1)
                                         _158_ (net)
                  0.09    0.00    1.29 v _187_/A2 (sky130_fd_sc_hd__o31a_1)
     1    0.00    0.05    0.28    1.58 v _187_/X (sky130_fd_sc_hd__o31a_1)
                                         _072_ (net)
                  0.05    0.00    1.58 v _189_/B (sky130_fd_sc_hd__or3_2)
     1    0.01    0.10    0.49    2.07 v _189_/X (sky130_fd_sc_hd__or3_2)
                                         _074_ (net)
                  0.10    0.00    2.07 v _190_/B2 (sky130_fd_sc_hd__a22oi_4)
     9    0.03    0.26    0.26    2.33 ^ _190_/Y (sky130_fd_sc_hd__a22oi_4)
                                         _075_ (net)
                  0.26    0.00    2.33 ^ _293_/B (sky130_fd_sc_hd__and3b_1)
     1    0.00    0.05    0.20    2.53 ^ _293_/X (sky130_fd_sc_hd__and3b_1)
                                         _152_ (net)
                  0.05    0.00    2.53 ^ _294_/A (sky130_fd_sc_hd__buf_1)
     1    0.01    0.10    0.13    2.66 ^ _294_/X (sky130_fd_sc_hd__buf_1)
                                         _022_ (net)
                  0.10    0.00    2.66 ^ _336_/D (sky130_fd_sc_hd__dfrtp_1)
                                  2.66   data arrival time

                  0.00   10.00   10.00   clock core_clock (rise edge)
                          0.00   10.00   clock network delay (ideal)
                          0.00   10.00   clock reconvergence pessimism
                                 10.00 ^ _336_/CLK (sky130_fd_sc_hd__dfrtp_1)
                         -0.08    9.92   library setup time
                                  9.92   data required time
-----------------------------------------------------------------------------
                                  9.92   data required time
                                 -2.66   data arrival time
-----------------------------------------------------------------------------
                                  7.26   slack (MET)


Startpoint: _331_ (rising edge-triggered flip-flop clocked by core_clock)
Endpoint: _354_ (rising edge-triggered flip-flop clocked by core_clock)
Path Group: core_clock
Path Type: max

Fanout     Cap    Slew   Delay    Time   Description
-----------------------------------------------------------------------------
                  0.00    0.00    0.00   clock core_clock (rise edge)
                          0.00    0.00   clock network delay (ideal)
                  0.00    0.00    0.00 ^ _331_/CLK (sky130_fd_sc_hd__dfrtp_4)
     7    0.02    0.09    0.49    0.49 v _331_/Q (sky130_fd_sc_hd__dfrtp_4)
                                         one_second_counter[0] (net)
                  0.09    0.00    0.49 v _164_/D (sky130_fd_sc_hd__and4_2)
     6    0.02    0.08    0.30    0.79 v _164_/X (sky130_fd_sc_hd__and4_2)
                                         _156_ (net)
                  0.08    0.00    0.79 v _165_/D (sky130_fd_sc_hd__and4_2)
     6    0.02    0.07    0.29    1.08 v _165_/X (sky130_fd_sc_hd__and4_2)
                                         _157_ (net)
                  0.07    0.00    1.08 v _166_/B (sky130_fd_sc_hd__and2_1)
     5    0.02    0.09    0.22    1.29 v _166_/X (sky130_fd_sc_hd__and2_1)
                                         _158_ (net)
                  0.09    0.00    1.29 v _187_/A2 (sky130_fd_sc_hd__o31a_1)
     1    0.00    0.05    0.28    1.58 v _187_/X (sky130_fd_sc_hd__o31a_1)
                                         _072_ (net)
                  0.05    0.00    1.58 v _189_/B (sky130_fd_sc_hd__or3_2)
     1    0.01    0.10    0.49    2.07 v _189_/X (sky130_fd_sc_hd__or3_2)
                                         _074_ (net)
                  0.10    0.00    2.07 v _190_/B2 (sky130_fd_sc_hd__a22oi_4)
     9    0.03    0.26    0.26    2.33 ^ _190_/Y (sky130_fd_sc_hd__a22oi_4)
                                         _075_ (net)
                  0.26    0.00    2.33 ^ _263_/B (sky130_fd_sc_hd__and3b_1)
     1    0.00    0.06    0.21    2.54 ^ _263_/X (sky130_fd_sc_hd__and3b_1)
                                         _131_ (net)
                  0.06    0.00    2.54 ^ _264_/A (sky130_fd_sc_hd__clkbuf_1)
     1    0.00    0.06    0.10    2.64 ^ _264_/X (sky130_fd_sc_hd__clkbuf_1)
                                         _015_ (net)
                  0.06    0.00    2.64 ^ _354_/D (sky130_fd_sc_hd__dfrtp_1)
                                  2.64   data arrival time

                  0.00   10.00   10.00   clock core_clock (rise edge)
                          0.00   10.00   clock network delay (ideal)
                          0.00   10.00   clock reconvergence pessimism
                                 10.00 ^ _354_/CLK (sky130_fd_sc_hd__dfrtp_1)
                         -0.07    9.93   library setup time
                                  9.93   data required time
-----------------------------------------------------------------------------
                                  9.93   data required time
                                 -2.64   data arrival time
-----------------------------------------------------------------------------
                                  7.29   slack (MET)


Startpoint: _331_ (rising edge-triggered flip-flop clocked by core_clock)
Endpoint: _340_ (rising edge-triggered flip-flop clocked by core_clock)
Path Group: core_clock
Path Type: max

Fanout     Cap    Slew   Delay    Time   Description
-----------------------------------------------------------------------------
                  0.00    0.00    0.00   clock core_clock (rise edge)
                          0.00    0.00   clock network delay (ideal)
                  0.00    0.00    0.00 ^ _331_/CLK (sky130_fd_sc_hd__dfrtp_4)
     7    0.02    0.09    0.49    0.49 v _331_/Q (sky130_fd_sc_hd__dfrtp_4)
                                         one_second_counter[0] (net)
                  0.09    0.00    0.49 v _164_/D (sky130_fd_sc_hd__and4_2)
     6    0.02    0.08    0.30    0.79 v _164_/X (sky130_fd_sc_hd__and4_2)
                                         _156_ (net)
                  0.08    0.00    0.79 v _165_/D (sky130_fd_sc_hd__and4_2)
     6    0.02    0.07    0.29    1.08 v _165_/X (sky130_fd_sc_hd__and4_2)
                                         _157_ (net)
                  0.07    0.00    1.08 v _166_/B (sky130_fd_sc_hd__and2_1)
     5    0.02    0.09    0.22    1.29 v _166_/X (sky130_fd_sc_hd__and2_1)
                                         _158_ (net)
                  0.09    0.00    1.29 v _187_/A2 (sky130_fd_sc_hd__o31a_1)
     1    0.00    0.05    0.28    1.58 v _187_/X (sky130_fd_sc_hd__o31a_1)
                                         _072_ (net)
                  0.05    0.00    1.58 v _189_/B (sky130_fd_sc_hd__or3_2)
     1    0.01    0.10    0.49    2.07 v _189_/X (sky130_fd_sc_hd__or3_2)
                                         _074_ (net)
                  0.10    0.00    2.07 v _190_/B2 (sky130_fd_sc_hd__a22oi_4)
     9    0.03    0.26    0.26    2.33 ^ _190_/Y (sky130_fd_sc_hd__a22oi_4)
                                         _075_ (net)
                  0.26    0.00    2.33 ^ _207_/C (sky130_fd_sc_hd__and3b_1)
     1    0.00    0.05    0.20    2.53 ^ _207_/X (sky130_fd_sc_hd__and3b_1)
                                         _089_ (net)
                  0.05    0.00    2.53 ^ _208_/A (sky130_fd_sc_hd__clkbuf_1)
     1    0.01    0.07    0.10    2.63 ^ _208_/X (sky130_fd_sc_hd__clkbuf_1)
                                         _026_ (net)
                  0.07    0.00    2.63 ^ _340_/D (sky130_fd_sc_hd__dfrtp_1)
                                  2.63   data arrival time

                  0.00   10.00   10.00   clock core_clock (rise edge)
                          0.00   10.00   clock network delay (ideal)
                          0.00   10.00   clock reconvergence pessimism
                                 10.00 ^ _340_/CLK (sky130_fd_sc_hd__dfrtp_1)
                         -0.07    9.93   library setup time
                                  9.93   data required time
-----------------------------------------------------------------------------
                                  9.93   data required time
                                 -2.63   data arrival time
-----------------------------------------------------------------------------
                                  7.30   slack (MET)


Startpoint: _331_ (rising edge-triggered flip-flop clocked by core_clock)
Endpoint: _334_ (rising edge-triggered flip-flop clocked by core_clock)
Path Group: core_clock
Path Type: max

Fanout     Cap    Slew   Delay    Time   Description
-----------------------------------------------------------------------------
                  0.00    0.00    0.00   clock core_clock (rise edge)
                          0.00    0.00   clock network delay (ideal)
                  0.00    0.00    0.00 ^ _331_/CLK (sky130_fd_sc_hd__dfrtp_4)
     7    0.02    0.09    0.49    0.49 v _331_/Q (sky130_fd_sc_hd__dfrtp_4)
                                         one_second_counter[0] (net)
                  0.09    0.00    0.49 v _164_/D (sky130_fd_sc_hd__and4_2)
     6    0.02    0.08    0.30    0.79 v _164_/X (sky130_fd_sc_hd__and4_2)
                                         _156_ (net)
                  0.08    0.00    0.79 v _165_/D (sky130_fd_sc_hd__and4_2)
     6    0.02    0.07    0.29    1.08 v _165_/X (sky130_fd_sc_hd__and4_2)
                                         _157_ (net)
                  0.07    0.00    1.08 v _166_/B (sky130_fd_sc_hd__and2_1)
     5    0.02    0.09    0.22    1.29 v _166_/X (sky130_fd_sc_hd__and2_1)
                                         _158_ (net)
                  0.09    0.00    1.29 v _187_/A2 (sky130_fd_sc_hd__o31a_1)
     1    0.00    0.05    0.28    1.58 v _187_/X (sky130_fd_sc_hd__o31a_1)
                                         _072_ (net)
                  0.05    0.00    1.58 v _189_/B (sky130_fd_sc_hd__or3_2)
     1    0.01    0.10    0.49    2.07 v _189_/X (sky130_fd_sc_hd__or3_2)
                                         _074_ (net)
                  0.10    0.00    2.07 v _190_/B2 (sky130_fd_sc_hd__a22oi_4)
     9    0.03    0.26    0.26    2.33 ^ _190_/Y (sky130_fd_sc_hd__a22oi_4)
                                         _075_ (net)
                  0.26    0.00    2.33 ^ _286_/B (sky130_fd_sc_hd__and3b_1)
     1    0.00    0.06    0.21    2.54 ^ _286_/X (sky130_fd_sc_hd__and3b_1)
                                         _147_ (net)
                  0.06    0.00    2.54 ^ _287_/A (sky130_fd_sc_hd__clkbuf_1)
     1    0.00    0.05    0.09    2.63 ^ _287_/X (sky130_fd_sc_hd__clkbuf_1)
                                         _020_ (net)
                  0.05    0.00    2.63 ^ _334_/D (sky130_fd_sc_hd__dfrtp_1)
                                  2.63   data arrival time

                  0.00   10.00   10.00   clock core_clock (rise edge)
                          0.00   10.00   clock network delay (ideal)
                          0.00   10.00   clock reconvergence pessimism
                                 10.00 ^ _334_/CLK (sky130_fd_sc_hd__dfrtp_1)
                         -0.07    9.93   library setup time
                                  9.93   data required time
-----------------------------------------------------------------------------
                                  9.93   data required time
                                 -2.63   data arrival time
-----------------------------------------------------------------------------
                                  7.30   slack (MET)


Startpoint: _331_ (rising edge-triggered flip-flop clocked by core_clock)
Endpoint: _342_ (rising edge-triggered flip-flop clocked by core_clock)
Path Group: core_clock
Path Type: max

Fanout     Cap    Slew   Delay    Time   Description
-----------------------------------------------------------------------------
                  0.00    0.00    0.00   clock core_clock (rise edge)
                          0.00    0.00   clock network delay (ideal)
                  0.00    0.00    0.00 ^ _331_/CLK (sky130_fd_sc_hd__dfrtp_4)
     7    0.02    0.09    0.49    0.49 v _331_/Q (sky130_fd_sc_hd__dfrtp_4)
                                         one_second_counter[0] (net)
                  0.09    0.00    0.49 v _164_/D (sky130_fd_sc_hd__and4_2)
     6    0.02    0.08    0.30    0.79 v _164_/X (sky130_fd_sc_hd__and4_2)
                                         _156_ (net)
                  0.08    0.00    0.79 v _165_/D (sky130_fd_sc_hd__and4_2)
     6    0.02    0.07    0.29    1.08 v _165_/X (sky130_fd_sc_hd__and4_2)
                                         _157_ (net)
                  0.07    0.00    1.08 v _166_/B (sky130_fd_sc_hd__and2_1)
     5    0.02    0.09    0.22    1.29 v _166_/X (sky130_fd_sc_hd__and2_1)
                                         _158_ (net)
                  0.09    0.00    1.29 v _187_/A2 (sky130_fd_sc_hd__o31a_1)
     1    0.00    0.05    0.28    1.58 v _187_/X (sky130_fd_sc_hd__o31a_1)
                                         _072_ (net)
                  0.05    0.00    1.58 v _189_/B (sky130_fd_sc_hd__or3_2)
     1    0.01    0.10    0.49    2.07 v _189_/X (sky130_fd_sc_hd__or3_2)
                                         _074_ (net)
                  0.10    0.00    2.07 v _190_/B2 (sky130_fd_sc_hd__a22oi_4)
     9    0.03    0.26    0.26    2.33 ^ _190_/Y (sky130_fd_sc_hd__a22oi_4)
                                         _075_ (net)
                  0.26    0.00    2.33 ^ _216_/C (sky130_fd_sc_hd__and3b_1)
     1    0.00    0.06    0.20    2.54 ^ _216_/X (sky130_fd_sc_hd__and3b_1)
                                         _096_ (net)
                  0.06    0.00    2.54 ^ _217_/A (sky130_fd_sc_hd__clkbuf_1)
     1    0.00    0.05    0.09    2.63 ^ _217_/X (sky130_fd_sc_hd__clkbuf_1)
                                         _002_ (net)
                  0.05    0.00    2.63 ^ _342_/D (sky130_fd_sc_hd__dfrtp_1)
                                  2.63   data arrival time

                  0.00   10.00   10.00   clock core_clock (rise edge)
                          0.00   10.00   clock network delay (ideal)
                          0.00   10.00   clock reconvergence pessimism
                                 10.00 ^ _342_/CLK (sky130_fd_sc_hd__dfrtp_1)
                         -0.07    9.93   library setup time
                                  9.93   data required time
-----------------------------------------------------------------------------
                                  9.93   data required time
                                 -2.63   data arrival time
-----------------------------------------------------------------------------
                                  7.30   slack (MET)


Startpoint: _345_ (rising edge-triggered flip-flop clocked by core_clock)
Endpoint: _328_ (rising edge-triggered flip-flop clocked by core_clock)
Path Group: core_clock
Path Type: max

Fanout     Cap    Slew   Delay    Time   Description
-----------------------------------------------------------------------------
                  0.00    0.00    0.00   clock core_clock (rise edge)
                          0.00    0.00   clock network delay (ideal)
                  0.00    0.00    0.00 ^ _345_/CLK (sky130_fd_sc_hd__dfrtp_1)
     4    0.02    0.15    0.38    0.38 ^ _345_/Q (sky130_fd_sc_hd__dfrtp_1)
                                         one_second_counter[14] (net)
                  0.15    0.00    0.38 ^ _171_/B (sky130_fd_sc_hd__and3_1)
     2    0.01    0.09    0.21    0.59 ^ _171_/X (sky130_fd_sc_hd__and3_1)
                                         _163_ (net)
                  0.09    0.00    0.59 ^ _172_/D_N (sky130_fd_sc_hd__or4b_2)
     2    0.01    0.14    0.66    1.26 v _172_/X (sky130_fd_sc_hd__or4b_2)
                                         _060_ (net)
                  0.14    0.00    1.26 v _173_/C (sky130_fd_sc_hd__nor3_1)
     1    0.00    0.20    0.20    1.46 ^ _173_/Y (sky130_fd_sc_hd__nor3_1)
                                         _061_ (net)
                  0.20    0.00    1.46 ^ _174_/D (sky130_fd_sc_hd__and4b_2)
     4    0.02    0.12    0.32    1.78 ^ _174_/X (sky130_fd_sc_hd__and4b_2)
                                         _062_ (net)
                  0.12    0.00    1.78 ^ _181_/B (sky130_fd_sc_hd__nand2_1)
     2    0.01    0.10    0.12    1.90 v _181_/Y (sky130_fd_sc_hd__nand2_1)
                                         _068_ (net)
                  0.10    0.00    1.90 v _184_/A (sky130_fd_sc_hd__and2_1)
     1    0.01    0.06    0.18    2.08 v _184_/X (sky130_fd_sc_hd__and2_1)
                                         _070_ (net)
                  0.06    0.00    2.08 v _185_/A (sky130_fd_sc_hd__buf_1)
     1    0.01    0.05    0.12    2.20 v _185_/X (sky130_fd_sc_hd__buf_1)
                                         _057_ (net)
                  0.05    0.00    2.20 v _328_/D (sky130_fd_sc_hd__dfrtp_4)
                                  2.20   data arrival time

                  0.00   10.00   10.00   clock core_clock (rise edge)
                          0.00   10.00   clock network delay (ideal)
                          0.00   10.00   clock reconvergence pessimism
                                 10.00 ^ _328_/CLK (sky130_fd_sc_hd__dfrtp_4)
                         -0.13    9.87   library setup time
                                  9.87   data required time
-----------------------------------------------------------------------------
                                  9.87   data required time
                                 -2.20   data arrival time
-----------------------------------------------------------------------------
                                  7.68   slack (MET)


Startpoint: _345_ (rising edge-triggered flip-flop clocked by core_clock)
Endpoint: _329_ (rising edge-triggered flip-flop clocked by core_clock)
Path Group: core_clock
Path Type: max

Fanout     Cap    Slew   Delay    Time   Description
-----------------------------------------------------------------------------
                  0.00    0.00    0.00   clock core_clock (rise edge)
                          0.00    0.00   clock network delay (ideal)
                  0.00    0.00    0.00 ^ _345_/CLK (sky130_fd_sc_hd__dfrtp_1)
     4    0.02    0.15    0.38    0.38 ^ _345_/Q (sky130_fd_sc_hd__dfrtp_1)
                                         one_second_counter[14] (net)
                  0.15    0.00    0.38 ^ _171_/B (sky130_fd_sc_hd__and3_1)
     2    0.01    0.09    0.21    0.59 ^ _171_/X (sky130_fd_sc_hd__and3_1)
                                         _163_ (net)
                  0.09    0.00    0.59 ^ _172_/D_N (sky130_fd_sc_hd__or4b_2)
     2    0.01    0.14    0.66    1.26 v _172_/X (sky130_fd_sc_hd__or4b_2)
                                         _060_ (net)
                  0.14    0.00    1.26 v _173_/C (sky130_fd_sc_hd__nor3_1)
     1    0.00    0.20    0.20    1.46 ^ _173_/Y (sky130_fd_sc_hd__nor3_1)
                                         _061_ (net)
                  0.20    0.00    1.46 ^ _174_/D (sky130_fd_sc_hd__and4b_2)
     4    0.02    0.12    0.32    1.78 ^ _174_/X (sky130_fd_sc_hd__and4b_2)
                                         _062_ (net)
                  0.12    0.00    1.78 ^ _181_/B (sky130_fd_sc_hd__nand2_1)
     2    0.01    0.10    0.12    1.90 v _181_/Y (sky130_fd_sc_hd__nand2_1)
                                         _068_ (net)
                  0.10    0.00    1.90 v _182_/B (sky130_fd_sc_hd__xnor2_1)
     1    0.00    0.05    0.15    2.04 v _182_/Y (sky130_fd_sc_hd__xnor2_1)
                                         _058_ (net)
                  0.05    0.00    2.04 v _329_/D (sky130_fd_sc_hd__dfrtp_2)
                                  2.04   data arrival time

                  0.00   10.00   10.00   clock core_clock (rise edge)
                          0.00   10.00   clock network delay (ideal)
                          0.00   10.00   clock reconvergence pessimism
                                 10.00 ^ _329_/CLK (sky130_fd_sc_hd__dfrtp_2)
                         -0.13    9.87   library setup time
                                  9.87   data required time
-----------------------------------------------------------------------------
                                  9.87   data required time
                                 -2.04   data arrival time
-----------------------------------------------------------------------------
                                  7.83   slack (MET)


Startpoint: _345_ (rising edge-triggered flip-flop clocked by core_clock)
Endpoint: _330_ (rising edge-triggered flip-flop clocked by core_clock)
Path Group: core_clock
Path Type: max

Fanout     Cap    Slew   Delay    Time   Description
-----------------------------------------------------------------------------
                  0.00    0.00    0.00   clock core_clock (rise edge)
                          0.00    0.00   clock network delay (ideal)
                  0.00    0.00    0.00 ^ _345_/CLK (sky130_fd_sc_hd__dfrtp_1)
     4    0.02    0.15    0.38    0.38 ^ _345_/Q (sky130_fd_sc_hd__dfrtp_1)
                                         one_second_counter[14] (net)
                  0.15    0.00    0.38 ^ _171_/B (sky130_fd_sc_hd__and3_1)
     2    0.01    0.09    0.21    0.59 ^ _171_/X (sky130_fd_sc_hd__and3_1)
                                         _163_ (net)
                  0.09    0.00    0.59 ^ _172_/D_N (sky130_fd_sc_hd__or4b_2)
     2    0.01    0.14    0.66    1.26 v _172_/X (sky130_fd_sc_hd__or4b_2)
                                         _060_ (net)
                  0.14    0.00    1.26 v _173_/C (sky130_fd_sc_hd__nor3_1)
     1    0.00    0.20    0.20    1.46 ^ _173_/Y (sky130_fd_sc_hd__nor3_1)
                                         _061_ (net)
                  0.20    0.00    1.46 ^ _174_/D (sky130_fd_sc_hd__and4b_2)
     4    0.02    0.12    0.32    1.78 ^ _174_/X (sky130_fd_sc_hd__and4b_2)
                                         _062_ (net)
                  0.12    0.00    1.78 ^ _179_/A (sky130_fd_sc_hd__and3_1)
     1    0.01    0.08    0.19    1.96 ^ _179_/X (sky130_fd_sc_hd__and3_1)
                                         _067_ (net)
                  0.08    0.00    1.96 ^ _180_/B1 (sky130_fd_sc_hd__a21o_1)
     1    0.01    0.07    0.11    2.07 ^ _180_/X (sky130_fd_sc_hd__a21o_1)
                                         _059_ (net)
                  0.07    0.00    2.07 ^ _330_/D (sky130_fd_sc_hd__dfrtp_2)
                                  2.07   data arrival time

                  0.00   10.00   10.00   clock core_clock (rise edge)
                          0.00   10.00   clock network delay (ideal)
                          0.00   10.00   clock reconvergence pessimism
                                 10.00 ^ _330_/CLK (sky130_fd_sc_hd__dfrtp_2)
                         -0.08    9.92   library setup time
                                  9.92   data required time
-----------------------------------------------------------------------------
                                  9.92   data required time
                                 -2.07   data arrival time
-----------------------------------------------------------------------------
                                  7.85   slack (MET)



worst slack corner Typical: 7.0028
