
===========================================================================
report_checks -path_delay min (Hold)
============================================================================
======================= Fastest Corner ===================================

Startpoint: c[2] (input port clocked by __VIRTUAL_CLK__)
Endpoint: z[5] (output port clocked by __VIRTUAL_CLK__)
Path Group: __VIRTUAL_CLK__
Path Type: min
Corner: Fastest

Fanout     Cap    Slew   Delay    Time   Description
-----------------------------------------------------------------------------
                  0.00    0.00    0.00   clock __VIRTUAL_CLK__ (rise edge)
                          0.00    0.00   clock network delay (ideal)
                          2.00    2.00 ^ input external delay
     1    0.01    0.03    0.02    2.02 ^ c[2] (in)
                                         c[2] (net)
                  0.03    0.00    2.02 ^ input19/A (sky130_fd_sc_hd__buf_8)
     8    0.13    0.16    0.14    2.16 ^ input19/X (sky130_fd_sc_hd__buf_8)
                                         net19 (net)
                  0.16    0.01    2.17 ^ _251_/A (sky130_fd_sc_hd__nor2_8)
     8    0.11    0.08    0.08    2.25 v _251_/Y (sky130_fd_sc_hd__nor2_8)
                                         _182_ (net)
                  0.08    0.01    2.26 v _408_/A1 (sky130_fd_sc_hd__a21o_4)
     2    0.04    0.05    0.17    2.43 v _408_/X (sky130_fd_sc_hd__a21o_4)
                                         net25 (net)
                  0.05    0.01    2.44 v output25/A (sky130_fd_sc_hd__clkbuf_4)
     1    0.03    0.06    0.13    2.56 v output25/X (sky130_fd_sc_hd__clkbuf_4)
                                         z[5] (net)
                  0.06    0.00    2.56 v z[5] (out)
                                  2.56   data arrival time

                  0.00    0.00    0.00   clock __VIRTUAL_CLK__ (rise edge)
                          0.00    0.00   clock network delay (ideal)
                          0.25    0.25   clock uncertainty
                          0.00    0.25   clock reconvergence pessimism
                         -2.00   -1.75   output external delay
                                 -1.75   data required time
-----------------------------------------------------------------------------
                                 -1.75   data required time
                                 -2.56   data arrival time
-----------------------------------------------------------------------------
                                  4.31   slack (MET)


Startpoint: c[2] (input port clocked by __VIRTUAL_CLK__)
Endpoint: z[3] (output port clocked by __VIRTUAL_CLK__)
Path Group: __VIRTUAL_CLK__
Path Type: min
Corner: Fastest

Fanout     Cap    Slew   Delay    Time   Description
-----------------------------------------------------------------------------
                  0.00    0.00    0.00   clock __VIRTUAL_CLK__ (rise edge)
                          0.00    0.00   clock network delay (ideal)
                          2.00    2.00 ^ input external delay
     1    0.01    0.03    0.02    2.02 ^ c[2] (in)
                                         c[2] (net)
                  0.03    0.00    2.02 ^ input19/A (sky130_fd_sc_hd__buf_8)
     8    0.13    0.16    0.14    2.16 ^ input19/X (sky130_fd_sc_hd__buf_8)
                                         net19 (net)
                  0.16    0.01    2.17 ^ _251_/A (sky130_fd_sc_hd__nor2_8)
     8    0.11    0.08    0.08    2.25 v _251_/Y (sky130_fd_sc_hd__nor2_8)
                                         _182_ (net)
                  0.08    0.00    2.26 v _333_/A1 (sky130_fd_sc_hd__a31o_2)
     1    0.04    0.08    0.20    2.45 v _333_/X (sky130_fd_sc_hd__a31o_2)
                                         net23 (net)
                  0.08    0.01    2.46 v output23/A (sky130_fd_sc_hd__buf_2)
     1    0.03    0.06    0.13    2.59 v output23/X (sky130_fd_sc_hd__buf_2)
                                         z[3] (net)
                  0.06    0.00    2.59 v z[3] (out)
                                  2.59   data arrival time

                  0.00    0.00    0.00   clock __VIRTUAL_CLK__ (rise edge)
                          0.00    0.00   clock network delay (ideal)
                          0.25    0.25   clock uncertainty
                          0.00    0.25   clock reconvergence pessimism
                         -2.00   -1.75   output external delay
                                 -1.75   data required time
-----------------------------------------------------------------------------
                                 -1.75   data required time
                                 -2.59   data arrival time
-----------------------------------------------------------------------------
                                  4.34   slack (MET)


Startpoint: c[2] (input port clocked by __VIRTUAL_CLK__)
Endpoint: z[6] (output port clocked by __VIRTUAL_CLK__)
Path Group: __VIRTUAL_CLK__
Path Type: min
Corner: Fastest

Fanout     Cap    Slew   Delay    Time   Description
-----------------------------------------------------------------------------
                  0.00    0.00    0.00   clock __VIRTUAL_CLK__ (rise edge)
                          0.00    0.00   clock network delay (ideal)
                          2.00    2.00 ^ input external delay
     1    0.01    0.03    0.02    2.02 ^ c[2] (in)
                                         c[2] (net)
                  0.03    0.00    2.02 ^ input19/A (sky130_fd_sc_hd__buf_8)
     8    0.13    0.16    0.14    2.16 ^ input19/X (sky130_fd_sc_hd__buf_8)
                                         net19 (net)
                  0.16    0.01    2.17 ^ _251_/A (sky130_fd_sc_hd__nor2_8)
     8    0.11    0.08    0.08    2.25 v _251_/Y (sky130_fd_sc_hd__nor2_8)
                                         _182_ (net)
                  0.08    0.01    2.26 v _439_/B1 (sky130_fd_sc_hd__o21a_1)
     1    0.02    0.07    0.11    2.38 v _439_/X (sky130_fd_sc_hd__o21a_1)
                                         _122_ (net)
                  0.07    0.00    2.38 v _450_/A1 (sky130_fd_sc_hd__a21o_1)
     1    0.02    0.06    0.14    2.52 v _450_/X (sky130_fd_sc_hd__a21o_1)
                                         net26 (net)
                  0.06    0.00    2.52 v output26/A (sky130_fd_sc_hd__buf_4)
     1    0.03    0.04    0.12    2.64 v output26/X (sky130_fd_sc_hd__buf_4)
                                         z[6] (net)
                  0.04    0.00    2.64 v z[6] (out)
                                  2.64   data arrival time

                  0.00    0.00    0.00   clock __VIRTUAL_CLK__ (rise edge)
                          0.00    0.00   clock network delay (ideal)
                          0.25    0.25   clock uncertainty
                          0.00    0.25   clock reconvergence pessimism
                         -2.00   -1.75   output external delay
                                 -1.75   data required time
-----------------------------------------------------------------------------
                                 -1.75   data required time
                                 -2.64   data arrival time
-----------------------------------------------------------------------------
                                  4.39   slack (MET)


Startpoint: b[7] (input port clocked by __VIRTUAL_CLK__)
Endpoint: z[7] (output port clocked by __VIRTUAL_CLK__)
Path Group: __VIRTUAL_CLK__
Path Type: min
Corner: Fastest

Fanout     Cap    Slew   Delay    Time   Description
-----------------------------------------------------------------------------
                  0.00    0.00    0.00   clock __VIRTUAL_CLK__ (rise edge)
                          0.00    0.00   clock network delay (ideal)
                          2.00    2.00 ^ input external delay
     1    0.01    0.03    0.02    2.02 ^ b[7] (in)
                                         b[7] (net)
                  0.03    0.00    2.02 ^ input16/A (sky130_fd_sc_hd__buf_8)
     6    0.12    0.15    0.13    2.15 ^ input16/X (sky130_fd_sc_hd__buf_8)
                                         net16 (net)
                  0.15    0.00    2.16 ^ _489_/A2 (sky130_fd_sc_hd__a31o_2)
     1    0.04    0.17    0.20    2.35 ^ _489_/X (sky130_fd_sc_hd__a31o_2)
                                         _171_ (net)
                  0.17    0.00    2.36 ^ _490_/B1 (sky130_fd_sc_hd__a21o_4)
     1    0.05    0.10    0.11    2.47 ^ _490_/X (sky130_fd_sc_hd__a21o_4)
                                         _172_ (net)
                  0.10    0.00    2.47 ^ _491_/B1 (sky130_fd_sc_hd__a21o_4)
     1    0.02    0.06    0.08    2.55 ^ _491_/X (sky130_fd_sc_hd__a21o_4)
                                         net27 (net)
                  0.06    0.00    2.55 ^ output27/A (sky130_fd_sc_hd__buf_6)
     1    0.03    0.06    0.09    2.64 ^ output27/X (sky130_fd_sc_hd__buf_6)
                                         z[7] (net)
                  0.06    0.00    2.64 ^ z[7] (out)
                                  2.64   data arrival time

                  0.00    0.00    0.00   clock __VIRTUAL_CLK__ (rise edge)
                          0.00    0.00   clock network delay (ideal)
                          0.25    0.25   clock uncertainty
                          0.00    0.25   clock reconvergence pessimism
                         -2.00   -1.75   output external delay
                                 -1.75   data required time
-----------------------------------------------------------------------------
                                 -1.75   data required time
                                 -2.64   data arrival time
-----------------------------------------------------------------------------
                                  4.39   slack (MET)


Startpoint: c[2] (input port clocked by __VIRTUAL_CLK__)
Endpoint: z[2] (output port clocked by __VIRTUAL_CLK__)
Path Group: __VIRTUAL_CLK__
Path Type: min
Corner: Fastest

Fanout     Cap    Slew   Delay    Time   Description
-----------------------------------------------------------------------------
                  0.00    0.00    0.00   clock __VIRTUAL_CLK__ (rise edge)
                          0.00    0.00   clock network delay (ideal)
                          2.00    2.00 ^ input external delay
     1    0.01    0.03    0.02    2.02 ^ c[2] (in)
                                         c[2] (net)
                  0.03    0.00    2.02 ^ input19/A (sky130_fd_sc_hd__buf_8)
     8    0.13    0.16    0.14    2.16 ^ input19/X (sky130_fd_sc_hd__buf_8)
                                         net19 (net)
                  0.16    0.01    2.17 ^ _251_/A (sky130_fd_sc_hd__nor2_8)
     8    0.11    0.08    0.08    2.25 v _251_/Y (sky130_fd_sc_hd__nor2_8)
                                         _182_ (net)
                  0.08    0.01    2.26 v _304_/A1 (sky130_fd_sc_hd__a211o_2)
     2    0.04    0.08    0.24    2.51 v _304_/X (sky130_fd_sc_hd__a211o_2)
                                         net22 (net)
                  0.08    0.00    2.51 v output22/A (sky130_fd_sc_hd__buf_2)
     1    0.03    0.06    0.13    2.64 v output22/X (sky130_fd_sc_hd__buf_2)
                                         z[2] (net)
                  0.06    0.00    2.64 v z[2] (out)
                                  2.64   data arrival time

                  0.00    0.00    0.00   clock __VIRTUAL_CLK__ (rise edge)
                          0.00    0.00   clock network delay (ideal)
                          0.25    0.25   clock uncertainty
                          0.00    0.25   clock reconvergence pessimism
                         -2.00   -1.75   output external delay
                                 -1.75   data required time
-----------------------------------------------------------------------------
                                 -1.75   data required time
                                 -2.64   data arrival time
-----------------------------------------------------------------------------
                                  4.39   slack (MET)


Startpoint: c[2] (input port clocked by __VIRTUAL_CLK__)
Endpoint: z[4] (output port clocked by __VIRTUAL_CLK__)
Path Group: __VIRTUAL_CLK__
Path Type: min
Corner: Fastest

Fanout     Cap    Slew   Delay    Time   Description
-----------------------------------------------------------------------------
                  0.00    0.00    0.00   clock __VIRTUAL_CLK__ (rise edge)
                          0.00    0.00   clock network delay (ideal)
                          2.00    2.00 ^ input external delay
     1    0.01    0.03    0.02    2.02 ^ c[2] (in)
                                         c[2] (net)
                  0.03    0.00    2.02 ^ input19/A (sky130_fd_sc_hd__buf_8)
     8    0.13    0.16    0.14    2.16 ^ input19/X (sky130_fd_sc_hd__buf_8)
                                         net19 (net)
                  0.16    0.01    2.17 ^ _251_/A (sky130_fd_sc_hd__nor2_8)
     8    0.11    0.08    0.08    2.25 v _251_/Y (sky130_fd_sc_hd__nor2_8)
                                         _182_ (net)
                  0.08    0.00    2.26 v _365_/A1 (sky130_fd_sc_hd__a211o_2)
     1    0.03    0.08    0.24    2.50 v _365_/X (sky130_fd_sc_hd__a211o_2)
                                         _050_ (net)
                  0.08    0.00    2.50 v _366_/B1 (sky130_fd_sc_hd__a31o_2)
     1    0.04    0.08    0.15    2.65 v _366_/X (sky130_fd_sc_hd__a31o_2)
                                         net24 (net)
                  0.08    0.01    2.65 v output24/A (sky130_fd_sc_hd__buf_2)
     1    0.03    0.06    0.13    2.78 v output24/X (sky130_fd_sc_hd__buf_2)
                                         z[4] (net)
                  0.06    0.00    2.78 v z[4] (out)
                                  2.78   data arrival time

                  0.00    0.00    0.00   clock __VIRTUAL_CLK__ (rise edge)
                          0.00    0.00   clock network delay (ideal)
                          0.25    0.25   clock uncertainty
                          0.00    0.25   clock reconvergence pessimism
                         -2.00   -1.75   output external delay
                                 -1.75   data required time
-----------------------------------------------------------------------------
                                 -1.75   data required time
                                 -2.78   data arrival time
-----------------------------------------------------------------------------
                                  4.53   slack (MET)


Startpoint: c[2] (input port clocked by __VIRTUAL_CLK__)
Endpoint: z[1] (output port clocked by __VIRTUAL_CLK__)
Path Group: __VIRTUAL_CLK__
Path Type: min
Corner: Fastest

Fanout     Cap    Slew   Delay    Time   Description
-----------------------------------------------------------------------------
                  0.00    0.00    0.00   clock __VIRTUAL_CLK__ (rise edge)
                          0.00    0.00   clock network delay (ideal)
                          2.00    2.00 ^ input external delay
     1    0.01    0.03    0.02    2.02 ^ c[2] (in)
                                         c[2] (net)
                  0.03    0.00    2.02 ^ input19/A (sky130_fd_sc_hd__buf_8)
     8    0.13    0.16    0.14    2.16 ^ input19/X (sky130_fd_sc_hd__buf_8)
                                         net19 (net)
                  0.16    0.01    2.17 ^ _267_/A_N (sky130_fd_sc_hd__and3b_1)
     1    0.01    0.06    0.14    2.32 v _267_/X (sky130_fd_sc_hd__and3b_1)
                                         _197_ (net)
                  0.06    0.00    2.32 v _268_/A (sky130_fd_sc_hd__clkbuf_8)
     7    0.10    0.08    0.14    2.46 v _268_/X (sky130_fd_sc_hd__clkbuf_8)
                                         _198_ (net)
                  0.09    0.01    2.46 v _281_/A2 (sky130_fd_sc_hd__a31o_1)
     1    0.02    0.08    0.20    2.66 v _281_/X (sky130_fd_sc_hd__a31o_1)
                                         net21 (net)
                  0.08    0.00    2.66 v output21/A (sky130_fd_sc_hd__buf_2)
     1    0.03    0.06    0.13    2.80 v output21/X (sky130_fd_sc_hd__buf_2)
                                         z[1] (net)
                  0.06    0.00    2.80 v z[1] (out)
                                  2.80   data arrival time

                  0.00    0.00    0.00   clock __VIRTUAL_CLK__ (rise edge)
                          0.00    0.00   clock network delay (ideal)
                          0.25    0.25   clock uncertainty
                          0.00    0.25   clock reconvergence pessimism
                         -2.00   -1.75   output external delay
                                 -1.75   data required time
-----------------------------------------------------------------------------
                                 -1.75   data required time
                                 -2.80   data arrival time
-----------------------------------------------------------------------------
                                  4.55   slack (MET)


Startpoint: a[0] (input port clocked by __VIRTUAL_CLK__)
Endpoint: z[0] (output port clocked by __VIRTUAL_CLK__)
Path Group: __VIRTUAL_CLK__
Path Type: min
Corner: Fastest

Fanout     Cap    Slew   Delay    Time   Description
-----------------------------------------------------------------------------
                  0.00    0.00    0.00   clock __VIRTUAL_CLK__ (rise edge)
                          0.00    0.00   clock network delay (ideal)
                          2.00    2.00 v input external delay
     1    0.01    0.01    0.00    2.00 v a[0] (in)
                                         a[0] (net)
                  0.01    0.00    2.00 v input1/A (sky130_fd_sc_hd__buf_6)
     8    0.11    0.07    0.10    2.11 v input1/X (sky130_fd_sc_hd__buf_6)
                                         net1 (net)
                  0.07    0.01    2.12 v _242_/A (sky130_fd_sc_hd__buf_8)
    10    0.14    0.08    0.13    2.24 v _242_/X (sky130_fd_sc_hd__buf_8)
                                         _173_ (net)
                  0.09    0.02    2.27 v _255_/A (sky130_fd_sc_hd__nor2_1)
     1    0.02    0.22    0.20    2.46 ^ _255_/Y (sky130_fd_sc_hd__nor2_1)
                                         _186_ (net)
                  0.22    0.00    2.46 ^ _256_/C (sky130_fd_sc_hd__or3_2)
     1    0.04    0.14    0.17    2.64 ^ _256_/X (sky130_fd_sc_hd__or3_2)
                                         _187_ (net)
                  0.14    0.00    2.64 ^ _257_/A (sky130_fd_sc_hd__buf_2)
     1    0.05    0.20    0.19    2.84 ^ _257_/X (sky130_fd_sc_hd__buf_2)
                                         net20 (net)
                  0.20    0.01    2.84 ^ output20/A (sky130_fd_sc_hd__buf_2)
     1    0.03    0.13    0.16    3.00 ^ output20/X (sky130_fd_sc_hd__buf_2)
                                         z[0] (net)
                  0.13    0.00    3.01 ^ z[0] (out)
                                  3.01   data arrival time

                  0.00    0.00    0.00   clock __VIRTUAL_CLK__ (rise edge)
                          0.00    0.00   clock network delay (ideal)
                          0.25    0.25   clock uncertainty
                          0.00    0.25   clock reconvergence pessimism
                         -2.00   -1.75   output external delay
                                 -1.75   data required time
-----------------------------------------------------------------------------
                                 -1.75   data required time
                                 -3.01   data arrival time
-----------------------------------------------------------------------------
                                  4.76   slack (MET)



worst slack corner Fastest: 4.3146
======================= Slowest Corner ===================================

Startpoint: c[2] (input port clocked by __VIRTUAL_CLK__)
Endpoint: z[5] (output port clocked by __VIRTUAL_CLK__)
Path Group: __VIRTUAL_CLK__
Path Type: min
Corner: Slowest

Fanout     Cap    Slew   Delay    Time   Description
-----------------------------------------------------------------------------
                  0.00    0.00    0.00   clock __VIRTUAL_CLK__ (rise edge)
                          0.00    0.00   clock network delay (ideal)
                          2.00    2.00 ^ input external delay
     1    0.01    0.07    0.04    2.04 ^ c[2] (in)
                                         c[2] (net)
                  0.07    0.00    2.04 ^ input19/A (sky130_fd_sc_hd__buf_8)
     8    0.13    0.33    0.34    2.38 ^ input19/X (sky130_fd_sc_hd__buf_8)
                                         net19 (net)
                  0.33    0.01    2.39 ^ _251_/A (sky130_fd_sc_hd__nor2_8)
     8    0.11    0.16    0.25    2.64 v _251_/Y (sky130_fd_sc_hd__nor2_8)
                                         _182_ (net)
                  0.16    0.01    2.65 v _408_/A1 (sky130_fd_sc_hd__a21o_4)
     2    0.04    0.14    0.47    3.12 v _408_/X (sky130_fd_sc_hd__a21o_4)
                                         net25 (net)
                  0.14    0.01    3.13 v output25/A (sky130_fd_sc_hd__clkbuf_4)
     1    0.03    0.14    0.34    3.47 v output25/X (sky130_fd_sc_hd__clkbuf_4)
                                         z[5] (net)
                  0.14    0.00    3.47 v z[5] (out)
                                  3.47   data arrival time

                  0.00    0.00    0.00   clock __VIRTUAL_CLK__ (rise edge)
                          0.00    0.00   clock network delay (ideal)
                          0.25    0.25   clock uncertainty
                          0.00    0.25   clock reconvergence pessimism
                         -2.00   -1.75   output external delay
                                 -1.75   data required time
-----------------------------------------------------------------------------
                                 -1.75   data required time
                                 -3.47   data arrival time
-----------------------------------------------------------------------------
                                  5.22   slack (MET)


Startpoint: c[2] (input port clocked by __VIRTUAL_CLK__)
Endpoint: z[3] (output port clocked by __VIRTUAL_CLK__)
Path Group: __VIRTUAL_CLK__
Path Type: min
Corner: Slowest

Fanout     Cap    Slew   Delay    Time   Description
-----------------------------------------------------------------------------
                  0.00    0.00    0.00   clock __VIRTUAL_CLK__ (rise edge)
                          0.00    0.00   clock network delay (ideal)
                          2.00    2.00 ^ input external delay
     1    0.01    0.07    0.04    2.04 ^ c[2] (in)
                                         c[2] (net)
                  0.07    0.00    2.04 ^ input19/A (sky130_fd_sc_hd__buf_8)
     8    0.13    0.33    0.34    2.38 ^ input19/X (sky130_fd_sc_hd__buf_8)
                                         net19 (net)
                  0.33    0.01    2.39 ^ _251_/A (sky130_fd_sc_hd__nor2_8)
     8    0.11    0.16    0.25    2.64 v _251_/Y (sky130_fd_sc_hd__nor2_8)
                                         _182_ (net)
                  0.16    0.00    2.65 v _333_/A1 (sky130_fd_sc_hd__a31o_2)
     1    0.04    0.22    0.55    3.20 v _333_/X (sky130_fd_sc_hd__a31o_2)
                                         net23 (net)
                  0.22    0.01    3.20 v output23/A (sky130_fd_sc_hd__buf_2)
     1    0.03    0.17    0.40    3.60 v output23/X (sky130_fd_sc_hd__buf_2)
                                         z[3] (net)
                  0.17    0.00    3.60 v z[3] (out)
                                  3.60   data arrival time

                  0.00    0.00    0.00   clock __VIRTUAL_CLK__ (rise edge)
                          0.00    0.00   clock network delay (ideal)
                          0.25    0.25   clock uncertainty
                          0.00    0.25   clock reconvergence pessimism
                         -2.00   -1.75   output external delay
                                 -1.75   data required time
-----------------------------------------------------------------------------
                                 -1.75   data required time
                                 -3.60   data arrival time
-----------------------------------------------------------------------------
                                  5.35   slack (MET)


Startpoint: a[6] (input port clocked by __VIRTUAL_CLK__)
Endpoint: z[7] (output port clocked by __VIRTUAL_CLK__)
Path Group: __VIRTUAL_CLK__
Path Type: min
Corner: Slowest

Fanout     Cap    Slew   Delay    Time   Description
-----------------------------------------------------------------------------
                  0.00    0.00    0.00   clock __VIRTUAL_CLK__ (rise edge)
                          0.00    0.00   clock network delay (ideal)
                          2.00    2.00 v input external delay
     1    0.01    0.04    0.02    2.02 v a[6] (in)
                                         a[6] (net)
                  0.04    0.00    2.02 v input7/A (sky130_fd_sc_hd__buf_8)
    10    0.14    0.19    0.29    2.32 v input7/X (sky130_fd_sc_hd__buf_8)
                                         net7 (net)
                  0.19    0.02    2.34 v _451_/A (sky130_fd_sc_hd__inv_2)
     1    0.02    0.14    0.19    2.52 ^ _451_/Y (sky130_fd_sc_hd__inv_2)
                                         _133_ (net)
                  0.14    0.00    2.52 ^ _452_/A1 (sky130_fd_sc_hd__o21a_4)
     1    0.04    0.19    0.36    2.89 ^ _452_/X (sky130_fd_sc_hd__o21a_4)
                                         _134_ (net)
                  0.19    0.00    2.89 ^ _456_/A (sky130_fd_sc_hd__xnor2_4)
     1    0.03    0.17    0.32    3.21 ^ _456_/Y (sky130_fd_sc_hd__xnor2_4)
                                         _138_ (net)
                  0.18    0.00    3.21 ^ _491_/A1 (sky130_fd_sc_hd__a21o_4)
     1    0.02    0.12    0.31    3.52 ^ _491_/X (sky130_fd_sc_hd__a21o_4)
                                         net27 (net)
                  0.12    0.00    3.52 ^ output27/A (sky130_fd_sc_hd__buf_6)
     1    0.03    0.12    0.23    3.76 ^ output27/X (sky130_fd_sc_hd__buf_6)
                                         z[7] (net)
                  0.12    0.00    3.76 ^ z[7] (out)
                                  3.76   data arrival time

                  0.00    0.00    0.00   clock __VIRTUAL_CLK__ (rise edge)
                          0.00    0.00   clock network delay (ideal)
                          0.25    0.25   clock uncertainty
                          0.00    0.25   clock reconvergence pessimism
                         -2.00   -1.75   output external delay
                                 -1.75   data required time
-----------------------------------------------------------------------------
                                 -1.75   data required time
                                 -3.76   data arrival time
-----------------------------------------------------------------------------
                                  5.51   slack (MET)


Startpoint: c[2] (input port clocked by __VIRTUAL_CLK__)
Endpoint: z[6] (output port clocked by __VIRTUAL_CLK__)
Path Group: __VIRTUAL_CLK__
Path Type: min
Corner: Slowest

Fanout     Cap    Slew   Delay    Time   Description
-----------------------------------------------------------------------------
                  0.00    0.00    0.00   clock __VIRTUAL_CLK__ (rise edge)
                          0.00    0.00   clock network delay (ideal)
                          2.00    2.00 ^ input external delay
     1    0.01    0.07    0.04    2.04 ^ c[2] (in)
                                         c[2] (net)
                  0.07    0.00    2.04 ^ input19/A (sky130_fd_sc_hd__buf_8)
     8    0.13    0.33    0.34    2.38 ^ input19/X (sky130_fd_sc_hd__buf_8)
                                         net19 (net)
                  0.33    0.01    2.39 ^ _251_/A (sky130_fd_sc_hd__nor2_8)
     8    0.11    0.16    0.25    2.64 v _251_/Y (sky130_fd_sc_hd__nor2_8)
                                         _182_ (net)
                  0.16    0.01    2.65 v _439_/B1 (sky130_fd_sc_hd__o21a_1)
     1    0.02    0.19    0.34    2.99 v _439_/X (sky130_fd_sc_hd__o21a_1)
                                         _122_ (net)
                  0.19    0.00    2.99 v _450_/A1 (sky130_fd_sc_hd__a21o_1)
     1    0.02    0.18    0.43    3.42 v _450_/X (sky130_fd_sc_hd__a21o_1)
                                         net26 (net)
                  0.18    0.00    3.42 v output26/A (sky130_fd_sc_hd__buf_4)
     1    0.03    0.10    0.34    3.76 v output26/X (sky130_fd_sc_hd__buf_4)
                                         z[6] (net)
                  0.10    0.00    3.76 v z[6] (out)
                                  3.76   data arrival time

                  0.00    0.00    0.00   clock __VIRTUAL_CLK__ (rise edge)
                          0.00    0.00   clock network delay (ideal)
                          0.25    0.25   clock uncertainty
                          0.00    0.25   clock reconvergence pessimism
                         -2.00   -1.75   output external delay
                                 -1.75   data required time
-----------------------------------------------------------------------------
                                 -1.75   data required time
                                 -3.76   data arrival time
-----------------------------------------------------------------------------
                                  5.51   slack (MET)


Startpoint: c[2] (input port clocked by __VIRTUAL_CLK__)
Endpoint: z[2] (output port clocked by __VIRTUAL_CLK__)
Path Group: __VIRTUAL_CLK__
Path Type: min
Corner: Slowest

Fanout     Cap    Slew   Delay    Time   Description
-----------------------------------------------------------------------------
                  0.00    0.00    0.00   clock __VIRTUAL_CLK__ (rise edge)
                          0.00    0.00   clock network delay (ideal)
                          2.00    2.00 ^ input external delay
     1    0.01    0.07    0.04    2.04 ^ c[2] (in)
                                         c[2] (net)
                  0.07    0.00    2.04 ^ input19/A (sky130_fd_sc_hd__buf_8)
     8    0.13    0.33    0.34    2.38 ^ input19/X (sky130_fd_sc_hd__buf_8)
                                         net19 (net)
                  0.33    0.01    2.39 ^ _251_/A (sky130_fd_sc_hd__nor2_8)
     8    0.11    0.16    0.25    2.64 v _251_/Y (sky130_fd_sc_hd__nor2_8)
                                         _182_ (net)
                  0.16    0.01    2.65 v _304_/A1 (sky130_fd_sc_hd__a211o_2)
     2    0.04    0.22    0.73    3.38 v _304_/X (sky130_fd_sc_hd__a211o_2)
                                         net22 (net)
                  0.22    0.00    3.39 v output22/A (sky130_fd_sc_hd__buf_2)
     1    0.03    0.17    0.40    3.78 v output22/X (sky130_fd_sc_hd__buf_2)
                                         z[2] (net)
                  0.17    0.00    3.78 v z[2] (out)
                                  3.78   data arrival time

                  0.00    0.00    0.00   clock __VIRTUAL_CLK__ (rise edge)
                          0.00    0.00   clock network delay (ideal)
                          0.25    0.25   clock uncertainty
                          0.00    0.25   clock reconvergence pessimism
                         -2.00   -1.75   output external delay
                                 -1.75   data required time
-----------------------------------------------------------------------------
                                 -1.75   data required time
                                 -3.78   data arrival time
-----------------------------------------------------------------------------
                                  5.53   slack (MET)


Startpoint: c[2] (input port clocked by __VIRTUAL_CLK__)
Endpoint: z[1] (output port clocked by __VIRTUAL_CLK__)
Path Group: __VIRTUAL_CLK__
Path Type: min
Corner: Slowest

Fanout     Cap    Slew   Delay    Time   Description
-----------------------------------------------------------------------------
                  0.00    0.00    0.00   clock __VIRTUAL_CLK__ (rise edge)
                          0.00    0.00   clock network delay (ideal)
                          2.00    2.00 ^ input external delay
     1    0.01    0.07    0.04    2.04 ^ c[2] (in)
                                         c[2] (net)
                  0.07    0.00    2.04 ^ input19/A (sky130_fd_sc_hd__buf_8)
     8    0.13    0.33    0.34    2.38 ^ input19/X (sky130_fd_sc_hd__buf_8)
                                         net19 (net)
                  0.33    0.01    2.39 ^ _267_/A_N (sky130_fd_sc_hd__and3b_1)
     1    0.01    0.15    0.51    2.90 v _267_/X (sky130_fd_sc_hd__and3b_1)
                                         _197_ (net)
                  0.15    0.00    2.90 v _268_/A (sky130_fd_sc_hd__clkbuf_8)
     7    0.10    0.21    0.38    3.29 v _268_/X (sky130_fd_sc_hd__clkbuf_8)
                                         _198_ (net)
                  0.21    0.01    3.30 v _281_/A2 (sky130_fd_sc_hd__a31o_1)
     1    0.02    0.23    0.56    3.85 v _281_/X (sky130_fd_sc_hd__a31o_1)
                                         net21 (net)
                  0.23    0.00    3.85 v output21/A (sky130_fd_sc_hd__buf_2)
     1    0.03    0.16    0.40    4.25 v output21/X (sky130_fd_sc_hd__buf_2)
                                         z[1] (net)
                  0.16    0.00    4.25 v z[1] (out)
                                  4.25   data arrival time

                  0.00    0.00    0.00   clock __VIRTUAL_CLK__ (rise edge)
                          0.00    0.00   clock network delay (ideal)
                          0.25    0.25   clock uncertainty
                          0.00    0.25   clock reconvergence pessimism
                         -2.00   -1.75   output external delay
                                 -1.75   data required time
-----------------------------------------------------------------------------
                                 -1.75   data required time
                                 -4.25   data arrival time
-----------------------------------------------------------------------------
                                  6.00   slack (MET)


Startpoint: c[2] (input port clocked by __VIRTUAL_CLK__)
Endpoint: z[4] (output port clocked by __VIRTUAL_CLK__)
Path Group: __VIRTUAL_CLK__
Path Type: min
Corner: Slowest

Fanout     Cap    Slew   Delay    Time   Description
-----------------------------------------------------------------------------
                  0.00    0.00    0.00   clock __VIRTUAL_CLK__ (rise edge)
                          0.00    0.00   clock network delay (ideal)
                          2.00    2.00 ^ input external delay
     1    0.01    0.07    0.04    2.04 ^ c[2] (in)
                                         c[2] (net)
                  0.07    0.00    2.04 ^ input19/A (sky130_fd_sc_hd__buf_8)
     8    0.13    0.33    0.34    2.38 ^ input19/X (sky130_fd_sc_hd__buf_8)
                                         net19 (net)
                  0.33    0.01    2.39 ^ _267_/A_N (sky130_fd_sc_hd__and3b_1)
     1    0.01    0.15    0.51    2.90 v _267_/X (sky130_fd_sc_hd__and3b_1)
                                         _197_ (net)
                  0.15    0.00    2.90 v _268_/A (sky130_fd_sc_hd__clkbuf_8)
     7    0.10    0.21    0.38    3.29 v _268_/X (sky130_fd_sc_hd__clkbuf_8)
                                         _198_ (net)
                  0.21    0.02    3.31 v _366_/A1 (sky130_fd_sc_hd__a31o_2)
     1    0.04    0.22    0.57    3.88 v _366_/X (sky130_fd_sc_hd__a31o_2)
                                         net24 (net)
                  0.22    0.01    3.88 v output24/A (sky130_fd_sc_hd__buf_2)
     1    0.03    0.17    0.40    4.28 v output24/X (sky130_fd_sc_hd__buf_2)
                                         z[4] (net)
                  0.17    0.00    4.28 v z[4] (out)
                                  4.28   data arrival time

                  0.00    0.00    0.00   clock __VIRTUAL_CLK__ (rise edge)
                          0.00    0.00   clock network delay (ideal)
                          0.25    0.25   clock uncertainty
                          0.00    0.25   clock reconvergence pessimism
                         -2.00   -1.75   output external delay
                                 -1.75   data required time
-----------------------------------------------------------------------------
                                 -1.75   data required time
                                 -4.28   data arrival time
-----------------------------------------------------------------------------
                                  6.03   slack (MET)


Startpoint: a[0] (input port clocked by __VIRTUAL_CLK__)
Endpoint: z[0] (output port clocked by __VIRTUAL_CLK__)
Path Group: __VIRTUAL_CLK__
Path Type: min
Corner: Slowest

Fanout     Cap    Slew   Delay    Time   Description
-----------------------------------------------------------------------------
                  0.00    0.00    0.00   clock __VIRTUAL_CLK__ (rise edge)
                          0.00    0.00   clock network delay (ideal)
                          2.00    2.00 v input external delay
     1    0.01    0.03    0.02    2.02 v a[0] (in)
                                         a[0] (net)
                  0.03    0.00    2.02 v input1/A (sky130_fd_sc_hd__buf_6)
     8    0.11    0.18    0.29    2.30 v input1/X (sky130_fd_sc_hd__buf_6)
                                         net1 (net)
                  0.18    0.01    2.31 v _242_/A (sky130_fd_sc_hd__buf_8)
    10    0.14    0.19    0.35    2.67 v _242_/X (sky130_fd_sc_hd__buf_8)
                                         _173_ (net)
                  0.19    0.03    2.69 v _255_/A (sky130_fd_sc_hd__nor2_1)
     1    0.02    0.51    0.47    3.17 ^ _255_/Y (sky130_fd_sc_hd__nor2_1)
                                         _186_ (net)
                  0.51    0.00    3.17 ^ _256_/C (sky130_fd_sc_hd__or3_2)
     1    0.04    0.29    0.53    3.69 ^ _256_/X (sky130_fd_sc_hd__or3_2)
                                         _187_ (net)
                  0.29    0.00    3.70 ^ _257_/A (sky130_fd_sc_hd__buf_2)
     1    0.05    0.41    0.51    4.21 ^ _257_/X (sky130_fd_sc_hd__buf_2)
                                         net20 (net)
                  0.41    0.01    4.22 ^ output20/A (sky130_fd_sc_hd__buf_2)
     1    0.03    0.28    0.47    4.68 ^ output20/X (sky130_fd_sc_hd__buf_2)
                                         z[0] (net)
                  0.28    0.00    4.68 ^ z[0] (out)
                                  4.68   data arrival time

                  0.00    0.00    0.00   clock __VIRTUAL_CLK__ (rise edge)
                          0.00    0.00   clock network delay (ideal)
                          0.25    0.25   clock uncertainty
                          0.00    0.25   clock reconvergence pessimism
                         -2.00   -1.75   output external delay
                                 -1.75   data required time
-----------------------------------------------------------------------------
                                 -1.75   data required time
                                 -4.68   data arrival time
-----------------------------------------------------------------------------
                                  6.43   slack (MET)



worst slack corner Slowest: 5.2161
======================= Typical Corner ===================================

Startpoint: c[2] (input port clocked by __VIRTUAL_CLK__)
Endpoint: z[5] (output port clocked by __VIRTUAL_CLK__)
Path Group: __VIRTUAL_CLK__
Path Type: min
Corner: Typical

Fanout     Cap    Slew   Delay    Time   Description
-----------------------------------------------------------------------------
                  0.00    0.00    0.00   clock __VIRTUAL_CLK__ (rise edge)
                          0.00    0.00   clock network delay (ideal)
                          2.00    2.00 ^ input external delay
     1    0.01    0.04    0.03    2.03 ^ c[2] (in)
                                         c[2] (net)
                  0.04    0.00    2.03 ^ input19/A (sky130_fd_sc_hd__buf_8)
     8    0.13    0.21    0.20    2.23 ^ input19/X (sky130_fd_sc_hd__buf_8)
                                         net19 (net)
                  0.21    0.01    2.24 ^ _251_/A (sky130_fd_sc_hd__nor2_8)
     8    0.11    0.10    0.13    2.37 v _251_/Y (sky130_fd_sc_hd__nor2_8)
                                         _182_ (net)
                  0.11    0.01    2.38 v _408_/A1 (sky130_fd_sc_hd__a21o_4)
     2    0.04    0.08    0.26    2.64 v _408_/X (sky130_fd_sc_hd__a21o_4)
                                         net25 (net)
                  0.08    0.01    2.64 v output25/A (sky130_fd_sc_hd__clkbuf_4)
     1    0.03    0.08    0.19    2.83 v output25/X (sky130_fd_sc_hd__clkbuf_4)
                                         z[5] (net)
                  0.08    0.00    2.83 v z[5] (out)
                                  2.83   data arrival time

                  0.00    0.00    0.00   clock __VIRTUAL_CLK__ (rise edge)
                          0.00    0.00   clock network delay (ideal)
                          0.25    0.25   clock uncertainty
                          0.00    0.25   clock reconvergence pessimism
                         -2.00   -1.75   output external delay
                                 -1.75   data required time
-----------------------------------------------------------------------------
                                 -1.75   data required time
                                 -2.83   data arrival time
-----------------------------------------------------------------------------
                                  4.58   slack (MET)


Startpoint: c[2] (input port clocked by __VIRTUAL_CLK__)
Endpoint: z[3] (output port clocked by __VIRTUAL_CLK__)
Path Group: __VIRTUAL_CLK__
Path Type: min
Corner: Typical

Fanout     Cap    Slew   Delay    Time   Description
-----------------------------------------------------------------------------
                  0.00    0.00    0.00   clock __VIRTUAL_CLK__ (rise edge)
                          0.00    0.00   clock network delay (ideal)
                          2.00    2.00 ^ input external delay
     1    0.01    0.04    0.03    2.03 ^ c[2] (in)
                                         c[2] (net)
                  0.04    0.00    2.03 ^ input19/A (sky130_fd_sc_hd__buf_8)
     8    0.13    0.21    0.20    2.23 ^ input19/X (sky130_fd_sc_hd__buf_8)
                                         net19 (net)
                  0.21    0.01    2.24 ^ _251_/A (sky130_fd_sc_hd__nor2_8)
     8    0.11    0.10    0.13    2.37 v _251_/Y (sky130_fd_sc_hd__nor2_8)
                                         _182_ (net)
                  0.10    0.00    2.37 v _333_/A1 (sky130_fd_sc_hd__a31o_2)
     1    0.04    0.12    0.30    2.67 v _333_/X (sky130_fd_sc_hd__a31o_2)
                                         net23 (net)
                  0.12    0.01    2.68 v output23/A (sky130_fd_sc_hd__buf_2)
     1    0.03    0.09    0.20    2.88 v output23/X (sky130_fd_sc_hd__buf_2)
                                         z[3] (net)
                  0.09    0.00    2.88 v z[3] (out)
                                  2.88   data arrival time

                  0.00    0.00    0.00   clock __VIRTUAL_CLK__ (rise edge)
                          0.00    0.00   clock network delay (ideal)
                          0.25    0.25   clock uncertainty
                          0.00    0.25   clock reconvergence pessimism
                         -2.00   -1.75   output external delay
                                 -1.75   data required time
-----------------------------------------------------------------------------
                                 -1.75   data required time
                                 -2.88   data arrival time
-----------------------------------------------------------------------------
                                  4.63   slack (MET)


Startpoint: a[6] (input port clocked by __VIRTUAL_CLK__)
Endpoint: z[7] (output port clocked by __VIRTUAL_CLK__)
Path Group: __VIRTUAL_CLK__
Path Type: min
Corner: Typical

Fanout     Cap    Slew   Delay    Time   Description
-----------------------------------------------------------------------------
                  0.00    0.00    0.00   clock __VIRTUAL_CLK__ (rise edge)
                          0.00    0.00   clock network delay (ideal)
                          2.00    2.00 v input external delay
     1    0.01    0.02    0.01    2.01 v a[6] (in)
                                         a[6] (net)
                  0.02    0.00    2.01 v input7/A (sky130_fd_sc_hd__buf_8)
    10    0.14    0.11    0.16    2.17 v input7/X (sky130_fd_sc_hd__buf_8)
                                         net7 (net)
                  0.12    0.02    2.19 v _451_/A (sky130_fd_sc_hd__inv_2)
     1    0.02    0.09    0.11    2.30 ^ _451_/Y (sky130_fd_sc_hd__inv_2)
                                         _133_ (net)
                  0.09    0.00    2.30 ^ _452_/A1 (sky130_fd_sc_hd__o21a_4)
     1    0.04    0.12    0.19    2.49 ^ _452_/X (sky130_fd_sc_hd__o21a_4)
                                         _134_ (net)
                  0.12    0.00    2.49 ^ _456_/A (sky130_fd_sc_hd__xnor2_4)
     1    0.03    0.11    0.17    2.67 ^ _456_/Y (sky130_fd_sc_hd__xnor2_4)
                                         _138_ (net)
                  0.11    0.00    2.67 ^ _491_/A1 (sky130_fd_sc_hd__a21o_4)
     1    0.02    0.07    0.16    2.83 ^ _491_/X (sky130_fd_sc_hd__a21o_4)
                                         net27 (net)
                  0.07    0.00    2.83 ^ output27/A (sky130_fd_sc_hd__buf_6)
     1    0.03    0.08    0.13    2.96 ^ output27/X (sky130_fd_sc_hd__buf_6)
                                         z[7] (net)
                  0.08    0.00    2.96 ^ z[7] (out)
                                  2.96   data arrival time

                  0.00    0.00    0.00   clock __VIRTUAL_CLK__ (rise edge)
                          0.00    0.00   clock network delay (ideal)
                          0.25    0.25   clock uncertainty
                          0.00    0.25   clock reconvergence pessimism
                         -2.00   -1.75   output external delay
                                 -1.75   data required time
-----------------------------------------------------------------------------
                                 -1.75   data required time
                                 -2.96   data arrival time
-----------------------------------------------------------------------------
                                  4.71   slack (MET)


Startpoint: c[2] (input port clocked by __VIRTUAL_CLK__)
Endpoint: z[6] (output port clocked by __VIRTUAL_CLK__)
Path Group: __VIRTUAL_CLK__
Path Type: min
Corner: Typical

Fanout     Cap    Slew   Delay    Time   Description
-----------------------------------------------------------------------------
                  0.00    0.00    0.00   clock __VIRTUAL_CLK__ (rise edge)
                          0.00    0.00   clock network delay (ideal)
                          2.00    2.00 ^ input external delay
     1    0.01    0.04    0.03    2.03 ^ c[2] (in)
                                         c[2] (net)
                  0.04    0.00    2.03 ^ input19/A (sky130_fd_sc_hd__buf_8)
     8    0.13    0.21    0.20    2.23 ^ input19/X (sky130_fd_sc_hd__buf_8)
                                         net19 (net)
                  0.21    0.01    2.24 ^ _251_/A (sky130_fd_sc_hd__nor2_8)
     8    0.11    0.10    0.13    2.37 v _251_/Y (sky130_fd_sc_hd__nor2_8)
                                         _182_ (net)
                  0.11    0.01    2.38 v _439_/B1 (sky130_fd_sc_hd__o21a_1)
     1    0.02    0.10    0.18    2.56 v _439_/X (sky130_fd_sc_hd__o21a_1)
                                         _122_ (net)
                  0.10    0.00    2.56 v _450_/A1 (sky130_fd_sc_hd__a21o_1)
     1    0.02    0.10    0.22    2.78 v _450_/X (sky130_fd_sc_hd__a21o_1)
                                         net26 (net)
                  0.10    0.00    2.78 v output26/A (sky130_fd_sc_hd__buf_4)
     1    0.03    0.06    0.18    2.97 v output26/X (sky130_fd_sc_hd__buf_4)
                                         z[6] (net)
                  0.06    0.00    2.97 v z[6] (out)
                                  2.97   data arrival time

                  0.00    0.00    0.00   clock __VIRTUAL_CLK__ (rise edge)
                          0.00    0.00   clock network delay (ideal)
                          0.25    0.25   clock uncertainty
                          0.00    0.25   clock reconvergence pessimism
                         -2.00   -1.75   output external delay
                                 -1.75   data required time
-----------------------------------------------------------------------------
                                 -1.75   data required time
                                 -2.97   data arrival time
-----------------------------------------------------------------------------
                                  4.72   slack (MET)


Startpoint: c[2] (input port clocked by __VIRTUAL_CLK__)
Endpoint: z[2] (output port clocked by __VIRTUAL_CLK__)
Path Group: __VIRTUAL_CLK__
Path Type: min
Corner: Typical

Fanout     Cap    Slew   Delay    Time   Description
-----------------------------------------------------------------------------
                  0.00    0.00    0.00   clock __VIRTUAL_CLK__ (rise edge)
                          0.00    0.00   clock network delay (ideal)
                          2.00    2.00 ^ input external delay
     1    0.01    0.04    0.03    2.03 ^ c[2] (in)
                                         c[2] (net)
                  0.04    0.00    2.03 ^ input19/A (sky130_fd_sc_hd__buf_8)
     8    0.13    0.21    0.20    2.23 ^ input19/X (sky130_fd_sc_hd__buf_8)
                                         net19 (net)
                  0.21    0.01    2.24 ^ _251_/A (sky130_fd_sc_hd__nor2_8)
     8    0.11    0.10    0.13    2.37 v _251_/Y (sky130_fd_sc_hd__nor2_8)
                                         _182_ (net)
                  0.11    0.01    2.38 v _304_/A1 (sky130_fd_sc_hd__a211o_2)
     2    0.04    0.12    0.39    2.77 v _304_/X (sky130_fd_sc_hd__a211o_2)
                                         net22 (net)
                  0.13    0.00    2.77 v output22/A (sky130_fd_sc_hd__buf_2)
     1    0.03    0.09    0.21    2.98 v output22/X (sky130_fd_sc_hd__buf_2)
                                         z[2] (net)
                  0.09    0.00    2.98 v z[2] (out)
                                  2.98   data arrival time

                  0.00    0.00    0.00   clock __VIRTUAL_CLK__ (rise edge)
                          0.00    0.00   clock network delay (ideal)
                          0.25    0.25   clock uncertainty
                          0.00    0.25   clock reconvergence pessimism
                         -2.00   -1.75   output external delay
                                 -1.75   data required time
-----------------------------------------------------------------------------
                                 -1.75   data required time
                                 -2.98   data arrival time
-----------------------------------------------------------------------------
                                  4.73   slack (MET)


Startpoint: c[2] (input port clocked by __VIRTUAL_CLK__)
Endpoint: z[1] (output port clocked by __VIRTUAL_CLK__)
Path Group: __VIRTUAL_CLK__
Path Type: min
Corner: Typical

Fanout     Cap    Slew   Delay    Time   Description
-----------------------------------------------------------------------------
                  0.00    0.00    0.00   clock __VIRTUAL_CLK__ (rise edge)
                          0.00    0.00   clock network delay (ideal)
                          2.00    2.00 ^ input external delay
     1    0.01    0.04    0.03    2.03 ^ c[2] (in)
                                         c[2] (net)
                  0.04    0.00    2.03 ^ input19/A (sky130_fd_sc_hd__buf_8)
     8    0.13    0.21    0.20    2.23 ^ input19/X (sky130_fd_sc_hd__buf_8)
                                         net19 (net)
                  0.21    0.01    2.24 ^ _267_/A_N (sky130_fd_sc_hd__and3b_1)
     1    0.01    0.08    0.24    2.48 v _267_/X (sky130_fd_sc_hd__and3b_1)
                                         _197_ (net)
                  0.08    0.00    2.48 v _268_/A (sky130_fd_sc_hd__clkbuf_8)
     7    0.10    0.12    0.21    2.69 v _268_/X (sky130_fd_sc_hd__clkbuf_8)
                                         _198_ (net)
                  0.12    0.01    2.69 v _281_/A2 (sky130_fd_sc_hd__a31o_1)
     1    0.02    0.12    0.30    3.00 v _281_/X (sky130_fd_sc_hd__a31o_1)
                                         net21 (net)
                  0.12    0.00    3.00 v output21/A (sky130_fd_sc_hd__buf_2)
     1    0.03    0.09    0.20    3.20 v output21/X (sky130_fd_sc_hd__buf_2)
                                         z[1] (net)
                  0.09    0.00    3.20 v z[1] (out)
                                  3.20   data arrival time

                  0.00    0.00    0.00   clock __VIRTUAL_CLK__ (rise edge)
                          0.00    0.00   clock network delay (ideal)
                          0.25    0.25   clock uncertainty
                          0.00    0.25   clock reconvergence pessimism
                         -2.00   -1.75   output external delay
                                 -1.75   data required time
-----------------------------------------------------------------------------
                                 -1.75   data required time
                                 -3.20   data arrival time
-----------------------------------------------------------------------------
                                  4.95   slack (MET)


Startpoint: c[2] (input port clocked by __VIRTUAL_CLK__)
Endpoint: z[4] (output port clocked by __VIRTUAL_CLK__)
Path Group: __VIRTUAL_CLK__
Path Type: min
Corner: Typical

Fanout     Cap    Slew   Delay    Time   Description
-----------------------------------------------------------------------------
                  0.00    0.00    0.00   clock __VIRTUAL_CLK__ (rise edge)
                          0.00    0.00   clock network delay (ideal)
                          2.00    2.00 ^ input external delay
     1    0.01    0.04    0.03    2.03 ^ c[2] (in)
                                         c[2] (net)
                  0.04    0.00    2.03 ^ input19/A (sky130_fd_sc_hd__buf_8)
     8    0.13    0.21    0.20    2.23 ^ input19/X (sky130_fd_sc_hd__buf_8)
                                         net19 (net)
                  0.21    0.01    2.24 ^ _267_/A_N (sky130_fd_sc_hd__and3b_1)
     1    0.01    0.08    0.24    2.48 v _267_/X (sky130_fd_sc_hd__and3b_1)
                                         _197_ (net)
                  0.08    0.00    2.48 v _268_/A (sky130_fd_sc_hd__clkbuf_8)
     7    0.10    0.12    0.21    2.69 v _268_/X (sky130_fd_sc_hd__clkbuf_8)
                                         _198_ (net)
                  0.13    0.02    2.71 v _366_/A1 (sky130_fd_sc_hd__a31o_2)
     1    0.04    0.12    0.30    3.01 v _366_/X (sky130_fd_sc_hd__a31o_2)
                                         net24 (net)
                  0.12    0.01    3.02 v output24/A (sky130_fd_sc_hd__buf_2)
     1    0.03    0.09    0.20    3.22 v output24/X (sky130_fd_sc_hd__buf_2)
                                         z[4] (net)
                  0.09    0.00    3.22 v z[4] (out)
                                  3.22   data arrival time

                  0.00    0.00    0.00   clock __VIRTUAL_CLK__ (rise edge)
                          0.00    0.00   clock network delay (ideal)
                          0.25    0.25   clock uncertainty
                          0.00    0.25   clock reconvergence pessimism
                         -2.00   -1.75   output external delay
                                 -1.75   data required time
-----------------------------------------------------------------------------
                                 -1.75   data required time
                                 -3.22   data arrival time
-----------------------------------------------------------------------------
                                  4.97   slack (MET)


Startpoint: a[0] (input port clocked by __VIRTUAL_CLK__)
Endpoint: z[0] (output port clocked by __VIRTUAL_CLK__)
Path Group: __VIRTUAL_CLK__
Path Type: min
Corner: Typical

Fanout     Cap    Slew   Delay    Time   Description
-----------------------------------------------------------------------------
                  0.00    0.00    0.00   clock __VIRTUAL_CLK__ (rise edge)
                          0.00    0.00   clock network delay (ideal)
                          2.00    2.00 v input external delay
     1    0.00    0.01    0.01    2.01 v a[0] (in)
                                         a[0] (net)
                  0.01    0.00    2.01 v input1/A (sky130_fd_sc_hd__buf_6)
     8    0.11    0.10    0.15    2.16 v input1/X (sky130_fd_sc_hd__buf_6)
                                         net1 (net)
                  0.10    0.01    2.17 v _242_/A (sky130_fd_sc_hd__buf_8)
    10    0.14    0.11    0.19    2.36 v _242_/X (sky130_fd_sc_hd__buf_8)
                                         _173_ (net)
                  0.12    0.03    2.39 v _255_/A (sky130_fd_sc_hd__nor2_1)
     1    0.02    0.30    0.28    2.66 ^ _255_/Y (sky130_fd_sc_hd__nor2_1)
                                         _186_ (net)
                  0.30    0.00    2.67 ^ _256_/C (sky130_fd_sc_hd__or3_2)
     1    0.04    0.18    0.28    2.94 ^ _256_/X (sky130_fd_sc_hd__or3_2)
                                         _187_ (net)
                  0.18    0.00    2.95 ^ _257_/A (sky130_fd_sc_hd__buf_2)
     1    0.05    0.26    0.29    3.23 ^ _257_/X (sky130_fd_sc_hd__buf_2)
                                         net20 (net)
                  0.26    0.01    3.24 ^ output20/A (sky130_fd_sc_hd__buf_2)
     1    0.03    0.17    0.25    3.49 ^ output20/X (sky130_fd_sc_hd__buf_2)
                                         z[0] (net)
                  0.17    0.00    3.49 ^ z[0] (out)
                                  3.49   data arrival time

                  0.00    0.00    0.00   clock __VIRTUAL_CLK__ (rise edge)
                          0.00    0.00   clock network delay (ideal)
                          0.25    0.25   clock uncertainty
                          0.00    0.25   clock reconvergence pessimism
                         -2.00   -1.75   output external delay
                                 -1.75   data required time
-----------------------------------------------------------------------------
                                 -1.75   data required time
                                 -3.49   data arrival time
-----------------------------------------------------------------------------
                                  5.24   slack (MET)



worst slack corner Typical: 4.5831
