
===========================================================================
 report_power
============================================================================
======================= Fastest Corner ===================================

Group                  Internal  Switching    Leakage      Total
                          Power      Power      Power      Power (Watts)
----------------------------------------------------------------
Sequential             0.00e+00   0.00e+00   0.00e+00   0.00e+00   0.0%
Combinational          1.88e-04   4.87e-04   6.20e-09   6.75e-04 100.0%
Clock                 -8.10e-10   0.00e+00   4.38e-09   3.57e-09   0.0%
Macro                  0.00e+00   0.00e+00   0.00e+00   0.00e+00   0.0%
Pad                    0.00e+00   0.00e+00   0.00e+00   0.00e+00   0.0%
----------------------------------------------------------------
Total                  1.88e-04   4.87e-04   1.06e-08   6.75e-04 100.0%
                          27.9%      72.1%       0.0%

======================= Slowest Corner ===================================

Group                  Internal  Switching    Leakage      Total
                          Power      Power      Power      Power (Watts)
----------------------------------------------------------------
Sequential             0.00e+00   0.00e+00   0.00e+00   0.00e+00   0.0%
Combinational          1.25e-04   3.28e-04   2.64e-06   4.55e-04 100.0%
Clock                 -3.78e-10   0.00e+00   4.42e-09   4.04e-09   0.0%
Macro                  0.00e+00   0.00e+00   0.00e+00   0.00e+00   0.0%
Pad                    0.00e+00   0.00e+00   0.00e+00   0.00e+00   0.0%
----------------------------------------------------------------
Total                  1.25e-04   3.28e-04   2.64e-06   4.55e-04 100.0%
                          27.4%      72.0%       0.6%

======================= Typical Corner ===================================

Group                  Internal  Switching    Leakage      Total
                          Power      Power      Power      Power (Watts)
----------------------------------------------------------------
Sequential             0.00e+00   0.00e+00   0.00e+00   0.00e+00   0.0%
Combinational          1.67e-04   4.15e-04   1.85e-09   5.82e-04 100.0%
Clock                 -6.47e-11   0.00e+00   4.38e-09   4.32e-09   0.0%
Macro                  0.00e+00   0.00e+00   0.00e+00   0.00e+00   0.0%
Pad                    0.00e+00   0.00e+00   0.00e+00   0.00e+00   0.0%
----------------------------------------------------------------
Total                  1.67e-04   4.15e-04   6.23e-09   5.82e-04 100.0%
                          28.7%      71.3%       0.0%

