Instance,Terminal,Layer,X location,Y location,Voltage
FILLER_0_31_124,VPWR,li1,62.7900,95.2000,1.799999
FILLER_0_31_116,VPWR,li1,60.7200,95.2000,1.799999
FILLER_0_31_109,VPWR,li1,56.3500,95.2000,1.799999
FILLER_0_31_97,VPWR,li1,52.9000,95.2000,1.799999
FILLER_0_31_85,VPWR,li1,47.3800,95.2000,1.799998
FILLER_0_31_81,VPWR,li1,43.4700,95.2000,1.799998
FILLER_0_31_69,VPWR,li1,40.0200,95.2000,1.799998
FILLER_0_31_57,VPWR,li1,34.5000,95.2000,1.799997
FILLER_0_31_52,VPWR,li1,30.3600,95.2000,1.799996
FILLER_0_31_11,VPWR,li1,11.0400,95.2000,1.799997
FILLER_0_31_3,VPWR,li1,8.2800,95.2000,1.799997
FILLER_0_30_118,VPWR,li1,60.0300,95.2000,1.799999
FILLER_0_30_112,VPWR,li1,58.4200,95.2000,1.799999
FILLER_0_30_100,VPWR,li1,54.2800,95.2000,1.799999
FILLER_0_30_93,VPWR,li1,48.7600,95.2000,1.799998
FILLER_0_30_85,VPWR,li1,46.4600,95.2000,1.799998
FILLER_0_30_80,VPWR,li1,43.2400,95.2000,1.799998
FILLER_0_30_68,VPWR,li1,39.5600,95.2000,1.799998
FILLER_0_30_56,VPWR,li1,34.0400,95.2000,1.799997
FILLER_0_30_44,VPWR,li1,28.5200,95.2000,1.799995
FILLER_0_30_29,VPWR,li1,21.6200,95.2000,1.799994
FILLER_0_30_27,VPWR,li1,18.1700,95.2000,1.799996
FILLER_0_30_23,VPWR,li1,17.0200,95.2000,1.799996
FILLER_0_30_16,VPWR,li1,13.3400,95.2000,1.799997
FILLER_0_30_3,VPWR,li1,8.7400,95.2000,1.799997
FILLER_0_29_113,VPWR,li1,60.2600,89.7600,1.799996
FILLER_0_29_111,VPWR,li1,56.8100,89.7600,1.799995
FILLER_0_29_99,VPWR,li1,53.8200,89.7600,1.799994
FILLER_0_29_70,VPWR,li1,39.5600,89.7600,1.799993
FILLER_0_29_57,VPWR,li1,33.5800,89.7600,1.799994
FILLER_0_29_55,VPWR,li1,31.0500,89.7600,1.799993
FILLER_0_29_51,VPWR,li1,29.9000,89.7600,1.799992
FILLER_0_29_39,VPWR,li1,26.2200,89.7600,1.799993
FILLER_0_29_27,VPWR,li1,20.7000,89.7600,1.799995
FILLER_0_29_15,VPWR,li1,15.1800,89.7600,1.799996
FILLER_0_29_11,VPWR,li1,10.8100,89.7600,1.799997
FILLER_0_29_3,VPWR,li1,8.7400,89.7600,1.799997
FILLER_0_28_114,VPWR,li1,59.8000,89.7600,1.799996
FILLER_0_28_107,VPWR,li1,55.6600,89.7600,1.799995
FILLER_0_28_94,VPWR,li1,50.1400,89.7600,1.799993
FILLER_0_28_62,VPWR,li1,34.5000,89.7600,1.799994
FILLER_0_28_29,VPWR,li1,21.6200,89.7600,1.799995
FILLER_0_28_27,VPWR,li1,18.1700,89.7600,1.799995
FILLER_0_28_23,VPWR,li1,17.0200,89.7600,1.799995
FILLER_0_28_8,VPWR,li1,11.9600,89.7600,1.799997
FILLER_0_27_104,VPWR,li1,55.2000,84.3200,1.799997
FILLER_0_27_97,VPWR,li1,51.0600,84.3200,1.799997
FILLER_0_27_85,VPWR,li1,47.3800,84.3200,1.799996
FILLER_0_27_73,VPWR,li1,41.8600,84.3200,1.799995
FILLER_0_27_65,VPWR,li1,35.8800,84.3200,1.799994
FILLER_0_27_57,VPWR,li1,33.5800,84.3200,1.799993
FILLER_0_27_35,VPWR,li1,21.8500,84.3200,1.799991
FILLER_0_27_27,VPWR,li1,19.7800,84.3200,1.799991
FILLER_0_27_15,VPWR,li1,15.1800,84.3200,1.799993
FILLER_0_27_3,VPWR,li1,9.6600,84.3200,1.799995
FILLER_0_26_123,VPWR,li1,62.5600,84.3200,1.799998
FILLER_0_26_115,VPWR,li1,60.2600,84.3200,1.799998
FILLER_0_26_111,VPWR,li1,56.8100,84.3200,1.799997
FILLER_0_26_107,VPWR,li1,55.6600,84.3200,1.799997
FILLER_0_26_102,VPWR,li1,52.9000,84.3200,1.799997
FILLER_0_26_93,VPWR,li1,48.9900,84.3200,1.799996
FILLER_0_26_85,VPWR,li1,46.4600,84.3200,1.799996
FILLER_0_26_83,VPWR,li1,43.9300,84.3200,1.799996
FILLER_0_26_71,VPWR,li1,40.9400,84.3200,1.799995
FILLER_0_26_59,VPWR,li1,35.4200,84.3200,1.799994
FILLER_0_26_36,VPWR,li1,22.7700,84.3200,1.799990
FILLER_0_26_18,VPWR,li1,14.4900,84.3200,1.799993
FILLER_0_26_6,VPWR,li1,11.0400,84.3200,1.799995
FILLER_0_25_113,VPWR,li1,60.2600,78.8800,1.799993
FILLER_0_25_88,VPWR,li1,46.2300,78.8800,1.799987
FILLER_0_25_76,VPWR,li1,43.2400,78.8800,1.799989
FILLER_0_25_69,VPWR,li1,37.4900,78.8800,1.799991
FILLER_0_25_65,VPWR,li1,35.6500,78.8800,1.799992
FILLER_0_25_57,VPWR,li1,33.5800,78.8800,1.799992
FILLER_0_25_44,VPWR,li1,28.5200,78.8800,1.799992
FILLER_0_25_32,VPWR,li1,23.0000,78.8800,1.799993
FILLER_0_25_15,VPWR,li1,14.2600,78.8800,1.799996
FILLER_0_25_3,VPWR,li1,9.6600,78.8800,1.799997
FILLER_0_24_122,VPWR,li1,62.3300,78.8800,1.799993
FILLER_0_24_114,VPWR,li1,59.8000,78.8800,1.799993
FILLER_0_24_105,VPWR,li1,54.7400,78.8800,1.799989
FILLER_0_24_82,VPWR,li1,43.7000,78.8800,1.799989
FILLER_0_24_37,VPWR,li1,23.2300,78.8800,1.799993
FILLER_0_24_29,VPWR,li1,20.7000,78.8800,1.799994
FILLER_0_24_27,VPWR,li1,18.1700,78.8800,1.799995
FILLER_0_24_15,VPWR,li1,15.1800,78.8800,1.799996
FILLER_0_24_3,VPWR,li1,9.6600,78.8800,1.799997
FILLER_0_23_113,VPWR,li1,60.2600,73.4400,1.799961
FILLER_0_23_111,VPWR,li1,56.8100,73.4400,1.799941
FILLER_0_23_52,VPWR,li1,30.3600,73.4400,1.799944
FILLER_0_23_43,VPWR,li1,25.5300,73.4400,1.799952
FILLER_0_23_37,VPWR,li1,23.9200,73.4400,1.799957
FILLER_0_23_25,VPWR,li1,19.7800,73.4400,1.799963
FILLER_0_23_13,VPWR,li1,14.2600,73.4400,1.799974
FILLER_0_23_6,VPWR,li1,8.7400,73.4400,1.799981
FILLER_0_22_113,VPWR,li1,60.2600,73.4400,1.799961
FILLER_0_22_90,VPWR,li1,47.3800,73.4400,1.799918
FILLER_0_22_82,VPWR,li1,43.7000,73.4400,1.799920
FILLER_0_22_51,VPWR,li1,29.6700,73.4400,1.799944
FILLER_0_22_47,VPWR,li1,27.3700,73.4400,1.799948
FILLER_0_22_43,VPWR,li1,26.2200,73.4400,1.799952
FILLER_0_22_37,VPWR,li1,22.7700,73.4400,1.799957
FILLER_0_22_29,VPWR,li1,20.7000,73.4400,1.799963
FILLER_0_22_25,VPWR,li1,17.7100,73.4400,1.799967
FILLER_0_22_17,VPWR,li1,15.1800,73.4400,1.799974
FILLER_0_22_10,VPWR,li1,10.5800,73.4400,1.799981
FILLER_0_22_3,VPWR,li1,7.8200,73.4400,1.799981
FILLER_0_21_124,VPWR,li1,62.7900,68.0000,1.799981
FILLER_0_21_120,VPWR,li1,61.6400,68.0000,1.799981
FILLER_0_21_113,VPWR,li1,57.9600,68.0000,1.799977
FILLER_0_21_110,VPWR,li1,56.5800,68.0000,1.799977
FILLER_0_21_80,VPWR,li1,42.5500,68.0000,1.799966
FILLER_0_21_54,VPWR,li1,30.8200,68.0000,1.799983
FILLER_0_21_42,VPWR,li1,27.6000,68.0000,1.799985
FILLER_0_21_30,VPWR,li1,22.0800,68.0000,1.799988
FILLER_0_21_18,VPWR,li1,16.5600,68.0000,1.799992
FILLER_0_21_11,VPWR,li1,11.0400,68.0000,1.799994
FILLER_0_21_3,VPWR,li1,7.1300,68.0000,1.799994
FILLER_0_20_122,VPWR,li1,62.3300,68.0000,1.799981
FILLER_0_20_110,VPWR,li1,58.8800,68.0000,1.799981
FILLER_0_20_102,VPWR,li1,52.6700,68.0000,1.799967
FILLER_0_20_98,VPWR,li1,51.5200,68.0000,1.799967
FILLER_0_20_85,VPWR,li1,46.4600,68.0000,1.799957
FILLER_0_20_81,VPWR,li1,43.4700,68.0000,1.799966
FILLER_0_20_77,VPWR,li1,41.1700,68.0000,1.799969
FILLER_0_20_64,VPWR,li1,35.6500,68.0000,1.799980
FILLER_0_20_56,VPWR,li1,33.1200,68.0000,1.799982
FILLER_0_20_42,VPWR,li1,26.6800,68.0000,1.799985
FILLER_0_20_29,VPWR,li1,20.2400,68.0000,1.799989
FILLER_0_20_24,VPWR,li1,17.4800,68.0000,1.799990
FILLER_0_20_17,VPWR,li1,13.8000,68.0000,1.799993
FILLER_0_20_11,VPWR,li1,11.2700,68.0000,1.799994
FILLER_0_20_3,VPWR,li1,8.7400,68.0000,1.799994
FILLER_0_19_113,VPWR,li1,60.2600,62.5600,1.800000
FILLER_0_19_111,VPWR,li1,56.8100,62.5600,1.800000
FILLER_0_19_105,VPWR,li1,55.2000,62.5600,1.800000
FILLER_0_19_93,VPWR,li1,49.2200,62.5600,1.800000
FILLER_0_19_81,VPWR,li1,45.5400,62.5600,1.800000
FILLER_0_19_69,VPWR,li1,40.0200,62.5600,1.800000
FILLER_0_19_57,VPWR,li1,34.5000,62.5600,1.800000
FILLER_0_19_55,VPWR,li1,31.0500,62.5600,1.800000
FILLER_0_19_47,VPWR,li1,28.9800,62.5600,1.800000
FILLER_0_19_40,VPWR,li1,24.3800,62.5600,1.800000
FILLER_0_19_32,VPWR,li1,22.0800,62.5600,1.800000
FILLER_0_19_20,VPWR,li1,17.4800,62.5600,1.800000
FILLER_0_18_118,VPWR,li1,60.2600,62.5600,1.800000
FILLER_0_18_109,VPWR,li1,57.0400,62.5600,1.800000
FILLER_0_18_97,VPWR,li1,52.9000,62.5600,1.800000
FILLER_0_18_85,VPWR,li1,47.3800,62.5600,1.800000
FILLER_0_18_82,VPWR,li1,43.7000,62.5600,1.800000
FILLER_0_18_75,VPWR,li1,40.9400,62.5600,1.800000
FILLER_0_18_63,VPWR,li1,37.2600,62.5600,1.800000
FILLER_0_18_53,VPWR,li1,31.2800,62.5600,1.800000
FILLER_0_18_41,VPWR,li1,27.1400,62.5600,1.800000
FILLER_0_18_29,VPWR,li1,21.6200,62.5600,1.800000
FILLER_0_18_26,VPWR,li1,17.9400,62.5600,1.800000
FILLER_0_18_14,VPWR,li1,14.7200,62.5600,1.800000
FILLER_0_18_7,VPWR,li1,8.9700,62.5600,1.800000
FILLER_0_18_3,VPWR,li1,7.8200,62.5600,1.800000
FILLER_0_17_113,VPWR,li1,60.2600,57.1200,1.799989
FILLER_0_17_108,VPWR,li1,56.1200,57.1200,1.799983
FILLER_0_17_101,VPWR,li1,52.9000,57.1200,1.799980
FILLER_0_17_89,VPWR,li1,49.2200,57.1200,1.799976
FILLER_0_17_68,VPWR,li1,37.4900,57.1200,1.799965
FILLER_0_17_60,VPWR,li1,34.9600,57.1200,1.799974
FILLER_0_17_52,VPWR,li1,30.3600,57.1200,1.799977
FILLER_0_17_43,VPWR,li1,25.5300,57.1200,1.799980
FILLER_0_17_39,VPWR,li1,24.3800,57.1200,1.799982
FILLER_0_17_27,VPWR,li1,20.7000,57.1200,1.799984
FILLER_0_17_15,VPWR,li1,15.1800,57.1200,1.799988
FILLER_0_17_3,VPWR,li1,9.6600,57.1200,1.799992
FILLER_0_16_119,VPWR,li1,60.9500,57.1200,1.799989
FILLER_0_16_107,VPWR,li1,57.5000,57.1200,1.799986
FILLER_0_16_95,VPWR,li1,51.9800,57.1200,1.799980
FILLER_0_16_88,VPWR,li1,46.4600,57.1200,1.799973
FILLER_0_16_81,VPWR,li1,43.4700,57.1200,1.799971
FILLER_0_16_60,VPWR,li1,33.3500,57.1200,1.799974
FILLER_0_16_56,VPWR,li1,32.2000,57.1200,1.799975
FILLER_0_16_45,VPWR,li1,27.1400,57.1200,1.799980
FILLER_0_16_29,VPWR,li1,20.2400,57.1200,1.799984
FILLER_0_16_27,VPWR,li1,18.1700,57.1200,1.799986
FILLER_0_16_15,VPWR,li1,15.1800,57.1200,1.799988
FILLER_0_16_3,VPWR,li1,9.6600,57.1200,1.799992
FILLER_0_15_119,VPWR,li1,61.6400,51.6800,1.799996
FILLER_0_15_111,VPWR,li1,56.8100,51.6800,1.799995
FILLER_0_15_99,VPWR,li1,53.8200,51.6800,1.799994
FILLER_0_15_87,VPWR,li1,48.3000,51.6800,1.799996
FILLER_0_15_75,VPWR,li1,42.7800,51.6800,1.799997
FILLER_0_15_69,VPWR,li1,37.9500,51.6800,1.799998
FILLER_0_15_57,VPWR,li1,34.5000,51.6800,1.799998
FILLER_0_15_55,VPWR,li1,31.0500,51.6800,1.799999
FILLER_0_15_51,VPWR,li1,29.9000,51.6800,1.799999
FILLER_0_15_44,VPWR,li1,26.2200,51.6800,1.799999
FILLER_0_15_36,VPWR,li1,23.9200,51.6800,1.799999
FILLER_0_15_30,VPWR,li1,19.5500,51.6800,1.799999
FILLER_0_15_18,VPWR,li1,16.5600,51.6800,1.799999
FILLER_0_15_6,VPWR,li1,11.0400,51.6800,1.799999
FILLER_0_14_117,VPWR,li1,61.1800,51.6800,1.799996
FILLER_0_14_95,VPWR,li1,49.4500,51.6800,1.799995
FILLER_0_14_89,VPWR,li1,46.6900,51.6800,1.799996
FILLER_0_14_85,VPWR,li1,45.5400,51.6800,1.799996
FILLER_0_14_72,VPWR,li1,41.4000,51.6800,1.799997
FILLER_0_14_61,VPWR,li1,34.0400,51.6800,1.799998
FILLER_0_14_53,VPWR,li1,31.7400,51.6800,1.799998
FILLER_0_14_41,VPWR,li1,27.1400,51.6800,1.799999
FILLER_0_14_29,VPWR,li1,21.6200,51.6800,1.799999
FILLER_0_14_27,VPWR,li1,18.1700,51.6800,1.799999
FILLER_0_14_15,VPWR,li1,12.6500,51.6800,1.799999
FILLER_0_14_3,VPWR,li1,9.6600,51.6800,1.799999
FILLER_0_13_121,VPWR,li1,62.1000,46.2400,1.799992
FILLER_0_13_113,VPWR,li1,58.4200,46.2400,1.799990
FILLER_0_13_57,VPWR,li1,31.9700,46.2400,1.799993
FILLER_0_13_34,VPWR,li1,21.6200,46.2400,1.799995
FILLER_0_13_30,VPWR,li1,19.7800,46.2400,1.799996
FILLER_0_13_18,VPWR,li1,16.5600,46.2400,1.799996
FILLER_0_13_6,VPWR,li1,11.0400,46.2400,1.799998
FILLER_0_12_124,VPWR,li1,62.7900,46.2400,1.799992
FILLER_0_12_120,VPWR,li1,61.6400,46.2400,1.799992
FILLER_0_12_96,VPWR,li1,49.9100,46.2400,1.799987
FILLER_0_12_88,VPWR,li1,47.8400,46.2400,1.799986
FILLER_0_12_82,VPWR,li1,43.7000,46.2400,1.799987
FILLER_0_12_73,VPWR,li1,39.5600,46.2400,1.799989
FILLER_0_12_66,VPWR,li1,36.3400,46.2400,1.799990
FILLER_0_12_52,VPWR,li1,30.8200,46.2400,1.799993
FILLER_0_12_29,VPWR,li1,21.6200,46.2400,1.799995
FILLER_0_12_27,VPWR,li1,18.1700,46.2400,1.799996
FILLER_0_12_15,VPWR,li1,15.1800,46.2400,1.799996
FILLER_0_12_3,VPWR,li1,9.6600,46.2400,1.799998
FILLER_0_11_123,VPWR,li1,62.5600,40.8000,1.799977
FILLER_0_11_111,VPWR,li1,56.8100,40.8000,1.799965
FILLER_0_11_105,VPWR,li1,55.2000,40.8000,1.799965
FILLER_0_11_93,VPWR,li1,51.0600,40.8000,1.799956
FILLER_0_11_81,VPWR,li1,45.5400,40.8000,1.799958
FILLER_0_11_55,VPWR,li1,31.0500,40.8000,1.799977
FILLER_0_11_18,VPWR,li1,14.0300,40.8000,1.799984
FILLER_0_11_12,VPWR,li1,12.4200,40.8000,1.799984
FILLER_0_11_3,VPWR,li1,8.2800,40.8000,1.799987
FILLER_0_10_124,VPWR,li1,62.7900,40.8000,1.799977
FILLER_0_10_120,VPWR,li1,61.6400,40.8000,1.799977
FILLER_0_10_105,VPWR,li1,56.5800,40.8000,1.799965
FILLER_0_10_82,VPWR,li1,43.7000,40.8000,1.799961
FILLER_0_10_67,VPWR,li1,39.1000,40.8000,1.799969
FILLER_0_10_63,VPWR,li1,34.7300,40.8000,1.799977
FILLER_0_10_55,VPWR,li1,32.6600,40.8000,1.799977
FILLER_0_10_43,VPWR,li1,28.0600,40.8000,1.799978
FILLER_0_10_35,VPWR,li1,22.0800,40.8000,1.799978
FILLER_0_10_27,VPWR,li1,18.1700,40.8000,1.799980
FILLER_0_10_3,VPWR,li1,7.1300,40.8000,1.799987
FILLER_0_9_113,VPWR,li1,60.2600,35.3600,1.799991
FILLER_0_9_109,VPWR,li1,56.3500,35.3600,1.799987
FILLER_0_9_101,VPWR,li1,53.8200,35.3600,1.799984
FILLER_0_9_77,VPWR,li1,41.6300,35.3600,1.799977
FILLER_0_9_71,VPWR,li1,38.4100,35.3600,1.799975
FILLER_0_9_65,VPWR,li1,35.6500,35.3600,1.799975
FILLER_0_9_57,VPWR,li1,33.5800,35.3600,1.799969
FILLER_0_9_48,VPWR,li1,29.4400,35.3600,1.799957
FILLER_0_9_36,VPWR,li1,24.8400,35.3600,1.799964
FILLER_0_9_3,VPWR,li1,7.5900,35.3600,1.799983
FILLER_0_8_117,VPWR,li1,61.1800,35.3600,1.799991
FILLER_0_8_105,VPWR,li1,56.5800,35.3600,1.799987
FILLER_0_8_99,VPWR,li1,51.7500,35.3600,1.799982
FILLER_0_8_72,VPWR,li1,41.4000,35.3600,1.799976
FILLER_0_8_63,VPWR,li1,35.8800,35.3600,1.799975
FILLER_0_8_37,VPWR,li1,23.2300,35.3600,1.799964
FILLER_0_8_29,VPWR,li1,20.7000,35.3600,1.799967
FILLER_0_8_25,VPWR,li1,17.7100,35.3600,1.799972
FILLER_0_8_13,VPWR,li1,14.2600,35.3600,1.799976
FILLER_0_8_9,VPWR,li1,9.8900,35.3600,1.799983
FILLER_0_8_3,VPWR,li1,8.2800,35.3600,1.799983
FILLER_0_7_124,VPWR,li1,62.7900,29.9200,1.799998
FILLER_0_7_118,VPWR,li1,61.1800,29.9200,1.799998
FILLER_0_7_111,VPWR,li1,56.8100,29.9200,1.799997
FILLER_0_7_107,VPWR,li1,55.6600,29.9200,1.799997
FILLER_0_7_95,VPWR,li1,51.9800,29.9200,1.799996
FILLER_0_7_83,VPWR,li1,46.4600,29.9200,1.799995
FILLER_0_7_75,VPWR,li1,40.2500,29.9200,1.799993
FILLER_0_7_69,VPWR,li1,38.6400,29.9200,1.799993
FILLER_0_7_57,VPWR,li1,34.5000,29.9200,1.799992
FILLER_0_7_55,VPWR,li1,31.0500,29.9200,1.799989
FILLER_0_7_43,VPWR,li1,28.0600,29.9200,1.799986
FILLER_0_6_121,VPWR,li1,62.1000,29.9200,1.799998
FILLER_0_6_109,VPWR,li1,58.4200,29.9200,1.799997
FILLER_0_6_97,VPWR,li1,52.9000,29.9200,1.799996
FILLER_0_6_85,VPWR,li1,47.3800,29.9200,1.799995
FILLER_0_6_72,VPWR,li1,41.4000,29.9200,1.799994
FILLER_0_6_60,VPWR,li1,35.8800,29.9200,1.799992
FILLER_0_6_29,VPWR,li1,19.5500,29.9200,1.799984
FILLER_0_6_26,VPWR,li1,17.9400,29.9200,1.799984
FILLER_0_5_123,VPWR,li1,62.5600,24.4800,1.799994
FILLER_0_5_118,VPWR,li1,60.2600,24.4800,1.799994
FILLER_0_5_104,VPWR,li1,55.2000,24.4800,1.799992
FILLER_0_5_92,VPWR,li1,50.6000,24.4800,1.799992
FILLER_0_5_80,VPWR,li1,45.0800,24.4800,1.799992
FILLER_0_5_54,VPWR,li1,30.8200,24.4800,1.799994
FILLER_0_5_46,VPWR,li1,28.5200,24.4800,1.799993
FILLER_0_5_31,VPWR,li1,22.5400,24.4800,1.799993
FILLER_0_5_6,VPWR,li1,8.7400,24.4800,1.799994
FILLER_0_4_122,VPWR,li1,62.3300,24.4800,1.799994
FILLER_0_4_101,VPWR,li1,52.2100,24.4800,1.799992
FILLER_0_4_97,VPWR,li1,51.0600,24.4800,1.799992
FILLER_0_4_85,VPWR,li1,47.3800,24.4800,1.799992
FILLER_0_4_83,VPWR,li1,43.9300,24.4800,1.799992
FILLER_0_4_77,VPWR,li1,42.3200,24.4800,1.799992
FILLER_0_4_65,VPWR,li1,38.1800,24.4800,1.799992
FILLER_0_4_55,VPWR,li1,31.7400,24.4800,1.799994
FILLER_0_4_49,VPWR,li1,28.2900,24.4800,1.799993
FILLER_0_4_43,VPWR,li1,26.6800,24.4800,1.799993
FILLER_0_4_35,VPWR,li1,21.8500,24.4800,1.799993
FILLER_0_4_29,VPWR,li1,20.2400,24.4800,1.799993
FILLER_0_4_27,VPWR,li1,18.1700,24.4800,1.799993
FILLER_0_4_23,VPWR,li1,17.0200,24.4800,1.799993
FILLER_0_4_11,VPWR,li1,13.3400,24.4800,1.799993
FILLER_0_4_3,VPWR,li1,7.5900,24.4800,1.799994
FILLER_0_3_121,VPWR,li1,61.4100,19.0400,1.799997
FILLER_0_3_113,VPWR,li1,59.3400,19.0400,1.799997
FILLER_0_3_110,VPWR,li1,56.5800,19.0400,1.799996
FILLER_0_3_105,VPWR,li1,54.2800,19.0400,1.799995
FILLER_0_3_93,VPWR,li1,51.0600,19.0400,1.799994
FILLER_0_3_81,VPWR,li1,45.5400,19.0400,1.799995
FILLER_0_3_69,VPWR,li1,40.0200,19.0400,1.799996
FILLER_0_3_57,VPWR,li1,34.5000,19.0400,1.799998
FILLER_0_3_53,VPWR,li1,30.5900,19.0400,1.799998
FILLER_0_3_41,VPWR,li1,27.1400,19.0400,1.799998
FILLER_0_3_37,VPWR,li1,22.7700,19.0400,1.799999
FILLER_0_3_31,VPWR,li1,21.1600,19.0400,1.799999
FILLER_0_3_19,VPWR,li1,17.0200,19.0400,1.799999
FILLER_0_3_7,VPWR,li1,11.5000,19.0400,1.799999
FILLER_0_3_3,VPWR,li1,7.1300,19.0400,1.799999
FILLER_0_2_117,VPWR,li1,61.1800,19.0400,1.799997
FILLER_0_2_105,VPWR,li1,56.5800,19.0400,1.799996
FILLER_0_2_77,VPWR,li1,41.4000,19.0400,1.799996
FILLER_0_2_71,VPWR,li1,38.4100,19.0400,1.799997
FILLER_0_2_65,VPWR,li1,36.8000,19.0400,1.799997
FILLER_0_2_53,VPWR,li1,32.6600,19.0400,1.799998
FILLER_0_2_44,VPWR,li1,26.2200,19.0400,1.799998
FILLER_0_2_32,VPWR,li1,23.0000,19.0400,1.799999
FILLER_0_2_26,VPWR,li1,17.9400,19.0400,1.799999
FILLER_0_2_15,VPWR,li1,14.2600,19.0400,1.799999
FILLER_0_2_3,VPWR,li1,9.6600,19.0400,1.799999
FILLER_0_1_121,VPWR,li1,62.1000,13.6000,1.799999
FILLER_0_1_113,VPWR,li1,57.7300,13.6000,1.799999
FILLER_0_1_89,VPWR,li1,46.9200,13.6000,1.799998
FILLER_0_1_77,VPWR,li1,41.6300,13.6000,1.799997
FILLER_0_1_69,VPWR,li1,39.1000,13.6000,1.799997
FILLER_0_1_57,VPWR,li1,34.5000,13.6000,1.799997
FILLER_0_1_44,VPWR,li1,28.5200,13.6000,1.799994
FILLER_0_1_15,VPWR,li1,12.6500,13.6000,1.799990
FILLER_0_1_3,VPWR,li1,9.6600,13.6000,1.799992
FILLER_0_0_113,VPWR,li1,60.2600,13.6000,1.799999
FILLER_0_0_108,VPWR,li1,56.1200,13.6000,1.799999
FILLER_0_0_96,VPWR,li1,52.4400,13.6000,1.799998
FILLER_0_0_85,VPWR,li1,46.0000,13.6000,1.799998
FILLER_0_0_83,VPWR,li1,43.9300,13.6000,1.799998
FILLER_0_0_77,VPWR,li1,42.3200,13.6000,1.799997
FILLER_0_0_64,VPWR,li1,36.3400,13.6000,1.799997
FILLER_0_0_57,VPWR,li1,32.4300,13.6000,1.799996
FILLER_0_0_53,VPWR,li1,30.5900,13.6000,1.799995
FILLER_0_0_41,VPWR,li1,27.1400,13.6000,1.799994
FILLER_0_0_29,VPWR,li1,21.6200,13.6000,1.799992
FILLER_0_0_24,VPWR,li1,16.7900,13.6000,1.799990
ANTENNA_3,VPWR,li1,10.1200,95.2000,1.799997
ANTENNA_2,VPWR,li1,11.9600,68.0000,1.799994
ANTENNA_1,VPWR,li1,20.7000,46.2400,1.799995
clkload2,VPWR,li1,48.3000,73.4400,1.799917
clkload1,VPWR,li1,37.2600,73.4400,1.799923
clkload0,VPWR,li1,42.5500,40.8000,1.799964
clkbuf_2_3__f_clk,VPWR,li1,47.3800,68.0000,1.799957
clkbuf_2_2__f_clk,VPWR,li1,34.9600,73.4400,1.799934
clkbuf_2_1__f_clk,VPWR,li1,49.2200,40.8000,1.799951
clkbuf_2_0__f_clk,VPWR,li1,29.9000,35.3600,1.799957
clkbuf_0_clk,VPWR,li1,38.1800,57.1200,1.799965
output3,VPWR,li1,62.3300,19.0400,1.799997
output2,VPWR,li1,62.3300,57.1200,1.799989
output1,VPWR,li1,62.3300,95.2000,1.799999
TAP_TAPCELL_ROW_31_131,VPWR,li1,57.2700,95.5060,1.799999
TAP_TAPCELL_ROW_31_130,VPWR,li1,44.3900,95.5060,1.799998
TAP_TAPCELL_ROW_31_129,VPWR,li1,31.5100,95.5060,1.799996
TAP_TAPCELL_ROW_31_128,VPWR,li1,18.6300,95.5060,1.799996
TAP_TAPCELL_ROW_30_127,VPWR,li1,44.3900,94.8930,1.799998
TAP_TAPCELL_ROW_30_126,VPWR,li1,18.6300,94.8930,1.799996
TAP_TAPCELL_ROW_29_125,VPWR,li1,57.2700,90.0660,1.799995
TAP_TAPCELL_ROW_29_124,VPWR,li1,31.5100,90.0660,1.799993
TAP_TAPCELL_ROW_28_123,VPWR,li1,44.3900,89.4530,1.799992
TAP_TAPCELL_ROW_28_122,VPWR,li1,18.6300,89.4530,1.799995
TAP_TAPCELL_ROW_27_121,VPWR,li1,57.2700,84.6260,1.799998
TAP_TAPCELL_ROW_27_120,VPWR,li1,31.5100,84.6260,1.799991
TAP_TAPCELL_ROW_26_119,VPWR,li1,44.3900,84.0130,1.799996
TAP_TAPCELL_ROW_26_118,VPWR,li1,18.6300,84.0130,1.799991
TAP_TAPCELL_ROW_25_117,VPWR,li1,57.2700,79.1860,1.799990
TAP_TAPCELL_ROW_25_116,VPWR,li1,31.5100,79.1860,1.799991
TAP_TAPCELL_ROW_24_115,VPWR,li1,44.3900,78.5730,1.799988
TAP_TAPCELL_ROW_24_114,VPWR,li1,18.6300,78.5730,1.799995
TAP_TAPCELL_ROW_23_113,VPWR,li1,57.2700,73.7460,1.799949
TAP_TAPCELL_ROW_23_112,VPWR,li1,31.5100,73.7460,1.799940
TAP_TAPCELL_ROW_22_111,VPWR,li1,44.3900,73.1330,1.799920
TAP_TAPCELL_ROW_22_110,VPWR,li1,18.6300,73.1330,1.799967
TAP_TAPCELL_ROW_21_109,VPWR,li1,57.2700,68.3060,1.799977
TAP_TAPCELL_ROW_21_108,VPWR,li1,31.5100,68.3060,1.799983
TAP_TAPCELL_ROW_20_107,VPWR,li1,44.3900,67.6930,1.799961
TAP_TAPCELL_ROW_20_106,VPWR,li1,18.6300,67.6930,1.799990
TAP_TAPCELL_ROW_19_105,VPWR,li1,57.2700,62.8660,1.800000
TAP_TAPCELL_ROW_19_104,VPWR,li1,31.5100,62.8660,1.800000
TAP_TAPCELL_ROW_18_103,VPWR,li1,44.3900,62.2530,1.800000
TAP_TAPCELL_ROW_18_102,VPWR,li1,18.6300,62.2530,1.800000
TAP_TAPCELL_ROW_17_101,VPWR,li1,57.2700,57.4260,1.799986
TAP_TAPCELL_ROW_17_100,VPWR,li1,31.5100,57.4260,1.799975
TAP_TAPCELL_ROW_16_99,VPWR,li1,44.3900,56.8130,1.799971
TAP_TAPCELL_ROW_16_98,VPWR,li1,18.6300,56.8130,1.799986
TAP_TAPCELL_ROW_15_97,VPWR,li1,57.2700,51.9860,1.799995
TAP_TAPCELL_ROW_15_96,VPWR,li1,31.5100,51.9860,1.799999
TAP_TAPCELL_ROW_14_95,VPWR,li1,44.3900,51.3730,1.799996
TAP_TAPCELL_ROW_14_94,VPWR,li1,18.6300,51.3730,1.799999
TAP_TAPCELL_ROW_13_93,VPWR,li1,57.2700,46.5460,1.799990
TAP_TAPCELL_ROW_13_92,VPWR,li1,31.5100,46.5460,1.799993
TAP_TAPCELL_ROW_12_91,VPWR,li1,44.3900,45.9330,1.799987
TAP_TAPCELL_ROW_12_90,VPWR,li1,18.6300,45.9330,1.799996
TAP_TAPCELL_ROW_11_89,VPWR,li1,57.2700,41.1060,1.799970
TAP_TAPCELL_ROW_11_88,VPWR,li1,31.5100,41.1060,1.799977
TAP_TAPCELL_ROW_10_87,VPWR,li1,44.3900,40.4930,1.799961
TAP_TAPCELL_ROW_10_86,VPWR,li1,18.6300,40.4930,1.799980
TAP_TAPCELL_ROW_9_85,VPWR,li1,57.2700,35.6660,1.799987
TAP_TAPCELL_ROW_9_84,VPWR,li1,31.5100,35.6660,1.799963
TAP_TAPCELL_ROW_8_83,VPWR,li1,44.3900,35.0530,1.799978
TAP_TAPCELL_ROW_8_82,VPWR,li1,18.6300,35.0530,1.799970
TAP_TAPCELL_ROW_7_81,VPWR,li1,57.2700,30.2260,1.799997
TAP_TAPCELL_ROW_7_80,VPWR,li1,31.5100,30.2260,1.799989
TAP_TAPCELL_ROW_6_79,VPWR,li1,44.3900,29.6130,1.799994
TAP_TAPCELL_ROW_6_78,VPWR,li1,18.6300,29.6130,1.799984
TAP_TAPCELL_ROW_5_77,VPWR,li1,57.2700,24.7860,1.799992
TAP_TAPCELL_ROW_5_76,VPWR,li1,31.5100,24.7860,1.799994
TAP_TAPCELL_ROW_4_75,VPWR,li1,44.3900,24.1730,1.799992
TAP_TAPCELL_ROW_4_74,VPWR,li1,18.6300,24.1730,1.799993
TAP_TAPCELL_ROW_3_73,VPWR,li1,57.2700,19.3460,1.799996
TAP_TAPCELL_ROW_3_72,VPWR,li1,31.5100,19.3460,1.799998
TAP_TAPCELL_ROW_2_71,VPWR,li1,44.3900,18.7330,1.799995
TAP_TAPCELL_ROW_2_70,VPWR,li1,18.6300,18.7330,1.799999
TAP_TAPCELL_ROW_1_69,VPWR,li1,57.2700,13.9060,1.799999
TAP_TAPCELL_ROW_1_68,VPWR,li1,31.5100,13.9060,1.799995
TAP_TAPCELL_ROW_0_67,VPWR,li1,57.2700,13.2930,1.799999
TAP_TAPCELL_ROW_0_66,VPWR,li1,44.3900,13.2930,1.799998
TAP_TAPCELL_ROW_0_65,VPWR,li1,31.5100,13.2930,1.799995
TAP_TAPCELL_ROW_0_64,VPWR,li1,18.6300,13.2930,1.799990
PHY_EDGE_ROW_31_Left_63,VPWR,li1,6.2100,95.2000,1.799997
PHY_EDGE_ROW_30_Left_62,VPWR,li1,6.2100,95.2000,1.799997
PHY_EDGE_ROW_29_Left_61,VPWR,li1,6.2100,89.7600,1.799997
PHY_EDGE_ROW_28_Left_60,VPWR,li1,6.2100,89.7600,1.799997
PHY_EDGE_ROW_27_Left_59,VPWR,li1,6.2100,84.3200,1.799995
PHY_EDGE_ROW_26_Left_58,VPWR,li1,6.2100,84.3200,1.799995
PHY_EDGE_ROW_25_Left_57,VPWR,li1,6.2100,78.8800,1.799997
PHY_EDGE_ROW_24_Left_56,VPWR,li1,6.2100,78.8800,1.799997
PHY_EDGE_ROW_23_Left_55,VPWR,li1,6.2100,73.4400,1.799981
PHY_EDGE_ROW_22_Left_54,VPWR,li1,6.2100,73.4400,1.799981
PHY_EDGE_ROW_21_Left_53,VPWR,li1,6.2100,68.0000,1.799994
PHY_EDGE_ROW_20_Left_52,VPWR,li1,6.2100,68.0000,1.799994
PHY_EDGE_ROW_19_Left_51,VPWR,li1,6.2100,62.5600,1.800000
PHY_EDGE_ROW_18_Left_50,VPWR,li1,6.2100,62.5600,1.800000
PHY_EDGE_ROW_17_Left_49,VPWR,li1,6.2100,57.1200,1.799992
PHY_EDGE_ROW_16_Left_48,VPWR,li1,6.2100,57.1200,1.799992
PHY_EDGE_ROW_15_Left_47,VPWR,li1,6.2100,51.6800,1.799999
PHY_EDGE_ROW_14_Left_46,VPWR,li1,6.2100,51.6800,1.799999
PHY_EDGE_ROW_13_Left_45,VPWR,li1,6.2100,46.2400,1.799998
PHY_EDGE_ROW_12_Left_44,VPWR,li1,6.2100,46.2400,1.799998
PHY_EDGE_ROW_11_Left_43,VPWR,li1,6.2100,40.8000,1.799987
PHY_EDGE_ROW_10_Left_42,VPWR,li1,6.2100,40.8000,1.799987
PHY_EDGE_ROW_9_Left_41,VPWR,li1,6.2100,35.3600,1.799983
PHY_EDGE_ROW_8_Left_40,VPWR,li1,6.2100,35.3600,1.799983
PHY_EDGE_ROW_7_Left_39,VPWR,li1,6.2100,29.9200,1.799986
PHY_EDGE_ROW_6_Left_38,VPWR,li1,6.2100,29.9200,1.799986
PHY_EDGE_ROW_5_Left_37,VPWR,li1,6.2100,24.4800,1.799994
PHY_EDGE_ROW_4_Left_36,VPWR,li1,6.2100,24.4800,1.799994
PHY_EDGE_ROW_3_Left_35,VPWR,li1,6.2100,19.0400,1.799999
PHY_EDGE_ROW_2_Left_34,VPWR,li1,6.2100,19.0400,1.799999
PHY_EDGE_ROW_1_Left_33,VPWR,li1,6.2100,13.6000,1.799992
PHY_EDGE_ROW_0_Left_32,VPWR,li1,6.2100,13.6000,1.799992
PHY_EDGE_ROW_31_Right_31,VPWR,li1,63.7100,95.2000,1.799999
PHY_EDGE_ROW_30_Right_30,VPWR,li1,63.7100,95.2000,1.799999
PHY_EDGE_ROW_29_Right_29,VPWR,li1,63.7100,89.7600,1.799996
PHY_EDGE_ROW_28_Right_28,VPWR,li1,63.7100,89.7600,1.799996
PHY_EDGE_ROW_27_Right_27,VPWR,li1,63.7100,84.3200,1.799998
PHY_EDGE_ROW_26_Right_26,VPWR,li1,63.7100,84.3200,1.799998
PHY_EDGE_ROW_25_Right_25,VPWR,li1,63.7100,78.8800,1.799993
PHY_EDGE_ROW_24_Right_24,VPWR,li1,63.7100,78.8800,1.799993
PHY_EDGE_ROW_23_Right_23,VPWR,li1,63.7100,73.4400,1.799961
PHY_EDGE_ROW_22_Right_22,VPWR,li1,63.7100,73.4400,1.799961
PHY_EDGE_ROW_21_Right_21,VPWR,li1,63.7100,68.0000,1.799981
PHY_EDGE_ROW_20_Right_20,VPWR,li1,63.7100,68.0000,1.799981
PHY_EDGE_ROW_19_Right_19,VPWR,li1,63.7100,62.5600,1.800000
PHY_EDGE_ROW_18_Right_18,VPWR,li1,63.7100,62.5600,1.800000
PHY_EDGE_ROW_17_Right_17,VPWR,li1,63.7100,57.1200,1.799989
PHY_EDGE_ROW_16_Right_16,VPWR,li1,63.7100,57.1200,1.799989
PHY_EDGE_ROW_15_Right_15,VPWR,li1,63.7100,51.6800,1.799996
PHY_EDGE_ROW_14_Right_14,VPWR,li1,63.7100,51.6800,1.799996
PHY_EDGE_ROW_13_Right_13,VPWR,li1,63.7100,46.2400,1.799992
PHY_EDGE_ROW_12_Right_12,VPWR,li1,63.7100,46.2400,1.799992
PHY_EDGE_ROW_11_Right_11,VPWR,li1,63.7100,40.8000,1.799977
PHY_EDGE_ROW_10_Right_10,VPWR,li1,63.7100,40.8000,1.799977
PHY_EDGE_ROW_9_Right_9,VPWR,li1,63.7100,35.3600,1.799991
PHY_EDGE_ROW_8_Right_8,VPWR,li1,63.7100,35.3600,1.799991
PHY_EDGE_ROW_7_Right_7,VPWR,li1,63.7100,29.9200,1.799998
PHY_EDGE_ROW_6_Right_6,VPWR,li1,63.7100,29.9200,1.799998
PHY_EDGE_ROW_5_Right_5,VPWR,li1,63.7100,24.4800,1.799994
PHY_EDGE_ROW_4_Right_4,VPWR,li1,63.7100,24.4800,1.799994
PHY_EDGE_ROW_3_Right_3,VPWR,li1,63.7100,19.0400,1.799997
PHY_EDGE_ROW_2_Right_2,VPWR,li1,63.7100,19.0400,1.799997
PHY_EDGE_ROW_1_Right_1,VPWR,li1,63.7100,13.6000,1.799999
PHY_EDGE_ROW_0_Right_0,VPWR,li1,63.7100,13.6000,1.799999
_357_,VPWR,li1,37.0300,68.0000,1.799975
_356_,VPWR,li1,55.4300,46.2400,1.799988
_355_,VPWR,li1,52.6700,73.4400,1.799931
_354_,VPWR,li1,46.4600,46.2400,1.799986
_353_,VPWR,li1,49.2200,19.0400,1.799994
_352_,VPWR,li1,46.2300,89.7600,1.799992
_351_,VPWR,li1,51.0600,78.8800,1.799986
_350_,VPWR,li1,37.0300,46.2400,1.799990
_349_,VPWR,li1,31.2800,78.8800,1.799991
_348_,VPWR,li1,24.1500,95.2000,1.799994
_347_,VPWR,li1,28.0600,84.3200,1.799988
_346_,VPWR,li1,39.5600,89.7600,1.799993
_345_,VPWR,li1,26.6800,84.3200,1.799988
_344_,VPWR,li1,49.2200,78.8800,1.799986
_343_,VPWR,li1,14.4900,24.4800,1.799993
_342_,VPWR,li1,13.3400,40.8000,1.799984
_341_,VPWR,li1,11.7300,13.6000,1.799990
_340_,VPWR,li1,57.0400,24.4800,1.799992
_339_,VPWR,li1,17.7100,13.6000,1.799990
_338_,VPWR,li1,20.7000,29.9200,1.799983
_337_,VPWR,li1,21.6200,40.8000,1.799979
_336_,VPWR,li1,11.5000,29.9200,1.799986
_335_,VPWR,li1,29.2100,89.7600,1.799992
_334_,VPWR,li1,36.3400,40.8000,1.799977
_333_,VPWR,li1,47.1500,35.3600,1.799979
_332_,VPWR,li1,16.7900,35.3600,1.799972
_331_,VPWR,li1,37.0300,24.4800,1.799992
_330_,VPWR,li1,28.2900,29.9200,1.799986
_329_,VPWR,li1,54.5100,51.6800,1.799994
_328_,VPWR,li1,12.1900,29.9200,1.799986
_327_,VPWR,li1,24.6100,40.8000,1.799978
_326_,VPWR,li1,11.7300,89.7600,1.799997
_325_,VPWR,li1,7.5900,51.6800,1.799999
_324_,VPWR,li1,12.6500,68.0000,1.799993
_323_,VPWR,li1,60.0300,40.8000,1.799977
_322_,VPWR,li1,7.5900,73.4400,1.799981
_321_,VPWR,li1,39.3300,51.6800,1.799997
_320_,VPWR,li1,45.3100,46.2400,1.799987
_319_,VPWR,li1,17.7100,13.6000,1.799990
_318_,VPWR,li1,10.3500,40.8000,1.799987
_317_,VPWR,li1,17.4800,78.8800,1.799995
_316_,VPWR,li1,62.3300,84.3200,1.799998
_315_,VPWR,li1,8.0500,40.8000,1.799987
_314_,VPWR,li1,32.4300,57.1200,1.799975
_313_,VPWR,li1,45.3100,57.1200,1.799973
_312_,VPWR,li1,26.9100,40.8000,1.799978
_311_,VPWR,li1,10.8100,35.3600,1.799983
_310_,VPWR,li1,7.5900,46.2400,1.799998
_309_,VPWR,li1,42.5500,78.8800,1.799989
_308_,VPWR,li1,60.9500,84.3200,1.799998
_307_,VPWR,li1,54.0500,84.3200,1.799997
_306_,VPWR,li1,37.7200,84.3200,1.799995
_305_,VPWR,li1,25.0700,46.2400,1.799995
_304_,VPWR,li1,17.2500,51.6800,1.799999
_303_,VPWR,li1,26.4500,46.2400,1.799994
_302_,VPWR,li1,53.1300,35.3600,1.799984
_301_,VPWR,li1,7.5900,84.3200,1.799995
_300_,VPWR,li1,19.5500,78.8800,1.799994
_299_,VPWR,li1,15.4100,89.7600,1.799996
_298_,VPWR,li1,28.7500,57.1200,1.799977
_297_,VPWR,li1,42.5500,62.5600,1.800000
_296_,VPWR,li1,8.0500,19.0400,1.799999
_295_,VPWR,li1,20.2400,40.8000,1.799979
_294_,VPWR,li1,59.1100,62.5600,1.800000
_293_,VPWR,li1,54.5100,68.0000,1.799973
_292_,VPWR,li1,46.0000,89.7600,1.799992
_291_,VPWR,li1,7.5900,24.4800,1.799994
_290_,VPWR,li1,55.8900,13.6000,1.799999
_289_,VPWR,li1,58.6500,40.8000,1.799970
_288_,VPWR,li1,57.7300,84.3200,1.799998
_287_,VPWR,li1,14.9500,40.8000,1.799982
_286_,VPWR,li1,29.6700,57.1200,1.799977
_285_,VPWR,li1,20.4700,84.3200,1.799991
_284_,VPWR,li1,48.0700,89.7600,1.799992
_283_,VPWR,li1,39.7900,19.0400,1.799996
_282_,VPWR,li1,34.0400,24.4800,1.799994
_281_,VPWR,li1,33.5800,62.5600,1.800000
_280_,VPWR,li1,56.3500,78.8800,1.799989
_279_,VPWR,li1,26.9100,57.1200,1.799980
_278_,VPWR,li1,15.4100,51.6800,1.799999
_277_,VPWR,li1,9.4300,73.4400,1.799981
_276_,VPWR,li1,52.6700,84.3200,1.799997
_275_,VPWR,li1,51.0600,84.3200,1.799997
_274_,VPWR,li1,40.4800,78.8800,1.799990
_273_,VPWR,li1,55.4300,19.0400,1.799995
_272_,VPWR,li1,60.9500,95.2000,1.799999
_271_,VPWR,li1,36.5700,89.7600,1.799994
_270_,VPWR,li1,41.8600,40.8000,1.799964
_269_,VPWR,li1,55.2000,73.4400,1.799941
_268_,VPWR,li1,36.5700,78.8800,1.799992
_267_,VPWR,li1,39.7900,35.3600,1.799976
_266_,VPWR,li1,52.6700,68.0000,1.799967
_265_,VPWR,li1,29.6700,24.4800,1.799993
_264_,VPWR,li1,23.2300,40.8000,1.799978
_263_,VPWR,li1,28.2900,19.0400,1.799998
_262_,VPWR,li1,27.8300,51.6800,1.799999
_261_,VPWR,li1,49.2200,13.6000,1.799998
_260_,VPWR,li1,28.2900,73.4400,1.799948
_259_,VPWR,li1,23.6900,24.4800,1.799993
_258_,VPWR,li1,29.9000,68.0000,1.799983
_257_,VPWR,li1,60.9500,40.8000,1.799977
_256_,VPWR,li1,57.2700,89.7600,1.799995
_255_,VPWR,li1,37.0300,35.3600,1.799975
_254_,VPWR,li1,28.7500,73.4400,1.799948
_253_,VPWR,li1,52.2100,46.2400,1.799987
_252_,VPWR,li1,13.1100,68.0000,1.799993
_251_,VPWR,li1,13.1100,95.2000,1.799997
_250_,VPWR,li1,49.4500,68.0000,1.799963
_249_,VPWR,li1,48.5300,13.6000,1.799998
_248_,VPWR,li1,13.5700,51.6800,1.799999
_247_,VPWR,li1,53.1300,89.7600,1.799994
_246_,VPWR,li1,37.9500,46.2400,1.799990
_245_,VPWR,li1,56.8100,78.8800,1.799990
_244_,VPWR,li1,24.6100,35.3600,1.799964
_243_,VPWR,li1,59.5700,13.6000,1.799999
_242_,VPWR,li1,58.8800,84.3200,1.799998
_241_,VPWR,li1,51.9800,62.5600,1.800000
_240_,VPWR,li1,16.7900,19.0400,1.799999
_239_,VPWR,li1,28.2900,46.2400,1.799994
_238_,VPWR,li1,23.6900,19.0400,1.799999
_237_,VPWR,li1,45.3100,57.1200,1.799973
_236_,VPWR,li1,61.4100,24.4800,1.799994
_235_,VPWR,li1,29.2100,40.8000,1.799978
_234_,VPWR,li1,43.4700,13.6000,1.799998
_233_,VPWR,li1,50.3700,95.2000,1.799998
_232_,VPWR,li1,50.3700,35.3600,1.799982
_231_,VPWR,li1,24.1500,13.6000,1.799993
_230_,VPWR,li1,10.5800,62.5600,1.800000
_229_,VPWR,li1,26.9100,73.4400,1.799952
_228_,VPWR,li1,15.4100,68.0000,1.799992
_227_,VPWR,li1,34.0400,46.2400,1.799992
_226_,VPWR,li1,39.7900,78.8800,1.799990
_225_,VPWR,li1,58.1900,95.2000,1.799999
_224_,VPWR,li1,9.8900,35.3600,1.799983
_223_,VPWR,li1,52.2100,13.6000,1.799998
_222_,VPWR,li1,25.9900,62.5600,1.800000
_221_,VPWR,li1,42.0900,68.0000,1.799966
_220_,VPWR,li1,8.9700,68.0000,1.799994
_219_,VPWR,li1,58.6500,29.9200,1.799997
_218_,VPWR,li1,61.8700,62.5600,1.800000
_217_,VPWR,li1,35.6500,40.8000,1.799977
_216_,VPWR,li1,37.9500,68.0000,1.799975
_215_,VPWR,li1,46.0000,35.3600,1.799978
_214_,VPWR,li1,55.2000,46.2400,1.799988
_213_,VPWR,li1,48.5300,35.3600,1.799979
_212_,VPWR,li1,16.3300,40.8000,1.799982
_211_,VPWR,li1,14.9500,95.2000,1.799996
_210_,VPWR,li1,12.1900,73.4400,1.799981
_209_,VPWR,li1,25.5300,57.1200,1.799980
_208_,VPWR,li1,19.5500,19.0400,1.799999
_207_,VPWR,li1,21.8500,29.9200,1.799983
_206_,VPWR,li1,39.7900,57.1200,1.799968
_205_,VPWR,li1,43.0100,19.0400,1.799995
_204_,VPWR,li1,45.7700,73.4400,1.799918
_203_,VPWR,li1,25.0700,95.2000,1.799994
_202_,VPWR,li1,20.9300,51.6800,1.799999
_201_,VPWR,li1,24.1500,73.4400,1.799957
_200_,VPWR,li1,25.9900,24.4800,1.799993
_199_,VPWR,li1,60.2600,46.2400,1.799992
_198_,VPWR,li1,37.9500,35.3600,1.799975
_197_,VPWR,li1,23.6900,46.2400,1.799995
_196_,VPWR,li1,59.5700,68.0000,1.799981
_195_,VPWR,li1,25.9900,78.8800,1.799992
_194_,VPWR,li1,23.2300,57.1200,1.799982
_193_,VPWR,li1,48.0700,51.6800,1.799996
_192_,VPWR,li1,11.7300,95.2000,1.799997
_191_,VPWR,li1,45.5400,13.6000,1.799998
_190_,VPWR,li1,10.8100,62.5600,1.800000
_189_,VPWR,li1,42.7800,57.1200,1.799971
_188_,VPWR,li1,10.3500,73.4400,1.799981
_187_,VPWR,li1,41.6300,46.2400,1.799988
_186_,VPWR,li1,40.2500,68.0000,1.799969
_185_,VPWR,li1,38.4100,78.8800,1.799991
_184_,VPWR,li1,9.4300,24.4800,1.799994
_183_,VPWR,li1,58.8800,51.6800,1.799996
_182_,VPWR,li1,42.0900,29.9200,1.799994
_181_,VPWR,li1,54.5100,57.1200,1.799983
_180_,VPWR,li1,54.7400,68.0000,1.799973
_179_,VPWR,li1,58.6500,24.4800,1.799992
_178_,VPWR,li1,39.3300,13.6000,1.799997
_177_,VPWR,li1,23.2300,68.0000,1.799988
_176_,VPWR,li1,24.6100,78.8800,1.799993
_175_,VPWR,li1,62.3300,89.7600,1.799996
_174_,VPWR,li1,36.5700,51.6800,1.799998
_173_,VPWR,li1,34.0400,13.6000,1.799996
_172_,VPWR,li1,16.5600,95.2000,1.799996
_171_,VPWR,li1,30.1300,46.2400,1.799993
_170_,VPWR,li1,54.0500,13.6000,1.799999
_169_,VPWR,li1,16.7900,84.3200,1.799992
_168_,VPWR,li1,37.4900,78.8800,1.799991
_167_,VPWR,li1,8.0500,89.7600,1.799997
_166_,VPWR,li1,48.0700,57.1200,1.799976
_165_,VPWR,li1,41.4000,73.4400,1.799921
_164_,VPWR,li1,27.1400,46.2400,1.799994
