Instance,Terminal,Layer,X location,Y location,Voltage
FILLER_0_31_124,VGND,li1,62.7900,97.9200,0.000001
FILLER_0_31_116,VGND,li1,60.7200,97.9200,0.000001
FILLER_0_31_109,VGND,li1,56.3500,97.9200,0.000001
FILLER_0_31_97,VGND,li1,52.9000,97.9200,0.000001
FILLER_0_31_85,VGND,li1,47.3800,97.9200,0.000002
FILLER_0_31_81,VGND,li1,43.4700,97.9200,0.000002
FILLER_0_31_69,VGND,li1,40.0200,97.9200,0.000002
FILLER_0_31_57,VGND,li1,34.5000,97.9200,0.000003
FILLER_0_31_52,VGND,li1,30.3600,97.9200,0.000005
FILLER_0_31_11,VGND,li1,11.0400,97.9200,0.000003
FILLER_0_31_3,VGND,li1,8.2800,97.9200,0.000003
FILLER_0_30_118,VGND,li1,60.0300,92.4800,0.000003
FILLER_0_30_112,VGND,li1,58.4200,92.4800,0.000003
FILLER_0_30_100,VGND,li1,54.2800,92.4800,0.000004
FILLER_0_30_93,VGND,li1,48.7600,92.4800,0.000005
FILLER_0_30_85,VGND,li1,46.4600,92.4800,0.000006
FILLER_0_30_80,VGND,li1,43.2400,92.4800,0.000005
FILLER_0_30_68,VGND,li1,39.5600,92.4800,0.000003
FILLER_0_30_56,VGND,li1,34.0400,92.4800,0.000003
FILLER_0_30_44,VGND,li1,28.5200,92.4800,0.000002
FILLER_0_30_29,VGND,li1,21.6200,92.4800,0.000001
FILLER_0_30_27,VGND,li1,18.1700,92.4800,0.000001
FILLER_0_30_23,VGND,li1,17.0200,92.4800,0.000001
FILLER_0_30_16,VGND,li1,13.3400,92.4800,0.000001
FILLER_0_30_3,VGND,li1,8.7400,92.4800,0.000001
FILLER_0_29_113,VGND,li1,60.2600,92.4800,0.000003
FILLER_0_29_111,VGND,li1,56.8100,92.4800,0.000003
FILLER_0_29_99,VGND,li1,53.8200,92.4800,0.000004
FILLER_0_29_70,VGND,li1,39.5600,92.4800,0.000003
FILLER_0_29_57,VGND,li1,33.5800,92.4800,0.000003
FILLER_0_29_55,VGND,li1,31.0500,92.4800,0.000002
FILLER_0_29_51,VGND,li1,29.9000,92.4800,0.000002
FILLER_0_29_39,VGND,li1,26.2200,92.4800,0.000002
FILLER_0_29_27,VGND,li1,20.7000,92.4800,0.000001
FILLER_0_29_15,VGND,li1,15.1800,92.4800,0.000001
FILLER_0_29_11,VGND,li1,10.8100,92.4800,0.000001
FILLER_0_29_3,VGND,li1,8.7400,92.4800,0.000001
FILLER_0_28_114,VGND,li1,59.8000,87.0400,0.000004
FILLER_0_28_107,VGND,li1,55.6600,87.0400,0.000005
FILLER_0_28_94,VGND,li1,50.1400,87.0400,0.000006
FILLER_0_28_62,VGND,li1,34.5000,87.0400,0.000011
FILLER_0_28_29,VGND,li1,21.6200,87.0400,0.000011
FILLER_0_28_27,VGND,li1,18.1700,87.0400,0.000008
FILLER_0_28_23,VGND,li1,17.0200,87.0400,0.000008
FILLER_0_28_8,VGND,li1,11.9600,87.0400,0.000006
FILLER_0_27_104,VGND,li1,55.2000,87.0400,0.000005
FILLER_0_27_97,VGND,li1,51.0600,87.0400,0.000006
FILLER_0_27_85,VGND,li1,47.3800,87.0400,0.000007
FILLER_0_27_73,VGND,li1,41.8600,87.0400,0.000009
FILLER_0_27_65,VGND,li1,35.8800,87.0400,0.000010
FILLER_0_27_57,VGND,li1,33.5800,87.0400,0.000011
FILLER_0_27_35,VGND,li1,21.8500,87.0400,0.000011
FILLER_0_27_27,VGND,li1,19.7800,87.0400,0.000010
FILLER_0_27_15,VGND,li1,15.1800,87.0400,0.000006
FILLER_0_27_3,VGND,li1,9.6600,87.0400,0.000006
FILLER_0_26_123,VGND,li1,62.5600,81.6000,0.000004
FILLER_0_26_115,VGND,li1,60.2600,81.6000,0.000005
FILLER_0_26_111,VGND,li1,56.8100,81.6000,0.000006
FILLER_0_26_107,VGND,li1,55.6600,81.6000,0.000006
FILLER_0_26_102,VGND,li1,52.9000,81.6000,0.000007
FILLER_0_26_93,VGND,li1,48.9900,81.6000,0.000008
FILLER_0_26_85,VGND,li1,46.4600,81.6000,0.000007
FILLER_0_26_83,VGND,li1,43.9300,81.6000,0.000006
FILLER_0_26_71,VGND,li1,40.9400,81.6000,0.000006
FILLER_0_26_59,VGND,li1,35.4200,81.6000,0.000006
FILLER_0_26_36,VGND,li1,22.7700,81.6000,0.000006
FILLER_0_26_18,VGND,li1,14.4900,81.6000,0.000003
FILLER_0_26_6,VGND,li1,11.0400,81.6000,0.000003
FILLER_0_25_113,VGND,li1,60.2600,81.6000,0.000005
FILLER_0_25_88,VGND,li1,46.2300,81.6000,0.000007
FILLER_0_25_76,VGND,li1,43.2400,81.6000,0.000006
FILLER_0_25_69,VGND,li1,37.4900,81.6000,0.000005
FILLER_0_25_65,VGND,li1,35.6500,81.6000,0.000006
FILLER_0_25_57,VGND,li1,33.5800,81.6000,0.000006
FILLER_0_25_44,VGND,li1,28.5200,81.6000,0.000008
FILLER_0_25_32,VGND,li1,23.0000,81.6000,0.000006
FILLER_0_25_15,VGND,li1,14.2600,81.6000,0.000003
FILLER_0_25_3,VGND,li1,9.6600,81.6000,0.000003
FILLER_0_24_122,VGND,li1,62.3300,76.1600,0.000028
FILLER_0_24_114,VGND,li1,59.8000,76.1600,0.000035
FILLER_0_24_105,VGND,li1,54.7400,76.1600,0.000048
FILLER_0_24_82,VGND,li1,43.7000,76.1600,0.000056
FILLER_0_24_37,VGND,li1,23.2300,76.1600,0.000029
FILLER_0_24_29,VGND,li1,20.7000,76.1600,0.000026
FILLER_0_24_27,VGND,li1,18.1700,76.1600,0.000022
FILLER_0_24_15,VGND,li1,15.1800,76.1600,0.000015
FILLER_0_24_3,VGND,li1,9.6600,76.1600,0.000015
FILLER_0_23_113,VGND,li1,60.2600,76.1600,0.000035
FILLER_0_23_111,VGND,li1,56.8100,76.1600,0.000043
FILLER_0_23_52,VGND,li1,30.3600,76.1600,0.000038
FILLER_0_23_43,VGND,li1,25.5300,76.1600,0.000033
FILLER_0_23_37,VGND,li1,23.9200,76.1600,0.000029
FILLER_0_23_25,VGND,li1,19.7800,76.1600,0.000022
FILLER_0_23_13,VGND,li1,14.2600,76.1600,0.000015
FILLER_0_23_6,VGND,li1,8.7400,76.1600,0.000015
FILLER_0_22_113,VGND,li1,60.2600,70.7200,0.000034
FILLER_0_22_90,VGND,li1,47.3800,70.7200,0.000063
FILLER_0_22_82,VGND,li1,43.7000,70.7200,0.000058
FILLER_0_22_51,VGND,li1,29.6700,70.7200,0.000046
FILLER_0_22_47,VGND,li1,27.3700,70.7200,0.000042
FILLER_0_22_43,VGND,li1,26.2200,70.7200,0.000042
FILLER_0_22_37,VGND,li1,22.7700,70.7200,0.000036
FILLER_0_22_29,VGND,li1,20.7000,70.7200,0.000032
FILLER_0_22_25,VGND,li1,17.7100,70.7200,0.000027
FILLER_0_22_17,VGND,li1,15.1800,70.7200,0.000022
FILLER_0_22_10,VGND,li1,10.5800,70.7200,0.000018
FILLER_0_22_3,VGND,li1,7.8200,70.7200,0.000018
FILLER_0_21_124,VGND,li1,62.7900,70.7200,0.000029
FILLER_0_21_120,VGND,li1,61.6400,70.7200,0.000029
FILLER_0_21_113,VGND,li1,57.9600,70.7200,0.000041
FILLER_0_21_110,VGND,li1,56.5800,70.7200,0.000041
FILLER_0_21_80,VGND,li1,42.5500,70.7200,0.000054
FILLER_0_21_54,VGND,li1,30.8200,70.7200,0.000051
FILLER_0_21_42,VGND,li1,27.6000,70.7200,0.000042
FILLER_0_21_30,VGND,li1,22.0800,70.7200,0.000032
FILLER_0_21_18,VGND,li1,16.5600,70.7200,0.000022
FILLER_0_21_11,VGND,li1,11.0400,70.7200,0.000018
FILLER_0_21_3,VGND,li1,7.1300,70.7200,0.000018
FILLER_0_20_122,VGND,li1,62.3300,65.2800,0.000000
FILLER_0_20_110,VGND,li1,58.8800,65.2800,0.000000
FILLER_0_20_102,VGND,li1,52.6700,65.2800,0.000000
FILLER_0_20_98,VGND,li1,51.5200,65.2800,0.000000
FILLER_0_20_85,VGND,li1,46.4600,65.2800,0.000000
FILLER_0_20_81,VGND,li1,43.4700,65.2800,0.000000
FILLER_0_20_77,VGND,li1,41.1700,65.2800,0.000000
FILLER_0_20_64,VGND,li1,35.6500,65.2800,0.000000
FILLER_0_20_56,VGND,li1,33.1200,65.2800,0.000000
FILLER_0_20_42,VGND,li1,26.6800,65.2800,0.000000
FILLER_0_20_29,VGND,li1,20.2400,65.2800,0.000000
FILLER_0_20_24,VGND,li1,17.4800,65.2800,0.000000
FILLER_0_20_17,VGND,li1,13.8000,65.2800,0.000000
FILLER_0_20_11,VGND,li1,11.2700,65.2800,0.000000
FILLER_0_20_3,VGND,li1,8.7400,65.2800,0.000000
FILLER_0_19_113,VGND,li1,60.2600,65.2800,0.000000
FILLER_0_19_111,VGND,li1,56.8100,65.2800,0.000000
FILLER_0_19_105,VGND,li1,55.2000,65.2800,0.000000
FILLER_0_19_93,VGND,li1,49.2200,65.2800,0.000000
FILLER_0_19_81,VGND,li1,45.5400,65.2800,0.000000
FILLER_0_19_69,VGND,li1,40.0200,65.2800,0.000000
FILLER_0_19_57,VGND,li1,34.5000,65.2800,0.000000
FILLER_0_19_55,VGND,li1,31.0500,65.2800,0.000000
FILLER_0_19_47,VGND,li1,28.9800,65.2800,0.000000
FILLER_0_19_40,VGND,li1,24.3800,65.2800,0.000000
FILLER_0_19_32,VGND,li1,22.0800,65.2800,0.000000
FILLER_0_19_20,VGND,li1,17.4800,65.2800,0.000000
FILLER_0_18_118,VGND,li1,60.2600,59.8400,0.000000
FILLER_0_18_109,VGND,li1,57.0400,59.8400,0.000000
FILLER_0_18_97,VGND,li1,52.9000,59.8400,0.000000
FILLER_0_18_85,VGND,li1,47.3800,59.8400,0.000000
FILLER_0_18_82,VGND,li1,43.7000,59.8400,0.000000
FILLER_0_18_75,VGND,li1,40.9400,59.8400,0.000000
FILLER_0_18_63,VGND,li1,37.2600,59.8400,0.000000
FILLER_0_18_53,VGND,li1,31.2800,59.8400,0.000000
FILLER_0_18_41,VGND,li1,27.1400,59.8400,0.000000
FILLER_0_18_29,VGND,li1,21.6200,59.8400,0.000000
FILLER_0_18_26,VGND,li1,17.9400,59.8400,0.000000
FILLER_0_18_14,VGND,li1,14.7200,59.8400,0.000000
FILLER_0_18_7,VGND,li1,8.9700,59.8400,0.000000
FILLER_0_18_3,VGND,li1,7.8200,59.8400,0.000000
FILLER_0_17_113,VGND,li1,60.2600,59.8400,0.000000
FILLER_0_17_108,VGND,li1,56.1200,59.8400,0.000000
FILLER_0_17_101,VGND,li1,52.9000,59.8400,0.000000
FILLER_0_17_89,VGND,li1,49.2200,59.8400,0.000000
FILLER_0_17_68,VGND,li1,37.4900,59.8400,0.000000
FILLER_0_17_60,VGND,li1,34.9600,59.8400,0.000000
FILLER_0_17_52,VGND,li1,30.3600,59.8400,0.000000
FILLER_0_17_43,VGND,li1,25.5300,59.8400,0.000000
FILLER_0_17_39,VGND,li1,24.3800,59.8400,0.000000
FILLER_0_17_27,VGND,li1,20.7000,59.8400,0.000000
FILLER_0_17_15,VGND,li1,15.1800,59.8400,0.000000
FILLER_0_17_3,VGND,li1,9.6600,59.8400,0.000000
FILLER_0_16_119,VGND,li1,60.9500,54.4000,0.000011
FILLER_0_16_107,VGND,li1,57.5000,54.4000,0.000014
FILLER_0_16_95,VGND,li1,51.9800,54.4000,0.000018
FILLER_0_16_88,VGND,li1,46.4600,54.4000,0.000023
FILLER_0_16_81,VGND,li1,43.4700,54.4000,0.000025
FILLER_0_16_60,VGND,li1,33.3500,54.4000,0.000025
FILLER_0_16_56,VGND,li1,32.2000,54.4000,0.000024
FILLER_0_16_45,VGND,li1,27.1400,54.4000,0.000019
FILLER_0_16_29,VGND,li1,20.2400,54.4000,0.000013
FILLER_0_16_27,VGND,li1,18.1700,54.4000,0.000011
FILLER_0_16_15,VGND,li1,15.1800,54.4000,0.000009
FILLER_0_16_3,VGND,li1,9.6600,54.4000,0.000009
FILLER_0_15_119,VGND,li1,61.6400,54.4000,0.000011
FILLER_0_15_111,VGND,li1,56.8100,54.4000,0.000014
FILLER_0_15_99,VGND,li1,53.8200,54.4000,0.000016
FILLER_0_15_87,VGND,li1,48.3000,54.4000,0.000021
FILLER_0_15_75,VGND,li1,42.7800,54.4000,0.000025
FILLER_0_15_69,VGND,li1,37.9500,54.4000,0.000029
FILLER_0_15_57,VGND,li1,34.5000,54.4000,0.000025
FILLER_0_15_55,VGND,li1,31.0500,54.4000,0.000022
FILLER_0_15_51,VGND,li1,29.9000,54.4000,0.000022
FILLER_0_15_44,VGND,li1,26.2200,54.4000,0.000019
FILLER_0_15_36,VGND,li1,23.9200,54.4000,0.000017
FILLER_0_15_30,VGND,li1,19.5500,54.4000,0.000013
FILLER_0_15_18,VGND,li1,16.5600,54.4000,0.000011
FILLER_0_15_6,VGND,li1,11.0400,54.4000,0.000009
FILLER_0_14_117,VGND,li1,61.1800,48.9600,0.000009
FILLER_0_14_95,VGND,li1,49.4500,48.9600,0.000013
FILLER_0_14_89,VGND,li1,46.6900,48.9600,0.000013
FILLER_0_14_85,VGND,li1,45.5400,48.9600,0.000012
FILLER_0_14_72,VGND,li1,41.4000,48.9600,0.000010
FILLER_0_14_61,VGND,li1,34.0400,48.9600,0.000009
FILLER_0_14_53,VGND,li1,31.7400,48.9600,0.000008
FILLER_0_14_41,VGND,li1,27.1400,48.9600,0.000007
FILLER_0_14_29,VGND,li1,21.6200,48.9600,0.000005
FILLER_0_14_27,VGND,li1,18.1700,48.9600,0.000004
FILLER_0_14_15,VGND,li1,12.6500,48.9600,0.000003
FILLER_0_14_3,VGND,li1,9.6600,48.9600,0.000003
FILLER_0_13_121,VGND,li1,62.1000,48.9600,0.000008
FILLER_0_13_113,VGND,li1,58.4200,48.9600,0.000011
FILLER_0_13_57,VGND,li1,31.9700,48.9600,0.000008
FILLER_0_13_34,VGND,li1,21.6200,48.9600,0.000005
FILLER_0_13_30,VGND,li1,19.7800,48.9600,0.000005
FILLER_0_13_18,VGND,li1,16.5600,48.9600,0.000004
FILLER_0_13_6,VGND,li1,11.0400,48.9600,0.000003
FILLER_0_12_124,VGND,li1,62.7900,43.5200,0.000005
FILLER_0_12_120,VGND,li1,61.6400,43.5200,0.000006
FILLER_0_12_96,VGND,li1,49.9100,43.5200,0.000008
FILLER_0_12_88,VGND,li1,47.8400,43.5200,0.000008
FILLER_0_12_82,VGND,li1,43.7000,43.5200,0.000008
FILLER_0_12_73,VGND,li1,39.5600,43.5200,0.000008
FILLER_0_12_66,VGND,li1,36.3400,43.5200,0.000009
FILLER_0_12_52,VGND,li1,30.8200,43.5200,0.000010
FILLER_0_12_29,VGND,li1,21.6200,43.5200,0.000010
FILLER_0_12_27,VGND,li1,18.1700,43.5200,0.000008
FILLER_0_12_15,VGND,li1,15.1800,43.5200,0.000007
FILLER_0_12_3,VGND,li1,9.6600,43.5200,0.000005
FILLER_0_11_123,VGND,li1,62.5600,43.5200,0.000006
FILLER_0_11_111,VGND,li1,56.8100,43.5200,0.000009
FILLER_0_11_105,VGND,li1,55.2000,43.5200,0.000009
FILLER_0_11_93,VGND,li1,51.0600,43.5200,0.000008
FILLER_0_11_81,VGND,li1,45.5400,43.5200,0.000008
FILLER_0_11_55,VGND,li1,31.0500,43.5200,0.000010
FILLER_0_11_18,VGND,li1,14.0300,43.5200,0.000005
FILLER_0_11_12,VGND,li1,12.4200,43.5200,0.000005
FILLER_0_11_3,VGND,li1,8.2800,43.5200,0.000005
FILLER_0_10_124,VGND,li1,62.7900,38.0800,0.000021
FILLER_0_10_120,VGND,li1,61.6400,38.0800,0.000027
FILLER_0_10_105,VGND,li1,56.5800,38.0800,0.000035
FILLER_0_10_82,VGND,li1,43.7000,38.0800,0.000037
FILLER_0_10_67,VGND,li1,39.1000,38.0800,0.000024
FILLER_0_10_63,VGND,li1,34.7300,38.0800,0.000022
FILLER_0_10_55,VGND,li1,32.6600,38.0800,0.000022
FILLER_0_10_43,VGND,li1,28.0600,38.0800,0.000021
FILLER_0_10_35,VGND,li1,22.0800,38.0800,0.000019
FILLER_0_10_27,VGND,li1,18.1700,38.0800,0.000018
FILLER_0_10_3,VGND,li1,7.1300,38.0800,0.000015
FILLER_0_9_113,VGND,li1,60.2600,38.0800,0.000027
FILLER_0_9_109,VGND,li1,56.3500,38.0800,0.000035
FILLER_0_9_101,VGND,li1,53.8200,38.0800,0.000040
FILLER_0_9_77,VGND,li1,41.6300,38.0800,0.000032
FILLER_0_9_71,VGND,li1,38.4100,38.0800,0.000024
FILLER_0_9_65,VGND,li1,35.6500,38.0800,0.000023
FILLER_0_9_57,VGND,li1,33.5800,38.0800,0.000022
FILLER_0_9_48,VGND,li1,29.4400,38.0800,0.000021
FILLER_0_9_36,VGND,li1,24.8400,38.0800,0.000020
FILLER_0_9_3,VGND,li1,7.5900,38.0800,0.000015
FILLER_0_8_117,VGND,li1,61.1800,32.6400,0.000008
FILLER_0_8_105,VGND,li1,56.5800,32.6400,0.000011
FILLER_0_8_99,VGND,li1,51.7500,32.6400,0.000015
FILLER_0_8_72,VGND,li1,41.4000,32.6400,0.000021
FILLER_0_8_63,VGND,li1,35.8800,32.6400,0.000032
FILLER_0_8_37,VGND,li1,23.2300,32.6400,0.000038
FILLER_0_8_29,VGND,li1,20.7000,32.6400,0.000035
FILLER_0_8_25,VGND,li1,17.7100,32.6400,0.000030
FILLER_0_8_13,VGND,li1,14.2600,32.6400,0.000023
FILLER_0_8_9,VGND,li1,9.8900,32.6400,0.000025
FILLER_0_8_3,VGND,li1,8.2800,32.6400,0.000025
FILLER_0_7_124,VGND,li1,62.7900,32.6400,0.000008
FILLER_0_7_118,VGND,li1,61.1800,32.6400,0.000008
FILLER_0_7_111,VGND,li1,56.8100,32.6400,0.000011
FILLER_0_7_107,VGND,li1,55.6600,32.6400,0.000011
FILLER_0_7_95,VGND,li1,51.9800,32.6400,0.000015
FILLER_0_7_83,VGND,li1,46.4600,32.6400,0.000017
FILLER_0_7_75,VGND,li1,40.2500,32.6400,0.000021
FILLER_0_7_69,VGND,li1,38.6400,32.6400,0.000022
FILLER_0_7_57,VGND,li1,34.5000,32.6400,0.000032
FILLER_0_7_55,VGND,li1,31.0500,32.6400,0.000046
FILLER_0_7_43,VGND,li1,28.0600,32.6400,0.000043
FILLER_0_6_121,VGND,li1,62.1000,27.2000,0.000003
FILLER_0_6_109,VGND,li1,58.4200,27.2000,0.000004
FILLER_0_6_97,VGND,li1,52.9000,27.2000,0.000005
FILLER_0_6_85,VGND,li1,47.3800,27.2000,0.000007
FILLER_0_6_72,VGND,li1,41.4000,27.2000,0.000008
FILLER_0_6_60,VGND,li1,35.8800,27.2000,0.000012
FILLER_0_6_29,VGND,li1,19.5500,27.2000,0.000014
FILLER_0_6_26,VGND,li1,17.9400,27.2000,0.000014
FILLER_0_5_123,VGND,li1,62.5600,27.2000,0.000003
FILLER_0_5_118,VGND,li1,60.2600,27.2000,0.000003
FILLER_0_5_104,VGND,li1,55.2000,27.2000,0.000005
FILLER_0_5_92,VGND,li1,50.6000,27.2000,0.000006
FILLER_0_5_80,VGND,li1,45.0800,27.2000,0.000007
FILLER_0_5_54,VGND,li1,30.8200,27.2000,0.000014
FILLER_0_5_46,VGND,li1,28.5200,27.2000,0.000015
FILLER_0_5_31,VGND,li1,22.5400,27.2000,0.000015
FILLER_0_5_6,VGND,li1,8.7400,27.2000,0.000013
FILLER_0_4_122,VGND,li1,62.3300,21.7600,0.000004
FILLER_0_4_101,VGND,li1,52.2100,21.7600,0.000005
FILLER_0_4_97,VGND,li1,51.0600,21.7600,0.000005
FILLER_0_4_85,VGND,li1,47.3800,21.7600,0.000004
FILLER_0_4_83,VGND,li1,43.9300,21.7600,0.000003
FILLER_0_4_77,VGND,li1,42.3200,21.7600,0.000003
FILLER_0_4_65,VGND,li1,38.1800,21.7600,0.000002
FILLER_0_4_55,VGND,li1,31.7400,21.7600,0.000001
FILLER_0_4_49,VGND,li1,28.2900,21.7600,0.000001
FILLER_0_4_43,VGND,li1,26.6800,21.7600,0.000001
FILLER_0_4_35,VGND,li1,21.8500,21.7600,0.000001
FILLER_0_4_29,VGND,li1,20.2400,21.7600,0.000001
FILLER_0_4_27,VGND,li1,18.1700,21.7600,0.000001
FILLER_0_4_23,VGND,li1,17.0200,21.7600,0.000001
FILLER_0_4_11,VGND,li1,13.3400,21.7600,0.000001
FILLER_0_4_3,VGND,li1,7.5900,21.7600,0.000001
FILLER_0_3_121,VGND,li1,61.4100,21.7600,0.000004
FILLER_0_3_113,VGND,li1,59.3400,21.7600,0.000005
FILLER_0_3_110,VGND,li1,56.5800,21.7600,0.000006
FILLER_0_3_105,VGND,li1,54.2800,21.7600,0.000006
FILLER_0_3_93,VGND,li1,51.0600,21.7600,0.000005
FILLER_0_3_81,VGND,li1,45.5400,21.7600,0.000003
FILLER_0_3_69,VGND,li1,40.0200,21.7600,0.000002
FILLER_0_3_57,VGND,li1,34.5000,21.7600,0.000002
FILLER_0_3_53,VGND,li1,30.5900,21.7600,0.000001
FILLER_0_3_41,VGND,li1,27.1400,21.7600,0.000001
FILLER_0_3_37,VGND,li1,22.7700,21.7600,0.000001
FILLER_0_3_31,VGND,li1,21.1600,21.7600,0.000001
FILLER_0_3_19,VGND,li1,17.0200,21.7600,0.000001
FILLER_0_3_7,VGND,li1,11.5000,21.7600,0.000001
FILLER_0_3_3,VGND,li1,7.1300,21.7600,0.000001
FILLER_0_2_117,VGND,li1,61.1800,16.3200,0.000004
FILLER_0_2_105,VGND,li1,56.5800,16.3200,0.000005
FILLER_0_2_77,VGND,li1,41.4000,16.3200,0.000005
FILLER_0_2_71,VGND,li1,38.4100,16.3200,0.000004
FILLER_0_2_65,VGND,li1,36.8000,16.3200,0.000004
FILLER_0_2_53,VGND,li1,32.6600,16.3200,0.000005
FILLER_0_2_44,VGND,li1,26.2200,16.3200,0.000006
FILLER_0_2_32,VGND,li1,23.0000,16.3200,0.000006
FILLER_0_2_26,VGND,li1,17.9400,16.3200,0.000007
FILLER_0_2_15,VGND,li1,14.2600,16.3200,0.000005
FILLER_0_2_3,VGND,li1,9.6600,16.3200,0.000005
FILLER_0_1_121,VGND,li1,62.1000,16.3200,0.000003
FILLER_0_1_113,VGND,li1,57.7300,16.3200,0.000005
FILLER_0_1_89,VGND,li1,46.9200,16.3200,0.000006
FILLER_0_1_77,VGND,li1,41.6300,16.3200,0.000005
FILLER_0_1_69,VGND,li1,39.1000,16.3200,0.000004
FILLER_0_1_57,VGND,li1,34.5000,16.3200,0.000005
FILLER_0_1_44,VGND,li1,28.5200,16.3200,0.000005
FILLER_0_1_15,VGND,li1,12.6500,16.3200,0.000005
FILLER_0_1_3,VGND,li1,9.6600,16.3200,0.000005
FILLER_0_0_113,VGND,li1,60.2600,10.8800,0.000000
FILLER_0_0_108,VGND,li1,56.1200,10.8800,0.000001
FILLER_0_0_96,VGND,li1,52.4400,10.8800,0.000001
FILLER_0_0_85,VGND,li1,46.0000,10.8800,0.000001
FILLER_0_0_83,VGND,li1,43.9300,10.8800,0.000001
FILLER_0_0_77,VGND,li1,42.3200,10.8800,0.000001
FILLER_0_0_64,VGND,li1,36.3400,10.8800,0.000002
FILLER_0_0_57,VGND,li1,32.4300,10.8800,0.000002
FILLER_0_0_53,VGND,li1,30.5900,10.8800,0.000002
FILLER_0_0_41,VGND,li1,27.1400,10.8800,0.000003
FILLER_0_0_29,VGND,li1,21.6200,10.8800,0.000003
FILLER_0_0_24,VGND,li1,16.7900,10.8800,0.000004
ANTENNA_3,VGND,li1,10.1200,97.9200,0.000003
ANTENNA_2,VGND,li1,11.9600,70.7200,0.000018
ANTENNA_1,VGND,li1,20.7000,48.9600,0.000005
clkload2,VGND,li1,48.3000,76.1600,0.000066
clkload1,VGND,li1,37.2600,76.1600,0.000047
clkload0,VGND,li1,42.5500,38.0800,0.000032
clkbuf_2_3__f_clk,VGND,li1,47.3800,70.7200,0.000063
clkbuf_2_2__f_clk,VGND,li1,34.9600,70.7200,0.000058
clkbuf_2_1__f_clk,VGND,li1,49.2200,38.0800,0.000050
clkbuf_2_0__f_clk,VGND,li1,29.9000,32.6400,0.000046
clkbuf_0_clk,VGND,li1,38.1800,54.4000,0.000029
output3,VGND,li1,62.3300,21.7600,0.000004
output2,VGND,li1,62.3300,54.4000,0.000011
output1,VGND,li1,62.3300,92.4800,0.000002
TAP_TAPCELL_ROW_31_131,VGND,li1,57.2700,97.6280,0.000001
TAP_TAPCELL_ROW_31_130,VGND,li1,44.3900,97.6280,0.000002
TAP_TAPCELL_ROW_31_129,VGND,li1,31.5100,97.6280,0.000005
TAP_TAPCELL_ROW_31_128,VGND,li1,18.6300,97.6280,0.000005
TAP_TAPCELL_ROW_30_127,VGND,li1,44.3900,92.7710,0.000005
TAP_TAPCELL_ROW_30_126,VGND,li1,18.6300,92.7710,0.000001
TAP_TAPCELL_ROW_29_125,VGND,li1,57.2700,92.1880,0.000003
TAP_TAPCELL_ROW_29_124,VGND,li1,31.5100,92.1880,0.000002
TAP_TAPCELL_ROW_28_123,VGND,li1,44.3900,87.3310,0.000008
TAP_TAPCELL_ROW_28_122,VGND,li1,18.6300,87.3310,0.000008
TAP_TAPCELL_ROW_27_121,VGND,li1,57.2700,86.7480,0.000004
TAP_TAPCELL_ROW_27_120,VGND,li1,31.5100,86.7480,0.000013
TAP_TAPCELL_ROW_26_119,VGND,li1,44.3900,81.8910,0.000006
TAP_TAPCELL_ROW_26_118,VGND,li1,18.6300,81.8910,0.000005
TAP_TAPCELL_ROW_25_117,VGND,li1,57.2700,81.3080,0.000006
TAP_TAPCELL_ROW_25_116,VGND,li1,31.5100,81.3080,0.000007
TAP_TAPCELL_ROW_24_115,VGND,li1,44.3900,76.4510,0.000059
TAP_TAPCELL_ROW_24_114,VGND,li1,18.6300,76.4510,0.000022
TAP_TAPCELL_ROW_23_113,VGND,li1,57.2700,75.8680,0.000043
TAP_TAPCELL_ROW_23_112,VGND,li1,31.5100,75.8680,0.000042
TAP_TAPCELL_ROW_22_111,VGND,li1,44.3900,71.0110,0.000058
TAP_TAPCELL_ROW_22_110,VGND,li1,18.6300,71.0110,0.000027
TAP_TAPCELL_ROW_21_109,VGND,li1,57.2700,70.4280,0.000041
TAP_TAPCELL_ROW_21_108,VGND,li1,31.5100,70.4280,0.000051
TAP_TAPCELL_ROW_20_107,VGND,li1,44.3900,65.5710,0.000000
TAP_TAPCELL_ROW_20_106,VGND,li1,18.6300,65.5710,0.000000
TAP_TAPCELL_ROW_19_105,VGND,li1,57.2700,64.9880,0.000000
TAP_TAPCELL_ROW_19_104,VGND,li1,31.5100,64.9880,0.000000
TAP_TAPCELL_ROW_18_103,VGND,li1,44.3900,60.1310,0.000000
TAP_TAPCELL_ROW_18_102,VGND,li1,18.6300,60.1310,0.000000
TAP_TAPCELL_ROW_17_101,VGND,li1,57.2700,59.5480,0.000000
TAP_TAPCELL_ROW_17_100,VGND,li1,31.5100,59.5480,0.000000
TAP_TAPCELL_ROW_16_99,VGND,li1,44.3900,54.6910,0.000025
TAP_TAPCELL_ROW_16_98,VGND,li1,18.6300,54.6910,0.000013
TAP_TAPCELL_ROW_15_97,VGND,li1,57.2700,54.1080,0.000014
TAP_TAPCELL_ROW_15_96,VGND,li1,31.5100,54.1080,0.000024
TAP_TAPCELL_ROW_14_95,VGND,li1,44.3900,49.2510,0.000012
TAP_TAPCELL_ROW_14_94,VGND,li1,18.6300,49.2510,0.000004
TAP_TAPCELL_ROW_13_93,VGND,li1,57.2700,48.6680,0.000011
TAP_TAPCELL_ROW_13_92,VGND,li1,31.5100,48.6680,0.000008
TAP_TAPCELL_ROW_12_91,VGND,li1,44.3900,43.8110,0.000008
TAP_TAPCELL_ROW_12_90,VGND,li1,18.6300,43.8110,0.000008
TAP_TAPCELL_ROW_11_89,VGND,li1,57.2700,43.2280,0.000008
TAP_TAPCELL_ROW_11_88,VGND,li1,31.5100,43.2280,0.000010
TAP_TAPCELL_ROW_10_87,VGND,li1,44.3900,38.3710,0.000037
TAP_TAPCELL_ROW_10_86,VGND,li1,18.6300,38.3710,0.000018
TAP_TAPCELL_ROW_9_85,VGND,li1,57.2700,37.7880,0.000035
TAP_TAPCELL_ROW_9_84,VGND,li1,31.5100,37.7880,0.000022
TAP_TAPCELL_ROW_8_83,VGND,li1,44.3900,32.9310,0.000018
TAP_TAPCELL_ROW_8_82,VGND,li1,18.6300,32.9310,0.000030
TAP_TAPCELL_ROW_7_81,VGND,li1,57.2700,32.3480,0.000011
TAP_TAPCELL_ROW_7_80,VGND,li1,31.5100,32.3480,0.000046
TAP_TAPCELL_ROW_6_79,VGND,li1,44.3900,27.4910,0.000007
TAP_TAPCELL_ROW_6_78,VGND,li1,18.6300,27.4910,0.000014
TAP_TAPCELL_ROW_5_77,VGND,li1,57.2700,26.9080,0.000004
TAP_TAPCELL_ROW_5_76,VGND,li1,31.5100,26.9080,0.000014
TAP_TAPCELL_ROW_4_75,VGND,li1,44.3900,22.0510,0.000003
TAP_TAPCELL_ROW_4_74,VGND,li1,18.6300,22.0510,0.000001
TAP_TAPCELL_ROW_3_73,VGND,li1,57.2700,21.4680,0.000006
TAP_TAPCELL_ROW_3_72,VGND,li1,31.5100,21.4680,0.000001
TAP_TAPCELL_ROW_2_71,VGND,li1,44.3900,16.6110,0.000006
TAP_TAPCELL_ROW_2_70,VGND,li1,18.6300,16.6110,0.000007
TAP_TAPCELL_ROW_1_69,VGND,li1,57.2700,16.0280,0.000005
TAP_TAPCELL_ROW_1_68,VGND,li1,31.5100,16.0280,0.000005
TAP_TAPCELL_ROW_0_67,VGND,li1,57.2700,11.1710,0.000001
TAP_TAPCELL_ROW_0_66,VGND,li1,44.3900,11.1710,0.000001
TAP_TAPCELL_ROW_0_65,VGND,li1,31.5100,11.1710,0.000002
TAP_TAPCELL_ROW_0_64,VGND,li1,18.6300,11.1710,0.000004
PHY_EDGE_ROW_31_Left_63,VGND,li1,6.2100,97.9200,0.000003
PHY_EDGE_ROW_30_Left_62,VGND,li1,6.2100,92.4800,0.000001
PHY_EDGE_ROW_29_Left_61,VGND,li1,6.2100,92.4800,0.000001
PHY_EDGE_ROW_28_Left_60,VGND,li1,6.2100,87.0400,0.000006
PHY_EDGE_ROW_27_Left_59,VGND,li1,6.2100,87.0400,0.000006
PHY_EDGE_ROW_26_Left_58,VGND,li1,6.2100,81.6000,0.000003
PHY_EDGE_ROW_25_Left_57,VGND,li1,6.2100,81.6000,0.000003
PHY_EDGE_ROW_24_Left_56,VGND,li1,6.2100,76.1600,0.000015
PHY_EDGE_ROW_23_Left_55,VGND,li1,6.2100,76.1600,0.000015
PHY_EDGE_ROW_22_Left_54,VGND,li1,6.2100,70.7200,0.000018
PHY_EDGE_ROW_21_Left_53,VGND,li1,6.2100,70.7200,0.000018
PHY_EDGE_ROW_20_Left_52,VGND,li1,6.2100,65.2800,0.000000
PHY_EDGE_ROW_19_Left_51,VGND,li1,6.2100,65.2800,0.000000
PHY_EDGE_ROW_18_Left_50,VGND,li1,6.2100,59.8400,0.000000
PHY_EDGE_ROW_17_Left_49,VGND,li1,6.2100,59.8400,0.000000
PHY_EDGE_ROW_16_Left_48,VGND,li1,6.2100,54.4000,0.000009
PHY_EDGE_ROW_15_Left_47,VGND,li1,6.2100,54.4000,0.000009
PHY_EDGE_ROW_14_Left_46,VGND,li1,6.2100,48.9600,0.000003
PHY_EDGE_ROW_13_Left_45,VGND,li1,6.2100,48.9600,0.000003
PHY_EDGE_ROW_12_Left_44,VGND,li1,6.2100,43.5200,0.000005
PHY_EDGE_ROW_11_Left_43,VGND,li1,6.2100,43.5200,0.000005
PHY_EDGE_ROW_10_Left_42,VGND,li1,6.2100,38.0800,0.000015
PHY_EDGE_ROW_9_Left_41,VGND,li1,6.2100,38.0800,0.000015
PHY_EDGE_ROW_8_Left_40,VGND,li1,6.2100,32.6400,0.000025
PHY_EDGE_ROW_7_Left_39,VGND,li1,6.2100,32.6400,0.000025
PHY_EDGE_ROW_6_Left_38,VGND,li1,6.2100,27.2000,0.000013
PHY_EDGE_ROW_5_Left_37,VGND,li1,6.2100,27.2000,0.000013
PHY_EDGE_ROW_4_Left_36,VGND,li1,6.2100,21.7600,0.000001
PHY_EDGE_ROW_3_Left_35,VGND,li1,6.2100,21.7600,0.000001
PHY_EDGE_ROW_2_Left_34,VGND,li1,6.2100,16.3200,0.000005
PHY_EDGE_ROW_1_Left_33,VGND,li1,6.2100,16.3200,0.000005
PHY_EDGE_ROW_0_Left_32,VGND,li1,6.2100,10.8800,0.000006
PHY_EDGE_ROW_31_Right_31,VGND,li1,63.7100,97.9200,0.000001
PHY_EDGE_ROW_30_Right_30,VGND,li1,63.7100,92.4800,0.000002
PHY_EDGE_ROW_29_Right_29,VGND,li1,63.7100,92.4800,0.000002
PHY_EDGE_ROW_28_Right_28,VGND,li1,63.7100,87.0400,0.000003
PHY_EDGE_ROW_27_Right_27,VGND,li1,63.7100,87.0400,0.000003
PHY_EDGE_ROW_26_Right_26,VGND,li1,63.7100,81.6000,0.000004
PHY_EDGE_ROW_25_Right_25,VGND,li1,63.7100,81.6000,0.000004
PHY_EDGE_ROW_24_Right_24,VGND,li1,63.7100,76.1600,0.000028
PHY_EDGE_ROW_23_Right_23,VGND,li1,63.7100,76.1600,0.000028
PHY_EDGE_ROW_22_Right_22,VGND,li1,63.7100,70.7200,0.000024
PHY_EDGE_ROW_21_Right_21,VGND,li1,63.7100,70.7200,0.000024
PHY_EDGE_ROW_20_Right_20,VGND,li1,63.7100,65.2800,0.000000
PHY_EDGE_ROW_19_Right_19,VGND,li1,63.7100,65.2800,0.000000
PHY_EDGE_ROW_18_Right_18,VGND,li1,63.7100,59.8400,0.000000
PHY_EDGE_ROW_17_Right_17,VGND,li1,63.7100,59.8400,0.000000
PHY_EDGE_ROW_16_Right_16,VGND,li1,63.7100,54.4000,0.000008
PHY_EDGE_ROW_15_Right_15,VGND,li1,63.7100,54.4000,0.000008
PHY_EDGE_ROW_14_Right_14,VGND,li1,63.7100,48.9600,0.000008
PHY_EDGE_ROW_13_Right_13,VGND,li1,63.7100,48.9600,0.000008
PHY_EDGE_ROW_12_Right_12,VGND,li1,63.7100,43.5200,0.000005
PHY_EDGE_ROW_11_Right_11,VGND,li1,63.7100,43.5200,0.000005
PHY_EDGE_ROW_10_Right_10,VGND,li1,63.7100,38.0800,0.000021
PHY_EDGE_ROW_9_Right_9,VGND,li1,63.7100,38.0800,0.000021
PHY_EDGE_ROW_8_Right_8,VGND,li1,63.7100,32.6400,0.000006
PHY_EDGE_ROW_7_Right_7,VGND,li1,63.7100,32.6400,0.000006
PHY_EDGE_ROW_6_Right_6,VGND,li1,63.7100,27.2000,0.000003
PHY_EDGE_ROW_5_Right_5,VGND,li1,63.7100,27.2000,0.000003
PHY_EDGE_ROW_4_Right_4,VGND,li1,63.7100,21.7600,0.000004
PHY_EDGE_ROW_3_Right_3,VGND,li1,63.7100,21.7600,0.000004
PHY_EDGE_ROW_2_Right_2,VGND,li1,63.7100,16.3200,0.000003
PHY_EDGE_ROW_1_Right_1,VGND,li1,63.7100,16.3200,0.000003
PHY_EDGE_ROW_0_Right_0,VGND,li1,63.7100,10.8800,0.000000
_357_,VGND,li1,37.0300,70.7200,0.000054
_356_,VGND,li1,55.4300,43.5200,0.000009
_355_,VGND,li1,52.6700,70.7200,0.000050
_354_,VGND,li1,46.4600,48.9600,0.000013
_353_,VGND,li1,49.2200,16.3200,0.000007
_352_,VGND,li1,46.2300,92.4800,0.000006
_351_,VGND,li1,51.0600,81.6000,0.000008
_350_,VGND,li1,37.0300,48.9600,0.000009
_349_,VGND,li1,31.2800,76.1600,0.000042
_348_,VGND,li1,24.1500,97.9200,0.000006
_347_,VGND,li1,28.0600,81.6000,0.000008
_346_,VGND,li1,39.5600,87.0400,0.000009
_345_,VGND,li1,26.6800,87.0400,0.000014
_344_,VGND,li1,49.2200,76.1600,0.000066
_343_,VGND,li1,14.4900,27.2000,0.000014
_342_,VGND,li1,13.3400,38.0800,0.000015
_341_,VGND,li1,11.7300,10.8800,0.000006
_340_,VGND,li1,57.0400,21.7600,0.000006
_339_,VGND,li1,17.7100,16.3200,0.000007
_338_,VGND,li1,20.7000,32.6400,0.000035
_337_,VGND,li1,21.6200,43.5200,0.000010
_336_,VGND,li1,11.5000,32.6400,0.000025
_335_,VGND,li1,29.2100,87.0400,0.000014
_334_,VGND,li1,36.3400,43.5200,0.000009
_333_,VGND,li1,47.1500,38.0800,0.000046
_332_,VGND,li1,16.7900,38.0800,0.000018
_331_,VGND,li1,37.0300,27.2000,0.000011
_330_,VGND,li1,28.2900,27.2000,0.000015
_329_,VGND,li1,54.5100,48.9600,0.000012
_328_,VGND,li1,12.1900,27.2000,0.000013
_327_,VGND,li1,24.6100,38.0800,0.000020
_326_,VGND,li1,11.7300,92.4800,0.000001
_325_,VGND,li1,7.5900,54.4000,0.000009
_324_,VGND,li1,12.6500,65.2800,0.000000
_323_,VGND,li1,60.0300,38.0800,0.000027
_322_,VGND,li1,7.5900,76.1600,0.000015
_321_,VGND,li1,39.3300,54.4000,0.000029
_320_,VGND,li1,45.3100,43.5200,0.000008
_319_,VGND,li1,17.7100,10.8800,0.000004
_318_,VGND,li1,10.3500,43.5200,0.000005
_317_,VGND,li1,17.4800,81.6000,0.000004
_316_,VGND,li1,62.3300,87.0400,0.000003
_315_,VGND,li1,8.0500,38.0800,0.000015
_314_,VGND,li1,32.4300,59.8400,0.000000
_313_,VGND,li1,45.3100,54.4000,0.000023
_312_,VGND,li1,26.9100,43.5200,0.000010
_311_,VGND,li1,10.8100,32.6400,0.000025
_310_,VGND,li1,7.5900,48.9600,0.000003
_309_,VGND,li1,42.5500,76.1600,0.000056
_308_,VGND,li1,60.9500,87.0400,0.000004
_307_,VGND,li1,54.0500,81.6000,0.000007
_306_,VGND,li1,37.7200,87.0400,0.000009
_305_,VGND,li1,25.0700,43.5200,0.000010
_304_,VGND,li1,17.2500,48.9600,0.000004
_303_,VGND,li1,26.4500,43.5200,0.000010
_302_,VGND,li1,53.1300,32.6400,0.000013
_301_,VGND,li1,7.5900,81.6000,0.000003
_300_,VGND,li1,19.5500,81.6000,0.000005
_299_,VGND,li1,15.4100,87.0400,0.000006
_298_,VGND,li1,28.7500,59.8400,0.000000
_297_,VGND,li1,42.5500,59.8400,0.000000
_296_,VGND,li1,8.0500,21.7600,0.000001
_295_,VGND,li1,20.2400,38.0800,0.000018
_294_,VGND,li1,59.1100,59.8400,0.000000
_293_,VGND,li1,54.5100,65.2800,0.000000
_292_,VGND,li1,46.0000,87.0400,0.000008
_291_,VGND,li1,7.5900,27.2000,0.000013
_290_,VGND,li1,55.8900,16.3200,0.000005
_289_,VGND,li1,58.6500,43.5200,0.000008
_288_,VGND,li1,57.7300,81.6000,0.000006
_287_,VGND,li1,14.9500,43.5200,0.000007
_286_,VGND,li1,29.6700,54.4000,0.000022
_285_,VGND,li1,20.4700,81.6000,0.000005
_284_,VGND,li1,48.0700,87.0400,0.000007
_283_,VGND,li1,39.7900,16.3200,0.000004
_282_,VGND,li1,34.0400,21.7600,0.000002
_281_,VGND,li1,33.5800,59.8400,0.000000
_280_,VGND,li1,56.3500,81.6000,0.000006
_279_,VGND,li1,26.9100,59.8400,0.000000
_278_,VGND,li1,15.4100,48.9600,0.000004
_277_,VGND,li1,9.4300,70.7200,0.000018
_276_,VGND,li1,52.6700,87.0400,0.000006
_275_,VGND,li1,51.0600,81.6000,0.000008
_274_,VGND,li1,40.4800,76.1600,0.000053
_273_,VGND,li1,55.4300,21.7600,0.000006
_272_,VGND,li1,60.9500,92.4800,0.000003
_271_,VGND,li1,36.5700,92.4800,0.000003
_270_,VGND,li1,41.8600,43.5200,0.000008
_269_,VGND,li1,55.2000,76.1600,0.000048
_268_,VGND,li1,36.5700,81.6000,0.000006
_267_,VGND,li1,39.7900,38.0800,0.000024
_266_,VGND,li1,52.6700,70.7200,0.000050
_265_,VGND,li1,29.6700,21.7600,0.000001
_264_,VGND,li1,23.2300,38.0800,0.000019
_263_,VGND,li1,28.2900,16.3200,0.000005
_262_,VGND,li1,27.8300,54.4000,0.000021
_261_,VGND,li1,49.2200,16.3200,0.000007
_260_,VGND,li1,28.2900,70.7200,0.000046
_259_,VGND,li1,23.6900,21.7600,0.000001
_258_,VGND,li1,29.9000,65.2800,0.000000
_257_,VGND,li1,60.9500,43.5200,0.000006
_256_,VGND,li1,57.2700,87.0400,0.000004
_255_,VGND,li1,37.0300,38.0800,0.000023
_254_,VGND,li1,28.7500,76.1600,0.000038
_253_,VGND,li1,52.2100,48.9600,0.000013
_252_,VGND,li1,13.1100,70.7200,0.000018
_251_,VGND,li1,13.1100,97.9200,0.000003
_250_,VGND,li1,49.4500,65.2800,0.000000
_249_,VGND,li1,48.5300,10.8800,0.000001
_248_,VGND,li1,13.5700,48.9600,0.000003
_247_,VGND,li1,53.1300,87.0400,0.000006
_246_,VGND,li1,37.9500,43.5200,0.000009
_245_,VGND,li1,56.8100,76.1600,0.000043
_244_,VGND,li1,24.6100,32.6400,0.000038
_243_,VGND,li1,59.5700,16.3200,0.000004
_242_,VGND,li1,58.8800,87.0400,0.000004
_241_,VGND,li1,51.9800,65.2800,0.000000
_240_,VGND,li1,16.7900,16.3200,0.000007
_239_,VGND,li1,28.2900,43.5200,0.000010
_238_,VGND,li1,23.6900,21.7600,0.000001
_237_,VGND,li1,45.3100,59.8400,0.000000
_236_,VGND,li1,61.4100,27.2000,0.000003
_235_,VGND,li1,29.2100,43.5200,0.000010
_234_,VGND,li1,43.4700,16.3200,0.000006
_233_,VGND,li1,50.3700,92.4800,0.000005
_232_,VGND,li1,50.3700,32.6400,0.000015
_231_,VGND,li1,24.1500,16.3200,0.000006
_230_,VGND,li1,10.5800,59.8400,0.000000
_229_,VGND,li1,26.9100,76.1600,0.000033
_228_,VGND,li1,15.4100,65.2800,0.000000
_227_,VGND,li1,34.0400,43.5200,0.000009
_226_,VGND,li1,39.7900,81.6000,0.000006
_225_,VGND,li1,58.1900,97.9200,0.000001
_224_,VGND,li1,9.8900,38.0800,0.000015
_223_,VGND,li1,52.2100,16.3200,0.000006
_222_,VGND,li1,25.9900,65.2800,0.000000
_221_,VGND,li1,42.0900,65.2800,0.000000
_220_,VGND,li1,8.9700,70.7200,0.000018
_219_,VGND,li1,58.6500,32.6400,0.000009
_218_,VGND,li1,61.8700,59.8400,0.000000
_217_,VGND,li1,35.6500,38.0800,0.000023
_216_,VGND,li1,37.9500,65.2800,0.000000
_215_,VGND,li1,46.0000,32.6400,0.000018
_214_,VGND,li1,55.2000,48.9600,0.000012
_213_,VGND,li1,48.5300,32.6400,0.000016
_212_,VGND,li1,16.3300,43.5200,0.000007
_211_,VGND,li1,14.9500,92.4800,0.000001
_210_,VGND,li1,12.1900,70.7200,0.000018
_209_,VGND,li1,25.5300,54.4000,0.000019
_208_,VGND,li1,19.5500,16.3200,0.000007
_207_,VGND,li1,21.8500,27.2000,0.000015
_206_,VGND,li1,39.7900,59.8400,0.000000
_205_,VGND,li1,43.0100,16.3200,0.000005
_204_,VGND,li1,45.7700,70.7200,0.000063
_203_,VGND,li1,25.0700,92.4800,0.000002
_202_,VGND,li1,20.9300,54.4000,0.000015
_201_,VGND,li1,24.1500,70.7200,0.000036
_200_,VGND,li1,25.9900,27.2000,0.000015
_199_,VGND,li1,60.2600,48.9600,0.000009
_198_,VGND,li1,37.9500,32.6400,0.000022
_197_,VGND,li1,23.6900,48.9600,0.000006
_196_,VGND,li1,59.5700,70.7200,0.000034
_195_,VGND,li1,25.9900,76.1600,0.000033
_194_,VGND,li1,23.2300,54.4000,0.000017
_193_,VGND,li1,48.0700,48.9600,0.000013
_192_,VGND,li1,11.7300,92.4800,0.000001
_191_,VGND,li1,45.5400,16.3200,0.000006
_190_,VGND,li1,10.8100,65.2800,0.000000
_189_,VGND,li1,42.7800,59.8400,0.000000
_188_,VGND,li1,10.3500,76.1600,0.000015
_187_,VGND,li1,41.6300,43.5200,0.000008
_186_,VGND,li1,40.2500,65.2800,0.000000
_185_,VGND,li1,38.4100,81.6000,0.000005
_184_,VGND,li1,9.4300,21.7600,0.000001
_183_,VGND,li1,58.8800,54.4000,0.000012
_182_,VGND,li1,42.0900,32.6400,0.000020
_181_,VGND,li1,54.5100,59.8400,0.000000
_180_,VGND,li1,54.7400,70.7200,0.000045
_179_,VGND,li1,58.6500,27.2000,0.000004
_178_,VGND,li1,39.3300,10.8800,0.000001
_177_,VGND,li1,23.2300,65.2800,0.000000
_176_,VGND,li1,24.6100,76.1600,0.000029
_175_,VGND,li1,62.3300,87.0400,0.000003
_174_,VGND,li1,36.5700,48.9600,0.000009
_173_,VGND,li1,34.0400,10.8800,0.000002
_172_,VGND,li1,16.5600,97.9200,0.000004
_171_,VGND,li1,30.1300,48.9600,0.000008
_170_,VGND,li1,54.0500,16.3200,0.000006
_169_,VGND,li1,16.7900,81.6000,0.000004
_168_,VGND,li1,37.4900,76.1600,0.000047
_167_,VGND,li1,8.0500,87.0400,0.000006
_166_,VGND,li1,48.0700,54.4000,0.000021
_165_,VGND,li1,41.4000,70.7200,0.000054
_164_,VGND,li1,27.1400,48.9600,0.000007
