OpenROAD b16bda7e82721d10566ff7e2b68f1ff0be9f9e38 
Features included (+) or not (-): +Charts +GPU +GUI +Python
This program is licensed under the BSD-3 license. See the LICENSE file for details.
Components of this program may be licensed under more restrictive licenses which must be honored.
define_corners Typical
read_liberty -corner Typical /root/.volare/sky130A/libs.ref/sky130_fd_sc_hd/lib/sky130_fd_sc_hd__tt_025C_1v80.lib
Using 1e-12 for capacitance...
Using 1e+03 for resistance...
Using 1e-09 for time...
Using 1e+00 for voltage...
Using 1e-03 for current...
Using 1e-09 for power...
Using 1e-06 for distance...
[INFO]: Reading ODB at '/openlane/designs/zero_to_five_counter/runs/RUN_2025.05.22_19.20.36/tmp/16-zero_to_five_counter.odb'…
Reading design constraints file at '/openlane/designs/zero_to_five_counter/src/zero_to_five_counter.sdc'…
[INFO]: Setting signal min routing layer to: met1 and clock min routing layer to met3. 
[INFO]: Setting signal max routing layer to: met5 and clock max routing layer to met5. 
-congestion_iterations 50 -verbose -congestion_report_file /openlane/designs/zero_to_five_counter/runs/RUN_2025.05.22_19.20.36/tmp/routing/groute-congestion.rpt
[INFO GRT-0020] Min routing layer: met1
[INFO GRT-0021] Max routing layer: met5
[INFO GRT-0022] Global adjustment: 30%
[INFO GRT-0023] Grid origin: (0, 0)
[INFO GRT-0043] No OR_DEFAULT vias defined.
[INFO GRT-0088] Layer li1     Track-Pitch = 0.4600  line-2-Via Pitch: 0.3400
[INFO GRT-0088] Layer met1    Track-Pitch = 0.3400  line-2-Via Pitch: 0.3400
[INFO GRT-0088] Layer met2    Track-Pitch = 0.4600  line-2-Via Pitch: 0.3500
[INFO GRT-0088] Layer met3    Track-Pitch = 0.6800  line-2-Via Pitch: 0.6150
[INFO GRT-0088] Layer met4    Track-Pitch = 0.9200  line-2-Via Pitch: 1.0400
[INFO GRT-0088] Layer met5    Track-Pitch = 3.4000  line-2-Via Pitch: 3.1100
[INFO GRT-0019] Found 6 clock nets.
[INFO GRT-0001] Minimum degree: 2
[INFO GRT-0002] Maximum degree: 11
[INFO GRT-0003] Macros: 0
[INFO GRT-0043] No OR_DEFAULT vias defined.
[INFO GRT-0004] Blockages: 420

[INFO GRT-0053] Routing resources analysis:
          Routing      Original      Derated      Resource
Layer     Direction    Resources     Resources    Reduction (%)
---------------------------------------------------------------
li1        Vertical            0             0          0.00%
met1       Horizontal       3090          1480          52.10%
met2       Vertical         2355          1405          40.34%
met3       Horizontal       1540           978          36.49%
met4       Vertical          960           457          52.40%
met5       Horizontal        300           108          64.00%
---------------------------------------------------------------

[INFO GRT-0101] Running extra iterations to remove overflow.
[INFO GRT-0197] Via related to pin nodes: 1371
[INFO GRT-0198] Via related Steiner nodes: 63
[INFO GRT-0199] Via filling finished.
[INFO GRT-0111] Final number of vias: 2027
[INFO GRT-0112] Final usage 3D: 8091

[INFO GRT-0096] Final congestion report:
Layer         Resource        Demand        Usage (%)    Max H / Max V / Total Overflow
---------------------------------------------------------------------------------------
li1                  0             0            0.00%             0 /  0 /  0
met1              1480           656           44.32%             0 /  0 /  0
met2              1405           943           67.12%             0 /  0 /  0
met3               978           212           21.68%             0 /  0 /  0
met4               457           199           43.54%             0 /  0 /  0
met5               108             0            0.00%             0 /  0 /  0
---------------------------------------------------------------------------------------
Total             4428          2010           45.39%             0 /  0 /  0

[INFO GRT-0018] Total wirelength: 19492 um
[INFO GRT-0014] Routed nets: 204
[INFO GRT-0006] Repairing antennas, iteration 1.
[INFO GRT-0043] No OR_DEFAULT vias defined.
[INFO GRT-0012] Found 3 antenna violations.
[INFO GRT-0015] Inserted 3 diodes.
[INFO GRT-0009] rerouting 162 nets.
[INFO GRT-0001] Minimum degree: 2
[INFO GRT-0002] Maximum degree: 11
[INFO GRT-0006] Repairing antennas, iteration 2.
[INFO GRT-0043] No OR_DEFAULT vias defined.
[INFO GRT-0012] Found 0 antenna violations.
Placement Analysis
---------------------------------
total displacement          0.0 u
average displacement        0.0 u
max displacement            0.0 u
original HPWL           12336.5 u
legalized HPWL          12338.4 u
delta HPWL                    0 %

[INFO DPL-0020] Mirrored 104 instances
[INFO DPL-0021] HPWL before           12338.4 u
[INFO DPL-0022] HPWL after            12133.3 u
[INFO DPL-0023] HPWL delta               -1.7 %
[INFO]: Setting signal min routing layer to: met1 and clock min routing layer to met3. 
[INFO]: Setting signal max routing layer to: met5 and clock max routing layer to met5. 
-congestion_iterations 50 -verbose -congestion_report_file /openlane/designs/zero_to_five_counter/runs/RUN_2025.05.22_19.20.36/tmp/routing/groute-congestion.rpt
[INFO GRT-0020] Min routing layer: met1
[INFO GRT-0021] Max routing layer: met5
[INFO GRT-0022] Global adjustment: 30%
[INFO GRT-0023] Grid origin: (0, 0)
[INFO GRT-0043] No OR_DEFAULT vias defined.
[INFO GRT-0088] Layer li1     Track-Pitch = 0.4600  line-2-Via Pitch: 0.3400
[INFO GRT-0088] Layer met1    Track-Pitch = 0.3400  line-2-Via Pitch: 0.3400
[INFO GRT-0088] Layer met2    Track-Pitch = 0.4600  line-2-Via Pitch: 0.3500
[INFO GRT-0088] Layer met3    Track-Pitch = 0.6800  line-2-Via Pitch: 0.6150
[INFO GRT-0088] Layer met4    Track-Pitch = 0.9200  line-2-Via Pitch: 1.0400
[INFO GRT-0088] Layer met5    Track-Pitch = 3.4000  line-2-Via Pitch: 3.1100
[INFO GRT-0019] Found 6 clock nets.
[INFO GRT-0001] Minimum degree: 2
[INFO GRT-0002] Maximum degree: 11
[INFO GRT-0003] Macros: 0
[INFO GRT-0043] No OR_DEFAULT vias defined.
[INFO GRT-0004] Blockages: 420

[INFO GRT-0053] Routing resources analysis:
          Routing      Original      Derated      Resource
Layer     Direction    Resources     Resources    Reduction (%)
---------------------------------------------------------------
li1        Vertical            0             0          0.00%
met1       Horizontal       3090          1480          52.10%
met2       Vertical         2355          1405          40.34%
met3       Horizontal       1540           978          36.49%
met4       Vertical          960           457          52.40%
met5       Horizontal        300           108          64.00%
---------------------------------------------------------------

[INFO GRT-0101] Running extra iterations to remove overflow.
[INFO GRT-0197] Via related to pin nodes: 1365
[INFO GRT-0198] Via related Steiner nodes: 71
[INFO GRT-0199] Via filling finished.
[INFO GRT-0111] Final number of vias: 2034
[INFO GRT-0112] Final usage 3D: 8110

[INFO GRT-0096] Final congestion report:
Layer         Resource        Demand        Usage (%)    Max H / Max V / Total Overflow
---------------------------------------------------------------------------------------
li1                  0             0            0.00%             0 /  0 /  0
met1              1480           650           43.92%             0 /  0 /  0
met2              1405           928           66.05%             0 /  0 /  0
met3               978           217           22.19%             0 /  0 /  0
met4               457           210           45.95%             0 /  0 /  0
met5               108             3            2.78%             0 /  0 /  0
---------------------------------------------------------------------------------------
Total             4428          2008           45.35%             0 /  0 /  0

[INFO GRT-0018] Total wirelength: 19513 um
[INFO GRT-0014] Routed nets: 204
Setting global connections for newly added cells…
Writing OpenROAD database to '/openlane/designs/zero_to_five_counter/runs/RUN_2025.05.22_19.20.36/tmp/routing/18-global.odb'…
Writing layout to '/openlane/designs/zero_to_five_counter/runs/RUN_2025.05.22_19.20.36/tmp/routing/18-global.def'…
Writing routing guides to '/openlane/designs/zero_to_five_counter/runs/RUN_2025.05.22_19.20.36/tmp/routing/18-global.guide'…
