
===========================================================================
report_checks -path_delay max (Setup)
============================================================================
======================= Typical Corner ===================================

Startpoint: b[0] (input port clocked by __VIRTUAL_CLK__)
Endpoint: z[7] (output port clocked by __VIRTUAL_CLK__)
Path Group: __VIRTUAL_CLK__
Path Type: max

Fanout     Cap    Slew   Delay    Time   Description
-----------------------------------------------------------------------------
                  0.00    0.00    0.00   clock __VIRTUAL_CLK__ (rise edge)
                          0.00    0.00   clock network delay (ideal)
                          2.00    2.00 ^ input external delay
     1    0.00    0.02    0.01    2.01 ^ b[0] (in)
                                         b[0] (net)
                  0.02    0.00    2.01 ^ input9/A (sky130_fd_sc_hd__clkbuf_4)
     3    0.04    0.12    0.19    2.20 ^ input9/X (sky130_fd_sc_hd__clkbuf_4)
                                         net9 (net)
                  0.12    0.00    2.21 ^ _243_/A (sky130_fd_sc_hd__buf_8)
    10    0.10    0.17    0.22    2.42 ^ _243_/X (sky130_fd_sc_hd__buf_8)
                                         _174_ (net)
                  0.17    0.00    2.42 ^ _244_/A (sky130_fd_sc_hd__buf_8)
    10    0.10    0.16    0.23    2.65 ^ _244_/X (sky130_fd_sc_hd__buf_8)
                                         _175_ (net)
                  0.16    0.00    2.65 ^ _416_/A (sky130_fd_sc_hd__nand4_4)
     4    0.05    0.23    0.23    2.88 v _416_/Y (sky130_fd_sc_hd__nand4_4)
                                         _099_ (net)
                  0.23    0.00    2.89 v _418_/B1 (sky130_fd_sc_hd__a22o_2)
     2    0.03    0.11    0.37    3.26 v _418_/X (sky130_fd_sc_hd__a22o_2)
                                         _101_ (net)
                  0.11    0.00    3.26 v _422_/A1 (sky130_fd_sc_hd__a21o_4)
     2    0.04    0.08    0.29    3.55 v _422_/X (sky130_fd_sc_hd__a21o_4)
                                         _105_ (net)
                  0.08    0.01    3.55 v _426_/A2 (sky130_fd_sc_hd__a21o_2)
     2    0.04    0.11    0.32    3.87 v _426_/X (sky130_fd_sc_hd__a21o_2)
                                         _109_ (net)
                  0.11    0.01    3.88 v _430_/A1 (sky130_fd_sc_hd__a21o_2)
     2    0.04    0.11    0.30    4.18 v _430_/X (sky130_fd_sc_hd__a21o_2)
                                         _113_ (net)
                  0.11    0.00    4.18 v _432_/A2 (sky130_fd_sc_hd__a21o_4)
     2    0.04    0.08    0.30    4.48 v _432_/X (sky130_fd_sc_hd__a21o_4)
                                         _115_ (net)
                  0.08    0.00    4.48 v _434_/A2 (sky130_fd_sc_hd__a21o_2)
     2    0.04    0.11    0.32    4.80 v _434_/X (sky130_fd_sc_hd__a21o_2)
                                         _117_ (net)
                  0.11    0.01    4.81 v _436_/A2 (sky130_fd_sc_hd__a21bo_2)
     2    0.02    0.08    0.30    5.11 v _436_/X (sky130_fd_sc_hd__a21bo_2)
                                         _119_ (net)
                  0.08    0.00    5.11 v _457_/A2 (sky130_fd_sc_hd__a21o_2)
     2    0.03    0.09    0.29    5.41 v _457_/X (sky130_fd_sc_hd__a21o_2)
                                         _139_ (net)
                  0.09    0.00    5.41 v _485_/A1 (sky130_fd_sc_hd__o21a_1)
     1    0.01    0.09    0.26    5.67 v _485_/X (sky130_fd_sc_hd__o21a_1)
                                         _167_ (net)
                  0.09    0.00    5.67 v _490_/A2 (sky130_fd_sc_hd__a21o_2)
     1    0.02    0.08    0.29    5.96 v _490_/X (sky130_fd_sc_hd__a21o_2)
                                         _172_ (net)
                  0.08    0.00    5.97 v _491_/B1 (sky130_fd_sc_hd__a21o_1)
     1    0.02    0.09    0.23    6.20 v _491_/X (sky130_fd_sc_hd__a21o_1)
                                         net27 (net)
                  0.09    0.00    6.20 v output27/A (sky130_fd_sc_hd__buf_2)
     1    0.03    0.09    0.21    6.41 v output27/X (sky130_fd_sc_hd__buf_2)
                                         z[7] (net)
                  0.09    0.00    6.41 v z[7] (out)
                                  6.41   data arrival time

                  0.00   10.00   10.00   clock __VIRTUAL_CLK__ (rise edge)
                          0.00   10.00   clock network delay (ideal)
                         -0.25    9.75   clock uncertainty
                          0.00    9.75   clock reconvergence pessimism
                         -2.00    7.75   output external delay
                                  7.75   data required time
-----------------------------------------------------------------------------
                                  7.75   data required time
                                 -6.41   data arrival time
-----------------------------------------------------------------------------
                                  1.34   slack (MET)


Startpoint: b[0] (input port clocked by __VIRTUAL_CLK__)
Endpoint: z[6] (output port clocked by __VIRTUAL_CLK__)
Path Group: __VIRTUAL_CLK__
Path Type: max

Fanout     Cap    Slew   Delay    Time   Description
-----------------------------------------------------------------------------
                  0.00    0.00    0.00   clock __VIRTUAL_CLK__ (rise edge)
                          0.00    0.00   clock network delay (ideal)
                          2.00    2.00 ^ input external delay
     1    0.00    0.02    0.01    2.01 ^ b[0] (in)
                                         b[0] (net)
                  0.02    0.00    2.01 ^ input9/A (sky130_fd_sc_hd__clkbuf_4)
     3    0.04    0.12    0.19    2.20 ^ input9/X (sky130_fd_sc_hd__clkbuf_4)
                                         net9 (net)
                  0.12    0.00    2.21 ^ _243_/A (sky130_fd_sc_hd__buf_8)
    10    0.10    0.17    0.22    2.42 ^ _243_/X (sky130_fd_sc_hd__buf_8)
                                         _174_ (net)
                  0.17    0.00    2.42 ^ _244_/A (sky130_fd_sc_hd__buf_8)
    10    0.10    0.16    0.23    2.65 ^ _244_/X (sky130_fd_sc_hd__buf_8)
                                         _175_ (net)
                  0.16    0.00    2.65 ^ _416_/A (sky130_fd_sc_hd__nand4_4)
     4    0.05    0.23    0.23    2.88 v _416_/Y (sky130_fd_sc_hd__nand4_4)
                                         _099_ (net)
                  0.23    0.00    2.89 v _418_/B1 (sky130_fd_sc_hd__a22o_2)
     2    0.03    0.11    0.37    3.26 v _418_/X (sky130_fd_sc_hd__a22o_2)
                                         _101_ (net)
                  0.11    0.00    3.26 v _422_/A1 (sky130_fd_sc_hd__a21o_4)
     2    0.04    0.08    0.29    3.55 v _422_/X (sky130_fd_sc_hd__a21o_4)
                                         _105_ (net)
                  0.08    0.01    3.55 v _426_/A2 (sky130_fd_sc_hd__a21o_2)
     2    0.04    0.11    0.32    3.87 v _426_/X (sky130_fd_sc_hd__a21o_2)
                                         _109_ (net)
                  0.11    0.01    3.88 v _430_/A1 (sky130_fd_sc_hd__a21o_2)
     2    0.04    0.11    0.30    4.18 v _430_/X (sky130_fd_sc_hd__a21o_2)
                                         _113_ (net)
                  0.11    0.00    4.18 v _432_/A2 (sky130_fd_sc_hd__a21o_4)
     2    0.04    0.08    0.30    4.48 v _432_/X (sky130_fd_sc_hd__a21o_4)
                                         _115_ (net)
                  0.08    0.00    4.48 v _434_/A2 (sky130_fd_sc_hd__a21o_2)
     2    0.04    0.11    0.32    4.80 v _434_/X (sky130_fd_sc_hd__a21o_2)
                                         _117_ (net)
                  0.11    0.01    4.81 v _435_/C (sky130_fd_sc_hd__and3b_2)
     2    0.02    0.08    0.30    5.10 v _435_/X (sky130_fd_sc_hd__and3b_2)
                                         _118_ (net)
                  0.08    0.00    5.11 v _437_/A_N (sky130_fd_sc_hd__and2b_1)
     2    0.02    0.17    0.31    5.41 ^ _437_/X (sky130_fd_sc_hd__and2b_1)
                                         _120_ (net)
                  0.17    0.00    5.41 ^ _439_/A2 (sky130_fd_sc_hd__o21a_1)
     1    0.01    0.13    0.20    5.62 ^ _439_/X (sky130_fd_sc_hd__o21a_1)
                                         _122_ (net)
                  0.13    0.00    5.62 ^ _450_/A2 (sky130_fd_sc_hd__a21o_1)
     1    0.01    0.10    0.18    5.80 ^ _450_/X (sky130_fd_sc_hd__a21o_1)
                                         net26 (net)
                  0.10    0.00    5.80 ^ output26/A (sky130_fd_sc_hd__buf_2)
     1    0.03    0.17    0.23    6.03 ^ output26/X (sky130_fd_sc_hd__buf_2)
                                         z[6] (net)
                  0.17    0.00    6.03 ^ z[6] (out)
                                  6.03   data arrival time

                  0.00   10.00   10.00   clock __VIRTUAL_CLK__ (rise edge)
                          0.00   10.00   clock network delay (ideal)
                         -0.25    9.75   clock uncertainty
                          0.00    9.75   clock reconvergence pessimism
                         -2.00    7.75   output external delay
                                  7.75   data required time
-----------------------------------------------------------------------------
                                  7.75   data required time
                                 -6.03   data arrival time
-----------------------------------------------------------------------------
                                  1.72   slack (MET)


Startpoint: c[1] (input port clocked by __VIRTUAL_CLK__)
Endpoint: z[5] (output port clocked by __VIRTUAL_CLK__)
Path Group: __VIRTUAL_CLK__
Path Type: max

Fanout     Cap    Slew   Delay    Time   Description
-----------------------------------------------------------------------------
                  0.00    0.00    0.00   clock __VIRTUAL_CLK__ (rise edge)
                          0.00    0.00   clock network delay (ideal)
                          2.00    2.00 ^ input external delay
     1    0.01    0.03    0.02    2.02 ^ c[1] (in)
                                         c[1] (net)
                  0.03    0.00    2.02 ^ input18/A (sky130_fd_sc_hd__buf_6)
     7    0.07    0.15    0.18    2.20 ^ input18/X (sky130_fd_sc_hd__buf_6)
                                         net18 (net)
                  0.15    0.01    2.21 ^ _259_/C_N (sky130_fd_sc_hd__or3b_2)
     1    0.01    0.10    0.52    2.74 v _259_/X (sky130_fd_sc_hd__or3b_2)
                                         _189_ (net)
                  0.10    0.00    2.74 v _260_/A (sky130_fd_sc_hd__buf_8)
     8    0.09    0.08    0.20    2.93 v _260_/X (sky130_fd_sc_hd__buf_8)
                                         _190_ (net)
                  0.08    0.01    2.95 v _261_/C (sky130_fd_sc_hd__and3_2)
     2    0.03    0.09    0.30    3.25 v _261_/X (sky130_fd_sc_hd__and3_2)
                                         _191_ (net)
                  0.09    0.00    3.25 v _264_/A (sky130_fd_sc_hd__or3b_4)
     4    0.04    0.12    0.51    3.76 v _264_/X (sky130_fd_sc_hd__or3b_4)
                                         _194_ (net)
                  0.12    0.00    3.76 v _302_/A1 (sky130_fd_sc_hd__a21bo_2)
     3    0.03    0.09    0.29    4.05 v _302_/X (sky130_fd_sc_hd__a21bo_2)
                                         _231_ (net)
                  0.09    0.00    4.05 v _326_/A2 (sky130_fd_sc_hd__a21o_4)
     3    0.04    0.08    0.29    4.34 v _326_/X (sky130_fd_sc_hd__a21o_4)
                                         _012_ (net)
                  0.08    0.00    4.35 v _341_/A2 (sky130_fd_sc_hd__a21o_4)
     3    0.05    0.09    0.30    4.64 v _341_/X (sky130_fd_sc_hd__a21o_4)
                                         _026_ (net)
                  0.09    0.00    4.65 v _400_/A2 (sky130_fd_sc_hd__a21oi_4)
     3    0.04    0.28    0.31    4.96 ^ _400_/Y (sky130_fd_sc_hd__a21oi_4)
                                         _084_ (net)
                  0.28    0.00    4.96 ^ _402_/A (sky130_fd_sc_hd__nor2_2)
     1    0.02    0.10    0.14    5.10 v _402_/Y (sky130_fd_sc_hd__nor2_2)
                                         _086_ (net)
                  0.10    0.00    5.10 v _407_/A2 (sky130_fd_sc_hd__a211o_2)
     1    0.02    0.08    0.42    5.52 v _407_/X (sky130_fd_sc_hd__a211o_2)
                                         _091_ (net)
                  0.08    0.00    5.52 v _408_/B1 (sky130_fd_sc_hd__a21o_2)
     1    0.02    0.08    0.27    5.79 v _408_/X (sky130_fd_sc_hd__a21o_2)
                                         net25 (net)
                  0.08    0.00    5.79 v output25/A (sky130_fd_sc_hd__buf_2)
     1    0.03    0.09    0.21    6.00 v output25/X (sky130_fd_sc_hd__buf_2)
                                         z[5] (net)
                  0.09    0.00    6.00 v z[5] (out)
                                  6.00   data arrival time

                  0.00   10.00   10.00   clock __VIRTUAL_CLK__ (rise edge)
                          0.00   10.00   clock network delay (ideal)
                         -0.25    9.75   clock uncertainty
                          0.00    9.75   clock reconvergence pessimism
                         -2.00    7.75   output external delay
                                  7.75   data required time
-----------------------------------------------------------------------------
                                  7.75   data required time
                                 -6.00   data arrival time
-----------------------------------------------------------------------------
                                  1.75   slack (MET)


Startpoint: b[0] (input port clocked by __VIRTUAL_CLK__)
Endpoint: z[4] (output port clocked by __VIRTUAL_CLK__)
Path Group: __VIRTUAL_CLK__
Path Type: max

Fanout     Cap    Slew   Delay    Time   Description
-----------------------------------------------------------------------------
                  0.00    0.00    0.00   clock __VIRTUAL_CLK__ (rise edge)
                          0.00    0.00   clock network delay (ideal)
                          2.00    2.00 ^ input external delay
     1    0.00    0.02    0.01    2.01 ^ b[0] (in)
                                         b[0] (net)
                  0.02    0.00    2.01 ^ input9/A (sky130_fd_sc_hd__clkbuf_4)
     3    0.04    0.12    0.19    2.20 ^ input9/X (sky130_fd_sc_hd__clkbuf_4)
                                         net9 (net)
                  0.12    0.00    2.21 ^ _243_/A (sky130_fd_sc_hd__buf_8)
    10    0.10    0.17    0.22    2.42 ^ _243_/X (sky130_fd_sc_hd__buf_8)
                                         _174_ (net)
                  0.17    0.01    2.43 ^ _282_/A (sky130_fd_sc_hd__and4_4)
     3    0.04    0.14    0.33    2.76 ^ _282_/X (sky130_fd_sc_hd__and4_4)
                                         _211_ (net)
                  0.14    0.00    2.76 ^ _286_/A_N (sky130_fd_sc_hd__and4b_4)
     2    0.04    0.08    0.28    3.04 v _286_/X (sky130_fd_sc_hd__and4b_4)
                                         _215_ (net)
                  0.08    0.00    3.05 v _312_/B (sky130_fd_sc_hd__nor2_4)
     2    0.04    0.26    0.24    3.29 ^ _312_/Y (sky130_fd_sc_hd__nor2_4)
                                         _240_ (net)
                  0.26    0.01    3.30 ^ _313_/B (sky130_fd_sc_hd__xnor2_4)
     2    0.05    0.16    0.18    3.48 v _313_/Y (sky130_fd_sc_hd__xnor2_4)
                                         _241_ (net)
                  0.16    0.01    3.49 v _314_/C (sky130_fd_sc_hd__and3_4)
     4    0.07    0.10    0.32    3.81 v _314_/X (sky130_fd_sc_hd__and3_4)
                                         _000_ (net)
                  0.10    0.00    3.81 v _358_/B (sky130_fd_sc_hd__nor3_1)
     2    0.01    0.35    0.36    4.17 ^ _358_/Y (sky130_fd_sc_hd__nor3_1)
                                         _043_ (net)
                  0.35    0.00    4.17 ^ max_cap29/A (sky130_fd_sc_hd__clkbuf_2)
     1    0.02    0.10    0.23    4.40 ^ max_cap29/X (sky130_fd_sc_hd__clkbuf_2)
                                         net29 (net)
                  0.10    0.00    4.40 ^ _359_/B (sky130_fd_sc_hd__nor2_4)
     2    0.03    0.07    0.07    4.47 v _359_/Y (sky130_fd_sc_hd__nor2_4)
                                         _044_ (net)
                  0.07    0.01    4.48 v _360_/B (sky130_fd_sc_hd__xnor2_1)
     1    0.01    0.10    0.18    4.65 v _360_/Y (sky130_fd_sc_hd__xnor2_1)
                                         _045_ (net)
                  0.10    0.00    4.65 v _365_/A2 (sky130_fd_sc_hd__a211o_2)
     1    0.02    0.09    0.43    5.08 v _365_/X (sky130_fd_sc_hd__a211o_2)
                                         _050_ (net)
                  0.09    0.00    5.08 v _366_/B1 (sky130_fd_sc_hd__a31o_2)
     1    0.02    0.09    0.30    5.38 v _366_/X (sky130_fd_sc_hd__a31o_2)
                                         net24 (net)
                  0.09    0.00    5.39 v output24/A (sky130_fd_sc_hd__buf_2)
     1    0.03    0.09    0.21    5.60 v output24/X (sky130_fd_sc_hd__buf_2)
                                         z[4] (net)
                  0.09    0.00    5.60 v z[4] (out)
                                  5.60   data arrival time

                  0.00   10.00   10.00   clock __VIRTUAL_CLK__ (rise edge)
                          0.00   10.00   clock network delay (ideal)
                         -0.25    9.75   clock uncertainty
                          0.00    9.75   clock reconvergence pessimism
                         -2.00    7.75   output external delay
                                  7.75   data required time
-----------------------------------------------------------------------------
                                  7.75   data required time
                                 -5.60   data arrival time
-----------------------------------------------------------------------------
                                  2.15   slack (MET)


Startpoint: c[1] (input port clocked by __VIRTUAL_CLK__)
Endpoint: z[3] (output port clocked by __VIRTUAL_CLK__)
Path Group: __VIRTUAL_CLK__
Path Type: max

Fanout     Cap    Slew   Delay    Time   Description
-----------------------------------------------------------------------------
                  0.00    0.00    0.00   clock __VIRTUAL_CLK__ (rise edge)
                          0.00    0.00   clock network delay (ideal)
                          2.00    2.00 ^ input external delay
     1    0.01    0.03    0.02    2.02 ^ c[1] (in)
                                         c[1] (net)
                  0.03    0.00    2.02 ^ input18/A (sky130_fd_sc_hd__buf_6)
     7    0.07    0.15    0.18    2.20 ^ input18/X (sky130_fd_sc_hd__buf_6)
                                         net18 (net)
                  0.15    0.01    2.21 ^ _259_/C_N (sky130_fd_sc_hd__or3b_2)
     1    0.01    0.10    0.52    2.74 v _259_/X (sky130_fd_sc_hd__or3b_2)
                                         _189_ (net)
                  0.10    0.00    2.74 v _260_/A (sky130_fd_sc_hd__buf_8)
     8    0.09    0.08    0.20    2.93 v _260_/X (sky130_fd_sc_hd__buf_8)
                                         _190_ (net)
                  0.08    0.01    2.95 v _261_/C (sky130_fd_sc_hd__and3_2)
     2    0.03    0.09    0.30    3.25 v _261_/X (sky130_fd_sc_hd__and3_2)
                                         _191_ (net)
                  0.09    0.00    3.25 v _264_/A (sky130_fd_sc_hd__or3b_4)
     4    0.04    0.12    0.51    3.76 v _264_/X (sky130_fd_sc_hd__or3b_4)
                                         _194_ (net)
                  0.12    0.00    3.76 v _302_/A1 (sky130_fd_sc_hd__a21bo_2)
     3    0.03    0.09    0.29    4.05 v _302_/X (sky130_fd_sc_hd__a21bo_2)
                                         _231_ (net)
                  0.09    0.00    4.05 v _326_/A2 (sky130_fd_sc_hd__a21o_4)
     3    0.04    0.08    0.29    4.34 v _326_/X (sky130_fd_sc_hd__a21o_4)
                                         _012_ (net)
                  0.08    0.01    4.35 v _332_/A3 (sky130_fd_sc_hd__a31o_2)
     1    0.03    0.10    0.34    4.69 v _332_/X (sky130_fd_sc_hd__a31o_2)
                                         _018_ (net)
                  0.10    0.01    4.69 v _333_/B1 (sky130_fd_sc_hd__a31o_2)
     1    0.03    0.09    0.31    5.00 v _333_/X (sky130_fd_sc_hd__a31o_2)
                                         net23 (net)
                  0.09    0.00    5.01 v output23/A (sky130_fd_sc_hd__buf_2)
     1    0.03    0.09    0.21    5.22 v output23/X (sky130_fd_sc_hd__buf_2)
                                         z[3] (net)
                  0.09    0.00    5.22 v z[3] (out)
                                  5.22   data arrival time

                  0.00   10.00   10.00   clock __VIRTUAL_CLK__ (rise edge)
                          0.00   10.00   clock network delay (ideal)
                         -0.25    9.75   clock uncertainty
                          0.00    9.75   clock reconvergence pessimism
                         -2.00    7.75   output external delay
                                  7.75   data required time
-----------------------------------------------------------------------------
                                  7.75   data required time
                                 -5.22   data arrival time
-----------------------------------------------------------------------------
                                  2.53   slack (MET)


Startpoint: c[1] (input port clocked by __VIRTUAL_CLK__)
Endpoint: z[2] (output port clocked by __VIRTUAL_CLK__)
Path Group: __VIRTUAL_CLK__
Path Type: max

Fanout     Cap    Slew   Delay    Time   Description
-----------------------------------------------------------------------------
                  0.00    0.00    0.00   clock __VIRTUAL_CLK__ (rise edge)
                          0.00    0.00   clock network delay (ideal)
                          2.00    2.00 ^ input external delay
     1    0.01    0.03    0.02    2.02 ^ c[1] (in)
                                         c[1] (net)
                  0.03    0.00    2.02 ^ input18/A (sky130_fd_sc_hd__buf_6)
     7    0.07    0.15    0.18    2.20 ^ input18/X (sky130_fd_sc_hd__buf_6)
                                         net18 (net)
                  0.15    0.01    2.21 ^ _259_/C_N (sky130_fd_sc_hd__or3b_2)
     1    0.01    0.10    0.52    2.74 v _259_/X (sky130_fd_sc_hd__or3b_2)
                                         _189_ (net)
                  0.10    0.00    2.74 v _260_/A (sky130_fd_sc_hd__buf_8)
     8    0.09    0.08    0.20    2.93 v _260_/X (sky130_fd_sc_hd__buf_8)
                                         _190_ (net)
                  0.08    0.01    2.95 v _261_/C (sky130_fd_sc_hd__and3_2)
     2    0.03    0.09    0.30    3.25 v _261_/X (sky130_fd_sc_hd__and3_2)
                                         _191_ (net)
                  0.09    0.00    3.25 v _264_/A (sky130_fd_sc_hd__or3b_4)
     4    0.04    0.12    0.51    3.76 v _264_/X (sky130_fd_sc_hd__or3b_4)
                                         _194_ (net)
                  0.12    0.00    3.76 v _266_/B (sky130_fd_sc_hd__nand3b_4)
     3    0.03    0.12    0.16    3.92 ^ _266_/Y (sky130_fd_sc_hd__nand3b_4)
                                         _196_ (net)
                  0.12    0.00    3.92 ^ _301_/B (sky130_fd_sc_hd__nand2_1)
     1    0.01    0.08    0.10    4.03 v _301_/Y (sky130_fd_sc_hd__nand2_1)
                                         _230_ (net)
                  0.08    0.00    4.03 v _303_/A2 (sky130_fd_sc_hd__o211a_2)
     1    0.03    0.09    0.33    4.36 v _303_/X (sky130_fd_sc_hd__o211a_2)
                                         _232_ (net)
                  0.09    0.00    4.36 v _304_/C1 (sky130_fd_sc_hd__a211o_2)
     1    0.02    0.09    0.35    4.71 v _304_/X (sky130_fd_sc_hd__a211o_2)
                                         net22 (net)
                  0.09    0.00    4.72 v output22/A (sky130_fd_sc_hd__buf_2)
     1    0.03    0.09    0.21    4.93 v output22/X (sky130_fd_sc_hd__buf_2)
                                         z[2] (net)
                  0.09    0.00    4.93 v z[2] (out)
                                  4.93   data arrival time

                  0.00   10.00   10.00   clock __VIRTUAL_CLK__ (rise edge)
                          0.00   10.00   clock network delay (ideal)
                         -0.25    9.75   clock uncertainty
                          0.00    9.75   clock reconvergence pessimism
                         -2.00    7.75   output external delay
                                  7.75   data required time
-----------------------------------------------------------------------------
                                  7.75   data required time
                                 -4.93   data arrival time
-----------------------------------------------------------------------------
                                  2.82   slack (MET)


Startpoint: c[1] (input port clocked by __VIRTUAL_CLK__)
Endpoint: z[1] (output port clocked by __VIRTUAL_CLK__)
Path Group: __VIRTUAL_CLK__
Path Type: max

Fanout     Cap    Slew   Delay    Time   Description
-----------------------------------------------------------------------------
                  0.00    0.00    0.00   clock __VIRTUAL_CLK__ (rise edge)
                          0.00    0.00   clock network delay (ideal)
                          2.00    2.00 ^ input external delay
     1    0.01    0.03    0.02    2.02 ^ c[1] (in)
                                         c[1] (net)
                  0.03    0.00    2.02 ^ input18/A (sky130_fd_sc_hd__buf_6)
     7    0.07    0.15    0.18    2.20 ^ input18/X (sky130_fd_sc_hd__buf_6)
                                         net18 (net)
                  0.15    0.01    2.21 ^ _259_/C_N (sky130_fd_sc_hd__or3b_2)
     1    0.01    0.10    0.52    2.74 v _259_/X (sky130_fd_sc_hd__or3b_2)
                                         _189_ (net)
                  0.10    0.00    2.74 v _260_/A (sky130_fd_sc_hd__buf_8)
     8    0.09    0.08    0.20    2.93 v _260_/X (sky130_fd_sc_hd__buf_8)
                                         _190_ (net)
                  0.08    0.01    2.95 v _261_/C (sky130_fd_sc_hd__and3_2)
     2    0.03    0.09    0.30    3.25 v _261_/X (sky130_fd_sc_hd__and3_2)
                                         _191_ (net)
                  0.09    0.00    3.25 v _264_/A (sky130_fd_sc_hd__or3b_4)
     4    0.04    0.12    0.51    3.76 v _264_/X (sky130_fd_sc_hd__or3b_4)
                                         _194_ (net)
                  0.12    0.00    3.76 v _269_/A1 (sky130_fd_sc_hd__a21bo_1)
     1    0.00    0.04    0.21    3.97 v _269_/X (sky130_fd_sc_hd__a21bo_1)
                                         _199_ (net)
                  0.04    0.00    3.97 v _281_/A3 (sky130_fd_sc_hd__a31o_1)
     1    0.01    0.08    0.27    4.23 v _281_/X (sky130_fd_sc_hd__a31o_1)
                                         net21 (net)
                  0.08    0.00    4.24 v output21/A (sky130_fd_sc_hd__buf_2)
     1    0.03    0.09    0.20    4.44 v output21/X (sky130_fd_sc_hd__buf_2)
                                         z[1] (net)
                  0.09    0.00    4.44 v z[1] (out)
                                  4.44   data arrival time

                  0.00   10.00   10.00   clock __VIRTUAL_CLK__ (rise edge)
                          0.00   10.00   clock network delay (ideal)
                         -0.25    9.75   clock uncertainty
                          0.00    9.75   clock reconvergence pessimism
                         -2.00    7.75   output external delay
                                  7.75   data required time
-----------------------------------------------------------------------------
                                  7.75   data required time
                                 -4.44   data arrival time
-----------------------------------------------------------------------------
                                  3.31   slack (MET)


Startpoint: b[0] (input port clocked by __VIRTUAL_CLK__)
Endpoint: z[0] (output port clocked by __VIRTUAL_CLK__)
Path Group: __VIRTUAL_CLK__
Path Type: max

Fanout     Cap    Slew   Delay    Time   Description
-----------------------------------------------------------------------------
                  0.00    0.00    0.00   clock __VIRTUAL_CLK__ (rise edge)
                          0.00    0.00   clock network delay (ideal)
                          2.00    2.00 ^ input external delay
     1    0.00    0.02    0.01    2.01 ^ b[0] (in)
                                         b[0] (net)
                  0.02    0.00    2.01 ^ input9/A (sky130_fd_sc_hd__clkbuf_4)
     3    0.04    0.12    0.19    2.20 ^ input9/X (sky130_fd_sc_hd__clkbuf_4)
                                         net9 (net)
                  0.12    0.00    2.21 ^ _243_/A (sky130_fd_sc_hd__buf_8)
    10    0.10    0.17    0.22    2.42 ^ _243_/X (sky130_fd_sc_hd__buf_8)
                                         _174_ (net)
                  0.17    0.00    2.42 ^ _244_/A (sky130_fd_sc_hd__buf_8)
    10    0.10    0.16    0.23    2.65 ^ _244_/X (sky130_fd_sc_hd__buf_8)
                                         _175_ (net)
                  0.16    0.01    2.66 ^ _246_/B (sky130_fd_sc_hd__nand2_4)
     4    0.04    0.11    0.13    2.79 v _246_/Y (sky130_fd_sc_hd__nand2_4)
                                         _177_ (net)
                  0.11    0.00    2.79 v _247_/B1 (sky130_fd_sc_hd__a21o_1)
     1    0.01    0.07    0.22    3.02 v _247_/X (sky130_fd_sc_hd__a21o_1)
                                         _178_ (net)
                  0.07    0.00    3.02 v _250_/B1 (sky130_fd_sc_hd__o2111a_1)
     1    0.02    0.10    0.21    3.23 v _250_/X (sky130_fd_sc_hd__o2111a_1)
                                         _181_ (net)
                  0.10    0.00    3.23 v _256_/A (sky130_fd_sc_hd__or3_2)
     1    0.02    0.13    0.60    3.83 v _256_/X (sky130_fd_sc_hd__or3_2)
                                         _187_ (net)
                  0.13    0.00    3.83 v _257_/A (sky130_fd_sc_hd__buf_2)
     1    0.03    0.08    0.22    4.05 v _257_/X (sky130_fd_sc_hd__buf_2)
                                         net20 (net)
                  0.08    0.01    4.06 v output20/A (sky130_fd_sc_hd__buf_2)
     1    0.03    0.09    0.21    4.27 v output20/X (sky130_fd_sc_hd__buf_2)
                                         z[0] (net)
                  0.09    0.00    4.27 v z[0] (out)
                                  4.27   data arrival time

                  0.00   10.00   10.00   clock __VIRTUAL_CLK__ (rise edge)
                          0.00   10.00   clock network delay (ideal)
                         -0.25    9.75   clock uncertainty
                          0.00    9.75   clock reconvergence pessimism
                         -2.00    7.75   output external delay
                                  7.75   data required time
-----------------------------------------------------------------------------
                                  7.75   data required time
                                 -4.27   data arrival time
-----------------------------------------------------------------------------
                                  3.48   slack (MET)



worst slack corner Typical: 1.3377
