OpenROAD b16bda7e82721d10566ff7e2b68f1ff0be9f9e38 
Features included (+) or not (-): +Charts +GPU +GUI +Python
This program is licensed under the BSD-3 license. See the LICENSE file for details.
Components of this program may be licensed under more restrictive licenses which must be honored.
define_corners Typical
read_liberty -corner Typical /root/.volare/sky130A/libs.ref/sky130_fd_sc_hd/lib/sky130_fd_sc_hd__tt_025C_1v80.lib
Using 1e-12 for capacitance...
Using 1e+03 for resistance...
Using 1e-09 for time...
Using 1e+00 for voltage...
Using 1e-03 for current...
Using 1e-09 for power...
Using 1e-06 for distance...
[INFO]: Reading ODB at '/openlane/designs/alu/runs/RUN_2025.05.03_18.54.14/tmp/16-alu.odb'…
Reading design constraints file at '/openlane/scripts/base.sdc'…
[INFO]: Setting output delay to: 2.0
[INFO]: Setting input delay to: 2.0
[WARNING STA-0366] port '__VIRTUAL_CLK__' not found.
[INFO]: Setting load to: 0.033442
[INFO]: Setting clock uncertainty to: 0.25
[INFO]: Setting clock transition to: 0.15
[WARNING STA-0419] transition time can not be specified for virtual clocks.
[INFO]: Setting timing derate to: 5.0 %
[INFO]: Propagating all clocks
[WARNING STA-0450] virtual clock __VIRTUAL_CLK__ can not be propagated.
[INFO]: Setting RC values...
[WARNING GRT-0026] Missing route to pin _388_/C.
[WARNING GRT-0026] Missing route to pin _353_/C.
[WARNING GRT-0026] Missing route to pin _388_/A.
[WARNING GRT-0026] Missing route to pin _439_/A2.
[WARNING GRT-0026] Missing route to pin _310_/B.
[WARNING GRT-0026] Missing route to pin _310_/A.
[WARNING GRT-0026] Missing route to pin _439_/A1.
[WARNING GRT-0026] Missing route to pin fanout1/X.
min_report

===========================================================================
report_checks -path_delay min (Hold)
============================================================================
======================= Typical Corner ===================================

Startpoint: c[2] (input port clocked by __VIRTUAL_CLK__)
Endpoint: z[5] (output port clocked by __VIRTUAL_CLK__)
Path Group: __VIRTUAL_CLK__
Path Type: min

Fanout     Cap    Slew   Delay    Time   Description
-----------------------------------------------------------------------------
                  0.00    0.00    0.00   clock __VIRTUAL_CLK__ (rise edge)
                          0.00    0.00   clock network delay (ideal)
                          2.00    2.00 ^ input external delay
     1    0.01    0.05    0.03    2.03 ^ c[2] (in)
                                         c[2] (net)
                  0.05    0.00    2.03 ^ input19/A (sky130_fd_sc_hd__buf_8)
     8    0.03    0.07    0.11    2.14 ^ input19/X (sky130_fd_sc_hd__buf_8)
                                         net19 (net)
                  0.07    0.00    2.14 ^ _251_/A (sky130_fd_sc_hd__nor2_8)
     8    0.02    0.03    0.05    2.19 v _251_/Y (sky130_fd_sc_hd__nor2_8)
                                         _182_ (net)
                  0.03    0.00    2.19 v _408_/A1 (sky130_fd_sc_hd__a21o_4)
     1    0.00    0.03    0.17    2.36 v _408_/X (sky130_fd_sc_hd__a21o_4)
                                         net25 (net)
                  0.03    0.00    2.36 v output25/A (sky130_fd_sc_hd__clkbuf_4)
     1    0.03    0.08    0.17    2.52 v output25/X (sky130_fd_sc_hd__clkbuf_4)
                                         z[5] (net)
                  0.08    0.00    2.52 v z[5] (out)
                                  2.52   data arrival time

                  0.00    0.00    0.00   clock __VIRTUAL_CLK__ (rise edge)
                          0.00    0.00   clock network delay (ideal)
                          0.25    0.25   clock uncertainty
                          0.00    0.25   clock reconvergence pessimism
                         -2.00   -1.75   output external delay
                                 -1.75   data required time
-----------------------------------------------------------------------------
                                 -1.75   data required time
                                 -2.52   data arrival time
-----------------------------------------------------------------------------
                                  4.27   slack (MET)


Startpoint: c[2] (input port clocked by __VIRTUAL_CLK__)
Endpoint: z[6] (output port clocked by __VIRTUAL_CLK__)
Path Group: __VIRTUAL_CLK__
Path Type: min

Fanout     Cap    Slew   Delay    Time   Description
-----------------------------------------------------------------------------
                  0.00    0.00    0.00   clock __VIRTUAL_CLK__ (rise edge)
                          0.00    0.00   clock network delay (ideal)
                          2.00    2.00 ^ input external delay
     1    0.01    0.05    0.03    2.03 ^ c[2] (in)
                                         c[2] (net)
                  0.05    0.00    2.03 ^ input19/A (sky130_fd_sc_hd__buf_8)
     8    0.03    0.07    0.11    2.14 ^ input19/X (sky130_fd_sc_hd__buf_8)
                                         net19 (net)
                  0.07    0.00    2.14 ^ _251_/A (sky130_fd_sc_hd__nor2_8)
     8    0.02    0.03    0.05    2.19 v _251_/Y (sky130_fd_sc_hd__nor2_8)
                                         _182_ (net)
                  0.03    0.00    2.19 v _439_/B1 (sky130_fd_sc_hd__o21a_1)
     1    0.00    0.03    0.08    2.27 v _439_/X (sky130_fd_sc_hd__o21a_1)
                                         _122_ (net)
                  0.03    0.00    2.27 v _450_/A1 (sky130_fd_sc_hd__a21o_1)
     1    0.00    0.03    0.14    2.41 v _450_/X (sky130_fd_sc_hd__a21o_1)
                                         net26 (net)
                  0.03    0.00    2.41 v output26/A (sky130_fd_sc_hd__buf_4)
     1    0.04    0.06    0.16    2.57 v output26/X (sky130_fd_sc_hd__buf_4)
                                         z[6] (net)
                  0.06    0.00    2.57 v z[6] (out)
                                  2.57   data arrival time

                  0.00    0.00    0.00   clock __VIRTUAL_CLK__ (rise edge)
                          0.00    0.00   clock network delay (ideal)
                          0.25    0.25   clock uncertainty
                          0.00    0.25   clock reconvergence pessimism
                         -2.00   -1.75   output external delay
                                 -1.75   data required time
-----------------------------------------------------------------------------
                                 -1.75   data required time
                                 -2.57   data arrival time
-----------------------------------------------------------------------------
                                  4.32   slack (MET)


Startpoint: c[2] (input port clocked by __VIRTUAL_CLK__)
Endpoint: z[2] (output port clocked by __VIRTUAL_CLK__)
Path Group: __VIRTUAL_CLK__
Path Type: min

Fanout     Cap    Slew   Delay    Time   Description
-----------------------------------------------------------------------------
                  0.00    0.00    0.00   clock __VIRTUAL_CLK__ (rise edge)
                          0.00    0.00   clock network delay (ideal)
                          2.00    2.00 v input external delay
     1    0.01    0.02    0.01    2.01 v c[2] (in)
                                         c[2] (net)
                  0.02    0.00    2.01 v input19/A (sky130_fd_sc_hd__buf_8)
     8    0.03    0.04    0.11    2.13 v input19/X (sky130_fd_sc_hd__buf_8)
                                         net19 (net)
                  0.04    0.00    2.13 v _251_/A (sky130_fd_sc_hd__nor2_8)
     8    0.02    0.12    0.13    2.26 ^ _251_/Y (sky130_fd_sc_hd__nor2_8)
                                         _182_ (net)
                  0.12    0.00    2.26 ^ _304_/A1 (sky130_fd_sc_hd__a211o_2)
     1    0.00    0.02    0.13    2.39 ^ _304_/X (sky130_fd_sc_hd__a211o_2)
                                         net22 (net)
                  0.02    0.00    2.39 ^ output22/A (sky130_fd_sc_hd__buf_2)
     1    0.04    0.18    0.19    2.57 ^ output22/X (sky130_fd_sc_hd__buf_2)
                                         z[2] (net)
                  0.18    0.00    2.58 ^ z[2] (out)
                                  2.58   data arrival time

                  0.00    0.00    0.00   clock __VIRTUAL_CLK__ (rise edge)
                          0.00    0.00   clock network delay (ideal)
                          0.25    0.25   clock uncertainty
                          0.00    0.25   clock reconvergence pessimism
                         -2.00   -1.75   output external delay
                                 -1.75   data required time
-----------------------------------------------------------------------------
                                 -1.75   data required time
                                 -2.58   data arrival time
-----------------------------------------------------------------------------
                                  4.33   slack (MET)


Startpoint: c[2] (input port clocked by __VIRTUAL_CLK__)
Endpoint: z[3] (output port clocked by __VIRTUAL_CLK__)
Path Group: __VIRTUAL_CLK__
Path Type: min

Fanout     Cap    Slew   Delay    Time   Description
-----------------------------------------------------------------------------
                  0.00    0.00    0.00   clock __VIRTUAL_CLK__ (rise edge)
                          0.00    0.00   clock network delay (ideal)
                          2.00    2.00 ^ input external delay
     1    0.01    0.05    0.03    2.03 ^ c[2] (in)
                                         c[2] (net)
                  0.05    0.00    2.03 ^ input19/A (sky130_fd_sc_hd__buf_8)
     8    0.03    0.07    0.11    2.14 ^ input19/X (sky130_fd_sc_hd__buf_8)
                                         net19 (net)
                  0.07    0.00    2.14 ^ _251_/A (sky130_fd_sc_hd__nor2_8)
     8    0.02    0.03    0.05    2.19 v _251_/Y (sky130_fd_sc_hd__nor2_8)
                                         _182_ (net)
                  0.03    0.00    2.19 v _333_/A1 (sky130_fd_sc_hd__a31o_2)
     1    0.03    0.10    0.24    2.43 v _333_/X (sky130_fd_sc_hd__a31o_2)
                                         net23 (net)
                  0.10    0.00    2.44 v output23/A (sky130_fd_sc_hd__buf_2)
     1    0.04    0.09    0.20    2.63 v output23/X (sky130_fd_sc_hd__buf_2)
                                         z[3] (net)
                  0.09    0.00    2.63 v z[3] (out)
                                  2.63   data arrival time

                  0.00    0.00    0.00   clock __VIRTUAL_CLK__ (rise edge)
                          0.00    0.00   clock network delay (ideal)
                          0.25    0.25   clock uncertainty
                          0.00    0.25   clock reconvergence pessimism
                         -2.00   -1.75   output external delay
                                 -1.75   data required time
-----------------------------------------------------------------------------
                                 -1.75   data required time
                                 -2.63   data arrival time
-----------------------------------------------------------------------------
                                  4.38   slack (MET)


Startpoint: a[6] (input port clocked by __VIRTUAL_CLK__)
Endpoint: z[7] (output port clocked by __VIRTUAL_CLK__)
Path Group: __VIRTUAL_CLK__
Path Type: min

Fanout     Cap    Slew   Delay    Time   Description
-----------------------------------------------------------------------------
                  0.00    0.00    0.00   clock __VIRTUAL_CLK__ (rise edge)
                          0.00    0.00   clock network delay (ideal)
                          2.00    2.00 v input external delay
     1    0.01    0.02    0.01    2.01 v a[6] (in)
                                         a[6] (net)
                  0.02    0.00    2.01 v input7/A (sky130_fd_sc_hd__buf_8)
    10    0.06    0.05    0.13    2.14 v input7/X (sky130_fd_sc_hd__buf_8)
                                         net7 (net)
                  0.05    0.00    2.14 v _451_/A (sky130_fd_sc_hd__inv_2)
     1    0.01    0.06    0.07    2.21 ^ _451_/Y (sky130_fd_sc_hd__inv_2)
                                         _133_ (net)
                  0.06    0.00    2.21 ^ _452_/A1 (sky130_fd_sc_hd__o21a_4)
     1    0.03    0.10    0.17    2.38 ^ _452_/X (sky130_fd_sc_hd__o21a_4)
                                         _134_ (net)
                  0.10    0.00    2.39 ^ _456_/A (sky130_fd_sc_hd__xnor2_4)
     1    0.00    0.04    0.11    2.50 ^ _456_/Y (sky130_fd_sc_hd__xnor2_4)
                                         _138_ (net)
                  0.04    0.00    2.50 ^ _491_/A1 (sky130_fd_sc_hd__a21o_4)
     1    0.00    0.03    0.10    2.59 ^ _491_/X (sky130_fd_sc_hd__a21o_4)
                                         net27 (net)
                  0.03    0.00    2.59 ^ output27/A (sky130_fd_sc_hd__buf_6)
     1    0.04    0.08    0.12    2.71 ^ output27/X (sky130_fd_sc_hd__buf_6)
                                         z[7] (net)
                  0.08    0.00    2.71 ^ z[7] (out)
                                  2.71   data arrival time

                  0.00    0.00    0.00   clock __VIRTUAL_CLK__ (rise edge)
                          0.00    0.00   clock network delay (ideal)
                          0.25    0.25   clock uncertainty
                          0.00    0.25   clock reconvergence pessimism
                         -2.00   -1.75   output external delay
                                 -1.75   data required time
-----------------------------------------------------------------------------
                                 -1.75   data required time
                                 -2.71   data arrival time
-----------------------------------------------------------------------------
                                  4.46   slack (MET)


Startpoint: c[2] (input port clocked by __VIRTUAL_CLK__)
Endpoint: z[4] (output port clocked by __VIRTUAL_CLK__)
Path Group: __VIRTUAL_CLK__
Path Type: min

Fanout     Cap    Slew   Delay    Time   Description
-----------------------------------------------------------------------------
                  0.00    0.00    0.00   clock __VIRTUAL_CLK__ (rise edge)
                          0.00    0.00   clock network delay (ideal)
                          2.00    2.00 v input external delay
     1    0.01    0.02    0.01    2.01 v c[2] (in)
                                         c[2] (net)
                  0.02    0.00    2.01 v input19/A (sky130_fd_sc_hd__buf_8)
     8    0.03    0.04    0.11    2.13 v input19/X (sky130_fd_sc_hd__buf_8)
                                         net19 (net)
                  0.04    0.00    2.13 v _251_/A (sky130_fd_sc_hd__nor2_8)
     8    0.02    0.12    0.13    2.26 ^ _251_/Y (sky130_fd_sc_hd__nor2_8)
                                         _182_ (net)
                  0.12    0.00    2.26 ^ _365_/A1 (sky130_fd_sc_hd__a211o_2)
     1    0.02    0.11    0.19    2.45 ^ _365_/X (sky130_fd_sc_hd__a211o_2)
                                         _050_ (net)
                  0.11    0.00    2.46 ^ _366_/B1 (sky130_fd_sc_hd__a31o_2)
     1    0.03    0.16    0.20    2.65 ^ _366_/X (sky130_fd_sc_hd__a31o_2)
                                         net24 (net)
                  0.16    0.00    2.66 ^ output24/A (sky130_fd_sc_hd__buf_2)
     1    0.04    0.18    0.23    2.89 ^ output24/X (sky130_fd_sc_hd__buf_2)
                                         z[4] (net)
                  0.18    0.00    2.89 ^ z[4] (out)
                                  2.89   data arrival time

                  0.00    0.00    0.00   clock __VIRTUAL_CLK__ (rise edge)
                          0.00    0.00   clock network delay (ideal)
                          0.25    0.25   clock uncertainty
                          0.00    0.25   clock reconvergence pessimism
                         -2.00   -1.75   output external delay
                                 -1.75   data required time
-----------------------------------------------------------------------------
                                 -1.75   data required time
                                 -2.89   data arrival time
-----------------------------------------------------------------------------
                                  4.64   slack (MET)


Startpoint: c[2] (input port clocked by __VIRTUAL_CLK__)
Endpoint: z[1] (output port clocked by __VIRTUAL_CLK__)
Path Group: __VIRTUAL_CLK__
Path Type: min

Fanout     Cap    Slew   Delay    Time   Description
-----------------------------------------------------------------------------
                  0.00    0.00    0.00   clock __VIRTUAL_CLK__ (rise edge)
                          0.00    0.00   clock network delay (ideal)
                          2.00    2.00 ^ input external delay
     1    0.01    0.05    0.03    2.03 ^ c[2] (in)
                                         c[2] (net)
                  0.05    0.00    2.03 ^ input19/A (sky130_fd_sc_hd__buf_8)
     8    0.03    0.07    0.11    2.14 ^ input19/X (sky130_fd_sc_hd__buf_8)
                                         net19 (net)
                  0.07    0.00    2.14 ^ _267_/A_N (sky130_fd_sc_hd__and3b_1)
     1    0.01    0.06    0.20    2.33 v _267_/X (sky130_fd_sc_hd__and3b_1)
                                         _197_ (net)
                  0.06    0.00    2.34 v _268_/A (sky130_fd_sc_hd__clkbuf_8)
     7    0.02    0.04    0.14    2.48 v _268_/X (sky130_fd_sc_hd__clkbuf_8)
                                         _198_ (net)
                  0.04    0.00    2.48 v _281_/A2 (sky130_fd_sc_hd__a31o_1)
     1    0.01    0.08    0.24    2.72 v _281_/X (sky130_fd_sc_hd__a31o_1)
                                         net21 (net)
                  0.08    0.00    2.72 v output21/A (sky130_fd_sc_hd__buf_2)
     1    0.03    0.09    0.19    2.91 v output21/X (sky130_fd_sc_hd__buf_2)
                                         z[1] (net)
                  0.09    0.00    2.91 v z[1] (out)
                                  2.91   data arrival time

                  0.00    0.00    0.00   clock __VIRTUAL_CLK__ (rise edge)
                          0.00    0.00   clock network delay (ideal)
                          0.25    0.25   clock uncertainty
                          0.00    0.25   clock reconvergence pessimism
                         -2.00   -1.75   output external delay
                                 -1.75   data required time
-----------------------------------------------------------------------------
                                 -1.75   data required time
                                 -2.91   data arrival time
-----------------------------------------------------------------------------
                                  4.66   slack (MET)


Startpoint: a[0] (input port clocked by __VIRTUAL_CLK__)
Endpoint: z[0] (output port clocked by __VIRTUAL_CLK__)
Path Group: __VIRTUAL_CLK__
Path Type: min

Fanout     Cap    Slew   Delay    Time   Description
-----------------------------------------------------------------------------
                  0.00    0.00    0.00   clock __VIRTUAL_CLK__ (rise edge)
                          0.00    0.00   clock network delay (ideal)
                          2.00    2.00 v input external delay
     1    0.00    0.01    0.01    2.01 v a[0] (in)
                                         a[0] (net)
                  0.01    0.00    2.01 v input1/A (sky130_fd_sc_hd__buf_6)
     8    0.03    0.05    0.12    2.12 v input1/X (sky130_fd_sc_hd__buf_6)
                                         net1 (net)
                  0.05    0.00    2.12 v _242_/A (sky130_fd_sc_hd__buf_8)
    10    0.04    0.04    0.13    2.25 v _242_/X (sky130_fd_sc_hd__buf_8)
                                         _173_ (net)
                  0.04    0.00    2.25 v _255_/A (sky130_fd_sc_hd__nor2_1)
     1    0.00    0.06    0.08    2.33 ^ _255_/Y (sky130_fd_sc_hd__nor2_1)
                                         _186_ (net)
                  0.06    0.00    2.33 ^ _256_/C (sky130_fd_sc_hd__or3_2)
     1    0.02    0.11    0.16    2.49 ^ _256_/X (sky130_fd_sc_hd__or3_2)
                                         _187_ (net)
                  0.11    0.00    2.49 ^ _257_/A (sky130_fd_sc_hd__buf_2)
     1    0.03    0.17    0.21    2.70 ^ _257_/X (sky130_fd_sc_hd__buf_2)
                                         net20 (net)
                  0.17    0.01    2.71 ^ output20/A (sky130_fd_sc_hd__buf_2)
     1    0.04    0.18    0.24    2.94 ^ output20/X (sky130_fd_sc_hd__buf_2)
                                         z[0] (net)
                  0.18    0.00    2.94 ^ z[0] (out)
                                  2.94   data arrival time

                  0.00    0.00    0.00   clock __VIRTUAL_CLK__ (rise edge)
                          0.00    0.00   clock network delay (ideal)
                          0.25    0.25   clock uncertainty
                          0.00    0.25   clock reconvergence pessimism
                         -2.00   -1.75   output external delay
                                 -1.75   data required time
-----------------------------------------------------------------------------
                                 -1.75   data required time
                                 -2.94   data arrival time
-----------------------------------------------------------------------------
                                  4.69   slack (MET)



worst slack corner Typical: 4.2732
min_report_end
max_report

===========================================================================
report_checks -path_delay max (Setup)
============================================================================
======================= Typical Corner ===================================

Startpoint: b[1] (input port clocked by __VIRTUAL_CLK__)
Endpoint: z[7] (output port clocked by __VIRTUAL_CLK__)
Path Group: __VIRTUAL_CLK__
Path Type: max

Fanout     Cap    Slew   Delay    Time   Description
-----------------------------------------------------------------------------
                  0.00    0.00    0.00   clock __VIRTUAL_CLK__ (rise edge)
                          0.00    0.00   clock network delay (ideal)
                          2.00    2.00 v input external delay
     1    0.01    0.02    0.02    2.02 v b[1] (in)
                                         b[1] (net)
                  0.02    0.00    2.02 v input10/A (sky130_fd_sc_hd__buf_8)
     2    0.03    0.04    0.13    2.14 v input10/X (sky130_fd_sc_hd__buf_8)
                                         net10 (net)
                  0.04    0.00    2.15 v fanout1/A (sky130_fd_sc_hd__buf_12)
    10    0.04    0.04    0.14    2.29 v fanout1/X (sky130_fd_sc_hd__buf_12)
                                         net83 (net)
                  0.04    0.00    2.29 v _258_/A (sky130_fd_sc_hd__buf_12)
     5    0.03    0.03    0.13    2.42 v _258_/X (sky130_fd_sc_hd__buf_12)
                                         _188_ (net)
                  0.03    0.00    2.42 v _417_/A1 (sky130_fd_sc_hd__a22o_4)
     2    0.03    0.07    0.29    2.71 v _417_/X (sky130_fd_sc_hd__a22o_4)
                                         _100_ (net)
                  0.07    0.00    2.72 v _418_/B1 (sky130_fd_sc_hd__a22o_4)
     2    0.02    0.06    0.26    2.98 v _418_/X (sky130_fd_sc_hd__a22o_4)
                                         _101_ (net)
                  0.06    0.00    2.98 v _422_/A2 (sky130_fd_sc_hd__a21o_4)
     2    0.04    0.08    0.28    3.26 v _422_/X (sky130_fd_sc_hd__a21o_4)
                                         _105_ (net)
                  0.08    0.00    3.26 v rebuffer44/A (sky130_fd_sc_hd__buf_6)
     1    0.01    0.03    0.14    3.40 v rebuffer44/X (sky130_fd_sc_hd__buf_6)
                                         net75 (net)
                  0.03    0.00    3.40 v _427_/C (sky130_fd_sc_hd__nand3_4)
     3    0.03    0.13    0.13    3.53 ^ _427_/Y (sky130_fd_sc_hd__nand3_4)
                                         _110_ (net)
                  0.13    0.00    3.54 ^ rebuffer10/A (sky130_fd_sc_hd__dlymetal6s2s_1)
     1    0.02    0.22    0.26    3.79 ^ rebuffer10/X (sky130_fd_sc_hd__dlymetal6s2s_1)
                                         net41 (net)
                  0.22    0.00    3.79 ^ _478_/B (sky130_fd_sc_hd__nand2_4)
     1    0.02    0.08    0.10    3.89 v _478_/Y (sky130_fd_sc_hd__nand2_4)
                                         _160_ (net)
                  0.08    0.00    3.89 v _479_/A (sky130_fd_sc_hd__xor2_4)
     1    0.04    0.31    0.34    4.23 ^ _479_/X (sky130_fd_sc_hd__xor2_4)
                                         _161_ (net)
                  0.31    0.01    4.24 ^ _480_/A (sky130_fd_sc_hd__xnor2_4)
     1    0.03    0.11    0.17    4.40 v _480_/Y (sky130_fd_sc_hd__xnor2_4)
                                         _162_ (net)
                  0.11    0.00    4.41 v _481_/A (sky130_fd_sc_hd__xnor2_4)
     1    0.03    0.27    0.31    4.72 ^ _481_/Y (sky130_fd_sc_hd__xnor2_4)
                                         _163_ (net)
                  0.27    0.00    4.72 ^ _483_/B (sky130_fd_sc_hd__xnor2_4)
     2    0.01    0.06    0.10    4.83 v _483_/Y (sky130_fd_sc_hd__xnor2_4)
                                         _165_ (net)
                  0.06    0.00    4.83 v _485_/A1 (sky130_fd_sc_hd__o21a_4)
     1    0.01    0.04    0.24    5.07 v _485_/X (sky130_fd_sc_hd__o21a_4)
                                         _167_ (net)
                  0.04    0.00    5.07 v _490_/A1 (sky130_fd_sc_hd__a21o_4)
     1    0.03    0.06    0.24    5.31 v _490_/X (sky130_fd_sc_hd__a21o_4)
                                         _172_ (net)
                  0.06    0.00    5.31 v _491_/B1 (sky130_fd_sc_hd__a21o_4)
     1    0.00    0.03    0.19    5.50 v _491_/X (sky130_fd_sc_hd__a21o_4)
                                         net27 (net)
                  0.03    0.00    5.50 v output27/A (sky130_fd_sc_hd__buf_6)
     1    0.04    0.05    0.14    5.64 v output27/X (sky130_fd_sc_hd__buf_6)
                                         z[7] (net)
                  0.05    0.00    5.64 v z[7] (out)
                                  5.64   data arrival time

                  0.00   10.00   10.00   clock __VIRTUAL_CLK__ (rise edge)
                          0.00   10.00   clock network delay (ideal)
                         -0.25    9.75   clock uncertainty
                          0.00    9.75   clock reconvergence pessimism
                         -2.00    7.75   output external delay
                                  7.75   data required time
-----------------------------------------------------------------------------
                                  7.75   data required time
                                 -5.64   data arrival time
-----------------------------------------------------------------------------
                                  2.11   slack (MET)


Startpoint: c[0] (input port clocked by __VIRTUAL_CLK__)
Endpoint: z[6] (output port clocked by __VIRTUAL_CLK__)
Path Group: __VIRTUAL_CLK__
Path Type: max

Fanout     Cap    Slew   Delay    Time   Description
-----------------------------------------------------------------------------
                  0.00    0.00    0.00   clock __VIRTUAL_CLK__ (rise edge)
                          0.00    0.00   clock network delay (ideal)
                          2.00    2.00 v input external delay
     1    0.00    0.01    0.01    2.01 v c[0] (in)
                                         c[0] (net)
                  0.01    0.00    2.01 v input17/A (sky130_fd_sc_hd__clkbuf_8)
     5    0.06    0.08    0.17    2.18 v input17/X (sky130_fd_sc_hd__clkbuf_8)
                                         net17 (net)
                  0.08    0.01    2.19 v _259_/B (sky130_fd_sc_hd__or3b_4)
     1    0.01    0.07    0.40    2.59 v _259_/X (sky130_fd_sc_hd__or3b_4)
                                         _189_ (net)
                  0.07    0.00    2.59 v _260_/A (sky130_fd_sc_hd__buf_8)
     8    0.03    0.04    0.15    2.74 v _260_/X (sky130_fd_sc_hd__buf_8)
                                         _190_ (net)
                  0.04    0.00    2.74 v _261_/C (sky130_fd_sc_hd__and3_4)
     2    0.03    0.06    0.22    2.96 v _261_/X (sky130_fd_sc_hd__and3_4)
                                         _191_ (net)
                  0.06    0.00    2.96 v _264_/B (sky130_fd_sc_hd__or3b_4)
     4    0.02    0.09    0.43    3.39 v _264_/X (sky130_fd_sc_hd__or3b_4)
                                         _194_ (net)
                  0.09    0.00    3.39 v _302_/A1 (sky130_fd_sc_hd__a21bo_4)
     3    0.03    0.06    0.27    3.67 v _302_/X (sky130_fd_sc_hd__a21bo_4)
                                         _231_ (net)
                  0.06    0.00    3.67 v _326_/A2 (sky130_fd_sc_hd__a21o_4)
     3    0.04    0.08    0.28    3.95 v _326_/X (sky130_fd_sc_hd__a21o_4)
                                         _012_ (net)
                  0.08    0.01    3.95 v _341_/A2 (sky130_fd_sc_hd__a21o_4)
     3    0.03    0.06    0.27    4.23 v _341_/X (sky130_fd_sc_hd__a21o_4)
                                         _026_ (net)
                  0.06    0.00    4.23 v _400_/A1 (sky130_fd_sc_hd__a21oi_4)
     2    0.02    0.21    0.22    4.45 ^ _400_/Y (sky130_fd_sc_hd__a21oi_4)
                                         _084_ (net)
                  0.21    0.00    4.45 ^ rebuffer15/A (sky130_fd_sc_hd__buf_6)
     2    0.02    0.05    0.16    4.61 ^ rebuffer15/X (sky130_fd_sc_hd__buf_6)
                                         net46 (net)
                  0.05    0.00    4.61 ^ _443_/A1 (sky130_fd_sc_hd__o21ai_4)
     2    0.02    0.10    0.09    4.69 v _443_/Y (sky130_fd_sc_hd__o21ai_4)
                                         _126_ (net)
                  0.10    0.00    4.69 v rebuffer28/A (sky130_fd_sc_hd__clkbuf_2)
     1    0.02    0.06    0.17    4.86 v rebuffer28/X (sky130_fd_sc_hd__clkbuf_2)
                                         net59 (net)
                  0.06    0.00    4.86 v _449_/A2 (sky130_fd_sc_hd__a31o_1)
     1    0.01    0.07    0.26    5.12 v _449_/X (sky130_fd_sc_hd__a31o_1)
                                         _132_ (net)
                  0.07    0.00    5.12 v _450_/B1 (sky130_fd_sc_hd__a21o_1)
     1    0.00    0.04    0.17    5.29 v _450_/X (sky130_fd_sc_hd__a21o_1)
                                         net26 (net)
                  0.04    0.00    5.29 v output26/A (sky130_fd_sc_hd__buf_4)
     1    0.04    0.06    0.18    5.47 v output26/X (sky130_fd_sc_hd__buf_4)
                                         z[6] (net)
                  0.06    0.00    5.47 v z[6] (out)
                                  5.47   data arrival time

                  0.00   10.00   10.00   clock __VIRTUAL_CLK__ (rise edge)
                          0.00   10.00   clock network delay (ideal)
                         -0.25    9.75   clock uncertainty
                          0.00    9.75   clock reconvergence pessimism
                         -2.00    7.75   output external delay
                                  7.75   data required time
-----------------------------------------------------------------------------
                                  7.75   data required time
                                 -5.47   data arrival time
-----------------------------------------------------------------------------
                                  2.28   slack (MET)


Startpoint: c[0] (input port clocked by __VIRTUAL_CLK__)
Endpoint: z[5] (output port clocked by __VIRTUAL_CLK__)
Path Group: __VIRTUAL_CLK__
Path Type: max

Fanout     Cap    Slew   Delay    Time   Description
-----------------------------------------------------------------------------
                  0.00    0.00    0.00   clock __VIRTUAL_CLK__ (rise edge)
                          0.00    0.00   clock network delay (ideal)
                          2.00    2.00 v input external delay
     1    0.00    0.01    0.01    2.01 v c[0] (in)
                                         c[0] (net)
                  0.01    0.00    2.01 v input17/A (sky130_fd_sc_hd__clkbuf_8)
     5    0.06    0.08    0.17    2.18 v input17/X (sky130_fd_sc_hd__clkbuf_8)
                                         net17 (net)
                  0.08    0.01    2.19 v _259_/B (sky130_fd_sc_hd__or3b_4)
     1    0.01    0.07    0.40    2.59 v _259_/X (sky130_fd_sc_hd__or3b_4)
                                         _189_ (net)
                  0.07    0.00    2.59 v _260_/A (sky130_fd_sc_hd__buf_8)
     8    0.03    0.04    0.15    2.74 v _260_/X (sky130_fd_sc_hd__buf_8)
                                         _190_ (net)
                  0.04    0.00    2.74 v _261_/C (sky130_fd_sc_hd__and3_4)
     2    0.03    0.06    0.22    2.96 v _261_/X (sky130_fd_sc_hd__and3_4)
                                         _191_ (net)
                  0.06    0.00    2.96 v _264_/B (sky130_fd_sc_hd__or3b_4)
     4    0.02    0.09    0.43    3.39 v _264_/X (sky130_fd_sc_hd__or3b_4)
                                         _194_ (net)
                  0.09    0.00    3.39 v _302_/A1 (sky130_fd_sc_hd__a21bo_4)
     3    0.03    0.06    0.27    3.67 v _302_/X (sky130_fd_sc_hd__a21bo_4)
                                         _231_ (net)
                  0.06    0.00    3.67 v _326_/A2 (sky130_fd_sc_hd__a21o_4)
     3    0.04    0.08    0.28    3.95 v _326_/X (sky130_fd_sc_hd__a21o_4)
                                         _012_ (net)
                  0.08    0.01    3.95 v _341_/A2 (sky130_fd_sc_hd__a21o_4)
     3    0.03    0.06    0.27    4.23 v _341_/X (sky130_fd_sc_hd__a21o_4)
                                         _026_ (net)
                  0.06    0.00    4.23 v _400_/A1 (sky130_fd_sc_hd__a21oi_4)
     2    0.02    0.21    0.22    4.45 ^ _400_/Y (sky130_fd_sc_hd__a21oi_4)
                                         _084_ (net)
                  0.21    0.00    4.45 ^ rebuffer15/A (sky130_fd_sc_hd__buf_6)
     2    0.02    0.05    0.16    4.61 ^ rebuffer15/X (sky130_fd_sc_hd__buf_6)
                                         net46 (net)
                  0.05    0.00    4.61 ^ _402_/A (sky130_fd_sc_hd__nor2_4)
     1    0.02    0.04    0.05    4.66 v _402_/Y (sky130_fd_sc_hd__nor2_4)
                                         _086_ (net)
                  0.04    0.00    4.67 v _407_/A2 (sky130_fd_sc_hd__a211o_2)
     1    0.02    0.09    0.40    5.07 v _407_/X (sky130_fd_sc_hd__a211o_2)
                                         _091_ (net)
                  0.09    0.00    5.07 v _408_/B1 (sky130_fd_sc_hd__a21o_4)
     1    0.00    0.03    0.20    5.27 v _408_/X (sky130_fd_sc_hd__a21o_4)
                                         net25 (net)
                  0.03    0.00    5.27 v output25/A (sky130_fd_sc_hd__clkbuf_4)
     1    0.03    0.08    0.18    5.45 v output25/X (sky130_fd_sc_hd__clkbuf_4)
                                         z[5] (net)
                  0.08    0.00    5.45 v z[5] (out)
                                  5.45   data arrival time

                  0.00   10.00   10.00   clock __VIRTUAL_CLK__ (rise edge)
                          0.00   10.00   clock network delay (ideal)
                         -0.25    9.75   clock uncertainty
                          0.00    9.75   clock reconvergence pessimism
                         -2.00    7.75   output external delay
                                  7.75   data required time
-----------------------------------------------------------------------------
                                  7.75   data required time
                                 -5.45   data arrival time
-----------------------------------------------------------------------------
                                  2.30   slack (MET)


Startpoint: b[1] (input port clocked by __VIRTUAL_CLK__)
Endpoint: z[4] (output port clocked by __VIRTUAL_CLK__)
Path Group: __VIRTUAL_CLK__
Path Type: max

Fanout     Cap    Slew   Delay    Time   Description
-----------------------------------------------------------------------------
                  0.00    0.00    0.00   clock __VIRTUAL_CLK__ (rise edge)
                          0.00    0.00   clock network delay (ideal)
                          2.00    2.00 v input external delay
     1    0.01    0.02    0.02    2.02 v b[1] (in)
                                         b[1] (net)
                  0.02    0.00    2.02 v input10/A (sky130_fd_sc_hd__buf_8)
     2    0.03    0.04    0.13    2.14 v input10/X (sky130_fd_sc_hd__buf_8)
                                         net10 (net)
                  0.04    0.00    2.15 v fanout1/A (sky130_fd_sc_hd__buf_12)
    10    0.04    0.04    0.14    2.29 v fanout1/X (sky130_fd_sc_hd__buf_12)
                                         net83 (net)
                  0.04    0.00    2.29 v _258_/A (sky130_fd_sc_hd__buf_12)
     5    0.03    0.03    0.13    2.42 v _258_/X (sky130_fd_sc_hd__buf_12)
                                         _188_ (net)
                  0.03    0.00    2.42 v _309_/A1 (sky130_fd_sc_hd__a22oi_4)
     2    0.01    0.18    0.20    2.62 ^ _309_/Y (sky130_fd_sc_hd__a22oi_4)
                                         _237_ (net)
                  0.18    0.00    2.62 ^ _310_/A (sky130_fd_sc_hd__nor2_4)
     1    0.03    0.07    0.10    2.72 v _310_/Y (sky130_fd_sc_hd__nor2_4)
                                         _238_ (net)
                  0.07    0.00    2.73 v _311_/A (sky130_fd_sc_hd__xnor2_4)
     2    0.04    0.32    0.33    3.06 ^ _311_/Y (sky130_fd_sc_hd__xnor2_4)
                                         _239_ (net)
                  0.32    0.00    3.06 ^ _313_/A (sky130_fd_sc_hd__xnor2_4)
     2    0.00    0.07    0.11    3.17 v _313_/Y (sky130_fd_sc_hd__xnor2_4)
                                         _241_ (net)
                  0.07    0.00    3.17 v _314_/A (sky130_fd_sc_hd__and3_4)
     2    0.01    0.04    0.18    3.35 v _314_/X (sky130_fd_sc_hd__and3_4)
                                         _000_ (net)
                  0.04    0.00    3.35 v rebuffer7/A (sky130_fd_sc_hd__buf_8)
     2    0.02    0.03    0.13    3.48 v rebuffer7/X (sky130_fd_sc_hd__buf_8)
                                         net38 (net)
                  0.03    0.00    3.48 v rebuffer1/A (sky130_fd_sc_hd__dlymetal6s2s_1)
     1    0.02    0.12    0.21    3.69 v rebuffer1/X (sky130_fd_sc_hd__dlymetal6s2s_1)
                                         net32 (net)
                  0.12    0.00    3.69 v _357_/A2 (sky130_fd_sc_hd__o21a_4)
     2    0.05    0.09    0.29    3.99 v _357_/X (sky130_fd_sc_hd__o21a_4)
                                         _042_ (net)
                  0.09    0.01    4.00 v _359_/A (sky130_fd_sc_hd__nor2_4)
     2    0.04    0.24    0.26    4.26 ^ _359_/Y (sky130_fd_sc_hd__nor2_4)
                                         _044_ (net)
                  0.24    0.01    4.26 ^ _360_/B (sky130_fd_sc_hd__xnor2_1)
     1    0.01    0.10    0.16    4.42 v _360_/Y (sky130_fd_sc_hd__xnor2_1)
                                         _045_ (net)
                  0.10    0.00    4.42 v _365_/A2 (sky130_fd_sc_hd__a211o_2)
     1    0.02    0.09    0.43    4.86 v _365_/X (sky130_fd_sc_hd__a211o_2)
                                         _050_ (net)
                  0.10    0.00    4.86 v _366_/B1 (sky130_fd_sc_hd__a31o_2)
     1    0.03    0.09    0.31    5.17 v _366_/X (sky130_fd_sc_hd__a31o_2)
                                         net24 (net)
                  0.09    0.00    5.17 v output24/A (sky130_fd_sc_hd__buf_2)
     1    0.04    0.09    0.22    5.39 v output24/X (sky130_fd_sc_hd__buf_2)
                                         z[4] (net)
                  0.09    0.00    5.39 v z[4] (out)
                                  5.39   data arrival time

                  0.00   10.00   10.00   clock __VIRTUAL_CLK__ (rise edge)
                          0.00   10.00   clock network delay (ideal)
                         -0.25    9.75   clock uncertainty
                          0.00    9.75   clock reconvergence pessimism
                         -2.00    7.75   output external delay
                                  7.75   data required time
-----------------------------------------------------------------------------
                                  7.75   data required time
                                 -5.39   data arrival time
-----------------------------------------------------------------------------
                                  2.36   slack (MET)


Startpoint: c[0] (input port clocked by __VIRTUAL_CLK__)
Endpoint: z[3] (output port clocked by __VIRTUAL_CLK__)
Path Group: __VIRTUAL_CLK__
Path Type: max

Fanout     Cap    Slew   Delay    Time   Description
-----------------------------------------------------------------------------
                  0.00    0.00    0.00   clock __VIRTUAL_CLK__ (rise edge)
                          0.00    0.00   clock network delay (ideal)
                          2.00    2.00 v input external delay
     1    0.00    0.01    0.01    2.01 v c[0] (in)
                                         c[0] (net)
                  0.01    0.00    2.01 v input17/A (sky130_fd_sc_hd__clkbuf_8)
     5    0.06    0.08    0.17    2.18 v input17/X (sky130_fd_sc_hd__clkbuf_8)
                                         net17 (net)
                  0.08    0.01    2.19 v _259_/B (sky130_fd_sc_hd__or3b_4)
     1    0.01    0.07    0.40    2.59 v _259_/X (sky130_fd_sc_hd__or3b_4)
                                         _189_ (net)
                  0.07    0.00    2.59 v _260_/A (sky130_fd_sc_hd__buf_8)
     8    0.03    0.04    0.15    2.74 v _260_/X (sky130_fd_sc_hd__buf_8)
                                         _190_ (net)
                  0.04    0.00    2.74 v _261_/C (sky130_fd_sc_hd__and3_4)
     2    0.03    0.06    0.22    2.96 v _261_/X (sky130_fd_sc_hd__and3_4)
                                         _191_ (net)
                  0.06    0.00    2.96 v _264_/B (sky130_fd_sc_hd__or3b_4)
     4    0.02    0.09    0.43    3.39 v _264_/X (sky130_fd_sc_hd__or3b_4)
                                         _194_ (net)
                  0.09    0.00    3.39 v _302_/A1 (sky130_fd_sc_hd__a21bo_4)
     3    0.03    0.06    0.27    3.67 v _302_/X (sky130_fd_sc_hd__a21bo_4)
                                         _231_ (net)
                  0.06    0.00    3.67 v _326_/A2 (sky130_fd_sc_hd__a21o_4)
     3    0.04    0.08    0.28    3.95 v _326_/X (sky130_fd_sc_hd__a21o_4)
                                         _012_ (net)
                  0.08    0.01    3.95 v _332_/A3 (sky130_fd_sc_hd__a31o_2)
     1    0.03    0.10    0.34    4.30 v _332_/X (sky130_fd_sc_hd__a31o_2)
                                         _018_ (net)
                  0.10    0.01    4.30 v _333_/B1 (sky130_fd_sc_hd__a31o_2)
     1    0.03    0.10    0.32    4.62 v _333_/X (sky130_fd_sc_hd__a31o_2)
                                         net23 (net)
                  0.10    0.01    4.63 v output23/A (sky130_fd_sc_hd__buf_2)
     1    0.04    0.09    0.22    4.85 v output23/X (sky130_fd_sc_hd__buf_2)
                                         z[3] (net)
                  0.09    0.00    4.85 v z[3] (out)
                                  4.85   data arrival time

                  0.00   10.00   10.00   clock __VIRTUAL_CLK__ (rise edge)
                          0.00   10.00   clock network delay (ideal)
                         -0.25    9.75   clock uncertainty
                          0.00    9.75   clock reconvergence pessimism
                         -2.00    7.75   output external delay
                                  7.75   data required time
-----------------------------------------------------------------------------
                                  7.75   data required time
                                 -4.85   data arrival time
-----------------------------------------------------------------------------
                                  2.90   slack (MET)


Startpoint: b[0] (input port clocked by __VIRTUAL_CLK__)
Endpoint: z[0] (output port clocked by __VIRTUAL_CLK__)
Path Group: __VIRTUAL_CLK__
Path Type: max

Fanout     Cap    Slew   Delay    Time   Description
-----------------------------------------------------------------------------
                  0.00    0.00    0.00   clock __VIRTUAL_CLK__ (rise edge)
                          0.00    0.00   clock network delay (ideal)
                          2.00    2.00 ^ input external delay
     1    0.01    0.05    0.04    2.04 ^ b[0] (in)
                                         b[0] (net)
                  0.05    0.00    2.04 ^ input9/A (sky130_fd_sc_hd__buf_12)
     3    0.03    0.04    0.11    2.15 ^ input9/X (sky130_fd_sc_hd__buf_12)
                                         net9 (net)
                  0.04    0.00    2.15 ^ _243_/A (sky130_fd_sc_hd__buf_12)
     5    0.06    0.08    0.13    2.28 ^ _243_/X (sky130_fd_sc_hd__buf_12)
                                         _174_ (net)
                  0.08    0.00    2.28 ^ _244_/A (sky130_fd_sc_hd__buf_12)
     4    0.02    0.04    0.11    2.39 ^ _244_/X (sky130_fd_sc_hd__buf_12)
                                         _175_ (net)
                  0.04    0.00    2.39 ^ rebuffer20/A (sky130_fd_sc_hd__clkdlybuf4s15_2)
     7    0.02    0.14    0.27    2.66 ^ rebuffer20/X (sky130_fd_sc_hd__clkdlybuf4s15_2)
                                         net51 (net)
                  0.14    0.00    2.66 ^ rebuffer22/A (sky130_fd_sc_hd__dlygate4sd1_1)
     1    0.01    0.10    0.27    2.93 ^ rebuffer22/X (sky130_fd_sc_hd__dlygate4sd1_1)
                                         net53 (net)
                  0.10    0.00    2.93 ^ _246_/B (sky130_fd_sc_hd__nand2_4)
     4    0.04    0.10    0.12    3.05 v _246_/Y (sky130_fd_sc_hd__nand2_4)
                                         _177_ (net)
                  0.10    0.01    3.06 v _247_/B1 (sky130_fd_sc_hd__a21o_1)
     1    0.00    0.03    0.17    3.23 v _247_/X (sky130_fd_sc_hd__a21o_1)
                                         _178_ (net)
                  0.03    0.00    3.23 v _250_/B1 (sky130_fd_sc_hd__o2111a_1)
     1    0.02    0.10    0.20    3.43 v _250_/X (sky130_fd_sc_hd__o2111a_1)
                                         _181_ (net)
                  0.10    0.00    3.43 v _256_/A (sky130_fd_sc_hd__or3_2)
     1    0.02    0.13    0.60    4.03 v _256_/X (sky130_fd_sc_hd__or3_2)
                                         _187_ (net)
                  0.13    0.00    4.03 v _257_/A (sky130_fd_sc_hd__buf_2)
     1    0.03    0.09    0.23    4.26 v _257_/X (sky130_fd_sc_hd__buf_2)
                                         net20 (net)
                  0.09    0.01    4.26 v output20/A (sky130_fd_sc_hd__buf_2)
     1    0.04    0.09    0.22    4.48 v output20/X (sky130_fd_sc_hd__buf_2)
                                         z[0] (net)
                  0.09    0.00    4.48 v z[0] (out)
                                  4.48   data arrival time

                  0.00   10.00   10.00   clock __VIRTUAL_CLK__ (rise edge)
                          0.00   10.00   clock network delay (ideal)
                         -0.25    9.75   clock uncertainty
                          0.00    9.75   clock reconvergence pessimism
                         -2.00    7.75   output external delay
                                  7.75   data required time
-----------------------------------------------------------------------------
                                  7.75   data required time
                                 -4.48   data arrival time
-----------------------------------------------------------------------------
                                  3.27   slack (MET)


Startpoint: b[1] (input port clocked by __VIRTUAL_CLK__)
Endpoint: z[2] (output port clocked by __VIRTUAL_CLK__)
Path Group: __VIRTUAL_CLK__
Path Type: max

Fanout     Cap    Slew   Delay    Time   Description
-----------------------------------------------------------------------------
                  0.00    0.00    0.00   clock __VIRTUAL_CLK__ (rise edge)
                          0.00    0.00   clock network delay (ideal)
                          2.00    2.00 v input external delay
     1    0.01    0.02    0.02    2.02 v b[1] (in)
                                         b[1] (net)
                  0.02    0.00    2.02 v input10/A (sky130_fd_sc_hd__buf_8)
     2    0.03    0.04    0.13    2.14 v input10/X (sky130_fd_sc_hd__buf_8)
                                         net10 (net)
                  0.04    0.00    2.15 v fanout1/A (sky130_fd_sc_hd__buf_12)
    10    0.04    0.04    0.14    2.29 v fanout1/X (sky130_fd_sc_hd__buf_12)
                                         net83 (net)
                  0.04    0.00    2.29 v _285_/A2 (sky130_fd_sc_hd__a22o_1)
     1    0.01    0.09    0.29    2.58 v _285_/X (sky130_fd_sc_hd__a22o_1)
                                         _214_ (net)
                  0.09    0.00    2.58 v _286_/B (sky130_fd_sc_hd__and4b_4)
     2    0.02    0.06    0.23    2.81 v _286_/X (sky130_fd_sc_hd__and4b_4)
                                         _215_ (net)
                  0.06    0.00    2.81 v rebuffer40/A (sky130_fd_sc_hd__clkbuf_1)
     1    0.00    0.03    0.10    2.91 v rebuffer40/X (sky130_fd_sc_hd__clkbuf_1)
                                         net71 (net)
                  0.03    0.00    2.91 v rebuffer36/A (sky130_fd_sc_hd__clkbuf_1)
     1    0.00    0.03    0.09    3.00 v rebuffer36/X (sky130_fd_sc_hd__clkbuf_1)
                                         net67 (net)
                  0.03    0.00    3.00 v rebuffer35/A (sky130_fd_sc_hd__clkbuf_1)
     1    0.00    0.03    0.08    3.08 v rebuffer35/X (sky130_fd_sc_hd__clkbuf_1)
                                         net66 (net)
                  0.03    0.00    3.08 v rebuffer34/A (sky130_fd_sc_hd__clkbuf_1)
     1    0.00    0.03    0.08    3.17 v rebuffer34/X (sky130_fd_sc_hd__clkbuf_1)
                                         net65 (net)
                  0.03    0.00    3.17 v rebuffer31/A (sky130_fd_sc_hd__dlygate4sd1_1)
     1    0.01    0.07    0.27    3.44 v rebuffer31/X (sky130_fd_sc_hd__dlygate4sd1_1)
                                         net62 (net)
                  0.07    0.00    3.44 v _289_/A (sky130_fd_sc_hd__nor2_4)
     2    0.00    0.07    0.11    3.55 ^ _289_/Y (sky130_fd_sc_hd__nor2_4)
                                         _218_ (net)
                  0.07    0.00    3.55 ^ _291_/A (sky130_fd_sc_hd__and2_4)
     4    0.03    0.11    0.20    3.75 ^ _291_/X (sky130_fd_sc_hd__and2_4)
                                         _220_ (net)
                  0.11    0.00    3.75 ^ _292_/B (sky130_fd_sc_hd__nor2_2)
     1    0.00    0.03    0.04    3.79 v _292_/Y (sky130_fd_sc_hd__nor2_2)
                                         _221_ (net)
                  0.03    0.00    3.79 v _304_/A2 (sky130_fd_sc_hd__a211o_2)
     1    0.00    0.05    0.33    4.12 v _304_/X (sky130_fd_sc_hd__a211o_2)
                                         net22 (net)
                  0.05    0.00    4.12 v output22/A (sky130_fd_sc_hd__buf_2)
     1    0.04    0.09    0.19    4.31 v output22/X (sky130_fd_sc_hd__buf_2)
                                         z[2] (net)
                  0.09    0.00    4.32 v z[2] (out)
                                  4.32   data arrival time

                  0.00   10.00   10.00   clock __VIRTUAL_CLK__ (rise edge)
                          0.00   10.00   clock network delay (ideal)
                         -0.25    9.75   clock uncertainty
                          0.00    9.75   clock reconvergence pessimism
                         -2.00    7.75   output external delay
                                  7.75   data required time
-----------------------------------------------------------------------------
                                  7.75   data required time
                                 -4.32   data arrival time
-----------------------------------------------------------------------------
                                  3.43   slack (MET)


Startpoint: c[0] (input port clocked by __VIRTUAL_CLK__)
Endpoint: z[1] (output port clocked by __VIRTUAL_CLK__)
Path Group: __VIRTUAL_CLK__
Path Type: max

Fanout     Cap    Slew   Delay    Time   Description
-----------------------------------------------------------------------------
                  0.00    0.00    0.00   clock __VIRTUAL_CLK__ (rise edge)
                          0.00    0.00   clock network delay (ideal)
                          2.00    2.00 v input external delay
     1    0.00    0.01    0.01    2.01 v c[0] (in)
                                         c[0] (net)
                  0.01    0.00    2.01 v input17/A (sky130_fd_sc_hd__clkbuf_8)
     5    0.06    0.08    0.17    2.18 v input17/X (sky130_fd_sc_hd__clkbuf_8)
                                         net17 (net)
                  0.08    0.01    2.19 v _259_/B (sky130_fd_sc_hd__or3b_4)
     1    0.01    0.07    0.40    2.59 v _259_/X (sky130_fd_sc_hd__or3b_4)
                                         _189_ (net)
                  0.07    0.00    2.59 v _260_/A (sky130_fd_sc_hd__buf_8)
     8    0.03    0.04    0.15    2.74 v _260_/X (sky130_fd_sc_hd__buf_8)
                                         _190_ (net)
                  0.04    0.00    2.74 v _261_/C (sky130_fd_sc_hd__and3_4)
     2    0.03    0.06    0.22    2.96 v _261_/X (sky130_fd_sc_hd__and3_4)
                                         _191_ (net)
                  0.06    0.00    2.96 v _264_/B (sky130_fd_sc_hd__or3b_4)
     4    0.02    0.09    0.43    3.39 v _264_/X (sky130_fd_sc_hd__or3b_4)
                                         _194_ (net)
                  0.09    0.00    3.39 v _269_/A1 (sky130_fd_sc_hd__a21bo_1)
     1    0.00    0.03    0.19    3.58 v _269_/X (sky130_fd_sc_hd__a21bo_1)
                                         _199_ (net)
                  0.03    0.00    3.58 v _281_/A3 (sky130_fd_sc_hd__a31o_1)
     1    0.01    0.09    0.27    3.85 v _281_/X (sky130_fd_sc_hd__a31o_1)
                                         net21 (net)
                  0.09    0.00    3.85 v output21/A (sky130_fd_sc_hd__buf_2)
     1    0.03    0.09    0.21    4.06 v output21/X (sky130_fd_sc_hd__buf_2)
                                         z[1] (net)
                  0.09    0.00    4.06 v z[1] (out)
                                  4.06   data arrival time

                  0.00   10.00   10.00   clock __VIRTUAL_CLK__ (rise edge)
                          0.00   10.00   clock network delay (ideal)
                         -0.25    9.75   clock uncertainty
                          0.00    9.75   clock reconvergence pessimism
                         -2.00    7.75   output external delay
                                  7.75   data required time
-----------------------------------------------------------------------------
                                  7.75   data required time
                                 -4.06   data arrival time
-----------------------------------------------------------------------------
                                  3.69   slack (MET)



worst slack corner Typical: 2.1084
max_report_end
checks_report

===========================================================================
report_checks -unconstrained
===========================================================================
======================= Typical Corner ===================================

Startpoint: b[1] (input port clocked by __VIRTUAL_CLK__)
Endpoint: z[7] (output port clocked by __VIRTUAL_CLK__)
Path Group: __VIRTUAL_CLK__
Path Type: max

Fanout     Cap    Slew   Delay    Time   Description
-----------------------------------------------------------------------------
                  0.00    0.00    0.00   clock __VIRTUAL_CLK__ (rise edge)
                          0.00    0.00   clock network delay (ideal)
                          2.00    2.00 v input external delay
     1    0.01    0.02    0.02    2.02 v b[1] (in)
                                         b[1] (net)
                  0.02    0.00    2.02 v input10/A (sky130_fd_sc_hd__buf_8)
     2    0.03    0.04    0.13    2.14 v input10/X (sky130_fd_sc_hd__buf_8)
                                         net10 (net)
                  0.04    0.00    2.15 v fanout1/A (sky130_fd_sc_hd__buf_12)
    10    0.04    0.04    0.14    2.29 v fanout1/X (sky130_fd_sc_hd__buf_12)
                                         net83 (net)
                  0.04    0.00    2.29 v _258_/A (sky130_fd_sc_hd__buf_12)
     5    0.03    0.03    0.13    2.42 v _258_/X (sky130_fd_sc_hd__buf_12)
                                         _188_ (net)
                  0.03    0.00    2.42 v _417_/A1 (sky130_fd_sc_hd__a22o_4)
     2    0.03    0.07    0.29    2.71 v _417_/X (sky130_fd_sc_hd__a22o_4)
                                         _100_ (net)
                  0.07    0.00    2.72 v _418_/B1 (sky130_fd_sc_hd__a22o_4)
     2    0.02    0.06    0.26    2.98 v _418_/X (sky130_fd_sc_hd__a22o_4)
                                         _101_ (net)
                  0.06    0.00    2.98 v _422_/A2 (sky130_fd_sc_hd__a21o_4)
     2    0.04    0.08    0.28    3.26 v _422_/X (sky130_fd_sc_hd__a21o_4)
                                         _105_ (net)
                  0.08    0.00    3.26 v rebuffer44/A (sky130_fd_sc_hd__buf_6)
     1    0.01    0.03    0.14    3.40 v rebuffer44/X (sky130_fd_sc_hd__buf_6)
                                         net75 (net)
                  0.03    0.00    3.40 v _427_/C (sky130_fd_sc_hd__nand3_4)
     3    0.03    0.13    0.13    3.53 ^ _427_/Y (sky130_fd_sc_hd__nand3_4)
                                         _110_ (net)
                  0.13    0.00    3.54 ^ rebuffer10/A (sky130_fd_sc_hd__dlymetal6s2s_1)
     1    0.02    0.22    0.26    3.79 ^ rebuffer10/X (sky130_fd_sc_hd__dlymetal6s2s_1)
                                         net41 (net)
                  0.22    0.00    3.79 ^ _478_/B (sky130_fd_sc_hd__nand2_4)
     1    0.02    0.08    0.10    3.89 v _478_/Y (sky130_fd_sc_hd__nand2_4)
                                         _160_ (net)
                  0.08    0.00    3.89 v _479_/A (sky130_fd_sc_hd__xor2_4)
     1    0.04    0.31    0.34    4.23 ^ _479_/X (sky130_fd_sc_hd__xor2_4)
                                         _161_ (net)
                  0.31    0.01    4.24 ^ _480_/A (sky130_fd_sc_hd__xnor2_4)
     1    0.03    0.11    0.17    4.40 v _480_/Y (sky130_fd_sc_hd__xnor2_4)
                                         _162_ (net)
                  0.11    0.00    4.41 v _481_/A (sky130_fd_sc_hd__xnor2_4)
     1    0.03    0.27    0.31    4.72 ^ _481_/Y (sky130_fd_sc_hd__xnor2_4)
                                         _163_ (net)
                  0.27    0.00    4.72 ^ _483_/B (sky130_fd_sc_hd__xnor2_4)
     2    0.01    0.06    0.10    4.83 v _483_/Y (sky130_fd_sc_hd__xnor2_4)
                                         _165_ (net)
                  0.06    0.00    4.83 v _485_/A1 (sky130_fd_sc_hd__o21a_4)
     1    0.01    0.04    0.24    5.07 v _485_/X (sky130_fd_sc_hd__o21a_4)
                                         _167_ (net)
                  0.04    0.00    5.07 v _490_/A1 (sky130_fd_sc_hd__a21o_4)
     1    0.03    0.06    0.24    5.31 v _490_/X (sky130_fd_sc_hd__a21o_4)
                                         _172_ (net)
                  0.06    0.00    5.31 v _491_/B1 (sky130_fd_sc_hd__a21o_4)
     1    0.00    0.03    0.19    5.50 v _491_/X (sky130_fd_sc_hd__a21o_4)
                                         net27 (net)
                  0.03    0.00    5.50 v output27/A (sky130_fd_sc_hd__buf_6)
     1    0.04    0.05    0.14    5.64 v output27/X (sky130_fd_sc_hd__buf_6)
                                         z[7] (net)
                  0.05    0.00    5.64 v z[7] (out)
                                  5.64   data arrival time

                  0.00   10.00   10.00   clock __VIRTUAL_CLK__ (rise edge)
                          0.00   10.00   clock network delay (ideal)
                         -0.25    9.75   clock uncertainty
                          0.00    9.75   clock reconvergence pessimism
                         -2.00    7.75   output external delay
                                  7.75   data required time
-----------------------------------------------------------------------------
                                  7.75   data required time
                                 -5.64   data arrival time
-----------------------------------------------------------------------------
                                  2.11   slack (MET)




===========================================================================
report_checks --slack_max -0.01
============================================================================
======================= Typical Corner ===================================

No paths found.


===========================================================================
 report_check_types -max_slew -max_cap -max_fanout -violators
============================================================================
======================= Typical Corner ===================================


max slew violations count Typical: 0
max fanout violations count Typical: 0
max cap violations count Typical: 0

===========================================================================
report_parasitic_annotation -report_unannotated
============================================================================
Found 3 unannotated drivers.
 rebuffer11/X
 rebuffer26/X
 rebuffer42/X
Found 195 partially unannotated drivers.
 a[0]
 a[2]
 a[4]
 a[6]
 _242_/X
 _244_/X
 _245_/Y
 _247_/X
 _248_/Y
 _249_/X
 _251_/Y
 _252_/X
 _255_/Y
 _258_/X
 _259_/X
 _260_/X
 _262_/Y
 _263_/X
 _264_/X
 _265_/Y
 _266_/Y
 _268_/X
 _269_/X
 _270_/X
 _271_/X
 _273_/X
 _274_/Y
 _277_/X
 _278_/X
 _283_/X
 _284_/X
 _286_/X
 _287_/Y
 _288_/X
 _289_/Y
 _290_/Y
 _291_/X
 _292_/Y
 _293_/X
 _296_/Y
 _297_/X
 _299_/Y
 _300_/Y
 _301_/Y
 _303_/X
 _304_/X
 _305_/X
 _307_/X
 _308_/X
 _309_/Y
 _311_/Y
 _312_/Y
 _313_/Y
 _315_/Y
 _316_/Y
 _317_/X
 _318_/Y
 _320_/X
 _322_/Y
 _325_/Y
 _327_/Y
 _330_/Y
 _335_/X
 _336_/X
 _337_/X
 _338_/Y
 _340_/Y
 _341_/X
 _343_/X
 _344_/Y
 _345_/Y
 _346_/X
 _347_/X
 _348_/X
 _350_/X
 _351_/Y
 _352_/Y
 _353_/X
 _354_/Y
 _356_/Y
 _358_/Y
 _362_/X
 _363_/Y
 _364_/X
 _368_/X
 _374_/X
 _375_/Y
 _376_/Y
 _377_/X
 _378_/X
 _381_/Y
 _386_/X
 _389_/Y
 _390_/Y
 _391_/X
 _393_/X
 _394_/X
 _395_/X
 _396_/Y
 _397_/X
 _399_/X
 _401_/X
 _403_/Y
 _408_/X
 _410_/X
 _412_/X
 _414_/Y
 _415_/Y
 _416_/Y
 _419_/Y
 _420_/X
 _421_/Y
 _423_/Y
 _425_/Y
 _426_/X
 _429_/Y
 _430_/X
 _431_/Y
 _432_/X
 _435_/X
 _437_/X
 _438_/Y
 _439_/X
 _444_/X
 _445_/Y
 _447_/Y
 _450_/X
 _454_/X
 _455_/Y
 _456_/Y
 _457_/X
 _458_/X
 _459_/Y
 _460_/X
 _461_/Y
 _462_/Y
 _463_/X
 _464_/Y
 _465_/X
 _466_/Y
 _467_/X
 _469_/X
 _470_/Y
 _476_/Y
 _477_/X
 _478_/Y
 _482_/Y
 _483_/Y
 _485_/X
 _491_/X
 clone11/X
 clone26/X
 clone42/X
 clone45/X
 clone46/X
 fanout1/X
 input1/X
 input11/X
 input12/X
 input13/X
 input14/X
 input15/X
 input16/X
 input17/X
 input18/X
 input19/X
 input2/X
 input3/X
 input4/X
 input5/X
 input7/X
 input8/X
 input9/X
 load_slew31/X
 rebuffer12/X
 rebuffer14/X
 rebuffer15/X
 rebuffer19/X
 rebuffer2/X
 rebuffer20/X
 rebuffer21/X
 rebuffer22/X
 rebuffer27/X
 rebuffer3/X
 rebuffer30/X
 rebuffer37/X
 rebuffer38/X
 rebuffer39/X
 rebuffer4/X
 rebuffer47/X
 rebuffer48/X
 rebuffer5/X
 rebuffer50/X
 rebuffer9/X
 wire30/X

===========================================================================
max slew violation count 0
max fanout violation count 0
max cap violation count 0
============================================================================

===========================================================================
check_setup -verbose -unconstrained_endpoints -multiple_clock -no_clock -no_input_delay -loops -generated_clocks
===========================================================================
checks_report_end
power_report

===========================================================================
 report_power
============================================================================
======================= Typical Corner ===================================

Group                  Internal  Switching    Leakage      Total
                          Power      Power      Power      Power (Watts)
----------------------------------------------------------------
Sequential             0.00e+00   0.00e+00   0.00e+00   0.00e+00   0.0%
Combinational          1.65e-04   1.99e-04   1.85e-09   3.64e-04 100.0%
Clock                  0.00e+00   0.00e+00   8.04e-10   8.04e-10   0.0%
Macro                  0.00e+00   0.00e+00   0.00e+00   0.00e+00   0.0%
Pad                    0.00e+00   0.00e+00   0.00e+00   0.00e+00   0.0%
----------------------------------------------------------------
Total                  1.65e-04   1.99e-04   2.65e-09   3.64e-04 100.0%
                          45.3%      54.7%       0.0%

power_report_end
summary_report

===========================================================================
report_tns
============================================================================
tns 0.00

===========================================================================
report_wns
============================================================================
wns 0.00

===========================================================================
report_worst_slack -max (Setup)
============================================================================
worst slack 2.11

===========================================================================
report_worst_slack -min (Hold)
============================================================================
worst slack 4.27
summary_report_end
area_report

===========================================================================
report_design_area
============================================================================
Design area 5507 u^2 8% utilization.
area_report_end
check_nonpropagated_clocks
__VIRTUAL_CLK__
check_nonpropagated_clocks_end
[WARNING] Did not save OpenROAD database!
Writing SDF to '/openlane/designs/alu/runs/RUN_2025.05.03_18.54.14/results/signoff/alu.sdf'…
Writing timing model to '/openlane/designs/alu/runs/RUN_2025.05.03_18.54.14/results/signoff/alu.lib'…
