OpenROAD b16bda7e82721d10566ff7e2b68f1ff0be9f9e38 
Features included (+) or not (-): +Charts +GPU +GUI +Python
This program is licensed under the BSD-3 license. See the LICENSE file for details.
Components of this program may be licensed under more restrictive licenses which must be honored.
define_corners Typical
read_liberty -corner Typical /root/.volare/sky130A/libs.ref/sky130_fd_sc_hd/lib/sky130_fd_sc_hd__tt_025C_1v80.lib
Using 1e-12 for capacitance...
Using 1e+03 for resistance...
Using 1e-09 for time...
Using 1e+00 for voltage...
Using 1e-03 for current...
Using 1e-09 for power...
Using 1e-06 for distance...
[INFO]: Reading ODB at '/openlane/designs/alu/runs/RUN_2025.05.03_18.54.14/tmp/routing/18-global.odb'…
Reading design constraints file at '/openlane/scripts/base.sdc'…
[INFO]: Setting output delay to: 2.0
[INFO]: Setting input delay to: 2.0
[WARNING STA-0366] port '__VIRTUAL_CLK__' not found.
[INFO]: Setting load to: 0.033442
[INFO]: Setting clock uncertainty to: 0.25
[INFO]: Setting clock transition to: 0.15
[WARNING STA-0419] transition time can not be specified for virtual clocks.
[INFO]: Setting timing derate to: 5.0 %
[INFO]: Propagating all clocks
[WARNING STA-0450] virtual clock __VIRTUAL_CLK__ can not be propagated.
min_report

===========================================================================
report_checks -path_delay min (Hold)
============================================================================
======================= Typical Corner ===================================

Startpoint: c[2] (input port clocked by __VIRTUAL_CLK__)
Endpoint: z[3] (output port clocked by __VIRTUAL_CLK__)
Path Group: __VIRTUAL_CLK__
Path Type: min

Fanout     Cap    Slew   Delay    Time   Description
-----------------------------------------------------------------------------
                  0.00    0.00    0.00   clock __VIRTUAL_CLK__ (rise edge)
                          0.00    0.00   clock network delay (ideal)
                          2.00    2.00 ^ input external delay
     1    0.01    0.04    0.02    2.02 ^ c[2] (in)
                                         c[2] (net)
                  0.04    0.00    2.02 ^ input19/A (sky130_fd_sc_hd__buf_8)
     8    0.03    0.07    0.11    2.13 ^ input19/X (sky130_fd_sc_hd__buf_8)
                                         net19 (net)
                  0.07    0.00    2.13 ^ _251_/A (sky130_fd_sc_hd__nor2_8)
     8    0.02    0.03    0.05    2.18 v _251_/Y (sky130_fd_sc_hd__nor2_8)
                                         _182_ (net)
                  0.03    0.00    2.18 v _333_/A1 (sky130_fd_sc_hd__a31o_2)
     1    0.00    0.03    0.17    2.35 v _333_/X (sky130_fd_sc_hd__a31o_2)
                                         net23 (net)
                  0.03    0.00    2.35 v output23/A (sky130_fd_sc_hd__buf_2)
     1    0.03    0.09    0.16    2.52 v output23/X (sky130_fd_sc_hd__buf_2)
                                         z[3] (net)
                  0.09    0.00    2.52 v z[3] (out)
                                  2.52   data arrival time

                  0.00    0.00    0.00   clock __VIRTUAL_CLK__ (rise edge)
                          0.00    0.00   clock network delay (ideal)
                          0.25    0.25   clock uncertainty
                          0.00    0.25   clock reconvergence pessimism
                         -2.00   -1.75   output external delay
                                 -1.75   data required time
-----------------------------------------------------------------------------
                                 -1.75   data required time
                                 -2.52   data arrival time
-----------------------------------------------------------------------------
                                  4.27   slack (MET)


Startpoint: c[2] (input port clocked by __VIRTUAL_CLK__)
Endpoint: z[5] (output port clocked by __VIRTUAL_CLK__)
Path Group: __VIRTUAL_CLK__
Path Type: min

Fanout     Cap    Slew   Delay    Time   Description
-----------------------------------------------------------------------------
                  0.00    0.00    0.00   clock __VIRTUAL_CLK__ (rise edge)
                          0.00    0.00   clock network delay (ideal)
                          2.00    2.00 ^ input external delay
     1    0.01    0.04    0.02    2.02 ^ c[2] (in)
                                         c[2] (net)
                  0.04    0.00    2.02 ^ input19/A (sky130_fd_sc_hd__buf_8)
     8    0.03    0.07    0.11    2.13 ^ input19/X (sky130_fd_sc_hd__buf_8)
                                         net19 (net)
                  0.07    0.00    2.13 ^ _251_/A (sky130_fd_sc_hd__nor2_8)
     8    0.02    0.03    0.05    2.18 v _251_/Y (sky130_fd_sc_hd__nor2_8)
                                         _182_ (net)
                  0.03    0.00    2.18 v _408_/A1 (sky130_fd_sc_hd__a21o_4)
     2    0.00    0.03    0.17    2.35 v _408_/X (sky130_fd_sc_hd__a21o_4)
                                         net25 (net)
                  0.03    0.00    2.35 v output25/A (sky130_fd_sc_hd__clkbuf_4)
     1    0.03    0.08    0.17    2.52 v output25/X (sky130_fd_sc_hd__clkbuf_4)
                                         z[5] (net)
                  0.08    0.00    2.52 v z[5] (out)
                                  2.52   data arrival time

                  0.00    0.00    0.00   clock __VIRTUAL_CLK__ (rise edge)
                          0.00    0.00   clock network delay (ideal)
                          0.25    0.25   clock uncertainty
                          0.00    0.25   clock reconvergence pessimism
                         -2.00   -1.75   output external delay
                                 -1.75   data required time
-----------------------------------------------------------------------------
                                 -1.75   data required time
                                 -2.52   data arrival time
-----------------------------------------------------------------------------
                                  4.27   slack (MET)


Startpoint: c[2] (input port clocked by __VIRTUAL_CLK__)
Endpoint: z[6] (output port clocked by __VIRTUAL_CLK__)
Path Group: __VIRTUAL_CLK__
Path Type: min

Fanout     Cap    Slew   Delay    Time   Description
-----------------------------------------------------------------------------
                  0.00    0.00    0.00   clock __VIRTUAL_CLK__ (rise edge)
                          0.00    0.00   clock network delay (ideal)
                          2.00    2.00 ^ input external delay
     1    0.01    0.04    0.02    2.02 ^ c[2] (in)
                                         c[2] (net)
                  0.04    0.00    2.02 ^ input19/A (sky130_fd_sc_hd__buf_8)
     8    0.03    0.07    0.11    2.13 ^ input19/X (sky130_fd_sc_hd__buf_8)
                                         net19 (net)
                  0.07    0.00    2.13 ^ _251_/A (sky130_fd_sc_hd__nor2_8)
     8    0.02    0.03    0.05    2.18 v _251_/Y (sky130_fd_sc_hd__nor2_8)
                                         _182_ (net)
                  0.03    0.00    2.18 v _439_/B1 (sky130_fd_sc_hd__o21a_1)
     1    0.00    0.03    0.08    2.26 v _439_/X (sky130_fd_sc_hd__o21a_1)
                                         _122_ (net)
                  0.03    0.00    2.26 v _450_/A1 (sky130_fd_sc_hd__a21o_1)
     1    0.00    0.03    0.13    2.40 v _450_/X (sky130_fd_sc_hd__a21o_1)
                                         net26 (net)
                  0.03    0.00    2.40 v output26/A (sky130_fd_sc_hd__buf_4)
     1    0.03    0.06    0.15    2.55 v output26/X (sky130_fd_sc_hd__buf_4)
                                         z[6] (net)
                  0.06    0.00    2.55 v z[6] (out)
                                  2.55   data arrival time

                  0.00    0.00    0.00   clock __VIRTUAL_CLK__ (rise edge)
                          0.00    0.00   clock network delay (ideal)
                          0.25    0.25   clock uncertainty
                          0.00    0.25   clock reconvergence pessimism
                         -2.00   -1.75   output external delay
                                 -1.75   data required time
-----------------------------------------------------------------------------
                                 -1.75   data required time
                                 -2.55   data arrival time
-----------------------------------------------------------------------------
                                  4.30   slack (MET)


Startpoint: b[7] (input port clocked by __VIRTUAL_CLK__)
Endpoint: z[7] (output port clocked by __VIRTUAL_CLK__)
Path Group: __VIRTUAL_CLK__
Path Type: min

Fanout     Cap    Slew   Delay    Time   Description
-----------------------------------------------------------------------------
                  0.00    0.00    0.00   clock __VIRTUAL_CLK__ (rise edge)
                          0.00    0.00   clock network delay (ideal)
                          2.00    2.00 ^ input external delay
     1    0.01    0.04    0.02    2.02 ^ b[7] (in)
                                         b[7] (net)
                  0.04    0.00    2.02 ^ input16/A (sky130_fd_sc_hd__buf_8)
     6    0.05    0.09    0.13    2.15 ^ input16/X (sky130_fd_sc_hd__buf_8)
                                         net16 (net)
                  0.09    0.00    2.15 ^ _489_/A2 (sky130_fd_sc_hd__a31o_2)
     1    0.00    0.04    0.15    2.30 ^ _489_/X (sky130_fd_sc_hd__a31o_2)
                                         _171_ (net)
                  0.04    0.00    2.30 ^ _490_/B1 (sky130_fd_sc_hd__a21o_4)
     1    0.00    0.03    0.07    2.38 ^ _490_/X (sky130_fd_sc_hd__a21o_4)
                                         _172_ (net)
                  0.03    0.00    2.38 ^ _491_/B1 (sky130_fd_sc_hd__a21o_4)
     1    0.00    0.03    0.07    2.44 ^ _491_/X (sky130_fd_sc_hd__a21o_4)
                                         net27 (net)
                  0.03    0.00    2.44 ^ output27/A (sky130_fd_sc_hd__buf_6)
     1    0.03    0.08    0.11    2.56 ^ output27/X (sky130_fd_sc_hd__buf_6)
                                         z[7] (net)
                  0.08    0.00    2.56 ^ z[7] (out)
                                  2.56   data arrival time

                  0.00    0.00    0.00   clock __VIRTUAL_CLK__ (rise edge)
                          0.00    0.00   clock network delay (ideal)
                          0.25    0.25   clock uncertainty
                          0.00    0.25   clock reconvergence pessimism
                         -2.00   -1.75   output external delay
                                 -1.75   data required time
-----------------------------------------------------------------------------
                                 -1.75   data required time
                                 -2.56   data arrival time
-----------------------------------------------------------------------------
                                  4.31   slack (MET)


Startpoint: c[2] (input port clocked by __VIRTUAL_CLK__)
Endpoint: z[2] (output port clocked by __VIRTUAL_CLK__)
Path Group: __VIRTUAL_CLK__
Path Type: min

Fanout     Cap    Slew   Delay    Time   Description
-----------------------------------------------------------------------------
                  0.00    0.00    0.00   clock __VIRTUAL_CLK__ (rise edge)
                          0.00    0.00   clock network delay (ideal)
                          2.00    2.00 v input external delay
     1    0.01    0.02    0.01    2.01 v c[2] (in)
                                         c[2] (net)
                  0.02    0.00    2.01 v input19/A (sky130_fd_sc_hd__buf_8)
     8    0.03    0.04    0.11    2.12 v input19/X (sky130_fd_sc_hd__buf_8)
                                         net19 (net)
                  0.04    0.00    2.12 v _251_/A (sky130_fd_sc_hd__nor2_8)
     8    0.02    0.12    0.13    2.25 ^ _251_/Y (sky130_fd_sc_hd__nor2_8)
                                         _182_ (net)
                  0.12    0.00    2.25 ^ _304_/A1 (sky130_fd_sc_hd__a211o_2)
     2    0.00    0.03    0.13    2.38 ^ _304_/X (sky130_fd_sc_hd__a211o_2)
                                         net22 (net)
                  0.03    0.00    2.38 ^ output22/A (sky130_fd_sc_hd__buf_2)
     1    0.03    0.17    0.18    2.56 ^ output22/X (sky130_fd_sc_hd__buf_2)
                                         z[2] (net)
                  0.17    0.00    2.56 ^ z[2] (out)
                                  2.56   data arrival time

                  0.00    0.00    0.00   clock __VIRTUAL_CLK__ (rise edge)
                          0.00    0.00   clock network delay (ideal)
                          0.25    0.25   clock uncertainty
                          0.00    0.25   clock reconvergence pessimism
                         -2.00   -1.75   output external delay
                                 -1.75   data required time
-----------------------------------------------------------------------------
                                 -1.75   data required time
                                 -2.56   data arrival time
-----------------------------------------------------------------------------
                                  4.31   slack (MET)


Startpoint: c[2] (input port clocked by __VIRTUAL_CLK__)
Endpoint: z[4] (output port clocked by __VIRTUAL_CLK__)
Path Group: __VIRTUAL_CLK__
Path Type: min

Fanout     Cap    Slew   Delay    Time   Description
-----------------------------------------------------------------------------
                  0.00    0.00    0.00   clock __VIRTUAL_CLK__ (rise edge)
                          0.00    0.00   clock network delay (ideal)
                          2.00    2.00 v input external delay
     1    0.01    0.02    0.01    2.01 v c[2] (in)
                                         c[2] (net)
                  0.02    0.00    2.01 v input19/A (sky130_fd_sc_hd__buf_8)
     8    0.03    0.04    0.11    2.12 v input19/X (sky130_fd_sc_hd__buf_8)
                                         net19 (net)
                  0.04    0.00    2.12 v _251_/A (sky130_fd_sc_hd__nor2_8)
     8    0.02    0.12    0.13    2.25 ^ _251_/Y (sky130_fd_sc_hd__nor2_8)
                                         _182_ (net)
                  0.12    0.00    2.25 ^ _365_/A1 (sky130_fd_sc_hd__a211o_2)
     1    0.00    0.03    0.13    2.38 ^ _365_/X (sky130_fd_sc_hd__a211o_2)
                                         _050_ (net)
                  0.03    0.00    2.38 ^ _366_/B1 (sky130_fd_sc_hd__a31o_2)
     1    0.00    0.03    0.07    2.45 ^ _366_/X (sky130_fd_sc_hd__a31o_2)
                                         net24 (net)
                  0.03    0.00    2.45 ^ output24/A (sky130_fd_sc_hd__buf_2)
     1    0.03    0.17    0.18    2.63 ^ output24/X (sky130_fd_sc_hd__buf_2)
                                         z[4] (net)
                  0.17    0.00    2.63 ^ z[4] (out)
                                  2.63   data arrival time

                  0.00    0.00    0.00   clock __VIRTUAL_CLK__ (rise edge)
                          0.00    0.00   clock network delay (ideal)
                          0.25    0.25   clock uncertainty
                          0.00    0.25   clock reconvergence pessimism
                         -2.00   -1.75   output external delay
                                 -1.75   data required time
-----------------------------------------------------------------------------
                                 -1.75   data required time
                                 -2.63   data arrival time
-----------------------------------------------------------------------------
                                  4.38   slack (MET)


Startpoint: a[0] (input port clocked by __VIRTUAL_CLK__)
Endpoint: z[0] (output port clocked by __VIRTUAL_CLK__)
Path Group: __VIRTUAL_CLK__
Path Type: min

Fanout     Cap    Slew   Delay    Time   Description
-----------------------------------------------------------------------------
                  0.00    0.00    0.00   clock __VIRTUAL_CLK__ (rise edge)
                          0.00    0.00   clock network delay (ideal)
                          2.00    2.00 v input external delay
     1    0.00    0.01    0.01    2.01 v a[0] (in)
                                         a[0] (net)
                  0.01    0.00    2.01 v input1/A (sky130_fd_sc_hd__buf_6)
     8    0.03    0.05    0.12    2.12 v input1/X (sky130_fd_sc_hd__buf_6)
                                         net1 (net)
                  0.05    0.00    2.12 v _242_/A (sky130_fd_sc_hd__buf_8)
    10    0.04    0.04    0.13    2.25 v _242_/X (sky130_fd_sc_hd__buf_8)
                                         _173_ (net)
                  0.04    0.00    2.25 v _255_/A (sky130_fd_sc_hd__nor2_1)
     1    0.00    0.06    0.08    2.33 ^ _255_/Y (sky130_fd_sc_hd__nor2_1)
                                         _186_ (net)
                  0.06    0.00    2.33 ^ _256_/C (sky130_fd_sc_hd__or3_2)
     1    0.00    0.02    0.09    2.42 ^ _256_/X (sky130_fd_sc_hd__or3_2)
                                         _187_ (net)
                  0.02    0.00    2.42 ^ _257_/A (sky130_fd_sc_hd__buf_2)
     1    0.00    0.02    0.07    2.50 ^ _257_/X (sky130_fd_sc_hd__buf_2)
                                         net20 (net)
                  0.02    0.00    2.50 ^ output20/A (sky130_fd_sc_hd__buf_2)
     1    0.03    0.17    0.18    2.67 ^ output20/X (sky130_fd_sc_hd__buf_2)
                                         z[0] (net)
                  0.17    0.00    2.67 ^ z[0] (out)
                                  2.67   data arrival time

                  0.00    0.00    0.00   clock __VIRTUAL_CLK__ (rise edge)
                          0.00    0.00   clock network delay (ideal)
                          0.25    0.25   clock uncertainty
                          0.00    0.25   clock reconvergence pessimism
                         -2.00   -1.75   output external delay
                                 -1.75   data required time
-----------------------------------------------------------------------------
                                 -1.75   data required time
                                 -2.67   data arrival time
-----------------------------------------------------------------------------
                                  4.42   slack (MET)


Startpoint: a[0] (input port clocked by __VIRTUAL_CLK__)
Endpoint: z[1] (output port clocked by __VIRTUAL_CLK__)
Path Group: __VIRTUAL_CLK__
Path Type: min

Fanout     Cap    Slew   Delay    Time   Description
-----------------------------------------------------------------------------
                  0.00    0.00    0.00   clock __VIRTUAL_CLK__ (rise edge)
                          0.00    0.00   clock network delay (ideal)
                          2.00    2.00 v input external delay
     1    0.00    0.01    0.01    2.01 v a[0] (in)
                                         a[0] (net)
                  0.01    0.00    2.01 v input1/A (sky130_fd_sc_hd__buf_6)
     8    0.03    0.05    0.12    2.12 v input1/X (sky130_fd_sc_hd__buf_6)
                                         net1 (net)
                  0.05    0.00    2.12 v _242_/A (sky130_fd_sc_hd__buf_8)
    10    0.04    0.04    0.13    2.25 v _242_/X (sky130_fd_sc_hd__buf_8)
                                         _173_ (net)
                  0.04    0.00    2.25 v _246_/A (sky130_fd_sc_hd__nand2_4)
     5    0.01    0.04    0.05    2.31 ^ _246_/Y (sky130_fd_sc_hd__nand2_4)
                                         _177_ (net)
                  0.04    0.00    2.31 ^ _266_/A_N (sky130_fd_sc_hd__nand3b_4)
     3    0.01    0.06    0.12    2.43 ^ _266_/Y (sky130_fd_sc_hd__nand3b_4)
                                         _196_ (net)
                  0.06    0.00    2.43 ^ _281_/A1 (sky130_fd_sc_hd__a31o_1)
     1    0.00    0.03    0.11    2.54 ^ _281_/X (sky130_fd_sc_hd__a31o_1)
                                         net21 (net)
                  0.03    0.00    2.54 ^ output21/A (sky130_fd_sc_hd__buf_2)
     1    0.03    0.17    0.18    2.72 ^ output21/X (sky130_fd_sc_hd__buf_2)
                                         z[1] (net)
                  0.17    0.00    2.72 ^ z[1] (out)
                                  2.72   data arrival time

                  0.00    0.00    0.00   clock __VIRTUAL_CLK__ (rise edge)
                          0.00    0.00   clock network delay (ideal)
                          0.25    0.25   clock uncertainty
                          0.00    0.25   clock reconvergence pessimism
                         -2.00   -1.75   output external delay
                                 -1.75   data required time
-----------------------------------------------------------------------------
                                 -1.75   data required time
                                 -2.72   data arrival time
-----------------------------------------------------------------------------
                                  4.47   slack (MET)



worst slack corner Typical: 4.2658
min_report_end
max_report

===========================================================================
report_checks -path_delay max (Setup)
============================================================================
======================= Typical Corner ===================================

Startpoint: b[1] (input port clocked by __VIRTUAL_CLK__)
Endpoint: z[7] (output port clocked by __VIRTUAL_CLK__)
Path Group: __VIRTUAL_CLK__
Path Type: max

Fanout     Cap    Slew   Delay    Time   Description
-----------------------------------------------------------------------------
                  0.00    0.00    0.00   clock __VIRTUAL_CLK__ (rise edge)
                          0.00    0.00   clock network delay (ideal)
                          2.00    2.00 v input external delay
     1    0.01    0.02    0.01    2.01 v b[1] (in)
                                         b[1] (net)
                  0.02    0.00    2.01 v input10/A (sky130_fd_sc_hd__buf_8)
     2    0.02    0.03    0.11    2.13 v input10/X (sky130_fd_sc_hd__buf_8)
                                         net10 (net)
                  0.03    0.00    2.13 v fanout1/A (sky130_fd_sc_hd__buf_12)
    10    0.04    0.04    0.14    2.26 v fanout1/X (sky130_fd_sc_hd__buf_12)
                                         net83 (net)
                  0.04    0.00    2.26 v _258_/A (sky130_fd_sc_hd__buf_12)
     5    0.03    0.03    0.13    2.40 v _258_/X (sky130_fd_sc_hd__buf_12)
                                         _188_ (net)
                  0.03    0.00    2.40 v _417_/A1 (sky130_fd_sc_hd__a22o_4)
     2    0.01    0.05    0.26    2.66 v _417_/X (sky130_fd_sc_hd__a22o_4)
                                         _100_ (net)
                  0.05    0.00    2.66 v _418_/B1 (sky130_fd_sc_hd__a22o_4)
     2    0.01    0.05    0.23    2.89 v _418_/X (sky130_fd_sc_hd__a22o_4)
                                         _101_ (net)
                  0.05    0.00    2.89 v _422_/A2 (sky130_fd_sc_hd__a21o_4)
     2    0.01    0.04    0.23    3.12 v _422_/X (sky130_fd_sc_hd__a21o_4)
                                         _105_ (net)
                  0.04    0.00    3.12 v _426_/A1 (sky130_fd_sc_hd__a21o_4)
     2    0.01    0.04    0.21    3.33 v _426_/X (sky130_fd_sc_hd__a21o_4)
                                         _109_ (net)
                  0.04    0.00    3.33 v _430_/A2 (sky130_fd_sc_hd__a21o_4)
     2    0.01    0.04    0.23    3.56 v _430_/X (sky130_fd_sc_hd__a21o_4)
                                         _113_ (net)
                  0.04    0.00    3.56 v _432_/A1 (sky130_fd_sc_hd__a21o_4)
     2    0.01    0.04    0.22    3.78 v _432_/X (sky130_fd_sc_hd__a21o_4)
                                         _115_ (net)
                  0.04    0.00    3.78 v _434_/A1 (sky130_fd_sc_hd__a21o_4)
     2    0.01    0.04    0.21    3.99 v _434_/X (sky130_fd_sc_hd__a21o_4)
                                         _117_ (net)
                  0.04    0.00    3.99 v _436_/A2 (sky130_fd_sc_hd__a21bo_4)
     2    0.01    0.04    0.22    4.21 v _436_/X (sky130_fd_sc_hd__a21bo_4)
                                         _119_ (net)
                  0.04    0.00    4.21 v _457_/A2 (sky130_fd_sc_hd__a21o_4)
     2    0.01    0.04    0.22    4.43 v _457_/X (sky130_fd_sc_hd__a21o_4)
                                         _139_ (net)
                  0.04    0.00    4.43 v _485_/A2 (sky130_fd_sc_hd__o21a_4)
     1    0.00    0.03    0.19    4.62 v _485_/X (sky130_fd_sc_hd__o21a_4)
                                         _167_ (net)
                  0.03    0.00    4.62 v _490_/A1 (sky130_fd_sc_hd__a21o_4)
     1    0.00    0.03    0.20    4.82 v _490_/X (sky130_fd_sc_hd__a21o_4)
                                         _172_ (net)
                  0.03    0.00    4.82 v _491_/B1 (sky130_fd_sc_hd__a21o_4)
     1    0.00    0.03    0.18    5.00 v _491_/X (sky130_fd_sc_hd__a21o_4)
                                         net27 (net)
                  0.03    0.00    5.00 v output27/A (sky130_fd_sc_hd__buf_6)
     1    0.03    0.04    0.14    5.14 v output27/X (sky130_fd_sc_hd__buf_6)
                                         z[7] (net)
                  0.04    0.00    5.14 v z[7] (out)
                                  5.14   data arrival time

                  0.00   10.00   10.00   clock __VIRTUAL_CLK__ (rise edge)
                          0.00   10.00   clock network delay (ideal)
                         -0.25    9.75   clock uncertainty
                          0.00    9.75   clock reconvergence pessimism
                         -2.00    7.75   output external delay
                                  7.75   data required time
-----------------------------------------------------------------------------
                                  7.75   data required time
                                 -5.14   data arrival time
-----------------------------------------------------------------------------
                                  2.61   slack (MET)


Startpoint: c[2] (input port clocked by __VIRTUAL_CLK__)
Endpoint: z[5] (output port clocked by __VIRTUAL_CLK__)
Path Group: __VIRTUAL_CLK__
Path Type: max

Fanout     Cap    Slew   Delay    Time   Description
-----------------------------------------------------------------------------
                  0.00    0.00    0.00   clock __VIRTUAL_CLK__ (rise edge)
                          0.00    0.00   clock network delay (ideal)
                          2.00    2.00 v input external delay
     1    0.01    0.02    0.01    2.01 v c[2] (in)
                                         c[2] (net)
                  0.02    0.00    2.01 v input19/A (sky130_fd_sc_hd__buf_8)
     8    0.03    0.04    0.13    2.14 v input19/X (sky130_fd_sc_hd__buf_8)
                                         net19 (net)
                  0.04    0.00    2.14 v _259_/A (sky130_fd_sc_hd__or3b_4)
     1    0.01    0.07    0.41    2.55 v _259_/X (sky130_fd_sc_hd__or3b_4)
                                         _189_ (net)
                  0.07    0.00    2.55 v _260_/A (sky130_fd_sc_hd__buf_8)
     9    0.03    0.04    0.15    2.70 v _260_/X (sky130_fd_sc_hd__buf_8)
                                         _190_ (net)
                  0.04    0.00    2.70 v _261_/C (sky130_fd_sc_hd__and3_4)
     2    0.01    0.04    0.19    2.89 v _261_/X (sky130_fd_sc_hd__and3_4)
                                         _191_ (net)
                  0.04    0.00    2.89 v _264_/B (sky130_fd_sc_hd__or3b_4)
     4    0.02    0.09    0.42    3.32 v _264_/X (sky130_fd_sc_hd__or3b_4)
                                         _194_ (net)
                  0.09    0.00    3.32 v _302_/A1 (sky130_fd_sc_hd__a21bo_4)
     3    0.01    0.04    0.24    3.56 v _302_/X (sky130_fd_sc_hd__a21bo_4)
                                         _231_ (net)
                  0.04    0.00    3.56 v _326_/A2 (sky130_fd_sc_hd__a21o_4)
     3    0.02    0.05    0.24    3.79 v _326_/X (sky130_fd_sc_hd__a21o_4)
                                         _012_ (net)
                  0.05    0.00    3.79 v _341_/A2 (sky130_fd_sc_hd__a21o_4)
     3    0.01    0.05    0.24    4.03 v _341_/X (sky130_fd_sc_hd__a21o_4)
                                         _026_ (net)
                  0.05    0.00    4.03 v _400_/A1 (sky130_fd_sc_hd__a21oi_4)
     2    0.01    0.11    0.13    4.16 ^ _400_/Y (sky130_fd_sc_hd__a21oi_4)
                                         _084_ (net)
                  0.11    0.00    4.16 ^ rebuffer15/A (sky130_fd_sc_hd__buf_6)
     2    0.02    0.05    0.13    4.29 ^ rebuffer15/X (sky130_fd_sc_hd__buf_6)
                                         net46 (net)
                  0.05    0.00    4.29 ^ _402_/A (sky130_fd_sc_hd__nor2_4)
     1    0.00    0.02    0.03    4.32 v _402_/Y (sky130_fd_sc_hd__nor2_4)
                                         _086_ (net)
                  0.02    0.00    4.32 v _407_/A2 (sky130_fd_sc_hd__a211o_2)
     1    0.00    0.05    0.33    4.66 v _407_/X (sky130_fd_sc_hd__a211o_2)
                                         _091_ (net)
                  0.05    0.00    4.66 v _408_/B1 (sky130_fd_sc_hd__a21o_4)
     2    0.00    0.03    0.18    4.84 v _408_/X (sky130_fd_sc_hd__a21o_4)
                                         net25 (net)
                  0.03    0.00    4.84 v output25/A (sky130_fd_sc_hd__clkbuf_4)
     1    0.03    0.08    0.18    5.03 v output25/X (sky130_fd_sc_hd__clkbuf_4)
                                         z[5] (net)
                  0.08    0.00    5.03 v z[5] (out)
                                  5.03   data arrival time

                  0.00   10.00   10.00   clock __VIRTUAL_CLK__ (rise edge)
                          0.00   10.00   clock network delay (ideal)
                         -0.25    9.75   clock uncertainty
                          0.00    9.75   clock reconvergence pessimism
                         -2.00    7.75   output external delay
                                  7.75   data required time
-----------------------------------------------------------------------------
                                  7.75   data required time
                                 -5.03   data arrival time
-----------------------------------------------------------------------------
                                  2.72   slack (MET)


Startpoint: b[0] (input port clocked by __VIRTUAL_CLK__)
Endpoint: z[6] (output port clocked by __VIRTUAL_CLK__)
Path Group: __VIRTUAL_CLK__
Path Type: max

Fanout     Cap    Slew   Delay    Time   Description
-----------------------------------------------------------------------------
                  0.00    0.00    0.00   clock __VIRTUAL_CLK__ (rise edge)
                          0.00    0.00   clock network delay (ideal)
                          2.00    2.00 v input external delay
     1    0.01    0.02    0.01    2.01 v b[0] (in)
                                         b[0] (net)
                  0.02    0.00    2.01 v input9/A (sky130_fd_sc_hd__buf_12)
     3    0.02    0.03    0.12    2.13 v input9/X (sky130_fd_sc_hd__buf_12)
                                         net9 (net)
                  0.03    0.00    2.13 v clone11/A (sky130_fd_sc_hd__clkbuf_16)
     5    0.03    0.04    0.16    2.29 v clone11/X (sky130_fd_sc_hd__clkbuf_16)
                                         net42 (net)
                  0.04    0.00    2.29 v _368_/B2 (sky130_fd_sc_hd__a22o_4)
     3    0.02    0.06    0.25    2.54 v _368_/X (sky130_fd_sc_hd__a22o_4)
                                         _052_ (net)
                  0.06    0.00    2.54 v _370_/A1 (sky130_fd_sc_hd__a21o_4)
     2    0.01    0.05    0.23    2.77 v _370_/X (sky130_fd_sc_hd__a21o_4)
                                         _054_ (net)
                  0.05    0.00    2.77 v _374_/A2 (sky130_fd_sc_hd__a21o_4)
     3    0.01    0.04    0.23    3.00 v _374_/X (sky130_fd_sc_hd__a21o_4)
                                         _058_ (net)
                  0.04    0.00    3.00 v _380_/A2 (sky130_fd_sc_hd__a21o_4)
     2    0.01    0.04    0.23    3.23 v _380_/X (sky130_fd_sc_hd__a21o_4)
                                         _064_ (net)
                  0.04    0.00    3.23 v _384_/A1 (sky130_fd_sc_hd__a21o_4)
     3    0.02    0.05    0.23    3.45 v _384_/X (sky130_fd_sc_hd__a21o_4)
                                         _068_ (net)
                  0.05    0.00    3.45 v _386_/C (sky130_fd_sc_hd__and3_4)
     2    0.01    0.04    0.20    3.65 v _386_/X (sky130_fd_sc_hd__and3_4)
                                         _070_ (net)
                  0.04    0.00    3.65 v _409_/A (sky130_fd_sc_hd__or3_4)
     2    0.00    0.06    0.39    4.04 v _409_/X (sky130_fd_sc_hd__or3_4)
                                         _092_ (net)
                  0.06    0.00    4.04 v _435_/A_N (sky130_fd_sc_hd__and3b_2)
     2    0.01    0.06    0.26    4.30 ^ _435_/X (sky130_fd_sc_hd__and3b_2)
                                         _118_ (net)
                  0.06    0.00    4.30 ^ _437_/A_N (sky130_fd_sc_hd__and2b_1)
     2    0.01    0.05    0.20    4.50 v _437_/X (sky130_fd_sc_hd__and2b_1)
                                         _120_ (net)
                  0.05    0.00    4.50 v _439_/A2 (sky130_fd_sc_hd__o21a_1)
     1    0.00    0.03    0.17    4.67 v _439_/X (sky130_fd_sc_hd__o21a_1)
                                         _122_ (net)
                  0.03    0.00    4.67 v _450_/A1 (sky130_fd_sc_hd__a21o_1)
     1    0.00    0.03    0.15    4.82 v _450_/X (sky130_fd_sc_hd__a21o_1)
                                         net26 (net)
                  0.03    0.00    4.82 v output26/A (sky130_fd_sc_hd__buf_4)
     1    0.03    0.06    0.17    4.98 v output26/X (sky130_fd_sc_hd__buf_4)
                                         z[6] (net)
                  0.06    0.00    4.98 v z[6] (out)
                                  4.98   data arrival time

                  0.00   10.00   10.00   clock __VIRTUAL_CLK__ (rise edge)
                          0.00   10.00   clock network delay (ideal)
                         -0.25    9.75   clock uncertainty
                          0.00    9.75   clock reconvergence pessimism
                         -2.00    7.75   output external delay
                                  7.75   data required time
-----------------------------------------------------------------------------
                                  7.75   data required time
                                 -4.98   data arrival time
-----------------------------------------------------------------------------
                                  2.77   slack (MET)


Startpoint: b[1] (input port clocked by __VIRTUAL_CLK__)
Endpoint: z[4] (output port clocked by __VIRTUAL_CLK__)
Path Group: __VIRTUAL_CLK__
Path Type: max

Fanout     Cap    Slew   Delay    Time   Description
-----------------------------------------------------------------------------
                  0.00    0.00    0.00   clock __VIRTUAL_CLK__ (rise edge)
                          0.00    0.00   clock network delay (ideal)
                          2.00    2.00 v input external delay
     1    0.01    0.02    0.01    2.01 v b[1] (in)
                                         b[1] (net)
                  0.02    0.00    2.01 v input10/A (sky130_fd_sc_hd__buf_8)
     2    0.02    0.03    0.11    2.13 v input10/X (sky130_fd_sc_hd__buf_8)
                                         net10 (net)
                  0.03    0.00    2.13 v fanout1/A (sky130_fd_sc_hd__buf_12)
    10    0.04    0.04    0.14    2.26 v fanout1/X (sky130_fd_sc_hd__buf_12)
                                         net83 (net)
                  0.04    0.00    2.26 v _258_/A (sky130_fd_sc_hd__buf_12)
     5    0.03    0.03    0.13    2.40 v _258_/X (sky130_fd_sc_hd__buf_12)
                                         _188_ (net)
                  0.03    0.00    2.40 v _309_/A1 (sky130_fd_sc_hd__a22oi_4)
     2    0.01    0.18    0.20    2.60 ^ _309_/Y (sky130_fd_sc_hd__a22oi_4)
                                         _237_ (net)
                  0.18    0.00    2.60 ^ _310_/A (sky130_fd_sc_hd__nor2_4)
     1    0.02    0.06    0.08    2.68 v _310_/Y (sky130_fd_sc_hd__nor2_4)
                                         _238_ (net)
                  0.06    0.00    2.68 v _311_/A (sky130_fd_sc_hd__xnor2_4)
     2    0.02    0.21    0.24    2.91 ^ _311_/Y (sky130_fd_sc_hd__xnor2_4)
                                         _239_ (net)
                  0.21    0.00    2.91 ^ _313_/A (sky130_fd_sc_hd__xnor2_4)
     2    0.00    0.05    0.10    3.01 v _313_/Y (sky130_fd_sc_hd__xnor2_4)
                                         _241_ (net)
                  0.05    0.00    3.01 v _314_/A (sky130_fd_sc_hd__and3_4)
     2    0.01    0.04    0.16    3.17 v _314_/X (sky130_fd_sc_hd__and3_4)
                                         _000_ (net)
                  0.04    0.00    3.17 v rebuffer39/A (sky130_fd_sc_hd__buf_4)
     2    0.01    0.04    0.15    3.32 v rebuffer39/X (sky130_fd_sc_hd__buf_4)
                                         net70 (net)
                  0.04    0.00    3.32 v _358_/B (sky130_fd_sc_hd__nor3_2)
     2    0.01    0.24    0.24    3.56 ^ _358_/Y (sky130_fd_sc_hd__nor3_2)
                                         _043_ (net)
                  0.24    0.00    3.56 ^ max_cap29/A (sky130_fd_sc_hd__clkbuf_2)
     1    0.01    0.06    0.18    3.75 ^ max_cap29/X (sky130_fd_sc_hd__clkbuf_2)
                                         net29 (net)
                  0.06    0.00    3.75 ^ _359_/B (sky130_fd_sc_hd__nor2_4)
     2    0.01    0.03    0.04    3.78 v _359_/Y (sky130_fd_sc_hd__nor2_4)
                                         _044_ (net)
                  0.03    0.00    3.78 v _360_/B (sky130_fd_sc_hd__xnor2_1)
     1    0.00    0.04    0.11    3.90 v _360_/Y (sky130_fd_sc_hd__xnor2_1)
                                         _045_ (net)
                  0.04    0.00    3.90 v _365_/A2 (sky130_fd_sc_hd__a211o_2)
     1    0.00    0.04    0.33    4.23 v _365_/X (sky130_fd_sc_hd__a211o_2)
                                         _050_ (net)
                  0.04    0.00    4.23 v _366_/B1 (sky130_fd_sc_hd__a31o_2)
     1    0.00    0.03    0.21    4.44 v _366_/X (sky130_fd_sc_hd__a31o_2)
                                         net24 (net)
                  0.03    0.00    4.44 v output24/A (sky130_fd_sc_hd__buf_2)
     1    0.03    0.09    0.18    4.62 v output24/X (sky130_fd_sc_hd__buf_2)
                                         z[4] (net)
                  0.09    0.00    4.62 v z[4] (out)
                                  4.62   data arrival time

                  0.00   10.00   10.00   clock __VIRTUAL_CLK__ (rise edge)
                          0.00   10.00   clock network delay (ideal)
                         -0.25    9.75   clock uncertainty
                          0.00    9.75   clock reconvergence pessimism
                         -2.00    7.75   output external delay
                                  7.75   data required time
-----------------------------------------------------------------------------
                                  7.75   data required time
                                 -4.62   data arrival time
-----------------------------------------------------------------------------
                                  3.13   slack (MET)


Startpoint: c[2] (input port clocked by __VIRTUAL_CLK__)
Endpoint: z[3] (output port clocked by __VIRTUAL_CLK__)
Path Group: __VIRTUAL_CLK__
Path Type: max

Fanout     Cap    Slew   Delay    Time   Description
-----------------------------------------------------------------------------
                  0.00    0.00    0.00   clock __VIRTUAL_CLK__ (rise edge)
                          0.00    0.00   clock network delay (ideal)
                          2.00    2.00 v input external delay
     1    0.01    0.02    0.01    2.01 v c[2] (in)
                                         c[2] (net)
                  0.02    0.00    2.01 v input19/A (sky130_fd_sc_hd__buf_8)
     8    0.03    0.04    0.13    2.14 v input19/X (sky130_fd_sc_hd__buf_8)
                                         net19 (net)
                  0.04    0.00    2.14 v _259_/A (sky130_fd_sc_hd__or3b_4)
     1    0.01    0.07    0.41    2.55 v _259_/X (sky130_fd_sc_hd__or3b_4)
                                         _189_ (net)
                  0.07    0.00    2.55 v _260_/A (sky130_fd_sc_hd__buf_8)
     9    0.03    0.04    0.15    2.70 v _260_/X (sky130_fd_sc_hd__buf_8)
                                         _190_ (net)
                  0.04    0.00    2.70 v _261_/C (sky130_fd_sc_hd__and3_4)
     2    0.01    0.04    0.19    2.89 v _261_/X (sky130_fd_sc_hd__and3_4)
                                         _191_ (net)
                  0.04    0.00    2.89 v _264_/B (sky130_fd_sc_hd__or3b_4)
     4    0.02    0.09    0.42    3.32 v _264_/X (sky130_fd_sc_hd__or3b_4)
                                         _194_ (net)
                  0.09    0.00    3.32 v _302_/A1 (sky130_fd_sc_hd__a21bo_4)
     3    0.01    0.04    0.24    3.56 v _302_/X (sky130_fd_sc_hd__a21bo_4)
                                         _231_ (net)
                  0.04    0.00    3.56 v _326_/A2 (sky130_fd_sc_hd__a21o_4)
     3    0.02    0.05    0.24    3.79 v _326_/X (sky130_fd_sc_hd__a21o_4)
                                         _012_ (net)
                  0.05    0.00    3.79 v _332_/A3 (sky130_fd_sc_hd__a31o_2)
     2    0.00    0.04    0.25    4.04 v _332_/X (sky130_fd_sc_hd__a31o_2)
                                         _018_ (net)
                  0.04    0.00    4.04 v _333_/B1 (sky130_fd_sc_hd__a31o_2)
     1    0.00    0.03    0.21    4.25 v _333_/X (sky130_fd_sc_hd__a31o_2)
                                         net23 (net)
                  0.03    0.00    4.25 v output23/A (sky130_fd_sc_hd__buf_2)
     1    0.03    0.09    0.18    4.44 v output23/X (sky130_fd_sc_hd__buf_2)
                                         z[3] (net)
                  0.09    0.00    4.44 v z[3] (out)
                                  4.44   data arrival time

                  0.00   10.00   10.00   clock __VIRTUAL_CLK__ (rise edge)
                          0.00   10.00   clock network delay (ideal)
                         -0.25    9.75   clock uncertainty
                          0.00    9.75   clock reconvergence pessimism
                         -2.00    7.75   output external delay
                                  7.75   data required time
-----------------------------------------------------------------------------
                                  7.75   data required time
                                 -4.44   data arrival time
-----------------------------------------------------------------------------
                                  3.31   slack (MET)


Startpoint: c[2] (input port clocked by __VIRTUAL_CLK__)
Endpoint: z[2] (output port clocked by __VIRTUAL_CLK__)
Path Group: __VIRTUAL_CLK__
Path Type: max

Fanout     Cap    Slew   Delay    Time   Description
-----------------------------------------------------------------------------
                  0.00    0.00    0.00   clock __VIRTUAL_CLK__ (rise edge)
                          0.00    0.00   clock network delay (ideal)
                          2.00    2.00 v input external delay
     1    0.01    0.02    0.01    2.01 v c[2] (in)
                                         c[2] (net)
                  0.02    0.00    2.01 v input19/A (sky130_fd_sc_hd__buf_8)
     8    0.03    0.04    0.13    2.14 v input19/X (sky130_fd_sc_hd__buf_8)
                                         net19 (net)
                  0.04    0.00    2.14 v _259_/A (sky130_fd_sc_hd__or3b_4)
     1    0.01    0.07    0.41    2.55 v _259_/X (sky130_fd_sc_hd__or3b_4)
                                         _189_ (net)
                  0.07    0.00    2.55 v _260_/A (sky130_fd_sc_hd__buf_8)
     9    0.03    0.04    0.15    2.70 v _260_/X (sky130_fd_sc_hd__buf_8)
                                         _190_ (net)
                  0.04    0.00    2.70 v _261_/C (sky130_fd_sc_hd__and3_4)
     2    0.01    0.04    0.19    2.89 v _261_/X (sky130_fd_sc_hd__and3_4)
                                         _191_ (net)
                  0.04    0.00    2.89 v _264_/B (sky130_fd_sc_hd__or3b_4)
     4    0.02    0.09    0.42    3.32 v _264_/X (sky130_fd_sc_hd__or3b_4)
                                         _194_ (net)
                  0.09    0.00    3.32 v _266_/B (sky130_fd_sc_hd__nand3b_4)
     3    0.01    0.07    0.10    3.42 ^ _266_/Y (sky130_fd_sc_hd__nand3b_4)
                                         _196_ (net)
                  0.07    0.00    3.42 ^ _301_/B (sky130_fd_sc_hd__nand2_1)
     1    0.00    0.03    0.05    3.47 v _301_/Y (sky130_fd_sc_hd__nand2_1)
                                         _230_ (net)
                  0.03    0.00    3.47 v _303_/A2 (sky130_fd_sc_hd__o211a_2)
     1    0.00    0.04    0.23    3.71 v _303_/X (sky130_fd_sc_hd__o211a_2)
                                         _232_ (net)
                  0.04    0.00    3.71 v _304_/C1 (sky130_fd_sc_hd__a211o_2)
     2    0.00    0.05    0.27    3.97 v _304_/X (sky130_fd_sc_hd__a211o_2)
                                         net22 (net)
                  0.05    0.00    3.97 v output22/A (sky130_fd_sc_hd__buf_2)
     1    0.03    0.09    0.19    4.16 v output22/X (sky130_fd_sc_hd__buf_2)
                                         z[2] (net)
                  0.09    0.00    4.16 v z[2] (out)
                                  4.16   data arrival time

                  0.00   10.00   10.00   clock __VIRTUAL_CLK__ (rise edge)
                          0.00   10.00   clock network delay (ideal)
                         -0.25    9.75   clock uncertainty
                          0.00    9.75   clock reconvergence pessimism
                         -2.00    7.75   output external delay
                                  7.75   data required time
-----------------------------------------------------------------------------
                                  7.75   data required time
                                 -4.16   data arrival time
-----------------------------------------------------------------------------
                                  3.59   slack (MET)


Startpoint: b[0] (input port clocked by __VIRTUAL_CLK__)
Endpoint: z[0] (output port clocked by __VIRTUAL_CLK__)
Path Group: __VIRTUAL_CLK__
Path Type: max

Fanout     Cap    Slew   Delay    Time   Description
-----------------------------------------------------------------------------
                  0.00    0.00    0.00   clock __VIRTUAL_CLK__ (rise edge)
                          0.00    0.00   clock network delay (ideal)
                          2.00    2.00 ^ input external delay
     1    0.01    0.05    0.03    2.03 ^ b[0] (in)
                                         b[0] (net)
                  0.05    0.00    2.03 ^ input9/A (sky130_fd_sc_hd__buf_12)
     3    0.02    0.04    0.10    2.14 ^ input9/X (sky130_fd_sc_hd__buf_12)
                                         net9 (net)
                  0.04    0.00    2.14 ^ _243_/A (sky130_fd_sc_hd__buf_12)
     5    0.03    0.05    0.11    2.25 ^ _243_/X (sky130_fd_sc_hd__buf_12)
                                         _174_ (net)
                  0.05    0.00    2.25 ^ _244_/A (sky130_fd_sc_hd__buf_12)
     4    0.02    0.04    0.10    2.35 ^ _244_/X (sky130_fd_sc_hd__buf_12)
                                         _175_ (net)
                  0.04    0.00    2.35 ^ rebuffer20/A (sky130_fd_sc_hd__clkdlybuf4s15_2)
     7    0.02    0.14    0.27    2.62 ^ rebuffer20/X (sky130_fd_sc_hd__clkdlybuf4s15_2)
                                         net51 (net)
                  0.14    0.00    2.62 ^ rebuffer22/A (sky130_fd_sc_hd__dlygate4sd1_1)
     1    0.01    0.10    0.27    2.89 ^ rebuffer22/X (sky130_fd_sc_hd__dlygate4sd1_1)
                                         net53 (net)
                  0.10    0.00    2.89 ^ _246_/B (sky130_fd_sc_hd__nand2_4)
     5    0.01    0.04    0.06    2.95 v _246_/Y (sky130_fd_sc_hd__nand2_4)
                                         _177_ (net)
                  0.04    0.00    2.95 v _247_/B1 (sky130_fd_sc_hd__a21o_1)
     1    0.00    0.03    0.15    3.10 v _247_/X (sky130_fd_sc_hd__a21o_1)
                                         _178_ (net)
                  0.03    0.00    3.10 v _250_/B1 (sky130_fd_sc_hd__o2111a_1)
     1    0.00    0.04    0.12    3.22 v _250_/X (sky130_fd_sc_hd__o2111a_1)
                                         _181_ (net)
                  0.04    0.00    3.22 v _256_/A (sky130_fd_sc_hd__or3_2)
     1    0.00    0.07    0.47    3.70 v _256_/X (sky130_fd_sc_hd__or3_2)
                                         _187_ (net)
                  0.07    0.00    3.70 v _257_/A (sky130_fd_sc_hd__buf_2)
     1    0.00    0.02    0.13    3.82 v _257_/X (sky130_fd_sc_hd__buf_2)
                                         net20 (net)
                  0.02    0.00    3.82 v output20/A (sky130_fd_sc_hd__buf_2)
     1    0.03    0.09    0.18    4.00 v output20/X (sky130_fd_sc_hd__buf_2)
                                         z[0] (net)
                  0.09    0.00    4.00 v z[0] (out)
                                  4.00   data arrival time

                  0.00   10.00   10.00   clock __VIRTUAL_CLK__ (rise edge)
                          0.00   10.00   clock network delay (ideal)
                         -0.25    9.75   clock uncertainty
                          0.00    9.75   clock reconvergence pessimism
                         -2.00    7.75   output external delay
                                  7.75   data required time
-----------------------------------------------------------------------------
                                  7.75   data required time
                                 -4.00   data arrival time
-----------------------------------------------------------------------------
                                  3.75   slack (MET)


Startpoint: c[2] (input port clocked by __VIRTUAL_CLK__)
Endpoint: z[1] (output port clocked by __VIRTUAL_CLK__)
Path Group: __VIRTUAL_CLK__
Path Type: max

Fanout     Cap    Slew   Delay    Time   Description
-----------------------------------------------------------------------------
                  0.00    0.00    0.00   clock __VIRTUAL_CLK__ (rise edge)
                          0.00    0.00   clock network delay (ideal)
                          2.00    2.00 v input external delay
     1    0.01    0.02    0.01    2.01 v c[2] (in)
                                         c[2] (net)
                  0.02    0.00    2.01 v input19/A (sky130_fd_sc_hd__buf_8)
     8    0.03    0.04    0.13    2.14 v input19/X (sky130_fd_sc_hd__buf_8)
                                         net19 (net)
                  0.04    0.00    2.14 v _259_/A (sky130_fd_sc_hd__or3b_4)
     1    0.01    0.07    0.41    2.55 v _259_/X (sky130_fd_sc_hd__or3b_4)
                                         _189_ (net)
                  0.07    0.00    2.55 v _260_/A (sky130_fd_sc_hd__buf_8)
     9    0.03    0.04    0.15    2.70 v _260_/X (sky130_fd_sc_hd__buf_8)
                                         _190_ (net)
                  0.04    0.00    2.70 v _261_/C (sky130_fd_sc_hd__and3_4)
     2    0.01    0.04    0.19    2.89 v _261_/X (sky130_fd_sc_hd__and3_4)
                                         _191_ (net)
                  0.04    0.00    2.89 v _264_/B (sky130_fd_sc_hd__or3b_4)
     4    0.02    0.09    0.42    3.32 v _264_/X (sky130_fd_sc_hd__or3b_4)
                                         _194_ (net)
                  0.09    0.00    3.32 v _269_/A1 (sky130_fd_sc_hd__a21bo_1)
     1    0.00    0.03    0.19    3.50 v _269_/X (sky130_fd_sc_hd__a21bo_1)
                                         _199_ (net)
                  0.03    0.00    3.50 v _281_/A3 (sky130_fd_sc_hd__a31o_1)
     1    0.00    0.03    0.21    3.71 v _281_/X (sky130_fd_sc_hd__a31o_1)
                                         net21 (net)
                  0.03    0.00    3.71 v output21/A (sky130_fd_sc_hd__buf_2)
     1    0.03    0.09    0.18    3.89 v output21/X (sky130_fd_sc_hd__buf_2)
                                         z[1] (net)
                  0.09    0.00    3.89 v z[1] (out)
                                  3.89   data arrival time

                  0.00   10.00   10.00   clock __VIRTUAL_CLK__ (rise edge)
                          0.00   10.00   clock network delay (ideal)
                         -0.25    9.75   clock uncertainty
                          0.00    9.75   clock reconvergence pessimism
                         -2.00    7.75   output external delay
                                  7.75   data required time
-----------------------------------------------------------------------------
                                  7.75   data required time
                                 -3.89   data arrival time
-----------------------------------------------------------------------------
                                  3.86   slack (MET)



worst slack corner Typical: 2.6150
max_report_end
checks_report

===========================================================================
report_checks -unconstrained
===========================================================================
======================= Typical Corner ===================================

Startpoint: b[1] (input port clocked by __VIRTUAL_CLK__)
Endpoint: z[7] (output port clocked by __VIRTUAL_CLK__)
Path Group: __VIRTUAL_CLK__
Path Type: max

Fanout     Cap    Slew   Delay    Time   Description
-----------------------------------------------------------------------------
                  0.00    0.00    0.00   clock __VIRTUAL_CLK__ (rise edge)
                          0.00    0.00   clock network delay (ideal)
                          2.00    2.00 v input external delay
     1    0.01    0.02    0.01    2.01 v b[1] (in)
                                         b[1] (net)
                  0.02    0.00    2.01 v input10/A (sky130_fd_sc_hd__buf_8)
     2    0.02    0.03    0.11    2.13 v input10/X (sky130_fd_sc_hd__buf_8)
                                         net10 (net)
                  0.03    0.00    2.13 v fanout1/A (sky130_fd_sc_hd__buf_12)
    10    0.04    0.04    0.14    2.26 v fanout1/X (sky130_fd_sc_hd__buf_12)
                                         net83 (net)
                  0.04    0.00    2.26 v _258_/A (sky130_fd_sc_hd__buf_12)
     5    0.03    0.03    0.13    2.40 v _258_/X (sky130_fd_sc_hd__buf_12)
                                         _188_ (net)
                  0.03    0.00    2.40 v _417_/A1 (sky130_fd_sc_hd__a22o_4)
     2    0.01    0.05    0.26    2.66 v _417_/X (sky130_fd_sc_hd__a22o_4)
                                         _100_ (net)
                  0.05    0.00    2.66 v _418_/B1 (sky130_fd_sc_hd__a22o_4)
     2    0.01    0.05    0.23    2.89 v _418_/X (sky130_fd_sc_hd__a22o_4)
                                         _101_ (net)
                  0.05    0.00    2.89 v _422_/A2 (sky130_fd_sc_hd__a21o_4)
     2    0.01    0.04    0.23    3.12 v _422_/X (sky130_fd_sc_hd__a21o_4)
                                         _105_ (net)
                  0.04    0.00    3.12 v _426_/A1 (sky130_fd_sc_hd__a21o_4)
     2    0.01    0.04    0.21    3.33 v _426_/X (sky130_fd_sc_hd__a21o_4)
                                         _109_ (net)
                  0.04    0.00    3.33 v _430_/A2 (sky130_fd_sc_hd__a21o_4)
     2    0.01    0.04    0.23    3.56 v _430_/X (sky130_fd_sc_hd__a21o_4)
                                         _113_ (net)
                  0.04    0.00    3.56 v _432_/A1 (sky130_fd_sc_hd__a21o_4)
     2    0.01    0.04    0.22    3.78 v _432_/X (sky130_fd_sc_hd__a21o_4)
                                         _115_ (net)
                  0.04    0.00    3.78 v _434_/A1 (sky130_fd_sc_hd__a21o_4)
     2    0.01    0.04    0.21    3.99 v _434_/X (sky130_fd_sc_hd__a21o_4)
                                         _117_ (net)
                  0.04    0.00    3.99 v _436_/A2 (sky130_fd_sc_hd__a21bo_4)
     2    0.01    0.04    0.22    4.21 v _436_/X (sky130_fd_sc_hd__a21bo_4)
                                         _119_ (net)
                  0.04    0.00    4.21 v _457_/A2 (sky130_fd_sc_hd__a21o_4)
     2    0.01    0.04    0.22    4.43 v _457_/X (sky130_fd_sc_hd__a21o_4)
                                         _139_ (net)
                  0.04    0.00    4.43 v _485_/A2 (sky130_fd_sc_hd__o21a_4)
     1    0.00    0.03    0.19    4.62 v _485_/X (sky130_fd_sc_hd__o21a_4)
                                         _167_ (net)
                  0.03    0.00    4.62 v _490_/A1 (sky130_fd_sc_hd__a21o_4)
     1    0.00    0.03    0.20    4.82 v _490_/X (sky130_fd_sc_hd__a21o_4)
                                         _172_ (net)
                  0.03    0.00    4.82 v _491_/B1 (sky130_fd_sc_hd__a21o_4)
     1    0.00    0.03    0.18    5.00 v _491_/X (sky130_fd_sc_hd__a21o_4)
                                         net27 (net)
                  0.03    0.00    5.00 v output27/A (sky130_fd_sc_hd__buf_6)
     1    0.03    0.04    0.14    5.14 v output27/X (sky130_fd_sc_hd__buf_6)
                                         z[7] (net)
                  0.04    0.00    5.14 v z[7] (out)
                                  5.14   data arrival time

                  0.00   10.00   10.00   clock __VIRTUAL_CLK__ (rise edge)
                          0.00   10.00   clock network delay (ideal)
                         -0.25    9.75   clock uncertainty
                          0.00    9.75   clock reconvergence pessimism
                         -2.00    7.75   output external delay
                                  7.75   data required time
-----------------------------------------------------------------------------
                                  7.75   data required time
                                 -5.14   data arrival time
-----------------------------------------------------------------------------
                                  2.61   slack (MET)




===========================================================================
report_checks --slack_max -0.01
============================================================================
======================= Typical Corner ===================================

No paths found.


===========================================================================
 report_check_types -max_slew -max_cap -max_fanout -violators
============================================================================
======================= Typical Corner ===================================

max fanout

Pin                                   Limit Fanout  Slack
---------------------------------------------------------
_263_/X                                  10     11        (VIOLATED)


max slew violations count Typical: 0
max fanout violations count Typical: 1
max cap violations count Typical: 0

===========================================================================
report_parasitic_annotation -report_unannotated
============================================================================
Found 355 unannotated drivers.
 a[0]
 a[1]
 a[2]
 a[3]
 a[4]
 a[5]
 a[6]
 a[7]
 b[0]
 b[1]
 b[2]
 b[3]
 b[4]
 b[5]
 b[6]
 b[7]
 c[0]
 c[1]
 c[2]
 _242_/X
 _243_/X
 _244_/X
 _245_/Y
 _246_/Y
 _247_/X
 _248_/Y
 _249_/X
 _250_/X
 _251_/Y
 _252_/X
 _253_/X
 _254_/Y
 _255_/Y
 _256_/X
 _257_/X
 _258_/X
 _259_/X
 _260_/X
 _261_/X
 _262_/Y
 _263_/X
 _264_/X
 _265_/Y
 _266_/Y
 _267_/X
 _268_/X
 _269_/X
 _270_/X
 _271_/X
 _272_/X
 _273_/X
 _274_/Y
 _275_/X
 _276_/X
 _277_/X
 _278_/X
 _279_/X
 _280_/X
 _281_/X
 _282_/X
 _283_/X
 _284_/X
 _285_/X
 _286_/X
 _287_/Y
 _288_/X
 _289_/Y
 _290_/Y
 _291_/X
 _292_/Y
 _293_/X
 _294_/Y
 _295_/X
 _296_/Y
 _297_/X
 _298_/X
 _299_/Y
 _300_/Y
 _301_/Y
 _302_/X
 _303_/X
 _304_/X
 _305_/X
 _306_/Y
 _307_/X
 _308_/X
 _309_/Y
 _310_/Y
 _311_/Y
 _312_/Y
 _313_/Y
 _314_/X
 _315_/Y
 _316_/Y
 _317_/X
 _318_/Y
 _319_/X
 _320_/X
 _321_/X
 _322_/Y
 _323_/X
 _324_/Y
 _325_/Y
 _326_/X
 _327_/Y
 _328_/X
 _329_/X
 _330_/Y
 _331_/X
 _332_/X
 _333_/X
 _334_/X
 _335_/X
 _336_/X
 _337_/X
 _338_/Y
 _339_/X
 _340_/Y
 _341_/X
 _342_/Y
 _343_/X
 _344_/Y
 _345_/Y
 _346_/X
 _347_/X
 _348_/X
 _349_/Y
 _350_/X
 _351_/Y
 _352_/Y
 _353_/X
 _354_/Y
 _355_/Y
 _356_/Y
 _357_/X
 _358_/Y
 _359_/Y
 _360_/Y
 _361_/Y
 _362_/X
 _363_/Y
 _364_/X
 _365_/X
 _366_/X
 _367_/Y
 _368_/X
 _369_/X
 _370_/X
 _371_/Y
 _372_/X
 _373_/Y
 _374_/X
 _375_/Y
 _376_/Y
 _377_/X
 _378_/X
 _379_/Y
 _380_/X
 _381_/Y
 _382_/Y
 _383_/Y
 _384_/X
 _385_/Y
 _386_/X
 _387_/Y
 _388_/Y
 _389_/Y
 _390_/Y
 _391_/X
 _392_/X
 _393_/X
 _394_/X
 _395_/X
 _396_/Y
 _397_/X
 _398_/Y
 _399_/X
 _400_/Y
 _401_/X
 _402_/Y
 _403_/Y
 _404_/X
 _405_/Y
 _406_/X
 _407_/X
 _408_/X
 _409_/X
 _410_/X
 _411_/Y
 _412_/X
 _413_/X
 _414_/Y
 _415_/Y
 _416_/Y
 _417_/X
 _418_/X
 _419_/Y
 _420_/X
 _421_/Y
 _422_/X
 _423_/Y
 _424_/X
 _425_/Y
 _426_/X
 _427_/Y
 _428_/X
 _429_/Y
 _430_/X
 _431_/Y
 _432_/X
 _433_/Y
 _434_/X
 _435_/X
 _436_/X
 _437_/X
 _438_/Y
 _439_/X
 _440_/Y
 _441_/X
 _442_/Y
 _443_/Y
 _444_/X
 _445_/Y
 _446_/X
 _447_/Y
 _448_/X
 _449_/X
 _450_/X
 _451_/Y
 _452_/X
 _453_/Y
 _454_/X
 _455_/Y
 _456_/Y
 _457_/X
 _458_/X
 _459_/Y
 _460_/X
 _461_/Y
 _462_/Y
 _463_/X
 _464_/Y
 _465_/X
 _466_/Y
 _467_/X
 _468_/X
 _469_/X
 _470_/Y
 _471_/X
 _472_/Y
 _473_/Y
 _474_/Y
 _475_/Y
 _476_/Y
 _477_/X
 _478_/Y
 _479_/X
 _480_/Y
 _481_/Y
 _482_/Y
 _483_/Y
 _484_/Y
 _485_/X
 _486_/Y
 _487_/Y
 _488_/Y
 _489_/X
 _490_/X
 _491_/X
 clone11/X
 clone26/X
 clone42/X
 clone45/X
 clone46/X
 fanout1/X
 input1/X
 input10/X
 input11/X
 input12/X
 input13/X
 input14/X
 input15/X
 input16/X
 input17/X
 input18/X
 input19/X
 input2/X
 input3/X
 input4/X
 input5/X
 input6/X
 input7/X
 input8/X
 input9/X
 load_slew31/X
 max_cap28/X
 max_cap29/X
 output20/X
 output21/X
 output22/X
 output23/X
 output24/X
 output25/X
 output26/X
 output27/X
 rebuffer1/X
 rebuffer10/X
 rebuffer11/X
 rebuffer12/X
 rebuffer13/X
 rebuffer14/X
 rebuffer15/X
 rebuffer16/X
 rebuffer17/X
 rebuffer18/X
 rebuffer19/X
 rebuffer2/X
 rebuffer20/X
 rebuffer21/X
 rebuffer22/X
 rebuffer23/X
 rebuffer24/X
 rebuffer25/X
 rebuffer26/X
 rebuffer27/X
 rebuffer28/X
 rebuffer29/X
 rebuffer3/X
 rebuffer30/X
 rebuffer31/X
 rebuffer32/X
 rebuffer33/X
 rebuffer34/X
 rebuffer35/X
 rebuffer36/X
 rebuffer37/X
 rebuffer38/X
 rebuffer39/X
 rebuffer4/X
 rebuffer40/X
 rebuffer41/X
 rebuffer42/X
 rebuffer43/X
 rebuffer44/X
 rebuffer47/X
 rebuffer48/X
 rebuffer49/X
 rebuffer5/X
 rebuffer50/X
 rebuffer51/X
 rebuffer6/X
 rebuffer7/X
 rebuffer8/X
 rebuffer9/X
 wire30/X
Found 0 partially unannotated drivers.

===========================================================================
max slew violation count 0
max fanout violation count 1
max cap violation count 0
============================================================================

===========================================================================
check_setup -verbose -unconstrained_endpoints -multiple_clock -no_clock -no_input_delay -loops -generated_clocks
===========================================================================
checks_report_end
power_report

===========================================================================
 report_power
============================================================================
======================= Typical Corner ===================================

Group                  Internal  Switching    Leakage      Total
                          Power      Power      Power      Power (Watts)
----------------------------------------------------------------
Sequential             0.00e+00   0.00e+00   0.00e+00   0.00e+00   0.0%
Combinational          1.63e-04   1.18e-04   1.85e-09   2.80e-04 100.0%
Clock                  6.21e-10   0.00e+00   8.04e-10   1.42e-09   0.0%
Macro                  0.00e+00   0.00e+00   0.00e+00   0.00e+00   0.0%
Pad                    0.00e+00   0.00e+00   0.00e+00   0.00e+00   0.0%
----------------------------------------------------------------
Total                  1.63e-04   1.18e-04   2.65e-09   2.80e-04 100.0%
                          58.0%      42.0%       0.0%

power_report_end
summary_report

===========================================================================
report_tns
============================================================================
tns 0.00

===========================================================================
report_wns
============================================================================
wns 0.00

===========================================================================
report_worst_slack -max (Setup)
============================================================================
worst slack 2.61

===========================================================================
report_worst_slack -min (Hold)
============================================================================
worst slack 4.27
summary_report_end
area_report

===========================================================================
report_design_area
============================================================================
Design area 5574 u^2 8% utilization.
area_report_end
check_nonpropagated_clocks
__VIRTUAL_CLK__
check_nonpropagated_clocks_end
[WARNING] Did not save OpenROAD database!
