OpenROAD b16bda7e82721d10566ff7e2b68f1ff0be9f9e38 
Features included (+) or not (-): +Charts +GPU +GUI +Python
This program is licensed under the BSD-3 license. See the LICENSE file for details.
Components of this program may be licensed under more restrictive licenses which must be honored.
define_corners Typical
read_liberty -corner Typical /root/.volare/sky130A/libs.ref/sky130_fd_sc_hd/lib/sky130_fd_sc_hd__tt_025C_1v80.lib
Using 1e-12 for capacitance...
Using 1e+03 for resistance...
Using 1e-09 for time...
Using 1e+00 for voltage...
Using 1e-03 for current...
Using 1e-09 for power...
Using 1e-06 for distance...
[INFO]: Reading ODB at '/openlane/designs/alu/runs/RUN_2025.05.03_18.54.14/tmp/routing/21-fill.odb'…
Reading design constraints file at '/openlane/scripts/base.sdc'…
[INFO]: Setting output delay to: 2.0
[INFO]: Setting input delay to: 2.0
[WARNING STA-0366] port '__VIRTUAL_CLK__' not found.
[INFO]: Setting load to: 0.033442
[INFO]: Setting clock uncertainty to: 0.25
[INFO]: Setting clock transition to: 0.15
[WARNING STA-0419] transition time can not be specified for virtual clocks.
[INFO]: Setting timing derate to: 5.0 %
[INFO ORD-0030] Using 2 thread(s).
[INFO DRT-0149] Reading tech and libs.
[WARNING DRT-0349] LEF58_ENCLOSURE with no CUTCLASS is not supported. Skipping for layer mcon
[WARNING DRT-0349] LEF58_ENCLOSURE with no CUTCLASS is not supported. Skipping for layer mcon
[WARNING DRT-0349] LEF58_ENCLOSURE with no CUTCLASS is not supported. Skipping for layer via
[WARNING DRT-0349] LEF58_ENCLOSURE with no CUTCLASS is not supported. Skipping for layer via
[WARNING DRT-0349] LEF58_ENCLOSURE with no CUTCLASS is not supported. Skipping for layer via2
[WARNING DRT-0349] LEF58_ENCLOSURE with no CUTCLASS is not supported. Skipping for layer via2
[WARNING DRT-0349] LEF58_ENCLOSURE with no CUTCLASS is not supported. Skipping for layer via3
[WARNING DRT-0349] LEF58_ENCLOSURE with no CUTCLASS is not supported. Skipping for layer via3
[WARNING DRT-0349] LEF58_ENCLOSURE with no CUTCLASS is not supported. Skipping for layer via4
[WARNING DRT-0349] LEF58_ENCLOSURE with no CUTCLASS is not supported. Skipping for layer via4

Units:                1000
Number of layers:     13
Number of macros:     441
Number of vias:       29
Number of viarulegen: 25

[INFO DRT-0150] Reading design.

Design:                   alu
Die area:                 ( 0 0 ) ( 210000 360000 )
Number of track patterns: 12
Number of DEF vias:       0
Number of components:     7013
Number of terminals:      29
Number of snets:          2
Number of nets:           355

[INFO DRT-0167] List of default vias:
  Layer via
    default via: M1M2_PR
  Layer via2
    default via: M2M3_PR
  Layer via3
    default via: M3M4_PR
  Layer via4
    default via: M4M5_PR
[INFO DRT-0162] Library cell analysis.
[INFO DRT-0163] Instance analysis.
[INFO DRT-0164] Number of unique instances = 201.
[INFO DRT-0168] Init region query.
[INFO DRT-0024]   Complete FR_MASTERSLICE.
[INFO DRT-0024]   Complete Fr_VIA.
[INFO DRT-0024]   Complete li1.
[INFO DRT-0024]   Complete mcon.
[INFO DRT-0024]   Complete met1.
[INFO DRT-0024]   Complete via.
[INFO DRT-0024]   Complete met2.
[INFO DRT-0024]   Complete via2.
[INFO DRT-0024]   Complete met3.
[INFO DRT-0024]   Complete via3.
[INFO DRT-0024]   Complete met4.
[INFO DRT-0024]   Complete via4.
[INFO DRT-0024]   Complete met5.
[INFO DRT-0033] FR_MASTERSLICE shape region query size = 0.
[INFO DRT-0033] FR_VIA shape region query size = 0.
[INFO DRT-0033] li1 shape region query size = 45194.
[INFO DRT-0033] mcon shape region query size = 81696.
[INFO DRT-0033] met1 shape region query size = 15251.
[INFO DRT-0033] via shape region query size = 5000.
[INFO DRT-0033] met2 shape region query size = 3011.
[INFO DRT-0033] via2 shape region query size = 4000.
[INFO DRT-0033] met3 shape region query size = 3016.
[INFO DRT-0033] via3 shape region query size = 4000.
[INFO DRT-0033] met4 shape region query size = 1256.
[INFO DRT-0033] via4 shape region query size = 224.
[INFO DRT-0033] met5 shape region query size = 280.
[INFO DRT-0165] Start pin access.
[INFO DRT-0078]   Complete 634 pins.
[INFO DRT-0079]   Complete 100 unique inst patterns.
[INFO DRT-0081]   Complete 183 unique inst patterns.
[INFO DRT-0084]   Complete 344 groups.
#scanned instances     = 7013
#unique  instances     = 201
#stdCellGenAp          = 5013
#stdCellValidPlanarAp  = 6
#stdCellValidViaAp     = 3704
#stdCellPinNoAp        = 0
#stdCellPinCnt         = 1108
#instTermValidViaApCnt = 0
#macroGenAp            = 0
#macroValidPlanarAp    = 0
#macroValidViaAp       = 0
#macroNoAp             = 0
[INFO DRT-0166] Complete pin access.
[INFO DRT-0267] cpu time = 00:00:18, elapsed time = 00:00:08, memory = 138.85 (MB), peak = 138.85 (MB)

Number of guides:     4232

[INFO DRT-0169] Post process guides.
[INFO DRT-0176] GCELLGRID X 0 DO 30 STEP 6900 ;
[INFO DRT-0177] GCELLGRID Y 0 DO 52 STEP 6900 ;
[INFO DRT-0028]   Complete FR_MASTERSLICE.
[INFO DRT-0028]   Complete Fr_VIA.
[INFO DRT-0028]   Complete li1.
[INFO DRT-0028]   Complete mcon.
[INFO DRT-0028]   Complete met1.
[INFO DRT-0028]   Complete via.
[INFO DRT-0028]   Complete met2.
[INFO DRT-0028]   Complete via2.
[INFO DRT-0028]   Complete met3.
[INFO DRT-0028]   Complete via3.
[INFO DRT-0028]   Complete met4.
[INFO DRT-0028]   Complete via4.
[INFO DRT-0028]   Complete met5.
[INFO DRT-0178] Init guide query.
[INFO DRT-0035]   Complete FR_MASTERSLICE (guide).
[INFO DRT-0035]   Complete Fr_VIA (guide).
[INFO DRT-0035]   Complete li1 (guide).
[INFO DRT-0035]   Complete mcon (guide).
[INFO DRT-0035]   Complete met1 (guide).
[INFO DRT-0035]   Complete via (guide).
[INFO DRT-0035]   Complete met2 (guide).
[INFO DRT-0035]   Complete via2 (guide).
[INFO DRT-0035]   Complete met3 (guide).
[INFO DRT-0035]   Complete via3 (guide).
[INFO DRT-0035]   Complete met4 (guide).
[INFO DRT-0035]   Complete via4 (guide).
[INFO DRT-0035]   Complete met5 (guide).
[INFO DRT-0036] FR_MASTERSLICE guide region query size = 0.
[INFO DRT-0036] FR_VIA guide region query size = 0.
[INFO DRT-0036] li1 guide region query size = 1097.
[INFO DRT-0036] mcon guide region query size = 0.
[INFO DRT-0036] met1 guide region query size = 1261.
[INFO DRT-0036] via guide region query size = 0.
[INFO DRT-0036] met2 guide region query size = 821.
[INFO DRT-0036] via2 guide region query size = 0.
[INFO DRT-0036] met3 guide region query size = 50.
[INFO DRT-0036] via3 guide region query size = 0.
[INFO DRT-0036] met4 guide region query size = 15.
[INFO DRT-0036] via4 guide region query size = 0.
[INFO DRT-0036] met5 guide region query size = 0.
[INFO DRT-0179] Init gr pin query.
[INFO DRT-0245] skipped writing guide updates to database.
[INFO DRT-0185] Post process initialize RPin region query.
[INFO DRT-0181] Start track assignment.
[INFO DRT-0184] Done with 1933 vertical wires in 1 frboxes and 1311 horizontal wires in 2 frboxes.
[INFO DRT-0186] Done with 213 vertical wires in 1 frboxes and 280 horizontal wires in 2 frboxes.
[INFO DRT-0182] Complete track assignment.
[INFO DRT-0267] cpu time = 00:00:01, elapsed time = 00:00:00, memory = 161.15 (MB), peak = 161.15 (MB)
[INFO DRT-0187] Start routing data preparation.
[INFO DRT-0267] cpu time = 00:00:00, elapsed time = 00:00:00, memory = 161.15 (MB), peak = 161.15 (MB)
[INFO DRT-0194] Start detail routing.
[INFO DRT-0195] Start 0th optimization iteration.
    Completing 10% with 0 violations.
    elapsed time = 00:00:00, memory = 187.03 (MB).
    Completing 20% with 0 violations.
    elapsed time = 00:00:00, memory = 200.52 (MB).
    Completing 30% with 22 violations.
    elapsed time = 00:00:00, memory = 219.69 (MB).
    Completing 40% with 22 violations.
    elapsed time = 00:00:01, memory = 219.69 (MB).
    Completing 50% with 22 violations.
    elapsed time = 00:00:01, memory = 224.00 (MB).
    Completing 60% with 22 violations.
    elapsed time = 00:00:01, memory = 219.93 (MB).
    Completing 70% with 53 violations.
    elapsed time = 00:00:02, memory = 223.72 (MB).
    Completing 80% with 53 violations.
    elapsed time = 00:00:02, memory = 233.59 (MB).
    Completing 90% with 63 violations.
    elapsed time = 00:00:03, memory = 234.36 (MB).
    Completing 100% with 80 violations.
    elapsed time = 00:00:03, memory = 234.36 (MB).
[INFO DRT-0199]   Number of violations = 127.
Viol/Layer         li1   met1   met2   met3   met4
Metal Spacing        1     10      2      4      1
Recheck              0     10      4      0     33
Short                0     52     10      0      0
[INFO DRT-0267] cpu time = 00:00:07, elapsed time = 00:00:03, memory = 540.23 (MB), peak = 552.21 (MB)
Total wire length = 78456 um.
Total wire length on LAYER li1 = 0 um.
Total wire length on LAYER met1 = 28685 um.
Total wire length on LAYER met2 = 46466 um.
Total wire length on LAYER met3 = 1305 um.
Total wire length on LAYER met4 = 1998 um.
Total wire length on LAYER met5 = 0 um.
Total number of vias = 2993.
Up-via summary (total 2993):

-----------------------
 FR_MASTERSLICE       0
            li1    1131
           met1    1777
           met2      57
           met3      28
           met4       0
-----------------------
                   2993


[INFO DRT-0195] Start 1st optimization iteration.
    Completing 10% with 127 violations.
    elapsed time = 00:00:00, memory = 540.23 (MB).
    Completing 20% with 127 violations.
    elapsed time = 00:00:00, memory = 540.23 (MB).
    Completing 30% with 104 violations.
    elapsed time = 00:00:01, memory = 540.23 (MB).
    Completing 40% with 104 violations.
    elapsed time = 00:00:01, memory = 540.23 (MB).
    Completing 50% with 104 violations.
    elapsed time = 00:00:01, memory = 540.23 (MB).
    Completing 60% with 104 violations.
    elapsed time = 00:00:01, memory = 540.23 (MB).
    Completing 70% with 81 violations.
    elapsed time = 00:00:02, memory = 540.23 (MB).
    Completing 80% with 81 violations.
    elapsed time = 00:00:02, memory = 540.23 (MB).
    Completing 90% with 45 violations.
    elapsed time = 00:00:02, memory = 540.23 (MB).
    Completing 100% with 25 violations.
    elapsed time = 00:00:03, memory = 540.23 (MB).
[INFO DRT-0199]   Number of violations = 25.
Viol/Layer        met1   met2
Metal Spacing        2      0
Short               17      6
[INFO DRT-0267] cpu time = 00:00:06, elapsed time = 00:00:03, memory = 543.53 (MB), peak = 555.21 (MB)
Total wire length = 78455 um.
Total wire length on LAYER li1 = 0 um.
Total wire length on LAYER met1 = 28685 um.
Total wire length on LAYER met2 = 46471 um.
Total wire length on LAYER met3 = 1292 um.
Total wire length on LAYER met4 = 2006 um.
Total wire length on LAYER met5 = 0 um.
Total number of vias = 2991.
Up-via summary (total 2991):

-----------------------
 FR_MASTERSLICE       0
            li1    1130
           met1    1771
           met2      62
           met3      28
           met4       0
-----------------------
                   2991


[INFO DRT-0195] Start 2nd optimization iteration.
    Completing 10% with 25 violations.
    elapsed time = 00:00:00, memory = 543.53 (MB).
    Completing 20% with 25 violations.
    elapsed time = 00:00:00, memory = 543.53 (MB).
    Completing 30% with 25 violations.
    elapsed time = 00:00:00, memory = 543.53 (MB).
    Completing 40% with 19 violations.
    elapsed time = 00:00:00, memory = 543.53 (MB).
    Completing 50% with 19 violations.
    elapsed time = 00:00:00, memory = 543.53 (MB).
    Completing 60% with 19 violations.
    elapsed time = 00:00:00, memory = 543.53 (MB).
    Completing 70% with 13 violations.
    elapsed time = 00:00:00, memory = 543.53 (MB).
    Completing 80% with 13 violations.
    elapsed time = 00:00:00, memory = 543.53 (MB).
    Completing 90% with 11 violations.
    elapsed time = 00:00:01, memory = 543.53 (MB).
    Completing 100% with 8 violations.
    elapsed time = 00:00:01, memory = 543.53 (MB).
[INFO DRT-0199]   Number of violations = 8.
Viol/Layer        met1   met2
Metal Spacing        1      2
Short                4      1
[INFO DRT-0267] cpu time = 00:00:02, elapsed time = 00:00:01, memory = 552.42 (MB), peak = 555.21 (MB)
Total wire length = 78422 um.
Total wire length on LAYER li1 = 0 um.
Total wire length on LAYER met1 = 28653 um.
Total wire length on LAYER met2 = 46476 um.
Total wire length on LAYER met3 = 1295 um.
Total wire length on LAYER met4 = 1996 um.
Total wire length on LAYER met5 = 0 um.
Total number of vias = 2980.
Up-via summary (total 2980):

-----------------------
 FR_MASTERSLICE       0
            li1    1130
           met1    1761
           met2      61
           met3      28
           met4       0
-----------------------
                   2980


[INFO DRT-0195] Start 3rd optimization iteration.
    Completing 10% with 8 violations.
    elapsed time = 00:00:00, memory = 552.42 (MB).
    Completing 20% with 8 violations.
    elapsed time = 00:00:00, memory = 552.42 (MB).
    Completing 30% with 8 violations.
    elapsed time = 00:00:00, memory = 552.42 (MB).
    Completing 40% with 8 violations.
    elapsed time = 00:00:00, memory = 552.42 (MB).
    Completing 50% with 8 violations.
    elapsed time = 00:00:00, memory = 552.42 (MB).
    Completing 60% with 8 violations.
    elapsed time = 00:00:00, memory = 552.42 (MB).
    Completing 70% with 6 violations.
    elapsed time = 00:00:00, memory = 540.59 (MB).
    Completing 80% with 6 violations.
    elapsed time = 00:00:00, memory = 540.59 (MB).
    Completing 90% with 4 violations.
    elapsed time = 00:00:00, memory = 540.59 (MB).
    Completing 100% with 0 violations.
    elapsed time = 00:00:00, memory = 540.59 (MB).
[INFO DRT-0199]   Number of violations = 0.
[INFO DRT-0267] cpu time = 00:00:01, elapsed time = 00:00:00, memory = 540.59 (MB), peak = 555.21 (MB)
Total wire length = 78418 um.
Total wire length on LAYER li1 = 0 um.
Total wire length on LAYER met1 = 28618 um.
Total wire length on LAYER met2 = 46479 um.
Total wire length on LAYER met3 = 1324 um.
Total wire length on LAYER met4 = 1996 um.
Total wire length on LAYER met5 = 0 um.
Total number of vias = 2993.
Up-via summary (total 2993):

-----------------------
 FR_MASTERSLICE       0
            li1    1130
           met1    1768
           met2      67
           met3      28
           met4       0
-----------------------
                   2993


[INFO DRT-0198] Complete detail routing.
Total wire length = 78418 um.
Total wire length on LAYER li1 = 0 um.
Total wire length on LAYER met1 = 28618 um.
Total wire length on LAYER met2 = 46479 um.
Total wire length on LAYER met3 = 1324 um.
Total wire length on LAYER met4 = 1996 um.
Total wire length on LAYER met5 = 0 um.
Total number of vias = 2993.
Up-via summary (total 2993):

-----------------------
 FR_MASTERSLICE       0
            li1    1130
           met1    1768
           met2      67
           met3      28
           met4       0
-----------------------
                   2993


[INFO DRT-0267] cpu time = 00:00:18, elapsed time = 00:00:09, memory = 540.59 (MB), peak = 555.21 (MB)

[INFO DRT-0180] Post processing.
Setting global connections for newly added cells…
Writing OpenROAD database to '/openlane/designs/alu/runs/RUN_2025.05.03_18.54.14/results/routing/alu.odb'…
Writing netlist to '/openlane/designs/alu/runs/RUN_2025.05.03_18.54.14/results/routing/alu.nl.v'…
Writing powered netlist to '/openlane/designs/alu/runs/RUN_2025.05.03_18.54.14/results/routing/alu.pnl.v'…
Writing layout to '/openlane/designs/alu/runs/RUN_2025.05.03_18.54.14/results/routing/alu.def'…
