OpenROAD b16bda7e82721d10566ff7e2b68f1ff0be9f9e38 
Features included (+) or not (-): +Charts +GPU +GUI +Python
This program is licensed under the BSD-3 license. See the LICENSE file for details.
Components of this program may be licensed under more restrictive licenses which must be honored.
define_corners Typical
read_liberty -corner Typical /root/.volare/sky130A/libs.ref/sky130_fd_sc_hd/lib/sky130_fd_sc_hd__tt_025C_1v80.lib
Using 1e-12 for capacitance...
Using 1e+03 for resistance...
Using 1e-09 for time...
Using 1e+00 for voltage...
Using 1e-03 for current...
Using 1e-09 for power...
Using 1e-06 for distance...
[INFO]: Reading ODB at '/openlane/designs/alu/runs/RUN_2025.05.03_18.54.14/results/routing/alu.odb'…
Reading design constraints file at '/openlane/scripts/base.sdc'…
[INFO]: Setting output delay to: 2.0
[INFO]: Setting input delay to: 2.0
[WARNING STA-0366] port '__VIRTUAL_CLK__' not found.
[INFO]: Setting load to: 0.033442
[INFO]: Setting clock uncertainty to: 0.25
[INFO]: Setting clock transition to: 0.15
[WARNING STA-0419] transition time can not be specified for virtual clocks.
[INFO]: Setting timing derate to: 5.0 %
Net: _099_
  Pin: rebuffer2/A (sky130_fd_sc_hd__dlygate4sd1_1)
    Layer: met2
      Partial area ratio:   13.28
      Required ratio:    0.00 (Gate area) 
      Partial area ratio:   66.63
      Required ratio: 3604.40 (Side area) 
      Cumulative area ratio:   50.90
      Required ratio:    0.00 (Cumulative area) 
      Cumulative area ratio:  256.30
      Required ratio:    0.00 (Cumulative side area) 

    Layer: met1
      Partial area ratio:   37.62
      Required ratio:    0.00 (Gate area) 
      Partial area ratio:  189.67
      Required ratio:  400.00 (Side area) 
      Cumulative area ratio:   37.62
      Required ratio:    0.00 (Cumulative area) 
      Cumulative area ratio:  189.67
      Required ratio:    0.00 (Cumulative side area) 

    Layer: li1
      Partial area ratio:    0.00
      Required ratio:    0.00 (Gate area) 
      Partial area ratio:    0.00
      Required ratio:   75.00 (Side area) 
      Cumulative area ratio:    0.00
      Required ratio:    0.00 (Cumulative area) 
      Cumulative area ratio:    0.00
      Required ratio:    0.00 (Cumulative side area) 

    Via: M1M2_PR
      Partial area ratio:    0.36
      Required ratio:    6.00 (Gate area) 
      Cumulative area ratio:    0.59
      Required ratio:    0.00 (Cumulative area) 

    Via: L1M1_PR_MR
      Partial area ratio:    0.23
      Required ratio:    3.00 (Gate area) 
      Cumulative area ratio:    0.23
      Required ratio:    0.00 (Cumulative area) 

  Pin: _419_/C (sky130_fd_sc_hd__nand4_4)
    Layer: met2
      Partial area ratio:   13.28
      Required ratio:    0.00 (Gate area) 
      Partial area ratio:   66.63
      Required ratio: 3604.40 (Side area) 
      Cumulative area ratio:  144.41
      Required ratio:    0.00 (Cumulative area) 
      Cumulative area ratio:  726.58
      Required ratio:    0.00 (Cumulative side area) 

    Layer: met1
      Partial area ratio:    0.22
      Required ratio:    0.00 (Gate area) 
      Partial area ratio:    1.29
      Required ratio:  400.00 (Side area) 
      Cumulative area ratio:    0.22
      Required ratio:    0.00 (Cumulative area) 
      Cumulative area ratio:    1.29
      Required ratio:    0.00 (Cumulative side area) 

    Layer: li1
      Partial area ratio:    0.00
      Required ratio:    0.00 (Gate area) 
      Partial area ratio:    0.00
      Required ratio:   75.00 (Side area) 
      Cumulative area ratio:    0.00
      Required ratio:    0.00 (Cumulative area) 
      Cumulative area ratio:    0.00
      Required ratio:    0.00 (Cumulative side area) 

    Via: M1M2_PR
      Partial area ratio:    0.02
      Required ratio:    6.00 (Gate area) 
      Cumulative area ratio:    0.05
      Required ratio:    0.00 (Cumulative area) 

    Via: L1M1_PR_MR
      Partial area ratio:    0.03
      Required ratio:    3.00 (Gate area) 
      Cumulative area ratio:    0.03
      Required ratio:    0.00 (Cumulative area) 

  Pin: rebuffer3/A (sky130_fd_sc_hd__dlygate4sd1_1)
    Layer: met2
      Partial area ratio:   13.28
      Required ratio:    0.00 (Gate area) 
      Partial area ratio:   66.63
      Required ratio: 3604.40 (Side area) 
      Cumulative area ratio:  144.20
      Required ratio:    0.00 (Cumulative area) 
      Cumulative area ratio:  725.29
      Required ratio:    0.00 (Cumulative side area) 

    Layer: met1
      Partial area ratio:   91.82
      Required ratio:    0.00 (Gate area) 
      Partial area ratio:  461.44
      Required ratio:  400.00 (Side area) (VIOLATED)
      Cumulative area ratio:   91.82
      Required ratio:    0.00 (Cumulative area) 
      Cumulative area ratio:  461.44
      Required ratio:    0.00 (Cumulative side area) 

    Layer: li1
      Partial area ratio:    0.00
      Required ratio:    0.00 (Gate area) 
      Partial area ratio:    0.00
      Required ratio:   75.00 (Side area) 
      Cumulative area ratio:    0.00
      Required ratio:    0.00 (Cumulative area) 
      Cumulative area ratio:    0.00
      Required ratio:    0.00 (Cumulative side area) 

    Via: M1M2_PR
      Partial area ratio:    0.36
      Required ratio:    6.00 (Gate area) 
      Cumulative area ratio:    0.59
      Required ratio:    0.00 (Cumulative area) 

    Via: L1M1_PR_MR
      Partial area ratio:    0.23
      Required ratio:    3.00 (Gate area) 
      Cumulative area ratio:    0.23
      Required ratio:    0.00 (Cumulative area) 

  Pin: _418_/B2 (sky130_fd_sc_hd__a22o_4)
    Layer: met2
      Partial area ratio:   13.28
      Required ratio:    0.00 (Gate area) 
      Partial area ratio:   66.63
      Required ratio: 3604.40 (Side area) 
      Cumulative area ratio:   52.37
      Required ratio:    0.00 (Cumulative area) 
      Cumulative area ratio:  263.85
      Required ratio:    0.00 (Cumulative side area) 

    Layer: met1
      Partial area ratio:    1.47
      Required ratio:    0.00 (Gate area) 
      Partial area ratio:    7.55
      Required ratio:  400.00 (Side area) 
      Cumulative area ratio:    1.47
      Required ratio:    0.00 (Cumulative area) 
      Cumulative area ratio:    7.55
      Required ratio:    0.00 (Cumulative side area) 

    Layer: li1
      Partial area ratio:    0.00
      Required ratio:    0.00 (Gate area) 
      Partial area ratio:    0.00
      Required ratio:   75.00 (Side area) 
      Cumulative area ratio:    0.00
      Required ratio:    0.00 (Cumulative area) 
      Cumulative area ratio:    0.00
      Required ratio:    0.00 (Cumulative side area) 

    Via: M1M2_PR
      Partial area ratio:    0.09
      Required ratio:    6.00 (Gate area) 
      Cumulative area ratio:    0.15
      Required ratio:    0.00 (Cumulative area) 

    Via: L1M1_PR_MR
      Partial area ratio:    0.06
      Required ratio:    3.00 (Gate area) 
      Cumulative area ratio:    0.06
      Required ratio:    0.00 (Cumulative area) 


Net: _172_
  Pin: _491_/B1 (sky130_fd_sc_hd__a21o_4)
    Layer: met4
      Partial area ratio:   39.75
      Required ratio:    0.00 (Gate area) 
      Partial area ratio:  212.95
      Required ratio: 2969.60 (Side area) 
      Cumulative area ratio:  143.52
      Required ratio:    0.00 (Cumulative area) 
      Cumulative area ratio:  764.50
      Required ratio:    0.00 (Cumulative side area) 

    Layer: met3
      Partial area ratio:   94.55
      Required ratio:    0.00 (Gate area) 
      Partial area ratio:  505.24
      Required ratio:  400.00 (Side area) (VIOLATED)
      Cumulative area ratio:  103.77
      Required ratio:    0.00 (Cumulative area) 
      Cumulative area ratio:  551.56
      Required ratio:    0.00 (Cumulative side area) 

    Layer: met2
      Partial area ratio:    9.22
      Required ratio:    0.00 (Gate area) 
      Partial area ratio:   46.31
      Required ratio:  400.00 (Side area) 
      Cumulative area ratio:    9.22
      Required ratio:    0.00 (Cumulative area) 
      Cumulative area ratio:   46.31
      Required ratio:    0.00 (Cumulative side area) 

    Layer: met1
      Partial area ratio:    0.00
      Required ratio:    0.00 (Gate area) 
      Partial area ratio:    0.00
      Required ratio:  400.00 (Side area) 
      Cumulative area ratio:    0.00
      Required ratio:    0.00 (Cumulative area) 
      Cumulative area ratio:    0.00
      Required ratio:    0.00 (Cumulative side area) 

    Layer: li1
      Partial area ratio:    0.00
      Required ratio:    0.00 (Gate area) 
      Partial area ratio:    0.00
      Required ratio:   75.00 (Side area) 
      Cumulative area ratio:    0.00
      Required ratio:    0.00 (Cumulative area) 
      Cumulative area ratio:    0.00
      Required ratio:    0.00 (Cumulative side area) 

    Via: M3M4_PR
      Partial area ratio:    0.08
      Required ratio:    6.00 (Gate area) 
      Cumulative area ratio:    0.27
      Required ratio:    0.00 (Cumulative area) 

    Via: M2M3_PR
      Partial area ratio:    0.08
      Required ratio:    6.00 (Gate area) 
      Cumulative area ratio:    0.18
      Required ratio:    0.00 (Cumulative area) 

    Via: M1M2_PR
      Partial area ratio:    0.05
      Required ratio:    6.00 (Gate area) 
      Cumulative area ratio:    0.10
      Required ratio:    0.00 (Cumulative area) 

    Via: L1M1_PR_MR
      Partial area ratio:    0.06
      Required ratio:    3.00 (Gate area) 
      Cumulative area ratio:    0.06
      Required ratio:    0.00 (Cumulative area) 


Net: _203_
  Pin: _328_/A_N (sky130_fd_sc_hd__and2b_1)
    Layer: met2
      Partial area ratio:   11.63
      Required ratio:    0.00 (Gate area) 
      Partial area ratio:   58.39
      Required ratio: 3236.16 (Side area) 
      Cumulative area ratio:   99.72
      Required ratio:    0.00 (Cumulative area) 
      Cumulative area ratio:  500.39
      Required ratio:    0.00 (Cumulative side area) 

    Layer: met1
      Partial area ratio:   88.09
      Required ratio:    0.00 (Gate area) 
      Partial area ratio:  442.00
      Required ratio:  400.00 (Side area) (VIOLATED)
      Cumulative area ratio:   88.09
      Required ratio:    0.00 (Cumulative area) 
      Cumulative area ratio:  442.00
      Required ratio:    0.00 (Cumulative side area) 

    Layer: li1
      Partial area ratio:    0.00
      Required ratio:    0.00 (Gate area) 
      Partial area ratio:    0.00
      Required ratio:   75.00 (Side area) 
      Cumulative area ratio:    0.00
      Required ratio:    0.00 (Cumulative area) 
      Cumulative area ratio:    0.00
      Required ratio:    0.00 (Cumulative side area) 

    Via: M1M2_PR
      Partial area ratio:    0.18
      Required ratio:    6.00 (Gate area) 
      Cumulative area ratio:    0.41
      Required ratio:    0.00 (Cumulative area) 

    Via: L1M1_PR_MR
      Partial area ratio:    0.23
      Required ratio:    3.00 (Gate area) 
      Cumulative area ratio:    0.23
      Required ratio:    0.00 (Cumulative area) 

  Pin: _403_/B1 (sky130_fd_sc_hd__a21oi_2)
    Layer: met2
      Partial area ratio:   11.63
      Required ratio:    0.00 (Gate area) 
      Partial area ratio:   58.39
      Required ratio: 3236.16 (Side area) 
      Cumulative area ratio:   12.71
      Required ratio:    0.00 (Cumulative area) 
      Cumulative area ratio:   63.99
      Required ratio:    0.00 (Cumulative side area) 

    Layer: met1
      Partial area ratio:    1.08
      Required ratio:    0.00 (Gate area) 
      Partial area ratio:    5.60
      Required ratio:  400.00 (Side area) 
      Cumulative area ratio:    1.08
      Required ratio:    0.00 (Cumulative area) 
      Cumulative area ratio:    5.60
      Required ratio:    0.00 (Cumulative side area) 

    Layer: li1
      Partial area ratio:    0.00
      Required ratio:    0.00 (Gate area) 
      Partial area ratio:    0.00
      Required ratio:   75.00 (Side area) 
      Cumulative area ratio:    0.00
      Required ratio:    0.00 (Cumulative area) 
      Cumulative area ratio:    0.00
      Required ratio:    0.00 (Cumulative side area) 

    Via: M1M2_PR
      Partial area ratio:    0.05
      Required ratio:    6.00 (Gate area) 
      Cumulative area ratio:    0.10
      Required ratio:    0.00 (Cumulative area) 

    Via: L1M1_PR_MR
      Partial area ratio:    0.06
      Required ratio:    3.00 (Gate area) 
      Cumulative area ratio:    0.06
      Required ratio:    0.00 (Cumulative area) 

  Pin: _274_/B (sky130_fd_sc_hd__nor2_2)
    Layer: met2
      Partial area ratio:   11.63
      Required ratio:    0.00 (Gate area) 
      Partial area ratio:   58.39
      Required ratio: 3236.16 (Side area) 
      Cumulative area ratio:   78.83
      Required ratio:    0.00 (Cumulative area) 
      Cumulative area ratio:  397.56
      Required ratio:    0.00 (Cumulative side area) 

    Layer: met1
      Partial area ratio:    6.95
      Required ratio:    0.00 (Gate area) 
      Partial area ratio:   35.33
      Required ratio:  400.00 (Side area) 
      Cumulative area ratio:    6.95
      Required ratio:    0.00 (Cumulative area) 
      Cumulative area ratio:   35.33
      Required ratio:    0.00 (Cumulative side area) 

    Layer: li1
      Partial area ratio:    0.00
      Required ratio:    0.00 (Gate area) 
      Partial area ratio:    0.00
      Required ratio:   75.00 (Side area) 
      Cumulative area ratio:    0.00
      Required ratio:    0.00 (Cumulative area) 
      Cumulative area ratio:    0.00
      Required ratio:    0.00 (Cumulative side area) 

    Via: M1M2_PR
      Partial area ratio:    0.09
      Required ratio:    6.00 (Gate area) 
      Cumulative area ratio:    0.15
      Required ratio:    0.00 (Cumulative area) 

    Via: L1M1_PR_MR
      Partial area ratio:    0.06
      Required ratio:    3.00 (Gate area) 
      Cumulative area ratio:    0.06
      Required ratio:    0.00 (Cumulative area) 

  Pin: _486_/B1 (sky130_fd_sc_hd__a21oi_4)
    Layer: met2
      Partial area ratio:   11.63
      Required ratio:    0.00 (Gate area) 
      Partial area ratio:   58.39
      Required ratio: 3236.16 (Side area) 
      Cumulative area ratio:   78.83
      Required ratio:    0.00 (Cumulative area) 
      Cumulative area ratio:  397.56
      Required ratio:    0.00 (Cumulative side area) 

    Layer: met1
      Partial area ratio:    0.00
      Required ratio:    0.00 (Gate area) 
      Partial area ratio:    0.00
      Required ratio:  400.00 (Side area) 
      Cumulative area ratio:    0.00
      Required ratio:    0.00 (Cumulative area) 
      Cumulative area ratio:    0.00
      Required ratio:    0.00 (Cumulative side area) 

    Layer: li1
      Partial area ratio:    0.00
      Required ratio:    0.00 (Gate area) 
      Partial area ratio:    0.00
      Required ratio:   75.00 (Side area) 
      Cumulative area ratio:    0.00
      Required ratio:    0.00 (Cumulative area) 
      Cumulative area ratio:    0.00
      Required ratio:    0.00 (Cumulative side area) 

    Via: M1M2_PR
      Partial area ratio:    0.02
      Required ratio:    6.00 (Gate area) 
      Cumulative area ratio:    0.05
      Required ratio:    0.00 (Cumulative area) 

    Via: L1M1_PR_MR
      Partial area ratio:    0.03
      Required ratio:    3.00 (Gate area) 
      Cumulative area ratio:    0.03
      Required ratio:    0.00 (Cumulative area) 

  Pin: _294_/A (sky130_fd_sc_hd__nor2_1)
    Layer: met2
      Partial area ratio:   11.63
      Required ratio:    0.00 (Gate area) 
      Partial area ratio:   58.39
      Required ratio: 3236.16 (Side area) 
      Cumulative area ratio:   71.88
      Required ratio:    0.00 (Cumulative area) 
      Cumulative area ratio:  362.23
      Required ratio:    0.00 (Cumulative side area) 

    Layer: met1
      Partial area ratio:    0.00
      Required ratio:    0.00 (Gate area) 
      Partial area ratio:    0.00
      Required ratio:  400.00 (Side area) 
      Cumulative area ratio:    0.00
      Required ratio:    0.00 (Cumulative area) 
      Cumulative area ratio:    0.00
      Required ratio:    0.00 (Cumulative side area) 

    Layer: li1
      Partial area ratio:    0.00
      Required ratio:    0.00 (Gate area) 
      Partial area ratio:    0.00
      Required ratio:   75.00 (Side area) 
      Cumulative area ratio:    0.00
      Required ratio:    0.00 (Cumulative area) 
      Cumulative area ratio:    0.00
      Required ratio:    0.00 (Cumulative side area) 

    Via: M1M2_PR
      Partial area ratio:    0.09
      Required ratio:    6.00 (Gate area) 
      Cumulative area ratio:    0.21
      Required ratio:    0.00 (Cumulative area) 

    Via: L1M1_PR_MR
      Partial area ratio:    0.12
      Required ratio:    3.00 (Gate area) 
      Cumulative area ratio:    0.12
      Required ratio:    0.00 (Cumulative area) 

  Pin: _361_/B1 (sky130_fd_sc_hd__a21oi_1)
    Layer: met2
      Partial area ratio:   11.63
      Required ratio:    0.00 (Gate area) 
      Partial area ratio:   58.39
      Required ratio: 3236.16 (Side area) 
      Cumulative area ratio:   71.88
      Required ratio:    0.00 (Cumulative area) 
      Cumulative area ratio:  362.23
      Required ratio:    0.00 (Cumulative side area) 

    Layer: met1
      Partial area ratio:   37.14
      Required ratio:    0.00 (Gate area) 
      Partial area ratio:  187.68
      Required ratio:  400.00 (Side area) 
      Cumulative area ratio:   37.14
      Required ratio:    0.00 (Cumulative area) 
      Cumulative area ratio:  187.68
      Required ratio:    0.00 (Cumulative side area) 

    Layer: li1
      Partial area ratio:    0.00
      Required ratio:    0.00 (Gate area) 
      Partial area ratio:    0.00
      Required ratio:   75.00 (Side area) 
      Cumulative area ratio:    0.00
      Required ratio:    0.00 (Cumulative area) 
      Cumulative area ratio:    0.00
      Required ratio:    0.00 (Cumulative side area) 

    Via: M1M2_PR
      Partial area ratio:    0.18
      Required ratio:    6.00 (Gate area) 
      Cumulative area ratio:    0.30
      Required ratio:    0.00 (Cumulative area) 

    Via: L1M1_PR_MR
      Partial area ratio:    0.12
      Required ratio:    3.00 (Gate area) 
      Cumulative area ratio:    0.12
      Required ratio:    0.00 (Cumulative area) 

  Pin: _445_/B1 (sky130_fd_sc_hd__a21oi_2)
    Layer: met2
      Partial area ratio:   11.63
      Required ratio:    0.00 (Gate area) 
      Partial area ratio:   58.39
      Required ratio: 3236.16 (Side area) 
      Cumulative area ratio:   34.74
      Required ratio:    0.00 (Cumulative area) 
      Cumulative area ratio:  174.55
      Required ratio:    0.00 (Cumulative side area) 

    Layer: met1
      Partial area ratio:   23.11
      Required ratio:    0.00 (Gate area) 
      Partial area ratio:  116.16
      Required ratio:  400.00 (Side area) 
      Cumulative area ratio:   23.11
      Required ratio:    0.00 (Cumulative area) 
      Cumulative area ratio:  116.16
      Required ratio:    0.00 (Cumulative side area) 

    Layer: li1
      Partial area ratio:    0.00
      Required ratio:    0.00 (Gate area) 
      Partial area ratio:    0.00
      Required ratio:   75.00 (Side area) 
      Cumulative area ratio:    0.00
      Required ratio:    0.00 (Cumulative area) 
      Cumulative area ratio:    0.00
      Required ratio:    0.00 (Cumulative side area) 

    Via: M1M2_PR
      Partial area ratio:    0.09
      Required ratio:    6.00 (Gate area) 
      Cumulative area ratio:    0.15
      Required ratio:    0.00 (Cumulative area) 

    Via: L1M1_PR_MR
      Partial area ratio:    0.06
      Required ratio:    3.00 (Gate area) 
      Cumulative area ratio:    0.06
      Required ratio:    0.00 (Cumulative area) 


[INFO ANT-0002] Found 3 net violations.
[INFO ANT-0001] Found 3 pin violations.
