
===========================================================================
report_checks -path_delay max (Setup)
============================================================================
======================= Typical Corner ===================================

Startpoint: b[0] (input port clocked by __VIRTUAL_CLK__)
Endpoint: z[7] (output port clocked by __VIRTUAL_CLK__)
Path Group: __VIRTUAL_CLK__
Path Type: max

Fanout     Cap    Slew   Delay    Time   Description
-----------------------------------------------------------------------------
                  0.00    0.00    0.00   clock __VIRTUAL_CLK__ (rise edge)
                          0.00    0.00   clock network delay (ideal)
                          2.00    2.00 ^ input external delay
     3    0.01    0.04    0.02    2.02 ^ b[0] (in)
                                         b[0] (net)
                  0.04    0.00    2.02 ^ _243_/A (sky130_fd_sc_hd__buf_1)
    10    0.03    0.37    0.32    2.34 ^ _243_/X (sky130_fd_sc_hd__buf_1)
                                         _174_ (net)
                  0.37    0.00    2.34 ^ _244_/A (sky130_fd_sc_hd__buf_1)
    10    0.03    0.37    0.37    2.71 ^ _244_/X (sky130_fd_sc_hd__buf_1)
                                         _175_ (net)
                  0.37    0.00    2.71 ^ _416_/A (sky130_fd_sc_hd__nand4_2)
     4    0.01    0.17    0.19    2.91 v _416_/Y (sky130_fd_sc_hd__nand4_2)
                                         _099_ (net)
                  0.17    0.00    2.91 v _418_/B1 (sky130_fd_sc_hd__a22o_2)
     2    0.01    0.05    0.28    3.18 v _418_/X (sky130_fd_sc_hd__a22o_2)
                                         _101_ (net)
                  0.05    0.00    3.18 v _422_/A1 (sky130_fd_sc_hd__a21o_2)
     2    0.01    0.04    0.21    3.39 v _422_/X (sky130_fd_sc_hd__a21o_2)
                                         _105_ (net)
                  0.04    0.00    3.39 v _426_/A2 (sky130_fd_sc_hd__a21o_2)
     2    0.01    0.04    0.23    3.62 v _426_/X (sky130_fd_sc_hd__a21o_2)
                                         _109_ (net)
                  0.04    0.00    3.62 v _430_/A1 (sky130_fd_sc_hd__a21o_2)
     2    0.01    0.04    0.20    3.82 v _430_/X (sky130_fd_sc_hd__a21o_2)
                                         _113_ (net)
                  0.04    0.00    3.82 v _432_/A2 (sky130_fd_sc_hd__a21o_2)
     2    0.01    0.04    0.23    4.05 v _432_/X (sky130_fd_sc_hd__a21o_2)
                                         _115_ (net)
                  0.04    0.00    4.05 v _434_/A2 (sky130_fd_sc_hd__a21o_2)
     2    0.00    0.04    0.22    4.26 v _434_/X (sky130_fd_sc_hd__a21o_2)
                                         _117_ (net)
                  0.04    0.00    4.26 v _436_/A2 (sky130_fd_sc_hd__a21bo_2)
     2    0.00    0.04    0.22    4.48 v _436_/X (sky130_fd_sc_hd__a21bo_2)
                                         _119_ (net)
                  0.04    0.00    4.48 v _457_/A2 (sky130_fd_sc_hd__a21o_2)
     2    0.01    0.04    0.22    4.71 v _457_/X (sky130_fd_sc_hd__a21o_2)
                                         _139_ (net)
                  0.04    0.00    4.71 v _485_/A1 (sky130_fd_sc_hd__o21a_2)
     1    0.00    0.03    0.21    4.91 v _485_/X (sky130_fd_sc_hd__o21a_2)
                                         _167_ (net)
                  0.03    0.00    4.91 v _490_/A2 (sky130_fd_sc_hd__a21o_2)
     1    0.00    0.03    0.20    5.12 v _490_/X (sky130_fd_sc_hd__a21o_2)
                                         _172_ (net)
                  0.03    0.00    5.12 v _491_/B1 (sky130_fd_sc_hd__a21o_2)
     1    0.03    0.10    0.27    5.39 v _491_/X (sky130_fd_sc_hd__a21o_2)
                                         z[7] (net)
                  0.10    0.00    5.39 v z[7] (out)
                                  5.39   data arrival time

                  0.00   10.00   10.00   clock __VIRTUAL_CLK__ (rise edge)
                          0.00   10.00   clock network delay (ideal)
                         -0.25    9.75   clock uncertainty
                          0.00    9.75   clock reconvergence pessimism
                         -2.00    7.75   output external delay
                                  7.75   data required time
-----------------------------------------------------------------------------
                                  7.75   data required time
                                 -5.39   data arrival time
-----------------------------------------------------------------------------
                                  2.36   slack (MET)


Startpoint: b[0] (input port clocked by __VIRTUAL_CLK__)
Endpoint: z[6] (output port clocked by __VIRTUAL_CLK__)
Path Group: __VIRTUAL_CLK__
Path Type: max

Fanout     Cap    Slew   Delay    Time   Description
-----------------------------------------------------------------------------
                  0.00    0.00    0.00   clock __VIRTUAL_CLK__ (rise edge)
                          0.00    0.00   clock network delay (ideal)
                          2.00    2.00 ^ input external delay
     3    0.01    0.04    0.02    2.02 ^ b[0] (in)
                                         b[0] (net)
                  0.04    0.00    2.02 ^ _243_/A (sky130_fd_sc_hd__buf_1)
    10    0.03    0.37    0.32    2.34 ^ _243_/X (sky130_fd_sc_hd__buf_1)
                                         _174_ (net)
                  0.37    0.00    2.34 ^ _244_/A (sky130_fd_sc_hd__buf_1)
    10    0.03    0.37    0.37    2.71 ^ _244_/X (sky130_fd_sc_hd__buf_1)
                                         _175_ (net)
                  0.37    0.00    2.71 ^ _416_/A (sky130_fd_sc_hd__nand4_2)
     4    0.01    0.17    0.19    2.91 v _416_/Y (sky130_fd_sc_hd__nand4_2)
                                         _099_ (net)
                  0.17    0.00    2.91 v _418_/B1 (sky130_fd_sc_hd__a22o_2)
     2    0.01    0.05    0.28    3.18 v _418_/X (sky130_fd_sc_hd__a22o_2)
                                         _101_ (net)
                  0.05    0.00    3.18 v _422_/A1 (sky130_fd_sc_hd__a21o_2)
     2    0.01    0.04    0.21    3.39 v _422_/X (sky130_fd_sc_hd__a21o_2)
                                         _105_ (net)
                  0.04    0.00    3.39 v _426_/A2 (sky130_fd_sc_hd__a21o_2)
     2    0.01    0.04    0.23    3.62 v _426_/X (sky130_fd_sc_hd__a21o_2)
                                         _109_ (net)
                  0.04    0.00    3.62 v _430_/A1 (sky130_fd_sc_hd__a21o_2)
     2    0.01    0.04    0.20    3.82 v _430_/X (sky130_fd_sc_hd__a21o_2)
                                         _113_ (net)
                  0.04    0.00    3.82 v _432_/A2 (sky130_fd_sc_hd__a21o_2)
     2    0.01    0.04    0.23    4.05 v _432_/X (sky130_fd_sc_hd__a21o_2)
                                         _115_ (net)
                  0.04    0.00    4.05 v _434_/A2 (sky130_fd_sc_hd__a21o_2)
     2    0.00    0.04    0.22    4.26 v _434_/X (sky130_fd_sc_hd__a21o_2)
                                         _117_ (net)
                  0.04    0.00    4.26 v _436_/A2 (sky130_fd_sc_hd__a21bo_2)
     2    0.00    0.04    0.22    4.48 v _436_/X (sky130_fd_sc_hd__a21bo_2)
                                         _119_ (net)
                  0.04    0.00    4.48 v _437_/B (sky130_fd_sc_hd__and2b_2)
     2    0.01    0.05    0.21    4.69 v _437_/X (sky130_fd_sc_hd__and2b_2)
                                         _120_ (net)
                  0.05    0.00    4.69 v _439_/A2 (sky130_fd_sc_hd__o21a_2)
     1    0.00    0.03    0.19    4.88 v _439_/X (sky130_fd_sc_hd__o21a_2)
                                         _122_ (net)
                  0.03    0.00    4.88 v _450_/A2 (sky130_fd_sc_hd__a21o_2)
     1    0.03    0.10    0.29    5.17 v _450_/X (sky130_fd_sc_hd__a21o_2)
                                         z[6] (net)
                  0.10    0.00    5.17 v z[6] (out)
                                  5.17   data arrival time

                  0.00   10.00   10.00   clock __VIRTUAL_CLK__ (rise edge)
                          0.00   10.00   clock network delay (ideal)
                         -0.25    9.75   clock uncertainty
                          0.00    9.75   clock reconvergence pessimism
                         -2.00    7.75   output external delay
                                  7.75   data required time
-----------------------------------------------------------------------------
                                  7.75   data required time
                                 -5.17   data arrival time
-----------------------------------------------------------------------------
                                  2.58   slack (MET)


Startpoint: c[1] (input port clocked by __VIRTUAL_CLK__)
Endpoint: z[5] (output port clocked by __VIRTUAL_CLK__)
Path Group: __VIRTUAL_CLK__
Path Type: max

Fanout     Cap    Slew   Delay    Time   Description
-----------------------------------------------------------------------------
                  0.00    0.00    0.00   clock __VIRTUAL_CLK__ (rise edge)
                          0.00    0.00   clock network delay (ideal)
                          2.00    2.00 ^ input external delay
     7    0.02    0.08    0.06    2.06 ^ c[1] (in)
                                         c[1] (net)
                  0.08    0.00    2.06 ^ _259_/C_N (sky130_fd_sc_hd__or3b_2)
     1    0.00    0.07    0.45    2.51 v _259_/X (sky130_fd_sc_hd__or3b_2)
                                         _189_ (net)
                  0.07    0.00    2.51 v _260_/A (sky130_fd_sc_hd__buf_1)
     8    0.02    0.13    0.19    2.71 v _260_/X (sky130_fd_sc_hd__buf_1)
                                         _190_ (net)
                  0.13    0.00    2.71 v _261_/C (sky130_fd_sc_hd__and3_2)
     2    0.01    0.05    0.26    2.97 v _261_/X (sky130_fd_sc_hd__and3_2)
                                         _191_ (net)
                  0.05    0.00    2.97 v _264_/A (sky130_fd_sc_hd__or3b_2)
     4    0.01    0.12    0.54    3.51 v _264_/X (sky130_fd_sc_hd__or3b_2)
                                         _194_ (net)
                  0.12    0.00    3.51 v _302_/A1 (sky130_fd_sc_hd__a21bo_2)
     3    0.01    0.05    0.25    3.76 v _302_/X (sky130_fd_sc_hd__a21bo_2)
                                         _231_ (net)
                  0.05    0.00    3.76 v _326_/A2 (sky130_fd_sc_hd__a21o_2)
     3    0.01    0.05    0.24    3.99 v _326_/X (sky130_fd_sc_hd__a21o_2)
                                         _012_ (net)
                  0.05    0.00    3.99 v _341_/A2 (sky130_fd_sc_hd__a21o_2)
     3    0.01    0.05    0.24    4.23 v _341_/X (sky130_fd_sc_hd__a21o_2)
                                         _026_ (net)
                  0.05    0.00    4.23 v _400_/A2 (sky130_fd_sc_hd__a21oi_2)
     3    0.01    0.17    0.20    4.43 ^ _400_/Y (sky130_fd_sc_hd__a21oi_2)
                                         _084_ (net)
                  0.17    0.00    4.43 ^ _402_/A (sky130_fd_sc_hd__nor2_2)
     1    0.00    0.04    0.06    4.48 v _402_/Y (sky130_fd_sc_hd__nor2_2)
                                         _086_ (net)
                  0.04    0.00    4.48 v _407_/A2 (sky130_fd_sc_hd__a211o_2)
     1    0.00    0.04    0.33    4.81 v _407_/X (sky130_fd_sc_hd__a211o_2)
                                         _091_ (net)
                  0.04    0.00    4.81 v _408_/B1 (sky130_fd_sc_hd__a21o_2)
     1    0.03    0.10    0.27    5.09 v _408_/X (sky130_fd_sc_hd__a21o_2)
                                         z[5] (net)
                  0.10    0.00    5.09 v z[5] (out)
                                  5.09   data arrival time

                  0.00   10.00   10.00   clock __VIRTUAL_CLK__ (rise edge)
                          0.00   10.00   clock network delay (ideal)
                         -0.25    9.75   clock uncertainty
                          0.00    9.75   clock reconvergence pessimism
                         -2.00    7.75   output external delay
                                  7.75   data required time
-----------------------------------------------------------------------------
                                  7.75   data required time
                                 -5.09   data arrival time
-----------------------------------------------------------------------------
                                  2.66   slack (MET)


Startpoint: c[1] (input port clocked by __VIRTUAL_CLK__)
Endpoint: z[4] (output port clocked by __VIRTUAL_CLK__)
Path Group: __VIRTUAL_CLK__
Path Type: max

Fanout     Cap    Slew   Delay    Time   Description
-----------------------------------------------------------------------------
                  0.00    0.00    0.00   clock __VIRTUAL_CLK__ (rise edge)
                          0.00    0.00   clock network delay (ideal)
                          2.00    2.00 ^ input external delay
     7    0.02    0.08    0.06    2.06 ^ c[1] (in)
                                         c[1] (net)
                  0.08    0.00    2.06 ^ _259_/C_N (sky130_fd_sc_hd__or3b_2)
     1    0.00    0.07    0.45    2.51 v _259_/X (sky130_fd_sc_hd__or3b_2)
                                         _189_ (net)
                  0.07    0.00    2.51 v _260_/A (sky130_fd_sc_hd__buf_1)
     8    0.02    0.13    0.19    2.71 v _260_/X (sky130_fd_sc_hd__buf_1)
                                         _190_ (net)
                  0.13    0.00    2.71 v _261_/C (sky130_fd_sc_hd__and3_2)
     2    0.01    0.05    0.26    2.97 v _261_/X (sky130_fd_sc_hd__and3_2)
                                         _191_ (net)
                  0.05    0.00    2.97 v _264_/A (sky130_fd_sc_hd__or3b_2)
     4    0.01    0.12    0.54    3.51 v _264_/X (sky130_fd_sc_hd__or3b_2)
                                         _194_ (net)
                  0.12    0.00    3.51 v _302_/A1 (sky130_fd_sc_hd__a21bo_2)
     3    0.01    0.05    0.25    3.76 v _302_/X (sky130_fd_sc_hd__a21bo_2)
                                         _231_ (net)
                  0.05    0.00    3.76 v _326_/A2 (sky130_fd_sc_hd__a21o_2)
     3    0.01    0.05    0.24    3.99 v _326_/X (sky130_fd_sc_hd__a21o_2)
                                         _012_ (net)
                  0.05    0.00    3.99 v _341_/A2 (sky130_fd_sc_hd__a21o_2)
     3    0.01    0.05    0.24    4.23 v _341_/X (sky130_fd_sc_hd__a21o_2)
                                         _026_ (net)
                  0.05    0.00    4.23 v _366_/A2 (sky130_fd_sc_hd__a31o_2)
     1    0.03    0.11    0.32    4.56 v _366_/X (sky130_fd_sc_hd__a31o_2)
                                         z[4] (net)
                  0.11    0.00    4.56 v z[4] (out)
                                  4.56   data arrival time

                  0.00   10.00   10.00   clock __VIRTUAL_CLK__ (rise edge)
                          0.00   10.00   clock network delay (ideal)
                         -0.25    9.75   clock uncertainty
                          0.00    9.75   clock reconvergence pessimism
                         -2.00    7.75   output external delay
                                  7.75   data required time
-----------------------------------------------------------------------------
                                  7.75   data required time
                                 -4.56   data arrival time
-----------------------------------------------------------------------------
                                  3.19   slack (MET)


Startpoint: c[1] (input port clocked by __VIRTUAL_CLK__)
Endpoint: z[3] (output port clocked by __VIRTUAL_CLK__)
Path Group: __VIRTUAL_CLK__
Path Type: max

Fanout     Cap    Slew   Delay    Time   Description
-----------------------------------------------------------------------------
                  0.00    0.00    0.00   clock __VIRTUAL_CLK__ (rise edge)
                          0.00    0.00   clock network delay (ideal)
                          2.00    2.00 ^ input external delay
     7    0.02    0.08    0.06    2.06 ^ c[1] (in)
                                         c[1] (net)
                  0.08    0.00    2.06 ^ _259_/C_N (sky130_fd_sc_hd__or3b_2)
     1    0.00    0.07    0.45    2.51 v _259_/X (sky130_fd_sc_hd__or3b_2)
                                         _189_ (net)
                  0.07    0.00    2.51 v _260_/A (sky130_fd_sc_hd__buf_1)
     8    0.02    0.13    0.19    2.71 v _260_/X (sky130_fd_sc_hd__buf_1)
                                         _190_ (net)
                  0.13    0.00    2.71 v _261_/C (sky130_fd_sc_hd__and3_2)
     2    0.01    0.05    0.26    2.97 v _261_/X (sky130_fd_sc_hd__and3_2)
                                         _191_ (net)
                  0.05    0.00    2.97 v _264_/A (sky130_fd_sc_hd__or3b_2)
     4    0.01    0.12    0.54    3.51 v _264_/X (sky130_fd_sc_hd__or3b_2)
                                         _194_ (net)
                  0.12    0.00    3.51 v _302_/A1 (sky130_fd_sc_hd__a21bo_2)
     3    0.01    0.05    0.25    3.76 v _302_/X (sky130_fd_sc_hd__a21bo_2)
                                         _231_ (net)
                  0.05    0.00    3.76 v _326_/A2 (sky130_fd_sc_hd__a21o_2)
     3    0.01    0.05    0.24    3.99 v _326_/X (sky130_fd_sc_hd__a21o_2)
                                         _012_ (net)
                  0.05    0.00    3.99 v _332_/A3 (sky130_fd_sc_hd__a31o_2)
     1    0.00    0.04    0.25    4.24 v _332_/X (sky130_fd_sc_hd__a31o_2)
                                         _018_ (net)
                  0.04    0.00    4.24 v _333_/B1 (sky130_fd_sc_hd__a31o_2)
     1    0.03    0.11    0.30    4.54 v _333_/X (sky130_fd_sc_hd__a31o_2)
                                         z[3] (net)
                  0.11    0.00    4.54 v z[3] (out)
                                  4.54   data arrival time

                  0.00   10.00   10.00   clock __VIRTUAL_CLK__ (rise edge)
                          0.00   10.00   clock network delay (ideal)
                         -0.25    9.75   clock uncertainty
                          0.00    9.75   clock reconvergence pessimism
                         -2.00    7.75   output external delay
                                  7.75   data required time
-----------------------------------------------------------------------------
                                  7.75   data required time
                                 -4.54   data arrival time
-----------------------------------------------------------------------------
                                  3.21   slack (MET)


Startpoint: c[1] (input port clocked by __VIRTUAL_CLK__)
Endpoint: z[2] (output port clocked by __VIRTUAL_CLK__)
Path Group: __VIRTUAL_CLK__
Path Type: max

Fanout     Cap    Slew   Delay    Time   Description
-----------------------------------------------------------------------------
                  0.00    0.00    0.00   clock __VIRTUAL_CLK__ (rise edge)
                          0.00    0.00   clock network delay (ideal)
                          2.00    2.00 ^ input external delay
     7    0.02    0.08    0.06    2.06 ^ c[1] (in)
                                         c[1] (net)
                  0.08    0.00    2.06 ^ _259_/C_N (sky130_fd_sc_hd__or3b_2)
     1    0.00    0.07    0.45    2.51 v _259_/X (sky130_fd_sc_hd__or3b_2)
                                         _189_ (net)
                  0.07    0.00    2.51 v _260_/A (sky130_fd_sc_hd__buf_1)
     8    0.02    0.13    0.19    2.71 v _260_/X (sky130_fd_sc_hd__buf_1)
                                         _190_ (net)
                  0.13    0.00    2.71 v _261_/C (sky130_fd_sc_hd__and3_2)
     2    0.01    0.05    0.26    2.97 v _261_/X (sky130_fd_sc_hd__and3_2)
                                         _191_ (net)
                  0.05    0.00    2.97 v _264_/A (sky130_fd_sc_hd__or3b_2)
     4    0.01    0.12    0.54    3.51 v _264_/X (sky130_fd_sc_hd__or3b_2)
                                         _194_ (net)
                  0.12    0.00    3.51 v _266_/B (sky130_fd_sc_hd__nand3b_2)
     3    0.01    0.09    0.13    3.64 ^ _266_/Y (sky130_fd_sc_hd__nand3b_2)
                                         _196_ (net)
                  0.09    0.00    3.64 ^ _301_/B (sky130_fd_sc_hd__nand2_2)
     1    0.00    0.03    0.05    3.69 v _301_/Y (sky130_fd_sc_hd__nand2_2)
                                         _230_ (net)
                  0.03    0.00    3.69 v _303_/A2 (sky130_fd_sc_hd__o211a_2)
     1    0.00    0.04    0.23    3.92 v _303_/X (sky130_fd_sc_hd__o211a_2)
                                         _232_ (net)
                  0.04    0.00    3.92 v _304_/C1 (sky130_fd_sc_hd__a211o_2)
     1    0.03    0.12    0.37    4.30 v _304_/X (sky130_fd_sc_hd__a211o_2)
                                         z[2] (net)
                  0.12    0.00    4.30 v z[2] (out)
                                  4.30   data arrival time

                  0.00   10.00   10.00   clock __VIRTUAL_CLK__ (rise edge)
                          0.00   10.00   clock network delay (ideal)
                         -0.25    9.75   clock uncertainty
                          0.00    9.75   clock reconvergence pessimism
                         -2.00    7.75   output external delay
                                  7.75   data required time
-----------------------------------------------------------------------------
                                  7.75   data required time
                                 -4.30   data arrival time
-----------------------------------------------------------------------------
                                  3.45   slack (MET)


Startpoint: c[1] (input port clocked by __VIRTUAL_CLK__)
Endpoint: z[1] (output port clocked by __VIRTUAL_CLK__)
Path Group: __VIRTUAL_CLK__
Path Type: max

Fanout     Cap    Slew   Delay    Time   Description
-----------------------------------------------------------------------------
                  0.00    0.00    0.00   clock __VIRTUAL_CLK__ (rise edge)
                          0.00    0.00   clock network delay (ideal)
                          2.00    2.00 ^ input external delay
     7    0.02    0.08    0.06    2.06 ^ c[1] (in)
                                         c[1] (net)
                  0.08    0.00    2.06 ^ _259_/C_N (sky130_fd_sc_hd__or3b_2)
     1    0.00    0.07    0.45    2.51 v _259_/X (sky130_fd_sc_hd__or3b_2)
                                         _189_ (net)
                  0.07    0.00    2.51 v _260_/A (sky130_fd_sc_hd__buf_1)
     8    0.02    0.13    0.19    2.71 v _260_/X (sky130_fd_sc_hd__buf_1)
                                         _190_ (net)
                  0.13    0.00    2.71 v _261_/C (sky130_fd_sc_hd__and3_2)
     2    0.01    0.05    0.26    2.97 v _261_/X (sky130_fd_sc_hd__and3_2)
                                         _191_ (net)
                  0.05    0.00    2.97 v _264_/A (sky130_fd_sc_hd__or3b_2)
     4    0.01    0.12    0.54    3.51 v _264_/X (sky130_fd_sc_hd__or3b_2)
                                         _194_ (net)
                  0.12    0.00    3.51 v _269_/A1 (sky130_fd_sc_hd__a21bo_2)
     1    0.00    0.03    0.22    3.73 v _269_/X (sky130_fd_sc_hd__a21bo_2)
                                         _199_ (net)
                  0.03    0.00    3.73 v _281_/A3 (sky130_fd_sc_hd__a31o_2)
     1    0.03    0.11    0.33    4.06 v _281_/X (sky130_fd_sc_hd__a31o_2)
                                         z[1] (net)
                  0.11    0.00    4.06 v z[1] (out)
                                  4.06   data arrival time

                  0.00   10.00   10.00   clock __VIRTUAL_CLK__ (rise edge)
                          0.00   10.00   clock network delay (ideal)
                         -0.25    9.75   clock uncertainty
                          0.00    9.75   clock reconvergence pessimism
                         -2.00    7.75   output external delay
                                  7.75   data required time
-----------------------------------------------------------------------------
                                  7.75   data required time
                                 -4.06   data arrival time
-----------------------------------------------------------------------------
                                  3.69   slack (MET)


Startpoint: b[0] (input port clocked by __VIRTUAL_CLK__)
Endpoint: z[0] (output port clocked by __VIRTUAL_CLK__)
Path Group: __VIRTUAL_CLK__
Path Type: max

Fanout     Cap    Slew   Delay    Time   Description
-----------------------------------------------------------------------------
                  0.00    0.00    0.00   clock __VIRTUAL_CLK__ (rise edge)
                          0.00    0.00   clock network delay (ideal)
                          2.00    2.00 ^ input external delay
     3    0.01    0.04    0.02    2.02 ^ b[0] (in)
                                         b[0] (net)
                  0.04    0.00    2.02 ^ _243_/A (sky130_fd_sc_hd__buf_1)
    10    0.03    0.37    0.32    2.34 ^ _243_/X (sky130_fd_sc_hd__buf_1)
                                         _174_ (net)
                  0.37    0.00    2.34 ^ _244_/A (sky130_fd_sc_hd__buf_1)
    10    0.03    0.37    0.37    2.71 ^ _244_/X (sky130_fd_sc_hd__buf_1)
                                         _175_ (net)
                  0.37    0.00    2.71 ^ _246_/B (sky130_fd_sc_hd__nand2_2)
     4    0.01    0.09    0.10    2.82 v _246_/Y (sky130_fd_sc_hd__nand2_2)
                                         _177_ (net)
                  0.09    0.00    2.82 v _247_/B1 (sky130_fd_sc_hd__a21o_2)
     1    0.00    0.03    0.20    3.02 v _247_/X (sky130_fd_sc_hd__a21o_2)
                                         _178_ (net)
                  0.03    0.00    3.02 v _250_/B1 (sky130_fd_sc_hd__o2111a_2)
     1    0.00    0.04    0.14    3.16 v _250_/X (sky130_fd_sc_hd__o2111a_2)
                                         _181_ (net)
                  0.04    0.00    3.16 v _256_/A (sky130_fd_sc_hd__or3_2)
     1    0.00    0.07    0.48    3.64 v _256_/X (sky130_fd_sc_hd__or3_2)
                                         _187_ (net)
                  0.07    0.00    3.64 v _257_/A (sky130_fd_sc_hd__buf_1)
     1    0.03    0.19    0.24    3.88 v _257_/X (sky130_fd_sc_hd__buf_1)
                                         z[0] (net)
                  0.19    0.00    3.88 v z[0] (out)
                                  3.88   data arrival time

                  0.00   10.00   10.00   clock __VIRTUAL_CLK__ (rise edge)
                          0.00   10.00   clock network delay (ideal)
                         -0.25    9.75   clock uncertainty
                          0.00    9.75   clock reconvergence pessimism
                         -2.00    7.75   output external delay
                                  7.75   data required time
-----------------------------------------------------------------------------
                                  7.75   data required time
                                 -3.88   data arrival time
-----------------------------------------------------------------------------
                                  3.87   slack (MET)



worst slack corner Typical: 2.3617
