
===========================================================================
report_checks -path_delay min (Hold)
============================================================================
======================= Typical Corner ===================================

Startpoint: c[2] (input port clocked by __VIRTUAL_CLK__)
Endpoint: z[5] (output port clocked by __VIRTUAL_CLK__)
Path Group: __VIRTUAL_CLK__
Path Type: min

Fanout     Cap    Slew   Delay    Time   Description
-----------------------------------------------------------------------------
                  0.00    0.00    0.00   clock __VIRTUAL_CLK__ (rise edge)
                          0.00    0.00   clock network delay (ideal)
                          2.00    2.00 ^ input external delay
     8    0.02    0.09    0.06    2.06 ^ c[2] (in)
                                         c[2] (net)
                  0.09    0.00    2.06 ^ _251_/A (sky130_fd_sc_hd__nor2_2)
     8    0.02    0.05    0.07    2.13 v _251_/Y (sky130_fd_sc_hd__nor2_2)
                                         _182_ (net)
                  0.05    0.00    2.13 v _408_/A1 (sky130_fd_sc_hd__a21o_2)
     1    0.03    0.10    0.25    2.38 v _408_/X (sky130_fd_sc_hd__a21o_2)
                                         z[5] (net)
                  0.10    0.00    2.38 v z[5] (out)
                                  2.38   data arrival time

                  0.00    0.00    0.00   clock __VIRTUAL_CLK__ (rise edge)
                          0.00    0.00   clock network delay (ideal)
                          0.25    0.25   clock uncertainty
                          0.00    0.25   clock reconvergence pessimism
                         -2.00   -1.75   output external delay
                                 -1.75   data required time
-----------------------------------------------------------------------------
                                 -1.75   data required time
                                 -2.38   data arrival time
-----------------------------------------------------------------------------
                                  4.13   slack (MET)


Startpoint: c[2] (input port clocked by __VIRTUAL_CLK__)
Endpoint: z[3] (output port clocked by __VIRTUAL_CLK__)
Path Group: __VIRTUAL_CLK__
Path Type: min

Fanout     Cap    Slew   Delay    Time   Description
-----------------------------------------------------------------------------
                  0.00    0.00    0.00   clock __VIRTUAL_CLK__ (rise edge)
                          0.00    0.00   clock network delay (ideal)
                          2.00    2.00 ^ input external delay
     8    0.02    0.09    0.06    2.06 ^ c[2] (in)
                                         c[2] (net)
                  0.09    0.00    2.06 ^ _251_/A (sky130_fd_sc_hd__nor2_2)
     8    0.02    0.05    0.07    2.13 v _251_/Y (sky130_fd_sc_hd__nor2_2)
                                         _182_ (net)
                  0.05    0.00    2.13 v _333_/A1 (sky130_fd_sc_hd__a31o_2)
     1    0.03    0.10    0.26    2.39 v _333_/X (sky130_fd_sc_hd__a31o_2)
                                         z[3] (net)
                  0.10    0.00    2.39 v z[3] (out)
                                  2.39   data arrival time

                  0.00    0.00    0.00   clock __VIRTUAL_CLK__ (rise edge)
                          0.00    0.00   clock network delay (ideal)
                          0.25    0.25   clock uncertainty
                          0.00    0.25   clock reconvergence pessimism
                         -2.00   -1.75   output external delay
                                 -1.75   data required time
-----------------------------------------------------------------------------
                                 -1.75   data required time
                                 -2.39   data arrival time
-----------------------------------------------------------------------------
                                  4.14   slack (MET)


Startpoint: b[7] (input port clocked by __VIRTUAL_CLK__)
Endpoint: z[7] (output port clocked by __VIRTUAL_CLK__)
Path Group: __VIRTUAL_CLK__
Path Type: min

Fanout     Cap    Slew   Delay    Time   Description
-----------------------------------------------------------------------------
                  0.00    0.00    0.00   clock __VIRTUAL_CLK__ (rise edge)
                          0.00    0.00   clock network delay (ideal)
                          2.00    2.00 ^ input external delay
     6    0.03    0.13    0.09    2.09 ^ b[7] (in)
                                         b[7] (net)
                  0.13    0.00    2.09 ^ _489_/A2 (sky130_fd_sc_hd__a31o_2)
     1    0.00    0.03    0.15    2.24 ^ _489_/X (sky130_fd_sc_hd__a31o_2)
                                         _171_ (net)
                  0.03    0.00    2.24 ^ _490_/B1 (sky130_fd_sc_hd__a21o_2)
     1    0.00    0.03    0.07    2.31 ^ _490_/X (sky130_fd_sc_hd__a21o_2)
                                         _172_ (net)
                  0.03    0.00    2.31 ^ _491_/B1 (sky130_fd_sc_hd__a21o_2)
     1    0.03    0.17    0.17    2.48 ^ _491_/X (sky130_fd_sc_hd__a21o_2)
                                         z[7] (net)
                  0.17    0.00    2.48 ^ z[7] (out)
                                  2.48   data arrival time

                  0.00    0.00    0.00   clock __VIRTUAL_CLK__ (rise edge)
                          0.00    0.00   clock network delay (ideal)
                          0.25    0.25   clock uncertainty
                          0.00    0.25   clock reconvergence pessimism
                         -2.00   -1.75   output external delay
                                 -1.75   data required time
-----------------------------------------------------------------------------
                                 -1.75   data required time
                                 -2.48   data arrival time
-----------------------------------------------------------------------------
                                  4.23   slack (MET)


Startpoint: b[2] (input port clocked by __VIRTUAL_CLK__)
Endpoint: z[2] (output port clocked by __VIRTUAL_CLK__)
Path Group: __VIRTUAL_CLK__
Path Type: min

Fanout     Cap    Slew   Delay    Time   Description
-----------------------------------------------------------------------------
                  0.00    0.00    0.00   clock __VIRTUAL_CLK__ (rise edge)
                          0.00    0.00   clock network delay (ideal)
                          2.00    2.00 ^ input external delay
     3    0.01    0.03    0.02    2.02 ^ b[2] (in)
                                         b[2] (net)
                  0.03    0.00    2.02 ^ _293_/B (sky130_fd_sc_hd__and2_2)
     5    0.02    0.10    0.17    2.19 ^ _293_/X (sky130_fd_sc_hd__and2_2)
                                         _222_ (net)
                  0.10    0.00    2.19 ^ _297_/A2 (sky130_fd_sc_hd__a211o_2)
     1    0.00    0.03    0.12    2.31 ^ _297_/X (sky130_fd_sc_hd__a211o_2)
                                         _226_ (net)
                  0.03    0.00    2.31 ^ _304_/B1 (sky130_fd_sc_hd__a211o_2)
     1    0.03    0.16    0.17    2.49 ^ _304_/X (sky130_fd_sc_hd__a211o_2)
                                         z[2] (net)
                  0.16    0.00    2.49 ^ z[2] (out)
                                  2.49   data arrival time

                  0.00    0.00    0.00   clock __VIRTUAL_CLK__ (rise edge)
                          0.00    0.00   clock network delay (ideal)
                          0.25    0.25   clock uncertainty
                          0.00    0.25   clock reconvergence pessimism
                         -2.00   -1.75   output external delay
                                 -1.75   data required time
-----------------------------------------------------------------------------
                                 -1.75   data required time
                                 -2.49   data arrival time
-----------------------------------------------------------------------------
                                  4.24   slack (MET)


Startpoint: c[2] (input port clocked by __VIRTUAL_CLK__)
Endpoint: z[6] (output port clocked by __VIRTUAL_CLK__)
Path Group: __VIRTUAL_CLK__
Path Type: min

Fanout     Cap    Slew   Delay    Time   Description
-----------------------------------------------------------------------------
                  0.00    0.00    0.00   clock __VIRTUAL_CLK__ (rise edge)
                          0.00    0.00   clock network delay (ideal)
                          2.00    2.00 ^ input external delay
     8    0.02    0.09    0.06    2.06 ^ c[2] (in)
                                         c[2] (net)
                  0.09    0.00    2.06 ^ _251_/A (sky130_fd_sc_hd__nor2_2)
     8    0.02    0.05    0.07    2.13 v _251_/Y (sky130_fd_sc_hd__nor2_2)
                                         _182_ (net)
                  0.05    0.00    2.13 v _439_/B1 (sky130_fd_sc_hd__o21a_2)
     1    0.00    0.02    0.10    2.23 v _439_/X (sky130_fd_sc_hd__o21a_2)
                                         _122_ (net)
                  0.02    0.00    2.23 v _450_/A2 (sky130_fd_sc_hd__a21o_2)
     1    0.03    0.10    0.26    2.49 v _450_/X (sky130_fd_sc_hd__a21o_2)
                                         z[6] (net)
                  0.10    0.00    2.49 v z[6] (out)
                                  2.49   data arrival time

                  0.00    0.00    0.00   clock __VIRTUAL_CLK__ (rise edge)
                          0.00    0.00   clock network delay (ideal)
                          0.25    0.25   clock uncertainty
                          0.00    0.25   clock reconvergence pessimism
                         -2.00   -1.75   output external delay
                                 -1.75   data required time
-----------------------------------------------------------------------------
                                 -1.75   data required time
                                 -2.49   data arrival time
-----------------------------------------------------------------------------
                                  4.24   slack (MET)


Startpoint: c[2] (input port clocked by __VIRTUAL_CLK__)
Endpoint: z[4] (output port clocked by __VIRTUAL_CLK__)
Path Group: __VIRTUAL_CLK__
Path Type: min

Fanout     Cap    Slew   Delay    Time   Description
-----------------------------------------------------------------------------
                  0.00    0.00    0.00   clock __VIRTUAL_CLK__ (rise edge)
                          0.00    0.00   clock network delay (ideal)
                          2.00    2.00 v input external delay
     8    0.02    0.04    0.03    2.03 v c[2] (in)
                                         c[2] (net)
                  0.04    0.00    2.03 v _251_/A (sky130_fd_sc_hd__nor2_2)
     8    0.02    0.22    0.20    2.23 ^ _251_/Y (sky130_fd_sc_hd__nor2_2)
                                         _182_ (net)
                  0.22    0.00    2.23 ^ _365_/A1 (sky130_fd_sc_hd__a211o_2)
     1    0.00    0.03    0.16    2.38 ^ _365_/X (sky130_fd_sc_hd__a211o_2)
                                         _050_ (net)
                  0.03    0.00    2.38 ^ _366_/B1 (sky130_fd_sc_hd__a31o_2)
     1    0.03    0.19    0.19    2.57 ^ _366_/X (sky130_fd_sc_hd__a31o_2)
                                         z[4] (net)
                  0.19    0.00    2.57 ^ z[4] (out)
                                  2.57   data arrival time

                  0.00    0.00    0.00   clock __VIRTUAL_CLK__ (rise edge)
                          0.00    0.00   clock network delay (ideal)
                          0.25    0.25   clock uncertainty
                          0.00    0.25   clock reconvergence pessimism
                         -2.00   -1.75   output external delay
                                 -1.75   data required time
-----------------------------------------------------------------------------
                                 -1.75   data required time
                                 -2.57   data arrival time
-----------------------------------------------------------------------------
                                  4.32   slack (MET)


Startpoint: c[0] (input port clocked by __VIRTUAL_CLK__)
Endpoint: z[0] (output port clocked by __VIRTUAL_CLK__)
Path Group: __VIRTUAL_CLK__
Path Type: min

Fanout     Cap    Slew   Delay    Time   Description
-----------------------------------------------------------------------------
                  0.00    0.00    0.00   clock __VIRTUAL_CLK__ (rise edge)
                          0.00    0.00   clock network delay (ideal)
                          2.00    2.00 v input external delay
     5    0.02    0.04    0.02    2.02 v c[0] (in)
                                         c[0] (net)
                  0.04    0.00    2.02 v _248_/A (sky130_fd_sc_hd__nand2_2)
     3    0.01    0.06    0.06    2.09 ^ _248_/Y (sky130_fd_sc_hd__nand2_2)
                                         _179_ (net)
                  0.06    0.00    2.09 ^ _250_/C1 (sky130_fd_sc_hd__o2111a_2)
     1    0.00    0.04    0.16    2.25 ^ _250_/X (sky130_fd_sc_hd__o2111a_2)
                                         _181_ (net)
                  0.04    0.00    2.25 ^ _256_/A (sky130_fd_sc_hd__or3_2)
     1    0.00    0.03    0.09    2.34 ^ _256_/X (sky130_fd_sc_hd__or3_2)
                                         _187_ (net)
                  0.03    0.00    2.34 ^ _257_/A (sky130_fd_sc_hd__buf_1)
     1    0.03    0.40    0.30    2.64 ^ _257_/X (sky130_fd_sc_hd__buf_1)
                                         z[0] (net)
                  0.40    0.00    2.64 ^ z[0] (out)
                                  2.64   data arrival time

                  0.00    0.00    0.00   clock __VIRTUAL_CLK__ (rise edge)
                          0.00    0.00   clock network delay (ideal)
                          0.25    0.25   clock uncertainty
                          0.00    0.25   clock reconvergence pessimism
                         -2.00   -1.75   output external delay
                                 -1.75   data required time
-----------------------------------------------------------------------------
                                 -1.75   data required time
                                 -2.64   data arrival time
-----------------------------------------------------------------------------
                                  4.39   slack (MET)


Startpoint: c[2] (input port clocked by __VIRTUAL_CLK__)
Endpoint: z[1] (output port clocked by __VIRTUAL_CLK__)
Path Group: __VIRTUAL_CLK__
Path Type: min

Fanout     Cap    Slew   Delay    Time   Description
-----------------------------------------------------------------------------
                  0.00    0.00    0.00   clock __VIRTUAL_CLK__ (rise edge)
                          0.00    0.00   clock network delay (ideal)
                          2.00    2.00 v input external delay
     8    0.02    0.04    0.03    2.03 v c[2] (in)
                                         c[2] (net)
                  0.04    0.00    2.03 v _251_/A (sky130_fd_sc_hd__nor2_2)
     8    0.02    0.22    0.20    2.23 ^ _251_/Y (sky130_fd_sc_hd__nor2_2)
                                         _182_ (net)
                  0.22    0.00    2.23 ^ _279_/C (sky130_fd_sc_hd__and3b_2)
     1    0.00    0.04    0.19    2.42 ^ _279_/X (sky130_fd_sc_hd__and3b_2)
                                         _209_ (net)
                  0.04    0.00    2.42 ^ _280_/C (sky130_fd_sc_hd__or3_2)
     1    0.00    0.03    0.09    2.50 ^ _280_/X (sky130_fd_sc_hd__or3_2)
                                         _210_ (net)
                  0.03    0.00    2.50 ^ _281_/B1 (sky130_fd_sc_hd__a31o_2)
     1    0.03    0.19    0.19    2.70 ^ _281_/X (sky130_fd_sc_hd__a31o_2)
                                         z[1] (net)
                  0.19    0.00    2.70 ^ z[1] (out)
                                  2.70   data arrival time

                  0.00    0.00    0.00   clock __VIRTUAL_CLK__ (rise edge)
                          0.00    0.00   clock network delay (ideal)
                          0.25    0.25   clock uncertainty
                          0.00    0.25   clock reconvergence pessimism
                         -2.00   -1.75   output external delay
                                 -1.75   data required time
-----------------------------------------------------------------------------
                                 -1.75   data required time
                                 -2.70   data arrival time
-----------------------------------------------------------------------------
                                  4.45   slack (MET)



worst slack corner Typical: 4.1292
