
===========================================================================
 report_power
============================================================================
======================= Fastest Corner ===================================

Group                  Internal  Switching    Leakage      Total
                          Power      Power      Power      Power (Watts)
----------------------------------------------------------------
Sequential             9.84e-06   2.08e-07   2.90e-11   1.00e-05  12.9%
Combinational          1.72e-07   1.75e-08   7.13e-12   1.90e-07   0.2%
Clock                  5.85e-05   9.28e-06   3.22e-10   6.78e-05  86.9%
Macro                  0.00e+00   0.00e+00   0.00e+00   0.00e+00   0.0%
Pad                    0.00e+00   0.00e+00   0.00e+00   0.00e+00   0.0%
----------------------------------------------------------------
Total                  6.85e-05   9.51e-06   3.58e-10   7.80e-05 100.0%
                          87.8%      12.2%       0.0%

======================= Slowest Corner ===================================

Group                  Internal  Switching    Leakage      Total
                          Power      Power      Power      Power (Watts)
----------------------------------------------------------------
Sequential             6.68e-06   1.37e-07   2.87e-08   6.84e-06  12.6%
Combinational          1.30e-07   1.18e-08   4.03e-08   1.82e-07   0.3%
Clock                  4.12e-05   6.10e-06   5.72e-08   4.74e-05  87.1%
Macro                  0.00e+00   0.00e+00   0.00e+00   0.00e+00   0.0%
Pad                    0.00e+00   0.00e+00   0.00e+00   0.00e+00   0.0%
----------------------------------------------------------------
Total                  4.80e-05   6.25e-06   1.26e-07   5.44e-05 100.0%
                          88.3%      11.5%       0.2%

======================= Typical Corner ===================================

Group                  Internal  Switching    Leakage      Total
                          Power      Power      Power      Power (Watts)
----------------------------------------------------------------
Sequential             8.48e-06   1.75e-07   1.67e-11   8.66e-06  12.8%
Combinational          1.55e-07   1.49e-08   1.60e-11   1.70e-07   0.3%
Clock                  5.08e-05   7.83e-06   1.68e-10   5.86e-05  86.9%
Macro                  0.00e+00   0.00e+00   0.00e+00   0.00e+00   0.0%
Pad                    0.00e+00   0.00e+00   0.00e+00   0.00e+00   0.0%
----------------------------------------------------------------
Total                  5.94e-05   8.02e-06   2.00e-10   6.74e-05 100.0%
                          88.1%      11.9%       0.0%

