Sat Apr 12 17:56:00 +0000 2025 - Executing "{openroad -exit -no_init -python /openlane/scripts/odbpy/lefutil.py get_metal_layers -o /openlane/designs/dff_behavioral/runs/RUN_2025.04.12_17.56.00/tmp/layers.list /root/.volare/sky130A/libs.ref/sky130_fd_sc_hd/techlef/sky130_fd_sc_hd__nom.tlef}"

Sat Apr 12 17:56:01 +0000 2025 - Executing "{/openlane/scripts/mergeLef.py -o /openlane/designs/dff_behavioral/runs/RUN_2025.04.12_17.56.00/tmp/merged.nom.lef -i /root/.volare/sky130A/libs.ref/sky130_fd_sc_hd/techlef/sky130_fd_sc_hd__nom.tlef {/root/.volare/sky130A/libs.ref/sky130_fd_sc_hd/lef/sky130_fd_sc_hd.lef /root/.volare/sky130A/libs.ref/sky130_fd_sc_hd/lef/sky130_ef_sc_hd.lef} |& tee /dev/null}"

Sat Apr 12 17:56:01 +0000 2025 - Executing "{/openlane/scripts/mergeLef.py -o /openlane/designs/dff_behavioral/runs/RUN_2025.04.12_17.56.00/tmp/merged.min.lef -i /root/.volare/sky130A/libs.ref/sky130_fd_sc_hd/techlef/sky130_fd_sc_hd__min.tlef {/root/.volare/sky130A/libs.ref/sky130_fd_sc_hd/lef/sky130_fd_sc_hd.lef /root/.volare/sky130A/libs.ref/sky130_fd_sc_hd/lef/sky130_ef_sc_hd.lef} |& tee /dev/null}"

Sat Apr 12 17:56:01 +0000 2025 - Executing "{/openlane/scripts/mergeLef.py -o /openlane/designs/dff_behavioral/runs/RUN_2025.04.12_17.56.00/tmp/merged.max.lef -i /root/.volare/sky130A/libs.ref/sky130_fd_sc_hd/techlef/sky130_fd_sc_hd__max.tlef {/root/.volare/sky130A/libs.ref/sky130_fd_sc_hd/lef/sky130_fd_sc_hd.lef /root/.volare/sky130A/libs.ref/sky130_fd_sc_hd/lef/sky130_ef_sc_hd.lef} |& tee /dev/null}"

Sat Apr 12 17:56:01 +0000 2025 - Executing "{python3 /openlane/scripts/mergeLib.py --output /openlane/designs/dff_behavioral/runs/RUN_2025.04.12_17.56.00/tmp/synthesis/merged.lib --name sky130A_merged /root/.volare/sky130A/libs.ref/sky130_fd_sc_hd/lib/sky130_fd_sc_hd__tt_025C_1v80.lib}"

Sat Apr 12 17:56:02 +0000 2025 - Executing "{python3 /openlane/scripts/libtrim.py --cell-file /openlane/designs/dff_behavioral/runs/RUN_2025.04.12_17.56.00/tmp/synthesis/trimmed.lib.exclude.list --output /openlane/designs/dff_behavioral/runs/RUN_2025.04.12_17.56.00/tmp/synthesis/trimmed.lib /openlane/designs/dff_behavioral/runs/RUN_2025.04.12_17.56.00/tmp/synthesis/merged.lib}"

Sat Apr 12 17:56:02 +0000 2025 - Executing "{python3 /openlane/scripts/libtrim.py --cell-file /openlane/designs/dff_behavioral/runs/RUN_2025.04.12_17.56.00/tmp/cts/cts.lib.exclude.list --output /openlane/designs/dff_behavioral/runs/RUN_2025.04.12_17.56.00/tmp/cts/cts.lib /root/.volare/sky130A/libs.ref/sky130_fd_sc_hd/lib/sky130_fd_sc_hd__tt_025C_1v80.lib}"

Sat Apr 12 17:56:02 +0000 2025 - Executing "{python3 /openlane/scripts/libtrim.py --cell-file /openlane/designs/dff_behavioral/runs/RUN_2025.04.12_17.56.00/tmp/cts/cts-fastest.lib.exclude.list --output /openlane/designs/dff_behavioral/runs/RUN_2025.04.12_17.56.00/tmp/cts/cts-fastest.lib /root/.volare/sky130A/libs.ref/sky130_fd_sc_hd/lib/sky130_fd_sc_hd__ff_n40C_1v95.lib}"

Sat Apr 12 17:56:03 +0000 2025 - Executing "{python3 /openlane/scripts/libtrim.py --cell-file /openlane/designs/dff_behavioral/runs/RUN_2025.04.12_17.56.00/tmp/cts/cts-slowest.lib.exclude.list --output /openlane/designs/dff_behavioral/runs/RUN_2025.04.12_17.56.00/tmp/cts/cts-slowest.lib /root/.volare/sky130A/libs.ref/sky130_fd_sc_hd/lib/sky130_fd_sc_hd__ss_100C_1v60.lib}"

Sat Apr 12 17:56:03 +0000 2025 - Executing "{python3 /openlane/scripts/new_tracks.py -i /root/.volare/sky130A/libs.tech/openlane/sky130_fd_sc_hd/tracks.info -o /openlane/designs/dff_behavioral/runs/RUN_2025.04.12_17.56.00/tmp/routing/config.tracks}"

Sat Apr 12 17:56:03 +0000 2025 - Executing "{echo {OpenLane e73fb3c57e687a0023fcd4dcfd1566ecd478362a} > /openlane/designs/dff_behavioral/runs/RUN_2025.04.12_17.56.00/OPENLANE_COMMIT}"

Sat Apr 12 17:56:03 +0000 2025 - Executing "{yosys -c /openlane/scripts/yosys/blackbox.tcl}"

Sat Apr 12 17:56:03 +0000 2025 - Executing "{verilator -Wall --lint-only --Wno-DECLFILENAME --top-module dff_behavioral /openlane/designs/dff_behavioral/runs/RUN_2025.04.12_17.56.00/tmp/synthesis/blackbox/sky130_fd_sc_hd__blackbox.v /openlane/designs/dff_behavioral/src/dff_behavioral.v -Wno-fatal --relative-includes |& tee /openlane/designs/dff_behavioral/runs/RUN_2025.04.12_17.56.00/logs/synthesis/linter.log /dev/null}"

Sat Apr 12 17:56:04 +0000 2025 - Executing "{sed -E {s/^([[:space:]]+)pg_pin(.*)/\1pin\2\n\1    direction : "inout";/g} /root/.volare/sky130A/libs.ref/sky130_fd_sc_hd/lib/sky130_fd_sc_hd__tt_025C_1v80.lib > /openlane/designs/dff_behavioral/runs/RUN_2025.04.12_17.56.00/tmp/synthesis/1-sky130_fd_sc_hd__tt_025C_1v80.no_pg.lib}"

Sat Apr 12 17:56:07 +0000 2025 - Executing "{sed -E {s/^([[:space:]]+)pg_pin(.*)/\1pin\2\n\1    direction : "inout";/g} /openlane/designs/dff_behavioral/runs/RUN_2025.04.12_17.56.00/tmp/synthesis/trimmed.lib > /openlane/designs/dff_behavioral/runs/RUN_2025.04.12_17.56.00/tmp/synthesis/1-trimmed.no_pg.lib}"

Sat Apr 12 17:56:07 +0000 2025 - Executing "yosys -c /openlane/scripts/yosys/synth.tcl |& tee /dev/null /openlane/designs/dff_behavioral/runs/RUN_2025.04.12_17.56.00/logs/synthesis/1-synthesis.log"

Sat Apr 12 17:56:07 +0000 2025 - Executing "{yosys -c /openlane/scripts/yosys/synth.tcl |& tee /dev/null /openlane/designs/dff_behavioral/runs/RUN_2025.04.12_17.56.00/logs/synthesis/1-synthesis.log}"

Sat Apr 12 17:56:08 +0000 2025 - Executing "{sed -i.bak -e {s/\(set ::env(CURRENT_NETLIST)\).*/\1 \/openlane\/designs\/dff_behavioral\/runs\/RUN_2025.04.12_17.56.00\/results\/synthesis\/dff_behavioral.v/} /openlane/designs/dff_behavioral/runs/RUN_2025.04.12_17.56.00/config.tcl}"

Sat Apr 12 17:56:08 +0000 2025 - Executing "{sed -i.bak /defparam/d /openlane/designs/dff_behavioral/runs/RUN_2025.04.12_17.56.00/results/synthesis/dff_behavioral.v}"

Sat Apr 12 17:56:09 +0000 2025 - Executing "sta -exit -no_init /openlane/scripts/openroad/sta/multi_corner.tcl |& tee /dev/null /openlane/designs/dff_behavioral/runs/RUN_2025.04.12_17.56.00/logs/synthesis/2-sta.log"

Sat Apr 12 17:56:09 +0000 2025 - Executing "{sta -exit -no_init /openlane/scripts/openroad/sta/multi_corner.tcl |& tee /dev/null /openlane/designs/dff_behavioral/runs/RUN_2025.04.12_17.56.00/logs/synthesis/2-sta.log}"

Sat Apr 12 17:56:09 +0000 2025 - Executing "openroad -exit /openlane/scripts/openroad/floorplan.tcl |& tee /dev/null /openlane/designs/dff_behavioral/runs/RUN_2025.04.12_17.56.00/logs/floorplan/3-initial_fp.log"

Sat Apr 12 17:56:09 +0000 2025 - Executing "{openroad -exit /openlane/scripts/openroad/floorplan.tcl |& tee /dev/null /openlane/designs/dff_behavioral/runs/RUN_2025.04.12_17.56.00/logs/floorplan/3-initial_fp.log}"

Sat Apr 12 17:56:10 +0000 2025 - Executing "{openroad -exit -no_init -python /openlane/scripts/odbpy/defutil.py extract_core_dims --output-data /openlane/designs/dff_behavioral/runs/RUN_2025.04.12_17.56.00/tmp/dimensions.txt --input-lef /openlane/designs/dff_behavioral/runs/RUN_2025.04.12_17.56.00/tmp/merged.nom.lef /openlane/designs/dff_behavioral/runs/RUN_2025.04.12_17.56.00/tmp/floorplan/3-initial_fp.def}"

Sat Apr 12 17:56:10 +0000 2025 - Executing "{openroad -exit -no_init -python /openlane/scripts/odbpy/io_place.py --config /openlane/designs/dff_behavioral/pin_order.cfg --hor-layer met3 --ver-layer met2 --ver-width-mult 2 --hor-width-mult 2 --hor-extension 0 --ver-extension 0 --length 4 --unmatched-error --input-lef /openlane/designs/dff_behavioral/runs/RUN_2025.04.12_17.56.00/tmp/merged.nom.lef --output-def /openlane/designs/dff_behavioral/runs/RUN_2025.04.12_17.56.00/tmp/floorplan/4-io.def --output /openlane/designs/dff_behavioral/runs/RUN_2025.04.12_17.56.00/tmp/floorplan/4-io.odb /openlane/designs/dff_behavioral/runs/RUN_2025.04.12_17.56.00/tmp/floorplan/3-initial_fp.odb |& tee /dev/null /openlane/designs/dff_behavioral/runs/RUN_2025.04.12_17.56.00/logs/floorplan/4-place_io.log}"

Sat Apr 12 17:56:11 +0000 2025 - Executing "openroad -exit /openlane/scripts/openroad/tapcell.tcl |& tee /dev/null /openlane/designs/dff_behavioral/runs/RUN_2025.04.12_17.56.00/logs/floorplan/5-tap.log"

Sat Apr 12 17:56:11 +0000 2025 - Executing "{openroad -exit /openlane/scripts/openroad/tapcell.tcl |& tee /dev/null /openlane/designs/dff_behavioral/runs/RUN_2025.04.12_17.56.00/logs/floorplan/5-tap.log}"

Sat Apr 12 17:56:11 +0000 2025 - Executing "openroad -exit /openlane/scripts/openroad/pdn.tcl |& tee /dev/null /openlane/designs/dff_behavioral/runs/RUN_2025.04.12_17.56.00/logs/floorplan/6-pdn.log"

Sat Apr 12 17:56:11 +0000 2025 - Executing "{openroad -exit /openlane/scripts/openroad/pdn.tcl |& tee /dev/null /openlane/designs/dff_behavioral/runs/RUN_2025.04.12_17.56.00/logs/floorplan/6-pdn.log}"

Sat Apr 12 17:56:12 +0000 2025 - Executing "{openroad -exit -no_init -python /openlane/scripts/odbpy/random_place.py --input-lef /openlane/designs/dff_behavioral/runs/RUN_2025.04.12_17.56.00/tmp/merged.nom.lef --output-def /openlane/designs/dff_behavioral/runs/RUN_2025.04.12_17.56.00/tmp/placement/7-global.def --output /openlane/designs/dff_behavioral/runs/RUN_2025.04.12_17.56.00/tmp/placement/7-global.odb /openlane/designs/dff_behavioral/runs/RUN_2025.04.12_17.56.00/results/floorplan/dff_behavioral.odb |& tee /dev/null /openlane/designs/dff_behavioral/runs/RUN_2025.04.12_17.56.00/logs/placement/7-global.log}"

Sat Apr 12 17:56:13 +0000 2025 - Executing "openroad -exit /openlane/scripts/openroad/resizer.tcl |& tee /dev/null /openlane/designs/dff_behavioral/runs/RUN_2025.04.12_17.56.00/logs/placement/8-resizer.log"

Sat Apr 12 17:56:13 +0000 2025 - Executing "{openroad -exit /openlane/scripts/openroad/resizer.tcl |& tee /dev/null /openlane/designs/dff_behavioral/runs/RUN_2025.04.12_17.56.00/logs/placement/8-resizer.log}"

Sat Apr 12 17:56:16 +0000 2025 - Executing "{sed -i.bak -e {s/\(set ::env(CURRENT_NETLIST)\).*/\1 \/openlane\/designs\/dff_behavioral\/runs\/RUN_2025.04.12_17.56.00\/tmp\/placement\/8-resizer.nl.v/} /openlane/designs/dff_behavioral/runs/RUN_2025.04.12_17.56.00/config.tcl}"

Sat Apr 12 17:56:16 +0000 2025 - Executing "openroad -exit /openlane/scripts/openroad/dpl.tcl |& tee /dev/null /openlane/designs/dff_behavioral/runs/RUN_2025.04.12_17.56.00/logs/placement/9-detailed.log"

Sat Apr 12 17:56:16 +0000 2025 - Executing "{openroad -exit /openlane/scripts/openroad/dpl.tcl |& tee /dev/null /openlane/designs/dff_behavioral/runs/RUN_2025.04.12_17.56.00/logs/placement/9-detailed.log}"

Sat Apr 12 17:56:17 +0000 2025 - Executing "{sed -i.bak -e {s/\(set ::env(CURRENT_NETLIST)\).*/\1 \/openlane\/designs\/dff_behavioral\/runs\/RUN_2025.04.12_17.56.00\/results\/placement\/dff_behavioral.nl.v/} /openlane/designs/dff_behavioral/runs/RUN_2025.04.12_17.56.00/config.tcl}"

Sat Apr 12 17:56:18 +0000 2025 - Executing "openroad -exit /openlane/scripts/openroad/sta/multi_corner.tcl |& tee /dev/null /openlane/designs/dff_behavioral/runs/RUN_2025.04.12_17.56.00/logs/placement/10-dpl_sta.log"

Sat Apr 12 17:56:18 +0000 2025 - Executing "{openroad -exit /openlane/scripts/openroad/sta/multi_corner.tcl |& tee /dev/null /openlane/designs/dff_behavioral/runs/RUN_2025.04.12_17.56.00/logs/placement/10-dpl_sta.log}"

Sat Apr 12 17:56:18 +0000 2025 - Executing "openroad -exit /openlane/scripts/openroad/cts.tcl |& tee /dev/null /openlane/designs/dff_behavioral/runs/RUN_2025.04.12_17.56.00/logs/cts/11-cts.log"

Sat Apr 12 17:56:18 +0000 2025 - Executing "{openroad -exit /openlane/scripts/openroad/cts.tcl |& tee /dev/null /openlane/designs/dff_behavioral/runs/RUN_2025.04.12_17.56.00/logs/cts/11-cts.log}"

Sat Apr 12 17:56:26 +0000 2025 - Executing "openroad -exit /openlane/scripts/openroad/sta/multi_corner.tcl |& tee /dev/null /openlane/designs/dff_behavioral/runs/RUN_2025.04.12_17.56.00/logs/cts/12-cts_sta.log"

Sat Apr 12 17:56:26 +0000 2025 - Executing "{openroad -exit /openlane/scripts/openroad/sta/multi_corner.tcl |& tee /dev/null /openlane/designs/dff_behavioral/runs/RUN_2025.04.12_17.56.00/logs/cts/12-cts_sta.log}"

Sat Apr 12 17:56:27 +0000 2025 - Executing "openroad -exit /openlane/scripts/openroad/resizer_timing.tcl |& tee /dev/null /openlane/designs/dff_behavioral/runs/RUN_2025.04.12_17.56.00/logs/cts/13-resizer.log"

Sat Apr 12 17:56:27 +0000 2025 - Executing "{openroad -exit /openlane/scripts/openroad/resizer_timing.tcl |& tee /dev/null /openlane/designs/dff_behavioral/runs/RUN_2025.04.12_17.56.00/logs/cts/13-resizer.log}"

Sat Apr 12 17:56:29 +0000 2025 - Executing "{sed -i.bak -e {s/\(set ::env(CURRENT_NETLIST)\).*/\1 \/openlane\/designs\/dff_behavioral\/runs\/RUN_2025.04.12_17.56.00\/tmp\/cts\/13-dff_behavioral.resized.nl.v/} /openlane/designs/dff_behavioral/runs/RUN_2025.04.12_17.56.00/config.tcl}"

Sat Apr 12 17:56:29 +0000 2025 - Executing "openroad -exit /openlane/scripts/openroad/resizer_routing_design.tcl |& tee /dev/null /openlane/designs/dff_behavioral/runs/RUN_2025.04.12_17.56.00/logs/routing/14-resizer_design.log"

Sat Apr 12 17:56:29 +0000 2025 - Executing "{openroad -exit /openlane/scripts/openroad/resizer_routing_design.tcl |& tee /dev/null /openlane/designs/dff_behavioral/runs/RUN_2025.04.12_17.56.00/logs/routing/14-resizer_design.log}"

Sat Apr 12 17:56:31 +0000 2025 - Executing "{sed -i.bak -e {s/\(set ::env(CURRENT_NETLIST)\).*/\1 \/openlane\/designs\/dff_behavioral\/runs\/RUN_2025.04.12_17.56.00\/tmp\/14-dff_behavioral.nl.v/} /openlane/designs/dff_behavioral/runs/RUN_2025.04.12_17.56.00/config.tcl}"

Sat Apr 12 17:56:31 +0000 2025 - Executing "openroad -exit /openlane/scripts/openroad/sta/multi_corner.tcl |& tee /dev/null /openlane/designs/dff_behavioral/runs/RUN_2025.04.12_17.56.00/logs/routing/15-rsz_design_sta.log"

Sat Apr 12 17:56:31 +0000 2025 - Executing "{openroad -exit /openlane/scripts/openroad/sta/multi_corner.tcl |& tee /dev/null /openlane/designs/dff_behavioral/runs/RUN_2025.04.12_17.56.00/logs/routing/15-rsz_design_sta.log}"

Sat Apr 12 17:56:32 +0000 2025 - Executing "openroad -exit /openlane/scripts/openroad/resizer_routing_timing.tcl |& tee /dev/null /openlane/designs/dff_behavioral/runs/RUN_2025.04.12_17.56.00/logs/routing/16-resizer_timing.log"

Sat Apr 12 17:56:32 +0000 2025 - Executing "{openroad -exit /openlane/scripts/openroad/resizer_routing_timing.tcl |& tee /dev/null /openlane/designs/dff_behavioral/runs/RUN_2025.04.12_17.56.00/logs/routing/16-resizer_timing.log}"

Sat Apr 12 17:56:34 +0000 2025 - Executing "{sed -i.bak -e {s/\(set ::env(CURRENT_NETLIST)\).*/\1 \/openlane\/designs\/dff_behavioral\/runs\/RUN_2025.04.12_17.56.00\/tmp\/16-dff_behavioral.nl.v/} /openlane/designs/dff_behavioral/runs/RUN_2025.04.12_17.56.00/config.tcl}"

Sat Apr 12 17:56:34 +0000 2025 - Executing "openroad -exit /openlane/scripts/openroad/sta/multi_corner.tcl |& tee /dev/null /openlane/designs/dff_behavioral/runs/RUN_2025.04.12_17.56.00/logs/routing/17-rsz_timing_sta.log"

Sat Apr 12 17:56:34 +0000 2025 - Executing "{openroad -exit /openlane/scripts/openroad/sta/multi_corner.tcl |& tee /dev/null /openlane/designs/dff_behavioral/runs/RUN_2025.04.12_17.56.00/logs/routing/17-rsz_timing_sta.log}"

Sat Apr 12 17:56:34 +0000 2025 - Executing "openroad -exit /openlane/scripts/openroad/repair_antennas.tcl |& tee /dev/null /openlane/designs/dff_behavioral/runs/RUN_2025.04.12_17.56.00/logs/routing/18-global.log"

Sat Apr 12 17:56:35 +0000 2025 - Executing "{openroad -exit /openlane/scripts/openroad/repair_antennas.tcl |& tee /dev/null /openlane/designs/dff_behavioral/runs/RUN_2025.04.12_17.56.00/logs/routing/18-global.log}"

Sat Apr 12 17:56:35 +0000 2025 - Executing "openroad -exit /openlane/scripts/openroad/write_views.tcl |& tee /dev/null /openlane/designs/dff_behavioral/runs/RUN_2025.04.12_17.56.00/logs/routing/18-global_write_netlist.log"

Sat Apr 12 17:56:35 +0000 2025 - Executing "{openroad -exit /openlane/scripts/openroad/write_views.tcl |& tee /dev/null /openlane/designs/dff_behavioral/runs/RUN_2025.04.12_17.56.00/logs/routing/18-global_write_netlist.log}"

Sat Apr 12 17:56:36 +0000 2025 - Executing "{sed -i.bak -e {s/\(set ::env(CURRENT_NETLIST)\).*/\1 \/openlane\/designs\/dff_behavioral\/runs\/RUN_2025.04.12_17.56.00\/tmp\/routing\/global.nl.v/} /openlane/designs/dff_behavioral/runs/RUN_2025.04.12_17.56.00/config.tcl}"

Sat Apr 12 17:56:36 +0000 2025 - Executing "openroad -exit /openlane/scripts/openroad/sta/multi_corner.tcl |& tee /dev/null /openlane/designs/dff_behavioral/runs/RUN_2025.04.12_17.56.00/logs/routing/20-grt_sta.log"

Sat Apr 12 17:56:36 +0000 2025 - Executing "{openroad -exit /openlane/scripts/openroad/sta/multi_corner.tcl |& tee /dev/null /openlane/designs/dff_behavioral/runs/RUN_2025.04.12_17.56.00/logs/routing/20-grt_sta.log}"

Sat Apr 12 17:56:37 +0000 2025 - Executing "openroad -exit /openlane/scripts/openroad/fill.tcl |& tee /dev/null /openlane/designs/dff_behavioral/runs/RUN_2025.04.12_17.56.00/logs/routing/21-fill.log"

Sat Apr 12 17:56:37 +0000 2025 - Executing "{openroad -exit /openlane/scripts/openroad/fill.tcl |& tee /dev/null /openlane/designs/dff_behavioral/runs/RUN_2025.04.12_17.56.00/logs/routing/21-fill.log}"

Sat Apr 12 17:56:37 +0000 2025 - Executing "{sed -i.bak -e {s/\(set ::env(CURRENT_NETLIST)\).*/\1 \/openlane\/designs\/dff_behavioral\/runs\/RUN_2025.04.12_17.56.00\/tmp\/routing\/21-fill.nl.v/} /openlane/designs/dff_behavioral/runs/RUN_2025.04.12_17.56.00/config.tcl}"

Sat Apr 12 17:56:37 +0000 2025 - Executing "openroad -exit -metrics /openlane/designs/dff_behavioral/runs/RUN_2025.04.12_17.56.00/reports/routing/22-drt_metrics.json /openlane/scripts/openroad/droute.tcl |& tee /dev/null /openlane/designs/dff_behavioral/runs/RUN_2025.04.12_17.56.00/logs/routing/22-detailed.log"

Sat Apr 12 17:56:37 +0000 2025 - Executing "{openroad -exit -metrics /openlane/designs/dff_behavioral/runs/RUN_2025.04.12_17.56.00/reports/routing/22-drt_metrics.json /openlane/scripts/openroad/droute.tcl |& tee /dev/null /openlane/designs/dff_behavioral/runs/RUN_2025.04.12_17.56.00/logs/routing/22-detailed.log}"

Sat Apr 12 17:56:39 +0000 2025 - Executing "{sed -i.bak -e {s/\(set ::env(CURRENT_NETLIST)\).*/\1 \/openlane\/designs\/dff_behavioral\/runs\/RUN_2025.04.12_17.56.00\/results\/routing\/dff_behavioral.nl.v/} /openlane/designs/dff_behavioral/runs/RUN_2025.04.12_17.56.00/config.tcl}"

Sat Apr 12 17:56:39 +0000 2025 - Executing "{python3 /openlane/scripts/drc_rosetta.py tr to_klayout -o /openlane/designs/dff_behavioral/runs/RUN_2025.04.12_17.56.00/reports/routing/drt.klayout.xml --design-name dff_behavioral /openlane/designs/dff_behavioral/runs/RUN_2025.04.12_17.56.00/reports/routing/drt.drc}"

Sat Apr 12 17:56:39 +0000 2025 - Executing "{openroad -exit -no_init -python /openlane/scripts/odbpy/wire_lengths.py --report-out /openlane/designs/dff_behavioral/runs/RUN_2025.04.12_17.56.00/reports/routing/23-wire_lengths.csv --input-lef /openlane/designs/dff_behavioral/runs/RUN_2025.04.12_17.56.00/tmp/merged.nom.lef --output-def /openlane/designs/dff_behavioral/runs/RUN_2025.04.12_17.56.00/results/routing/dff_behavioral.def --output /openlane/designs/dff_behavioral/runs/RUN_2025.04.12_17.56.00/results/routing/dff_behavioral.odb /openlane/designs/dff_behavioral/runs/RUN_2025.04.12_17.56.00/results/routing/dff_behavioral.odb |& tee /dev/null /openlane/designs/dff_behavioral/runs/RUN_2025.04.12_17.56.00/logs/routing/23-wire_lengths.log}"

Sat Apr 12 17:56:39 +0000 2025 - Executing "openroad -exit /openlane/scripts/openroad/rcx.tcl |& tee /dev/null /openlane/designs/dff_behavioral/runs/RUN_2025.04.12_17.56.00/logs/signoff/24-parasitics_extraction.min.log"

Sat Apr 12 17:56:39 +0000 2025 - Executing "{openroad -exit /openlane/scripts/openroad/rcx.tcl |& tee /dev/null /openlane/designs/dff_behavioral/runs/RUN_2025.04.12_17.56.00/logs/signoff/24-parasitics_extraction.min.log}"

Sat Apr 12 17:56:44 +0000 2025 - Executing "sta -exit -no_init /openlane/scripts/openroad/sta/multi_corner.tcl |& tee /dev/null /openlane/designs/dff_behavioral/runs/RUN_2025.04.12_17.56.00/logs/signoff/25-rcx_mcsta.min.log"

Sat Apr 12 17:56:44 +0000 2025 - Executing "{sta -exit -no_init /openlane/scripts/openroad/sta/multi_corner.tcl |& tee /dev/null /openlane/designs/dff_behavioral/runs/RUN_2025.04.12_17.56.00/logs/signoff/25-rcx_mcsta.min.log}"

Sat Apr 12 17:56:45 +0000 2025 - Executing "openroad -exit /openlane/scripts/openroad/rcx.tcl |& tee /dev/null /openlane/designs/dff_behavioral/runs/RUN_2025.04.12_17.56.00/logs/signoff/26-parasitics_extraction.max.log"

Sat Apr 12 17:56:45 +0000 2025 - Executing "{openroad -exit /openlane/scripts/openroad/rcx.tcl |& tee /dev/null /openlane/designs/dff_behavioral/runs/RUN_2025.04.12_17.56.00/logs/signoff/26-parasitics_extraction.max.log}"

Sat Apr 12 17:56:46 +0000 2025 - Executing "sta -exit -no_init /openlane/scripts/openroad/sta/multi_corner.tcl |& tee /dev/null /openlane/designs/dff_behavioral/runs/RUN_2025.04.12_17.56.00/logs/signoff/27-rcx_mcsta.max.log"

Sat Apr 12 17:56:46 +0000 2025 - Executing "{sta -exit -no_init /openlane/scripts/openroad/sta/multi_corner.tcl |& tee /dev/null /openlane/designs/dff_behavioral/runs/RUN_2025.04.12_17.56.00/logs/signoff/27-rcx_mcsta.max.log}"

Sat Apr 12 17:56:48 +0000 2025 - Executing "openroad -exit /openlane/scripts/openroad/rcx.tcl |& tee /dev/null /openlane/designs/dff_behavioral/runs/RUN_2025.04.12_17.56.00/logs/signoff/28-parasitics_extraction.nom.log"

Sat Apr 12 17:56:48 +0000 2025 - Executing "{openroad -exit /openlane/scripts/openroad/rcx.tcl |& tee /dev/null /openlane/designs/dff_behavioral/runs/RUN_2025.04.12_17.56.00/logs/signoff/28-parasitics_extraction.nom.log}"

Sat Apr 12 17:56:48 +0000 2025 - Executing "sta -exit -no_init /openlane/scripts/openroad/sta/multi_corner.tcl |& tee /dev/null /openlane/designs/dff_behavioral/runs/RUN_2025.04.12_17.56.00/logs/signoff/29-rcx_mcsta.nom.log"

Sat Apr 12 17:56:48 +0000 2025 - Executing "{sta -exit -no_init /openlane/scripts/openroad/sta/multi_corner.tcl |& tee /dev/null /openlane/designs/dff_behavioral/runs/RUN_2025.04.12_17.56.00/logs/signoff/29-rcx_mcsta.nom.log}"

Sat Apr 12 17:56:50 +0000 2025 - Executing "openroad -exit /openlane/scripts/openroad/irdrop.tcl |& tee /dev/null /openlane/designs/dff_behavioral/runs/RUN_2025.04.12_17.56.00/logs/signoff/30-irdrop.log"

Sat Apr 12 17:56:50 +0000 2025 - Executing "{openroad -exit /openlane/scripts/openroad/irdrop.tcl |& tee /dev/null /openlane/designs/dff_behavioral/runs/RUN_2025.04.12_17.56.00/logs/signoff/30-irdrop.log}"

Sat Apr 12 17:56:51 +0000 2025 - Executing "magic -noconsole -dnull -rcfile /root/.volare/sky130A/libs.tech/magic/sky130A.magicrc < /openlane/scripts/magic/wrapper.tcl |& tee /dev/null /openlane/designs/dff_behavioral/runs/RUN_2025.04.12_17.56.00/logs/signoff/31-gdsii.log"

Sat Apr 12 17:56:51 +0000 2025 - Executing "{magic -noconsole -dnull -rcfile /root/.volare/sky130A/libs.tech/magic/sky130A.magicrc < /openlane/scripts/magic/wrapper.tcl |& tee /dev/null /openlane/designs/dff_behavioral/runs/RUN_2025.04.12_17.56.00/logs/signoff/31-gdsii.log}"

Sat Apr 12 17:56:51 +0000 2025 - Executing "magic -noconsole -dnull -rcfile /root/.volare/sky130A/libs.tech/magic/sky130A.magicrc < /openlane/scripts/magic/wrapper.tcl |& tee /dev/null /openlane/designs/dff_behavioral/runs/RUN_2025.04.12_17.56.00/logs/signoff/31-gds_ptrs.log"

Sat Apr 12 17:56:51 +0000 2025 - Executing "{magic -noconsole -dnull -rcfile /root/.volare/sky130A/libs.tech/magic/sky130A.magicrc < /openlane/scripts/magic/wrapper.tcl |& tee /dev/null /openlane/designs/dff_behavioral/runs/RUN_2025.04.12_17.56.00/logs/signoff/31-gds_ptrs.log}"

Sat Apr 12 17:56:52 +0000 2025 - Executing "{sed -i.bak -n {/^<< properties >>/,/^<< end >>/p} /openlane/designs/dff_behavioral/runs/RUN_2025.04.12_17.56.00/tmp/signoff/gds_ptrs.mag}"

Sat Apr 12 17:56:52 +0000 2025 - Executing "magic -noconsole -dnull -rcfile /root/.volare/sky130A/libs.tech/magic/sky130A.magicrc < /openlane/scripts/magic/wrapper.tcl |& tee /dev/null /openlane/designs/dff_behavioral/runs/RUN_2025.04.12_17.56.00/logs/signoff/31-lef.log"

Sat Apr 12 17:56:52 +0000 2025 - Executing "{magic -noconsole -dnull -rcfile /root/.volare/sky130A/libs.tech/magic/sky130A.magicrc < /openlane/scripts/magic/wrapper.tcl |& tee /dev/null /openlane/designs/dff_behavioral/runs/RUN_2025.04.12_17.56.00/logs/signoff/31-lef.log}"

Sat Apr 12 17:56:52 +0000 2025 - Executing "magic -noconsole -dnull -rcfile /root/.volare/sky130A/libs.tech/magic/sky130A.magicrc < /openlane/scripts/magic/wrapper.tcl |& tee /dev/null /openlane/designs/dff_behavioral/runs/RUN_2025.04.12_17.56.00/logs/signoff/31-maglef.log"

Sat Apr 12 17:56:52 +0000 2025 - Executing "{magic -noconsole -dnull -rcfile /root/.volare/sky130A/libs.tech/magic/sky130A.magicrc < /openlane/scripts/magic/wrapper.tcl |& tee /dev/null /openlane/designs/dff_behavioral/runs/RUN_2025.04.12_17.56.00/logs/signoff/31-maglef.log}"

Sat Apr 12 17:56:52 +0000 2025 - Executing "{python3 /openlane/scripts/klayout/stream_out.py --output /openlane/designs/dff_behavioral/runs/RUN_2025.04.12_17.56.00/results/signoff/dff_behavioral.klayout.gds --lyt /root/.volare/sky130A/libs.tech/klayout/tech/sky130A.lyt --lym /root/.volare/sky130A/libs.tech/klayout/tech/sky130A.map --lyp /root/.volare/sky130A/libs.tech/klayout/tech/sky130A.lyp --top dff_behavioral --with-gds-file /root/.volare/sky130A/libs.ref/sky130_fd_sc_hd/gds/sky130_fd_sc_hd.gds --input-lef /openlane/designs/dff_behavioral/runs/RUN_2025.04.12_17.56.00/tmp/merged.nom.lef /openlane/designs/dff_behavioral/runs/RUN_2025.04.12_17.56.00/results/routing/dff_behavioral.def |& tee /dev/null /openlane/designs/dff_behavioral/runs/RUN_2025.04.12_17.56.00/logs/signoff/32-gdsii-klayout.log}"

Sat Apr 12 17:56:53 +0000 2025 - Executing "{klayout -b -r /openlane/scripts/klayout/xor.drc -rd a=/openlane/designs/dff_behavioral/runs/RUN_2025.04.12_17.56.00/results/signoff/dff_behavioral.gds -rd b=/openlane/designs/dff_behavioral/runs/RUN_2025.04.12_17.56.00/results/signoff/dff_behavioral.klayout.gds -rd jobs=1 -rd rdb_out=/openlane/designs/dff_behavioral/runs/RUN_2025.04.12_17.56.00/reports/signoff/33-xor.xml -rd ignore=81/14 -rd rpt_out=/openlane/designs/dff_behavioral/runs/RUN_2025.04.12_17.56.00/reports/signoff/33-xor.rpt |& tee /dev/null /openlane/designs/dff_behavioral/runs/RUN_2025.04.12_17.56.00/logs/signoff/33-xor.log}"

Sat Apr 12 17:56:54 +0000 2025 - Executing "magic -noconsole -dnull -rcfile /root/.volare/sky130A/libs.tech/magic/sky130A.magicrc < /openlane/scripts/magic/wrapper.tcl |& tee /dev/null /openlane/designs/dff_behavioral/runs/RUN_2025.04.12_17.56.00/logs/signoff/34-spice.log"

Sat Apr 12 17:56:54 +0000 2025 - Executing "{magic -noconsole -dnull -rcfile /root/.volare/sky130A/libs.tech/magic/sky130A.magicrc < /openlane/scripts/magic/wrapper.tcl |& tee /dev/null /openlane/designs/dff_behavioral/runs/RUN_2025.04.12_17.56.00/logs/signoff/34-spice.log}"

Sat Apr 12 17:56:55 +0000 2025 - Executing "{openroad -exit -no_init -python /openlane/scripts/odbpy/power_utils.py write_powered_def --output /openlane/designs/dff_behavioral/runs/RUN_2025.04.12_17.56.00/tmp/signoff/34-dff_behavioral.p.def --input-lef /openlane/designs/dff_behavioral/runs/RUN_2025.04.12_17.56.00/tmp/merged.nom.lef --power-port VPWR --ground-port VGND --powered-netlist {} /openlane/designs/dff_behavioral/runs/RUN_2025.04.12_17.56.00/results/routing/dff_behavioral.def |& tee /dev/null /openlane/designs/dff_behavioral/runs/RUN_2025.04.12_17.56.00/logs/signoff/35-write_powered_def.log}"

Sat Apr 12 17:56:56 +0000 2025 - Executing "openroad -exit /openlane/scripts/openroad/write_views.tcl |& tee /dev/null /openlane/designs/dff_behavioral/runs/RUN_2025.04.12_17.56.00/logs/signoff/35-write_powered_verilog.log"

Sat Apr 12 17:56:56 +0000 2025 - Executing "{openroad -exit /openlane/scripts/openroad/write_views.tcl |& tee /dev/null /openlane/designs/dff_behavioral/runs/RUN_2025.04.12_17.56.00/logs/signoff/35-write_powered_verilog.log}"

Sat Apr 12 17:56:56 +0000 2025 - Executing "{sed -i.bak -e {s/\(set ::env(CURRENT_NETLIST)\).*/\1 \/openlane\/designs\/dff_behavioral\/runs\/RUN_2025.04.12_17.56.00\/tmp\/signoff\/34-dff_behavioral.nl.v/} /openlane/designs/dff_behavioral/runs/RUN_2025.04.12_17.56.00/config.tcl}"

Sat Apr 12 17:56:56 +0000 2025 - Executing "{netgen -batch source /openlane/designs/dff_behavioral/runs/RUN_2025.04.12_17.56.00/tmp/signoff/37-setup_file.lef.lvs |& tee /dev/null /openlane/designs/dff_behavioral/runs/RUN_2025.04.12_17.56.00/logs/signoff/37-lvs.lef.log}"

Sat Apr 12 17:56:57 +0000 2025 - Executing "magic -noconsole -dnull -rcfile /root/.volare/sky130A/libs.tech/magic/sky130A.magicrc < /openlane/scripts/magic/wrapper.tcl |& tee /dev/null /openlane/designs/dff_behavioral/runs/RUN_2025.04.12_17.56.00/logs/signoff/38-drc.log"

Sat Apr 12 17:56:57 +0000 2025 - Executing "{magic -noconsole -dnull -rcfile /root/.volare/sky130A/libs.tech/magic/sky130A.magicrc < /openlane/scripts/magic/wrapper.tcl |& tee /dev/null /openlane/designs/dff_behavioral/runs/RUN_2025.04.12_17.56.00/logs/signoff/38-drc.log}"

Sat Apr 12 17:56:57 +0000 2025 - Executing "{python3 /openlane/scripts/drc_rosetta.py magic to_tcl -o /openlane/designs/dff_behavioral/runs/RUN_2025.04.12_17.56.00/reports/signoff/drc.tcl /openlane/designs/dff_behavioral/runs/RUN_2025.04.12_17.56.00/reports/signoff/drc.rpt}"

Sat Apr 12 17:56:57 +0000 2025 - Executing "{python3 /openlane/scripts/drc_rosetta.py magic to_tr -o /openlane/designs/dff_behavioral/runs/RUN_2025.04.12_17.56.00/reports/signoff/drc.tr /openlane/designs/dff_behavioral/runs/RUN_2025.04.12_17.56.00/reports/signoff/drc.rpt}"

Sat Apr 12 17:56:57 +0000 2025 - Executing "{python3 /openlane/scripts/drc_rosetta.py tr to_klayout -o /openlane/designs/dff_behavioral/runs/RUN_2025.04.12_17.56.00/reports/signoff/drc.klayout.xml --design-name dff_behavioral /openlane/designs/dff_behavioral/runs/RUN_2025.04.12_17.56.00/reports/signoff/drc.tr}"

Sat Apr 12 17:56:58 +0000 2025 - Executing "{python3 /openlane/scripts/drc_rosetta.py magic to_rdb -o /openlane/designs/dff_behavioral/runs/RUN_2025.04.12_17.56.00/reports/signoff/drc.rdb /openlane/designs/dff_behavioral/runs/RUN_2025.04.12_17.56.00/reports/signoff/drc.rpt}"

Sat Apr 12 17:56:58 +0000 2025 - Executing "{klayout -b -zz -r /root/.volare/sky130A/libs.tech/klayout/drc/sky130A_mr.drc -rd topcell=dff_behavioral -rd input=/openlane/designs/dff_behavioral/runs/RUN_2025.04.12_17.56.00/results/signoff/dff_behavioral.gds -rd report=/openlane/designs/dff_behavioral/runs/RUN_2025.04.12_17.56.00/reports/signoff/violations.xml -rd feol=true -rd beol=true -rd floating_metal=false -rd seal=true -rd thread=1 |& tee /dev/null /openlane/designs/dff_behavioral/runs/RUN_2025.04.12_17.56.00/logs/signoff/39-drc-klayout.log}"

Sat Apr 12 17:56:59 +0000 2025 - Executing "{python3 /openlane/scripts/klayout/xml_drc_report_to_json.py --xml-file /openlane/designs/dff_behavioral/runs/RUN_2025.04.12_17.56.00/reports/signoff/violations.xml --json-file /openlane/designs/dff_behavioral/runs/RUN_2025.04.12_17.56.00/reports/signoff/violations.json}"

Sat Apr 12 17:56:59 +0000 2025 - Executing "openroad -exit /openlane/scripts/openroad/antenna_check.tcl |& tee /dev/null /openlane/designs/dff_behavioral/runs/RUN_2025.04.12_17.56.00/logs/signoff/40-arc.log"

Sat Apr 12 17:56:59 +0000 2025 - Executing "{openroad -exit /openlane/scripts/openroad/antenna_check.tcl |& tee /dev/null /openlane/designs/dff_behavioral/runs/RUN_2025.04.12_17.56.00/logs/signoff/40-arc.log}"

Sat Apr 12 17:56:59 +0000 2025 - Executing "{python3 /openlane/scripts/extract_antenna_violators.py --output /openlane/designs/dff_behavioral/runs/RUN_2025.04.12_17.56.00/reports/signoff/40-antenna_violators.rpt --plain-out /openlane/designs/dff_behavioral/runs/RUN_2025.04.12_17.56.00/reports/signoff/40-antenna_violators_pins.txt /openlane/designs/dff_behavioral/runs/RUN_2025.04.12_17.56.00/logs/signoff/40-arc.log}"

Sat Apr 12 17:57:00 +0000 2025 - Executing "{python3 /openlane/scripts/write_runtime.py --conclude --seconds --time-in 1744480620 {flow completed}}"

Sat Apr 12 17:57:00 +0000 2025 - Executing "{python3 /openlane/scripts/generate_reports.py -d /openlane/designs/dff_behavioral --design_name dff_behavioral --tag RUN_2025.04.12_17.56.00 --output_file /openlane/designs/dff_behavioral/runs/RUN_2025.04.12_17.56.00/reports/metrics.csv --man_report /openlane/designs/dff_behavioral/runs/RUN_2025.04.12_17.56.00/reports/manufacturability.rpt --run_path /openlane/designs/dff_behavioral/runs/RUN_2025.04.12_17.56.00}"

