
===========================================================================
report_checks -path_delay min (Hold)
============================================================================
======================= Typical Corner ===================================

Startpoint: c[2] (input port clocked by __VIRTUAL_CLK__)
Endpoint: z[3] (output port clocked by __VIRTUAL_CLK__)
Path Group: __VIRTUAL_CLK__
Path Type: min

Fanout     Cap    Slew   Delay    Time   Description
-----------------------------------------------------------------------------
                  0.00    0.00    0.00   clock __VIRTUAL_CLK__ (rise edge)
                          0.00    0.00   clock network delay (ideal)
                          2.00    2.00 ^ input external delay
     1    0.01    0.04    0.02    2.02 ^ c[2] (in)
                                         c[2] (net)
                  0.04    0.00    2.02 ^ input19/A (sky130_fd_sc_hd__buf_8)
     8    0.03    0.07    0.11    2.13 ^ input19/X (sky130_fd_sc_hd__buf_8)
                                         net19 (net)
                  0.07    0.00    2.13 ^ _251_/A (sky130_fd_sc_hd__nor2_8)
     8    0.02    0.03    0.05    2.18 v _251_/Y (sky130_fd_sc_hd__nor2_8)
                                         _182_ (net)
                  0.03    0.00    2.18 v _333_/A1 (sky130_fd_sc_hd__a31o_2)
     1    0.00    0.03    0.17    2.35 v _333_/X (sky130_fd_sc_hd__a31o_2)
                                         net23 (net)
                  0.03    0.00    2.35 v output23/A (sky130_fd_sc_hd__buf_2)
     1    0.03    0.09    0.16    2.52 v output23/X (sky130_fd_sc_hd__buf_2)
                                         z[3] (net)
                  0.09    0.00    2.52 v z[3] (out)
                                  2.52   data arrival time

                  0.00    0.00    0.00   clock __VIRTUAL_CLK__ (rise edge)
                          0.00    0.00   clock network delay (ideal)
                          0.25    0.25   clock uncertainty
                          0.00    0.25   clock reconvergence pessimism
                         -2.00   -1.75   output external delay
                                 -1.75   data required time
-----------------------------------------------------------------------------
                                 -1.75   data required time
                                 -2.52   data arrival time
-----------------------------------------------------------------------------
                                  4.27   slack (MET)


Startpoint: c[2] (input port clocked by __VIRTUAL_CLK__)
Endpoint: z[5] (output port clocked by __VIRTUAL_CLK__)
Path Group: __VIRTUAL_CLK__
Path Type: min

Fanout     Cap    Slew   Delay    Time   Description
-----------------------------------------------------------------------------
                  0.00    0.00    0.00   clock __VIRTUAL_CLK__ (rise edge)
                          0.00    0.00   clock network delay (ideal)
                          2.00    2.00 ^ input external delay
     1    0.01    0.04    0.02    2.02 ^ c[2] (in)
                                         c[2] (net)
                  0.04    0.00    2.02 ^ input19/A (sky130_fd_sc_hd__buf_8)
     8    0.03    0.07    0.11    2.13 ^ input19/X (sky130_fd_sc_hd__buf_8)
                                         net19 (net)
                  0.07    0.00    2.13 ^ _251_/A (sky130_fd_sc_hd__nor2_8)
     8    0.02    0.03    0.05    2.18 v _251_/Y (sky130_fd_sc_hd__nor2_8)
                                         _182_ (net)
                  0.03    0.00    2.18 v _408_/A1 (sky130_fd_sc_hd__a21o_4)
     2    0.00    0.03    0.17    2.35 v _408_/X (sky130_fd_sc_hd__a21o_4)
                                         net25 (net)
                  0.03    0.00    2.35 v output25/A (sky130_fd_sc_hd__clkbuf_4)
     1    0.03    0.08    0.17    2.52 v output25/X (sky130_fd_sc_hd__clkbuf_4)
                                         z[5] (net)
                  0.08    0.00    2.52 v z[5] (out)
                                  2.52   data arrival time

                  0.00    0.00    0.00   clock __VIRTUAL_CLK__ (rise edge)
                          0.00    0.00   clock network delay (ideal)
                          0.25    0.25   clock uncertainty
                          0.00    0.25   clock reconvergence pessimism
                         -2.00   -1.75   output external delay
                                 -1.75   data required time
-----------------------------------------------------------------------------
                                 -1.75   data required time
                                 -2.52   data arrival time
-----------------------------------------------------------------------------
                                  4.27   slack (MET)


Startpoint: c[2] (input port clocked by __VIRTUAL_CLK__)
Endpoint: z[6] (output port clocked by __VIRTUAL_CLK__)
Path Group: __VIRTUAL_CLK__
Path Type: min

Fanout     Cap    Slew   Delay    Time   Description
-----------------------------------------------------------------------------
                  0.00    0.00    0.00   clock __VIRTUAL_CLK__ (rise edge)
                          0.00    0.00   clock network delay (ideal)
                          2.00    2.00 ^ input external delay
     1    0.01    0.04    0.02    2.02 ^ c[2] (in)
                                         c[2] (net)
                  0.04    0.00    2.02 ^ input19/A (sky130_fd_sc_hd__buf_8)
     8    0.03    0.07    0.11    2.13 ^ input19/X (sky130_fd_sc_hd__buf_8)
                                         net19 (net)
                  0.07    0.00    2.13 ^ _251_/A (sky130_fd_sc_hd__nor2_8)
     8    0.02    0.03    0.05    2.18 v _251_/Y (sky130_fd_sc_hd__nor2_8)
                                         _182_ (net)
                  0.03    0.00    2.18 v _439_/B1 (sky130_fd_sc_hd__o21a_1)
     1    0.00    0.03    0.08    2.26 v _439_/X (sky130_fd_sc_hd__o21a_1)
                                         _122_ (net)
                  0.03    0.00    2.26 v _450_/A1 (sky130_fd_sc_hd__a21o_1)
     1    0.00    0.03    0.13    2.40 v _450_/X (sky130_fd_sc_hd__a21o_1)
                                         net26 (net)
                  0.03    0.00    2.40 v output26/A (sky130_fd_sc_hd__buf_4)
     1    0.03    0.06    0.15    2.55 v output26/X (sky130_fd_sc_hd__buf_4)
                                         z[6] (net)
                  0.06    0.00    2.55 v z[6] (out)
                                  2.55   data arrival time

                  0.00    0.00    0.00   clock __VIRTUAL_CLK__ (rise edge)
                          0.00    0.00   clock network delay (ideal)
                          0.25    0.25   clock uncertainty
                          0.00    0.25   clock reconvergence pessimism
                         -2.00   -1.75   output external delay
                                 -1.75   data required time
-----------------------------------------------------------------------------
                                 -1.75   data required time
                                 -2.55   data arrival time
-----------------------------------------------------------------------------
                                  4.30   slack (MET)


Startpoint: b[7] (input port clocked by __VIRTUAL_CLK__)
Endpoint: z[7] (output port clocked by __VIRTUAL_CLK__)
Path Group: __VIRTUAL_CLK__
Path Type: min

Fanout     Cap    Slew   Delay    Time   Description
-----------------------------------------------------------------------------
                  0.00    0.00    0.00   clock __VIRTUAL_CLK__ (rise edge)
                          0.00    0.00   clock network delay (ideal)
                          2.00    2.00 ^ input external delay
     1    0.01    0.04    0.02    2.02 ^ b[7] (in)
                                         b[7] (net)
                  0.04    0.00    2.02 ^ input16/A (sky130_fd_sc_hd__buf_8)
     6    0.05    0.09    0.13    2.15 ^ input16/X (sky130_fd_sc_hd__buf_8)
                                         net16 (net)
                  0.09    0.00    2.15 ^ _489_/A2 (sky130_fd_sc_hd__a31o_2)
     1    0.00    0.04    0.15    2.30 ^ _489_/X (sky130_fd_sc_hd__a31o_2)
                                         _171_ (net)
                  0.04    0.00    2.30 ^ _490_/B1 (sky130_fd_sc_hd__a21o_4)
     1    0.00    0.03    0.07    2.38 ^ _490_/X (sky130_fd_sc_hd__a21o_4)
                                         _172_ (net)
                  0.03    0.00    2.38 ^ _491_/B1 (sky130_fd_sc_hd__a21o_4)
     1    0.00    0.03    0.07    2.44 ^ _491_/X (sky130_fd_sc_hd__a21o_4)
                                         net27 (net)
                  0.03    0.00    2.44 ^ output27/A (sky130_fd_sc_hd__buf_6)
     1    0.03    0.08    0.11    2.56 ^ output27/X (sky130_fd_sc_hd__buf_6)
                                         z[7] (net)
                  0.08    0.00    2.56 ^ z[7] (out)
                                  2.56   data arrival time

                  0.00    0.00    0.00   clock __VIRTUAL_CLK__ (rise edge)
                          0.00    0.00   clock network delay (ideal)
                          0.25    0.25   clock uncertainty
                          0.00    0.25   clock reconvergence pessimism
                         -2.00   -1.75   output external delay
                                 -1.75   data required time
-----------------------------------------------------------------------------
                                 -1.75   data required time
                                 -2.56   data arrival time
-----------------------------------------------------------------------------
                                  4.31   slack (MET)


Startpoint: c[2] (input port clocked by __VIRTUAL_CLK__)
Endpoint: z[2] (output port clocked by __VIRTUAL_CLK__)
Path Group: __VIRTUAL_CLK__
Path Type: min

Fanout     Cap    Slew   Delay    Time   Description
-----------------------------------------------------------------------------
                  0.00    0.00    0.00   clock __VIRTUAL_CLK__ (rise edge)
                          0.00    0.00   clock network delay (ideal)
                          2.00    2.00 v input external delay
     1    0.01    0.02    0.01    2.01 v c[2] (in)
                                         c[2] (net)
                  0.02    0.00    2.01 v input19/A (sky130_fd_sc_hd__buf_8)
     8    0.03    0.04    0.11    2.12 v input19/X (sky130_fd_sc_hd__buf_8)
                                         net19 (net)
                  0.04    0.00    2.12 v _251_/A (sky130_fd_sc_hd__nor2_8)
     8    0.02    0.12    0.13    2.25 ^ _251_/Y (sky130_fd_sc_hd__nor2_8)
                                         _182_ (net)
                  0.12    0.00    2.25 ^ _304_/A1 (sky130_fd_sc_hd__a211o_2)
     2    0.00    0.03    0.13    2.38 ^ _304_/X (sky130_fd_sc_hd__a211o_2)
                                         net22 (net)
                  0.03    0.00    2.38 ^ output22/A (sky130_fd_sc_hd__buf_2)
     1    0.03    0.17    0.18    2.56 ^ output22/X (sky130_fd_sc_hd__buf_2)
                                         z[2] (net)
                  0.17    0.00    2.56 ^ z[2] (out)
                                  2.56   data arrival time

                  0.00    0.00    0.00   clock __VIRTUAL_CLK__ (rise edge)
                          0.00    0.00   clock network delay (ideal)
                          0.25    0.25   clock uncertainty
                          0.00    0.25   clock reconvergence pessimism
                         -2.00   -1.75   output external delay
                                 -1.75   data required time
-----------------------------------------------------------------------------
                                 -1.75   data required time
                                 -2.56   data arrival time
-----------------------------------------------------------------------------
                                  4.31   slack (MET)


Startpoint: c[2] (input port clocked by __VIRTUAL_CLK__)
Endpoint: z[4] (output port clocked by __VIRTUAL_CLK__)
Path Group: __VIRTUAL_CLK__
Path Type: min

Fanout     Cap    Slew   Delay    Time   Description
-----------------------------------------------------------------------------
                  0.00    0.00    0.00   clock __VIRTUAL_CLK__ (rise edge)
                          0.00    0.00   clock network delay (ideal)
                          2.00    2.00 v input external delay
     1    0.01    0.02    0.01    2.01 v c[2] (in)
                                         c[2] (net)
                  0.02    0.00    2.01 v input19/A (sky130_fd_sc_hd__buf_8)
     8    0.03    0.04    0.11    2.12 v input19/X (sky130_fd_sc_hd__buf_8)
                                         net19 (net)
                  0.04    0.00    2.12 v _251_/A (sky130_fd_sc_hd__nor2_8)
     8    0.02    0.12    0.13    2.25 ^ _251_/Y (sky130_fd_sc_hd__nor2_8)
                                         _182_ (net)
                  0.12    0.00    2.25 ^ _365_/A1 (sky130_fd_sc_hd__a211o_2)
     1    0.00    0.03    0.13    2.38 ^ _365_/X (sky130_fd_sc_hd__a211o_2)
                                         _050_ (net)
                  0.03    0.00    2.38 ^ _366_/B1 (sky130_fd_sc_hd__a31o_2)
     1    0.00    0.03    0.07    2.45 ^ _366_/X (sky130_fd_sc_hd__a31o_2)
                                         net24 (net)
                  0.03    0.00    2.45 ^ output24/A (sky130_fd_sc_hd__buf_2)
     1    0.03    0.17    0.18    2.63 ^ output24/X (sky130_fd_sc_hd__buf_2)
                                         z[4] (net)
                  0.17    0.00    2.63 ^ z[4] (out)
                                  2.63   data arrival time

                  0.00    0.00    0.00   clock __VIRTUAL_CLK__ (rise edge)
                          0.00    0.00   clock network delay (ideal)
                          0.25    0.25   clock uncertainty
                          0.00    0.25   clock reconvergence pessimism
                         -2.00   -1.75   output external delay
                                 -1.75   data required time
-----------------------------------------------------------------------------
                                 -1.75   data required time
                                 -2.63   data arrival time
-----------------------------------------------------------------------------
                                  4.38   slack (MET)


Startpoint: a[0] (input port clocked by __VIRTUAL_CLK__)
Endpoint: z[0] (output port clocked by __VIRTUAL_CLK__)
Path Group: __VIRTUAL_CLK__
Path Type: min

Fanout     Cap    Slew   Delay    Time   Description
-----------------------------------------------------------------------------
                  0.00    0.00    0.00   clock __VIRTUAL_CLK__ (rise edge)
                          0.00    0.00   clock network delay (ideal)
                          2.00    2.00 v input external delay
     1    0.00    0.01    0.01    2.01 v a[0] (in)
                                         a[0] (net)
                  0.01    0.00    2.01 v input1/A (sky130_fd_sc_hd__buf_6)
     8    0.03    0.05    0.12    2.12 v input1/X (sky130_fd_sc_hd__buf_6)
                                         net1 (net)
                  0.05    0.00    2.12 v _242_/A (sky130_fd_sc_hd__buf_8)
    10    0.04    0.04    0.13    2.25 v _242_/X (sky130_fd_sc_hd__buf_8)
                                         _173_ (net)
                  0.04    0.00    2.25 v _255_/A (sky130_fd_sc_hd__nor2_1)
     1    0.00    0.06    0.08    2.33 ^ _255_/Y (sky130_fd_sc_hd__nor2_1)
                                         _186_ (net)
                  0.06    0.00    2.33 ^ _256_/C (sky130_fd_sc_hd__or3_2)
     1    0.00    0.02    0.09    2.42 ^ _256_/X (sky130_fd_sc_hd__or3_2)
                                         _187_ (net)
                  0.02    0.00    2.42 ^ _257_/A (sky130_fd_sc_hd__buf_2)
     1    0.00    0.02    0.07    2.50 ^ _257_/X (sky130_fd_sc_hd__buf_2)
                                         net20 (net)
                  0.02    0.00    2.50 ^ output20/A (sky130_fd_sc_hd__buf_2)
     1    0.03    0.17    0.18    2.67 ^ output20/X (sky130_fd_sc_hd__buf_2)
                                         z[0] (net)
                  0.17    0.00    2.67 ^ z[0] (out)
                                  2.67   data arrival time

                  0.00    0.00    0.00   clock __VIRTUAL_CLK__ (rise edge)
                          0.00    0.00   clock network delay (ideal)
                          0.25    0.25   clock uncertainty
                          0.00    0.25   clock reconvergence pessimism
                         -2.00   -1.75   output external delay
                                 -1.75   data required time
-----------------------------------------------------------------------------
                                 -1.75   data required time
                                 -2.67   data arrival time
-----------------------------------------------------------------------------
                                  4.42   slack (MET)


Startpoint: a[0] (input port clocked by __VIRTUAL_CLK__)
Endpoint: z[1] (output port clocked by __VIRTUAL_CLK__)
Path Group: __VIRTUAL_CLK__
Path Type: min

Fanout     Cap    Slew   Delay    Time   Description
-----------------------------------------------------------------------------
                  0.00    0.00    0.00   clock __VIRTUAL_CLK__ (rise edge)
                          0.00    0.00   clock network delay (ideal)
                          2.00    2.00 v input external delay
     1    0.00    0.01    0.01    2.01 v a[0] (in)
                                         a[0] (net)
                  0.01    0.00    2.01 v input1/A (sky130_fd_sc_hd__buf_6)
     8    0.03    0.05    0.12    2.12 v input1/X (sky130_fd_sc_hd__buf_6)
                                         net1 (net)
                  0.05    0.00    2.12 v _242_/A (sky130_fd_sc_hd__buf_8)
    10    0.04    0.04    0.13    2.25 v _242_/X (sky130_fd_sc_hd__buf_8)
                                         _173_ (net)
                  0.04    0.00    2.25 v _246_/A (sky130_fd_sc_hd__nand2_4)
     5    0.01    0.04    0.05    2.31 ^ _246_/Y (sky130_fd_sc_hd__nand2_4)
                                         _177_ (net)
                  0.04    0.00    2.31 ^ _266_/A_N (sky130_fd_sc_hd__nand3b_4)
     3    0.01    0.06    0.12    2.43 ^ _266_/Y (sky130_fd_sc_hd__nand3b_4)
                                         _196_ (net)
                  0.06    0.00    2.43 ^ _281_/A1 (sky130_fd_sc_hd__a31o_1)
     1    0.00    0.03    0.11    2.54 ^ _281_/X (sky130_fd_sc_hd__a31o_1)
                                         net21 (net)
                  0.03    0.00    2.54 ^ output21/A (sky130_fd_sc_hd__buf_2)
     1    0.03    0.17    0.18    2.72 ^ output21/X (sky130_fd_sc_hd__buf_2)
                                         z[1] (net)
                  0.17    0.00    2.72 ^ z[1] (out)
                                  2.72   data arrival time

                  0.00    0.00    0.00   clock __VIRTUAL_CLK__ (rise edge)
                          0.00    0.00   clock network delay (ideal)
                          0.25    0.25   clock uncertainty
                          0.00    0.25   clock reconvergence pessimism
                         -2.00   -1.75   output external delay
                                 -1.75   data required time
-----------------------------------------------------------------------------
                                 -1.75   data required time
                                 -2.72   data arrival time
-----------------------------------------------------------------------------
                                  4.47   slack (MET)



worst slack corner Typical: 4.2658
