
===========================================================================
 report_power
============================================================================
======================= Fastest Corner ===================================

Group                  Internal  Switching    Leakage      Total
                          Power      Power      Power      Power (Watts)
----------------------------------------------------------------
Sequential             9.84e-06   2.17e-07   2.90e-11   1.01e-05  12.9%
Combinational          1.72e-07   1.87e-08   7.13e-12   1.91e-07   0.2%
Clock                  5.85e-05   9.40e-06   3.22e-10   6.79e-05  86.9%
Macro                  0.00e+00   0.00e+00   0.00e+00   0.00e+00   0.0%
Pad                    0.00e+00   0.00e+00   0.00e+00   0.00e+00   0.0%
----------------------------------------------------------------
Total                  6.85e-05   9.63e-06   3.58e-10   7.81e-05 100.0%
                          87.7%      12.3%       0.0%

======================= Slowest Corner ===================================

Group                  Internal  Switching    Leakage      Total
                          Power      Power      Power      Power (Watts)
----------------------------------------------------------------
Sequential             6.68e-06   1.43e-07   2.87e-08   6.85e-06  12.6%
Combinational          1.30e-07   1.26e-08   4.03e-08   1.83e-07   0.3%
Clock                  4.12e-05   6.18e-06   5.72e-08   4.74e-05  87.1%
Macro                  0.00e+00   0.00e+00   0.00e+00   0.00e+00   0.0%
Pad                    0.00e+00   0.00e+00   0.00e+00   0.00e+00   0.0%
----------------------------------------------------------------
Total                  4.80e-05   6.33e-06   1.26e-07   5.45e-05 100.0%
                          88.1%      11.6%       0.2%

======================= Typical Corner ===================================

Group                  Internal  Switching    Leakage      Total
                          Power      Power      Power      Power (Watts)
----------------------------------------------------------------
Sequential             8.48e-06   1.83e-07   1.67e-11   8.67e-06  12.8%
Combinational          1.55e-07   1.60e-08   1.60e-11   1.71e-07   0.3%
Clock                  5.08e-05   7.92e-06   1.68e-10   5.87e-05  86.9%
Macro                  0.00e+00   0.00e+00   0.00e+00   0.00e+00   0.0%
Pad                    0.00e+00   0.00e+00   0.00e+00   0.00e+00   0.0%
----------------------------------------------------------------
Total                  5.94e-05   8.12e-06   2.00e-10   6.75e-05 100.0%
                          88.0%      12.0%       0.0%

