
===========================================================================
 report_power
============================================================================
======================= Fastest Corner ===================================

Group                  Internal  Switching    Leakage      Total
                          Power      Power      Power      Power (Watts)
----------------------------------------------------------------
Sequential             0.00e+00   0.00e+00   0.00e+00   0.00e+00   0.0%
Combinational          2.93e-07   8.25e-07   1.66e-11   1.12e-06 100.0%
Clock                  0.00e+00   0.00e+00   1.32e-10   1.32e-10   0.0%
Macro                  0.00e+00   0.00e+00   0.00e+00   0.00e+00   0.0%
Pad                    0.00e+00   0.00e+00   0.00e+00   0.00e+00   0.0%
----------------------------------------------------------------
Total                  2.93e-07   8.25e-07   1.48e-10   1.12e-06 100.0%
                          26.2%      73.8%       0.0%

======================= Slowest Corner ===================================

Group                  Internal  Switching    Leakage      Total
                          Power      Power      Power      Power (Watts)
----------------------------------------------------------------
Sequential             0.00e+00   0.00e+00   0.00e+00   0.00e+00   0.0%
Combinational          2.19e-07   5.53e-07   1.46e-08   7.87e-07 100.0%
Clock                  0.00e+00   0.00e+00   1.32e-10   1.32e-10   0.0%
Macro                  0.00e+00   0.00e+00   0.00e+00   0.00e+00   0.0%
Pad                    0.00e+00   0.00e+00   0.00e+00   0.00e+00   0.0%
----------------------------------------------------------------
Total                  2.19e-07   5.53e-07   1.47e-08   7.87e-07 100.0%
                          27.8%      70.3%       1.9%

======================= Typical Corner ===================================

Group                  Internal  Switching    Leakage      Total
                          Power      Power      Power      Power (Watts)
----------------------------------------------------------------
Sequential             0.00e+00   0.00e+00   0.00e+00   0.00e+00   0.0%
Combinational          2.64e-07   7.01e-07   9.36e-12   9.66e-07 100.0%
Clock                  0.00e+00   0.00e+00   1.32e-10   1.32e-10   0.0%
Macro                  0.00e+00   0.00e+00   0.00e+00   0.00e+00   0.0%
Pad                    0.00e+00   0.00e+00   0.00e+00   0.00e+00   0.0%
----------------------------------------------------------------
Total                  2.64e-07   7.01e-07   1.41e-10   9.66e-07 100.0%
                          27.4%      72.6%       0.0%

